p=0.0001, size=4 : iteration=35, acc=1.0, params=[-2.0656416974186316, 2.0762727988679375, -2.7652782450452875, -0.11426359734311298]
p=0.00013593563908785255, size=4 : iteration=39, acc=1.0, params=[-0.09825615421868461, -2.2492685233785514, -1.1845258087627601, -2.8992798821393495]
p=0.00018478497974222906, size=4 : iteration=29, acc=0.9333333333333333, params=[1.3599167501596887, 1.0998367939877318, -1.811295933837327, 3.2010317743009464]
p=0.00025118864315095795, size=4 : iteration=47, acc=0.9666666666666667, params=[-1.151440706063076, 2.27174361293222, 1.4786304988465075, 3.1005746181886105]
p=0.0003414548873833601, size=4 : iteration=64, acc=0.9666666666666667, params=[-0.9514570096676063, -0.03594180198738768, -1.4110689552749631, 1.4040903242032543]
p=0.00046415888336127773, size=4 : iteration=43, acc=0.9666666666666667, params=[-2.0660840664309656, 0.4686761457405295, -4.942501787911501, 3.479600898516231]
p=0.000630957344480193, size=4 : iteration=39, acc=0.9, params=[-1.5185573482575276, -0.05073477084282149, -0.8153609716390171, 0.7090910613659105]
p=0.0008576958985908946, size=4 : iteration=51, acc=0.9666666666666667, params=[-3.3635902214266933, 1.909720931505159, 2.2218158458341137, -2.3481296560199274]
p=0.0011659144011798312, size=4 : iteration=47, acc=0.9666666666666667, params=[4.988130898622399, 2.8631808456179195, -5.479120281071182, 5.124936834331975]
p=0.001584893192461114, size=4 : iteration=68, acc=0.9666666666666667, params=[-0.6522070762336378, 2.2345493199958644, -0.8958346786497786, -2.160036805963495]
p=0.002154434690031882, size=4 : iteration=48, acc=1.0, params=[-1.09607752150132, 1.1689249459845747, 1.2261982150426647, 0.017229095027367483]
p=0.0029286445646252374, size=4 : iteration=53, acc=0.9666666666666667, params=[2.628909827362792, -0.14756237232332609, 3.3227717596853856, 1.6974014602811196]
p=0.003981071705534973, size=4 : iteration=39, acc=0.9333333333333333, params=[0.5007218290308686, 1.7066963094138976, 0.4398292308926378, 3.5798031246335014]
p=0.0054116952654646375, size=4 : iteration=58, acc=0.9666666666666667, params=[0.8017381042345689, 2.8104006740735374, -1.4723032838790437, -2.4798505209077164]
p=0.007356422544596414, size=4 : iteration=49, acc=0.7, params=[1.0688569706611828, -0.9048644426503301, 1.433417147062412, -0.23568701952667134]
p=0.01, size=4 : iteration=61, acc=0.7666666666666667, params=[0.6385636046131827, -2.4122270940656625, -0.6789665263880243, 2.735548826994315]
p=0.0001, size=8 : iteration=34, acc=0.9666666666666667, params=[0.8330761924064718, 1.3680257726063216, -1.2806964470843079, -1.1162750706639861, 1.8436136895942181, 0.06509358823170333]
p=0.00013593563908785255, size=8 : iteration=37, acc=1.0, params=[-0.4786527196784548, 1.7681321625132895, 2.0309111125139765, 1.7097337973617934, 3.1005863681168107, -1.6134554870762512]
p=0.00018478497974222906, size=8 : iteration=34, acc=0.9666666666666667, params=[2.6019745022445573, -1.9387136924046575, -2.557895625871911, 2.264911434526546, -2.11299909621898, 0.5953429191540347]
p=0.00025118864315095795, size=8 : iteration=36, acc=0.9666666666666667, params=[-1.9945493923818218, 2.194674184454865, 0.30057666589867027, -0.7597680851644417, -1.258018996879333, -1.1142139010856447]
p=0.0003414548873833601, size=8 : iteration=53, acc=0.9333333333333333, params=[-0.9171681005658705, -2.5382704148013424, 4.162395683974651, -4.110510311439562, 2.3219181335571037, 1.3306287274217676]
p=0.00046415888336127773, size=8 : iteration=39, acc=0.9666666666666667, params=[-1.2202584044915952, 0.6862047556147687, -1.4969317806507259, -1.9625338069497078, -0.45656864809189535, 1.5789552990341553]
p=0.000630957344480193, size=8 : iteration=60, acc=0.9333333333333333, params=[1.1182652381951845, -1.1038278973495306, -0.02291539447669594, -1.9463659018331145, -0.2996373503367309, 0.33709252110239474]
p=0.0008576958985908946, size=8 : iteration=57, acc=0.9666666666666667, params=[-1.8290280571824422, 0.5382716163174046, -2.1446082589700772, -4.476598843220515, 2.4492434837433246, 3.0646328244106162]
p=0.0011659144011798312, size=8 : iteration=35, acc=1.0, params=[-2.1301682420141477, -2.6174687438984248, -3.1122047639334816, -1.4627087853866743, -1.1046925294554608, -0.3146030398491264]
p=0.001584893192461114, size=8 : iteration=34, acc=0.9333333333333333, params=[2.294816162340778, 1.0140445562392153, 2.7326857036737526, 0.45051086393299766, 2.5422056234663883, 3.614912539852632]
p=0.002154434690031882, size=8 : iteration=45, acc=0.9333333333333333, params=[1.036765697406861, -0.04348994215531359, -2.5452475959532888, 1.4707173251930292, 1.394835929275356, -3.0756422805202015]
p=0.0029286445646252374, size=8 : iteration=48, acc=0.9666666666666667, params=[-1.226767121508422, 4.202125870331916, 3.657135157389922, 1.0803175603645307, -1.6010364590572934, 0.38698053544636735]
p=0.003981071705534973, size=8 : iteration=51, acc=1.0, params=[-1.6381809850367852, 2.490959155689703, 1.8874760921627995, 0.7808764973845588, -0.5479244843678419, -0.5080671582923157]
p=0.0054116952654646375, size=8 : iteration=47, acc=0.9, params=[2.197294859729204, -0.25842194671805674, 2.742821694574196, 0.7061726078081347, 2.0045730301845133, -3.236222770552681]
p=0.007356422544596414, size=8 : iteration=56, acc=0.8, params=[-2.0288029870037674, -2.091717823000441, 0.709652693252204, -0.45549000291537123, 1.9287451057421183, -2.317528381932393]
p=0.01, size=8 : iteration=43, acc=0.6333333333333333, params=[-0.1331171934104386, 0.7692265583665059, -3.3012808464021943, 4.353016881007752, 0.6458317205689594, 2.830498807228191]
p=0.0001, size=16 : iteration=47, acc=0.9666666666666667, params=[-1.101442540443369, -3.8414957885993912, 0.9372494762964039, 0.47985801109660686, 3.6281215863574294, 3.1400194703715076, -1.0254580969603566, -0.7117918675260818]
p=0.00013593563908785255, size=16 : iteration=36, acc=1.0, params=[-0.19121627023577326, -0.48402213695561636, 0.6919926604932712, -0.6653194921905726, -0.5441404795576051, 2.1294322267889916, 2.064415171617936, 1.7142452380569437]
p=0.00018478497974222906, size=16 : iteration=47, acc=1.0, params=[2.3838841872629697, -3.6271420302351345, 0.24014431112077367, 0.41513255649138003, 1.8393372017139251, 0.0412454393443024, 2.2418990161080385, -1.4982190344983015]
p=0.00025118864315095795, size=16 : iteration=36, acc=0.9666666666666667, params=[-2.792897344734601, -1.6439985487061746, 2.722082459300449, -1.6434192282416904, -0.24710759278823505, -3.2928914026976326, 1.863010534692497, 2.4846200167736243]
p=0.0003414548873833601, size=16 : iteration=38, acc=1.0, params=[-2.517704454261412, -1.8726102152688564, 1.5245000468944905, -1.899392397326487, -3.220699105001008, 1.0231064558063583, 1.040670808381999, 0.09978037583687885]
p=0.00046415888336127773, size=16 : iteration=36, acc=0.9666666666666667, params=[-1.6319133306778388, -0.252118017379493, 4.464899352081987, 3.505261102125934, 3.345446841134742, -4.328683053982427, 4.480271058553999, 0.2009337301316374]
p=0.000630957344480193, size=16 : iteration=41, acc=0.9666666666666667, params=[0.6894312427755221, 2.515172842378401, -1.0398713309836483, -1.815749240289537, -0.2698232807911882, 2.9058592195162465, -3.1693651171371986, 0.7335396460023407]
p=0.0008576958985908946, size=16 : iteration=39, acc=0.9666666666666667, params=[-2.460795806313223, 1.8326012371237925, -2.0266241931097064, -1.0803678929588187, 2.8126632145040773, 0.34461577675453225, -0.05196713448553872, 1.3160734799427192]
p=0.0011659144011798312, size=16 : iteration=37, acc=0.9666666666666667, params=[1.782394436906583, 2.0661579728427615, -3.357152285057719, 0.6989775431264021, 2.2583566032449798, -2.1243797487929017, 0.9055732776910751, -1.9377792075641969]
p=0.001584893192461114, size=16 : iteration=34, acc=0.9333333333333333, params=[2.2979010063311147, 1.821897459382025, -0.5300674373601241, -2.8828136481613518, 2.4892738926277715, 2.330500273001232, -2.3470456795621013, 3.3095381243164055]
p=0.002154434690031882, size=16 : iteration=36, acc=0.9333333333333333, params=[-0.8398251606144618, -0.6270208017973895, 0.5712834972106171, -2.19684048287368, 0.23532769717691365, 1.9151712128989231, -0.6400020860514457, 1.4739545912085923]
p=0.0029286445646252374, size=16 : iteration=34, acc=0.9666666666666667, params=[-1.2857035929862186, 0.1531010379477248, 0.5269555878494803, 0.01892193971266129, -2.2936398474110256, -3.2595781900150858, -1.0301173006927267, 0.47230823162115665]
p=0.003981071705534973, size=16 : iteration=34, acc=0.9, params=[-3.8751469626632975, 4.455466086389359, -1.1700835138108077, 0.3180945978132157, 3.7931628156813906, 1.3566015252959966, 1.2564182482346216, -1.3083794746607003]
p=0.0054116952654646375, size=16 : iteration=47, acc=0.7, params=[1.2226948648974418, 4.56151760049645, -0.4163155221200824, -4.11336985853548, 1.1083474790905068, -3.334945932520464, 1.5751457787150787, -2.214107073489962]
p=0.007356422544596414, size=16 : iteration=45, acc=0.6, params=[0.5243183540266847, -1.7207166451319174, -1.2787614530533868, -2.47746745423973, 1.9522009583023667, 0.3223095326219224, -1.7017000524576855, 2.6811814722803713]
p=0.01, size=16 : iteration=34, acc=0.43333333333333335, params=[-2.9763643659345282, -4.70164706241721, -0.5249275005862455, 1.3851191297151575, -2.3268100988761105, -1.483052196840597, 3.0095480135790327, -1.863949807545383]
p=0.0001, size=32 : iteration=34, acc=0.9666666666666667, params=[1.2166666451463324, 2.4113835044005367, -2.112536813287881, 1.71946148808801, 1.280455653276866, 0.9994358015317204, 0.9254825664089499, -1.7514404023265067, 3.29012636995894, -1.7226762382231922]
p=0.00013593563908785255, size=32 : iteration=34, acc=1.0, params=[-0.788379980606329, 1.5824158341082015, 1.7108014406267906, 3.3535477000019718, 0.2858690900628867, 1.0226628031306495, 1.7890959680143843, -2.999518869536435, 1.5311474193288626, 3.2221427538554277]
p=0.00018478497974222906, size=32 : iteration=36, acc=1.0, params=[-1.1934203165561836, 2.8734612178925065, 1.179989492532719, 2.0198847854236694, -2.4659631088553575, -1.0107003925326252, 2.006303278623733, 0.26436916577729597, 1.3065751534062815, 0.134657622328834]
p=0.00025118864315095795, size=32 : iteration=34, acc=0.9333333333333333, params=[0.3567674277359053, 1.5617855609322175, -1.6457455310090565, 1.2795186653308537, 1.0794262370101724, 2.9189679613486414, -1.1655729917298248, 1.771530656769405, -3.06489008717577, -1.5960309415492882]
p=0.0003414548873833601, size=32 : iteration=34, acc=0.9333333333333333, params=[-2.6589350073210642, 1.6743834916166058, -1.381420677006201, 2.0570691852077783, -2.6035181284748923, 2.805837613965024, 0.1083515586257346, 0.18682220286764803, 0.3400733420258715, 1.4644704851096029]
p=0.00046415888336127773, size=32 : iteration=36, acc=0.9333333333333333, params=[5.871991518033636, -1.0371105373759093, -1.8392834524001576, -1.7104062043267383, -2.4043606249120795, 0.6043862381441685, -0.3622826973005024, 0.945049729036259, -1.571638382394152, 0.2737409209031917]
p=0.000630957344480193, size=32 : iteration=34, acc=0.9333333333333333, params=[-0.7443259776794438, -2.4784176811557788, 1.8918312274438343, -0.7350413807239766, 0.7980587360845042, -1.4928237237202018, -0.8556185409387305, 0.7110912397768407, 0.6838386800384167, -0.9135728336016851]
p=0.0008576958985908946, size=32 : iteration=40, acc=0.9333333333333333, params=[-1.170690783280905, -1.8497062613927722, -2.0315096345687484, 3.5588213705268563, 3.1010440073474888, -0.4346524342495834, -1.3516748403924905, 2.8586421873178294, -0.2506431962270204, -0.7840353001541442]
p=0.0011659144011798312, size=32 : iteration=43, acc=0.9666666666666667, params=[1.6177730456024917, -3.080746505675796, 2.9945141304449634, 0.43621289516954265, 1.5169610081825238, -0.6583378325227595, 1.0568920301618574, -0.6669818068854769, -3.5253020887317614, -0.19458409580622194]
p=0.001584893192461114, size=32 : iteration=35, acc=0.9333333333333333, params=[-1.4281679561176093, 0.08999100713168898, 3.289506080612291, 0.7699600614104782, -0.7289025662168838, -0.9453901660728041, 5.150247566009009, 3.319011044136383, -2.6097114049102994, -0.24080990929455512]
p=0.002154434690031882, size=32 : iteration=44, acc=0.9, params=[2.05519157811004, 1.036142235060575, 4.714466365904782, 0.17612928259073563, 2.6894181741561836, -3.4896624989808864, 4.286773363984043, -0.554732435383736, -1.828129351768765, 3.5454322577687156]
p=0.0029286445646252374, size=32 : iteration=45, acc=0.5666666666666667, params=[0.012062502437462517, -0.7147586112161345, -1.856494404675911, 1.2133538089821365, -1.5449762089966435, 1.3643544403974857, 4.675400812671434, 0.8457035200987768, -3.9167498447961036, 0.6162570588958582]
p=0.003981071705534973, size=32 : iteration=37, acc=0.5666666666666667, params=[2.5091045023582987, -4.701013746070796, 0.4302476942287469, 0.20379082410240468, 0.6165076582116716, 3.073452950958353, -1.831794088150379, 3.0456038051687093, -5.033873629325916, 5.387983426051563]
p=0.0054116952654646375, size=32 : iteration=46, acc=0.4666666666666667, params=[1.3730813337386742, 0.2843703084577551, -2.744142286438038, 2.2977559095345, -3.9110422294140266, -1.1024661558948994, 1.5973622305555821, -3.197614652707477, 0.13946107905309996, -0.6824791839538512]
p=0.007356422544596414, size=32 : iteration=34, acc=0.5, params=[2.673699634762612, -2.398870557927199, -0.2348198630857322, 3.4696442218050945, 3.584932296739332, 0.35850540192821606, -1.5338884936613009, 2.122939767821402, -2.0484877170579088, 0.8746555911040985]
p=0.01, size=32 : iteration=39, acc=0.43333333333333335, params=[0.644096908823123, 1.5497098382648797, -3.186429926310575, 2.7055666450824, 0.5579589737537076, -0.057283415044731084, -2.2397800174685076, -0.6649912366860778, 0.35983721320503553, 3.820811222339465]
p=0.0001, size=4 : iteration=46, acc=0.9666666666666667, params=[0.8704453894476742, 3.4374177523023377, 1.4108297106702339, 3.0976583779674574]
p=0.00013593563908785255, size=4 : iteration=21, acc=1.0, params=[9.615363369274917, -10.40221660283869, -1.7599717519422056, -0.7607757486864778]
p=0.00018478497974222906, size=4 : iteration=34, acc=1.0, params=[0.7020696969298987, -0.2989848219769094, -0.051406515645858034, 1.7102953695510403]
p=0.00025118864315095795, size=4 : iteration=39, acc=1.0, params=[3.9134820450921617, -1.305252641342051, -3.878316980554023, 1.3856184318279459]
p=0.0003414548873833601, size=4 : iteration=40, acc=1.0, params=[-0.6754045004350627, -1.8732777813084573, 0.7548782505474048, -3.531369264289767]
p=0.00046415888336127773, size=4 : iteration=34, acc=1.0, params=[2.224209354408533, 0.7316914957300775, -1.5585184188661727, -0.5857131322756157]
p=0.000630957344480193, size=4 : iteration=37, acc=1.0, params=[-1.198546847975139, -0.08843273820004006, 0.7793307061495414, -1.3378375878800648]
p=0.0008576958985908946, size=4 : iteration=36, acc=1.0, params=[0.5691561055967327, -2.9956820826629054, 1.6181834124085899, 2.241500713862522]
p=0.0011659144011798312, size=4 : iteration=73, acc=1.0, params=[-0.24545096655499035, -0.18176827009153995, 4.9448747196446465, -5.042184113606838]
p=0.001584893192461114, size=4 : iteration=35, acc=0.9666666666666667, params=[-4.702939885738676, 0.2342698396730245, -0.44405034007672267, -1.2446737349036539]
p=0.002154434690031882, size=4 : iteration=36, acc=0.9666666666666667, params=[-1.433193578431762, -0.5019582831505869, -1.9491235882381692, 2.6525788159755606]
p=0.0029286445646252374, size=4 : iteration=44, acc=0.9333333333333333, params=[-2.3218955788351847, 4.211754616076027, 2.9088750522893685, -0.07250013539635253]
p=0.003981071705534973, size=4 : iteration=35, acc=0.9666666666666667, params=[4.1346854283144, -2.8489664411655173, -1.7483448491460027, -6.0832637287431375]
p=0.0054116952654646375, size=4 : iteration=34, acc=0.9666666666666667, params=[2.3415514074413055, 4.664938394304194, -4.727881637987908, 0.2980496317676139]
p=0.007356422544596414, size=4 : iteration=39, acc=0.8666666666666667, params=[-2.413046854477111, -3.3084385423995135, 3.421992045773068, 1.1515650918447058]
p=0.01, size=4 : iteration=35, acc=0.4666666666666667, params=[-3.4675094235039436, 4.976970228847689, -1.6033168722856563, -4.590520927888415]
p=0.0001, size=8 : iteration=34, acc=0.9666666666666667, params=[0.05272194787293351, 0.2959110608978788, 1.1054279709241688, -3.8325670507526666, -1.635665359207857, -0.38403402784993]
p=0.00013593563908785255, size=8 : iteration=34, acc=0.9666666666666667, params=[1.464722085967745, -0.17336861370319154, -1.7345390334444748, -0.20078875654480954, 0.267887439726196, 1.3687811669921792]
p=0.00018478497974222906, size=8 : iteration=34, acc=0.9666666666666667, params=[-0.344183159071461, -4.03815451302369, 0.9819601095854136, -2.4345180666062474, -3.5399976066506675, -3.250227398263137]
p=0.00025118864315095795, size=8 : iteration=34, acc=0.9333333333333333, params=[-1.1218481953801689, -0.3408855856825478, 1.538068482411894, 0.12526021118087688, 0.6358348681118844, -0.33824392951766397]
p=0.0003414548873833601, size=8 : iteration=34, acc=0.9333333333333333, params=[-1.3183853943852768, -2.3100902705527213, -2.445749168160075, -2.0373913193891307, -0.4939121461376531, 1.0697452384382053]
p=0.00046415888336127773, size=8 : iteration=37, acc=0.9666666666666667, params=[0.9422836403997337, -1.8802334327756722, -2.430336819457625, 2.356521696792088, -1.3032664168618986, 0.276295622149737]
p=0.000630957344480193, size=8 : iteration=36, acc=1.0, params=[0.18762250122282334, -0.7943455258707917, 1.678256775332211, -2.720867850288931, 1.3112316740871477, -0.15695988709409728]
p=0.0008576958985908946, size=8 : iteration=52, acc=0.9666666666666667, params=[-2.7210322544303494, -0.2460856407201471, -1.3363252891719235, -2.244423261497101, -1.5214520088256953, 2.1488886424006957]
p=0.0011659144011798312, size=8 : iteration=34, acc=1.0, params=[-1.969964334287809, 2.2112282791015665, -3.1339735169987626, -4.365145463490943, 0.5716971524085908, 1.042917434046445]
p=0.001584893192461114, size=8 : iteration=54, acc=0.9333333333333333, params=[1.4667356369342515, 0.3288701433386818, 0.8761626357755068, 1.95709638453182, -0.474678355376959, -1.388960892051681]
p=0.002154434690031882, size=8 : iteration=36, acc=0.9333333333333333, params=[-5.262270145640988, 3.202031741953393, 0.8321012502220327, -2.617100925439781, -2.200326978233427, -3.268968425457086]
p=0.0029286445646252374, size=8 : iteration=34, acc=0.9666666666666667, params=[1.3628731581808142, -3.153450433727512, 2.572004890256322, -1.4514108963534087, 2.041880867474066, -0.8714988395310088]
p=0.003981071705534973, size=8 : iteration=49, acc=0.9333333333333333, params=[-0.9888804754073619, 1.7234537052138919, -2.8146177268130805, -0.0015504927740251535, -3.803839068832513, 1.5941932305657551]
p=0.0054116952654646375, size=8 : iteration=58, acc=0.8333333333333334, params=[0.9735317147787184, 2.1062385555247456, 2.591793198571388, -3.9524185711000746, -1.3871609424486053, -0.4045435753366491]
p=0.007356422544596414, size=8 : iteration=34, acc=0.8666666666666667, params=[3.4753914431355444, -3.175793901701307, -2.124408245926803, 1.0489226357696029, 0.1972426960331019, 0.02709802150250347]
p=0.01, size=8 : iteration=34, acc=0.6666666666666666, params=[0.6767405136969555, 2.9672346803814316, -0.3367143473217832, 2.831222497687577, -4.324910912699464, 2.788989664146446]
p=0.0001, size=16 : iteration=48, acc=0.9666666666666667, params=[2.763893905693208, -0.5265294309516682, -1.7251102455241774, -0.7316320771130637, 1.2991193215055765, 2.2570242996080707, -1.0629787493094356, -3.636057688446982]
p=0.00013593563908785255, size=16 : iteration=39, acc=0.9666666666666667, params=[-0.8902800653262792, -0.4827233414882498, 2.566677875635723, 0.6982429418378288, -2.196433584621858, -0.39085579214348165, 3.2339534742282754, -3.801880347064231]
p=0.00018478497974222906, size=16 : iteration=34, acc=1.0, params=[-2.4982055483305703, 1.6829637976199137, 0.22395251875731081, -1.9424052807869323, -0.008442634891851306, 4.7855459745753475, 0.6309464122547548, 1.721952472455157]
p=0.00025118864315095795, size=16 : iteration=40, acc=1.0, params=[-2.934317100226114, 1.3979984234229281, -2.196706528503995, 2.864732784926299, -0.7031239568433771, -0.37209752678718433, 2.0142919319542907, -0.24440751364316682]
p=0.0003414548873833601, size=16 : iteration=56, acc=0.9333333333333333, params=[-0.8786477820832933, 1.0985497855498023, 4.876611814610883, 0.40108357064666145, 0.626458803506488, -2.9833776618423906, 1.3594679256359663, -0.25404852462347327]
p=0.00046415888336127773, size=16 : iteration=34, acc=1.0, params=[-1.1701079267849224, -0.520382299063898, 1.8383454177656633, 0.4554123471344892, 4.090663898835535, -1.3233164805089916, 3.6092081596258527, -3.3967205582954105]
p=0.000630957344480193, size=16 : iteration=50, acc=0.9666666666666667, params=[-1.4465008123756906, 0.01841743868165701, 1.9739591704966875, -1.9679657204693934, 0.4710030228688259, 2.0453659489268357, 1.284788478764769, 2.932143956058699]
p=0.0008576958985908946, size=16 : iteration=37, acc=0.9333333333333333, params=[3.7153895407305813, 4.6470150847536775, 2.4980568563656806, -0.739027081670381, 2.1745096503592034, -1.511031715838151, 1.193465029643776, 2.9394156970113507]
p=0.0011659144011798312, size=16 : iteration=45, acc=0.9333333333333333, params=[2.0497697131868557, -2.414319094739639, -1.5285675456381935, 2.212175526170763, -2.6395628161169205, 2.5888210902504944, 2.8400031517356057, -2.679619855583745]
p=0.001584893192461114, size=16 : iteration=45, acc=0.9333333333333333, params=[-3.9730211733429837, -1.3865602663048826, -0.026360693561467925, 1.7440006271004396, 0.9362768262050812, 0.31317482256856316, -5.053401122245363, -1.862626249505547]
p=0.002154434690031882, size=16 : iteration=62, acc=0.9333333333333333, params=[-3.263305051849491, -1.9850365645254864, -1.8104022064756586, -1.9723438410399068, -2.9677223012139367, -1.864736663963924, -0.19264259036351605, 0.6185095921505342]
p=0.0029286445646252374, size=16 : iteration=38, acc=0.8666666666666667, params=[-1.100616063790393, -3.2258140916260425, -1.8611381071253197, 0.7278207729319017, 2.742354991446972, 1.9182750271100164, 0.05651211796714548, 3.1878212629800453]
p=0.003981071705534973, size=16 : iteration=47, acc=0.8666666666666667, params=[-0.788044814861843, -1.7455364648435248, 1.65338651435815, -3.6689943042776547, 4.290063531969604, -3.415617594527818, -2.3711586530106743, -0.8729170768744774]
p=0.0054116952654646375, size=16 : iteration=34, acc=0.5, params=[-4.447677598848902, -0.422919230371178, -0.3831428069753176, -3.6004345408810328, -1.7820952115696715, -4.076846468709757, 5.999320139038073, 5.130907090096522]
p=0.007356422544596414, size=16 : iteration=75, acc=0.4666666666666667, params=[3.570573421818276, 0.45260304931989437, -2.2838831491038305, 3.15721732362125, -0.8428851012639871, -0.15481633759534308, -3.7169068456338588, -0.8347955483146625]
p=0.01, size=16 : iteration=49, acc=0.5666666666666667, params=[-1.6138195929318433, 2.114479604226168, -2.3832026027392343, 1.0084553145601147, 1.7399198444474602, 1.2026892655137849, -4.526675336533352, -1.6840914146148087]
p=0.0001, size=32 : iteration=43, acc=0.9666666666666667, params=[2.145729274324993, 0.8231400918268975, 2.5322998643674, -2.3250112440506783, 3.052270508116167, -0.17066043619358937, -2.3636305911934894, -0.16002479258906493, -1.218564037331212, 1.0775091767633311]
p=0.00013593563908785255, size=32 : iteration=39, acc=1.0, params=[-0.3893494418103278, -1.196035731001841, -2.279863435816048, -1.8854108816062503, -1.239979858341667, -2.688828141690258, -0.8120745941583936, -2.8191665790078133, -2.156322781974893, 0.1703601829021752]
p=0.00018478497974222906, size=32 : iteration=39, acc=1.0, params=[2.8209390737728763, -1.0534441162668011, 3.1931777862124022, -3.7631106297748245, -2.2040589102428254, 2.0527469313233517, 1.0514539331012323, 2.4171589827571864, 0.46577920392444605, 2.533186690325275]
p=0.00025118864315095795, size=32 : iteration=36, acc=1.0, params=[3.897452732134628, -2.8769183358486106, -1.9080438502568113, -2.5550789026493286, -1.120485704523587, 4.143064176862158, -3.8628068382786367, 3.334111701389882, -0.11332942822934919, 1.0218953613841093]
p=0.0003414548873833601, size=32 : iteration=45, acc=1.0, params=[2.5375337027998635, 4.200231162943345, -1.5125421096278489, 2.0913303680652673, 2.741042170991683, 1.8953526562692435, 2.538957216792557, -1.4893892854103794, 4.779907721425348, -0.28599652590611735]
p=0.00046415888336127773, size=32 : iteration=53, acc=0.9333333333333333, params=[-3.0121018106256368, 2.9124701941101745, -5.17648247980129, 3.5102581486900304, -4.697133221720458, 2.106216784815482, -5.002491699102418, -3.089771405020834, 1.7205695685026963, -2.5837381315634245]
p=0.000630957344480193, size=32 : iteration=34, acc=0.9666666666666667, params=[-3.2737602311408, 0.8977402013159149, -1.9559833575152998, 0.05815941582802543, 0.7216645414829557, 1.4070566769665334, -0.16746790295601416, 1.5241987340772765, -2.056941733413387, -1.5117578862434762]
p=0.0008576958985908946, size=32 : iteration=34, acc=0.9333333333333333, params=[0.11987582739950621, -3.2399489145720235, -1.8370067177450669, -1.8006116724522667, -3.4702714338030005, -2.476064404935789, -2.1240392585078194, -0.7585536132672693, 1.198250147939397, -0.5247858476425494]
p=0.0011659144011798312, size=32 : iteration=34, acc=0.9333333333333333, params=[-1.898407122185942, -1.6001263734589581, 4.929761107858716, 0.9251491669857678, 0.26262881436635394, 1.0816094319598248, -0.9596250826670629, -2.0395605192698647, -1.8181793052350528, -1.3926792365966878]
p=0.001584893192461114, size=32 : iteration=56, acc=0.9333333333333333, params=[0.8472156183321915, 1.2571736250622805, 0.3169532458104748, -1.3578321410029528, -1.130107105919682, -1.5796677577619889, -2.5577108840009246, -0.030685282786699235, 0.025406614981780474, -4.5589031596564356]
p=0.002154434690031882, size=32 : iteration=38, acc=0.8333333333333334, params=[2.1009945785504187, -0.5107527136728924, 2.1882575427383792, 1.679782540918497, 0.30652272251113355, 3.7091144618547283, -0.9234704839716996, 2.5666313015702693, -1.7462897737105063, -1.0991737270477766]
p=0.0029286445646252374, size=32 : iteration=51, acc=0.8, params=[2.685109600243804, 2.6845721625759724, -4.4862341012273905, -2.49134022978059, -1.3047062792680681, 0.7390348765599764, -4.956567882529838, 2.344213764231082, 3.959522593662914, 2.4340044239239624]
p=0.003981071705534973, size=32 : iteration=60, acc=0.5, params=[-0.7206791028387203, -1.7535546711693821, -3.3731730978106897, 2.517571297938121, -1.1305875981787072, -1.551597093689932, 4.883614866712633, 2.575394737742284, -4.502310466546161, 1.955474678137479]
p=0.0054116952654646375, size=32 : iteration=87, acc=0.6, params=[0.24755221301819344, -4.548045538478835, 2.904854354379272, -1.5636901341312048, 3.455232398965811, 1.2945273130934773, 0.2897839467320942, 3.0861076396547356, -1.7633120003354494, 1.6987733598422072]
p=0.007356422544596414, size=32 : iteration=51, acc=0.5333333333333333, params=[-2.50102880189253, 2.2468855654097153, -0.5041310784191398, 3.8293087532802517, 1.1397104029409182, -2.9097571809493408, -1.8067074189922856, 0.9283973732162847, -3.701219200984173, -1.303977918475467]
p=0.01, size=32 : iteration=34, acc=0.5, params=[0.15744162101535847, 2.7549541960441615, -1.9368011246723675, -1.132478010362749, 0.24590560067422504, -5.143181863747508, 2.629179571197364, -0.5740586956834938, 1.4230218086487847, -2.5565884048899425]
p=0.0001, size=4 : iteration=39, acc=0.9666666666666667, params=[0.3739191541383532, -0.14380143439483584, 1.0716630477835782, -0.9078032571179154]
p=0.00013593563908785255, size=4 : iteration=34, acc=1.0, params=[-1.6710794259737574, 0.018309078690128537, 2.687668790678736, -2.0301912496185874]
p=0.00018478497974222906, size=4 : iteration=40, acc=0.9666666666666667, params=[-2.165169821004099, 0.5894259482764901, 1.58852274890332, 3.224840650106122]
p=0.00025118864315095795, size=4 : iteration=35, acc=1.0, params=[-0.9839741234816824, 0.48225397682504995, -0.2882620467729139, 0.713171442620935]
p=0.0003414548873833601, size=4 : iteration=46, acc=0.9666666666666667, params=[-1.6264824507900535, -0.14918879994904413, -1.873274191698916, 1.3319703274521495]
p=0.00046415888336127773, size=4 : iteration=34, acc=1.0, params=[3.2157294902361127, -3.176540168966593, -2.0787588892260924, 1.13855013832635]
p=0.000630957344480193, size=4 : iteration=35, acc=1.0, params=[2.370324862907827, 2.0145817488614655, -1.0702135125082393, -2.2600744420510477]
p=0.0008576958985908946, size=4 : iteration=48, acc=0.9666666666666667, params=[2.7230945962180897, -2.3650161470362514, -3.4052561007037223, 2.388825991902304]
p=0.0011659144011798312, size=4 : iteration=42, acc=0.9666666666666667, params=[-1.5612688190129291, -3.277927966110198, 2.4354140916707934, -0.3589047000479681]
p=0.001584893192461114, size=4 : iteration=44, acc=0.9333333333333333, params=[-0.5989145186157089, 0.022506744951117513, 1.3171028242777245, -1.3024185384126283]
p=0.002154434690031882, size=4 : iteration=45, acc=0.9333333333333333, params=[-1.0246994187741805, -4.089064449453787, -0.4870213201752941, 3.504724807052881]
p=0.0029286445646252374, size=4 : iteration=53, acc=1.0, params=[-1.2760533521703408, -2.7645073412094225, -0.6355606470576208, 1.5710886966116377]
p=0.003981071705534973, size=4 : iteration=42, acc=0.9333333333333333, params=[-2.238881042451574, 0.3215903480654946, 3.0412236233028125, 2.6050322692384067]
p=0.0054116952654646375, size=4 : iteration=46, acc=0.9333333333333333, params=[1.8130086049596916, 6.058015785638507, 2.8963931194272385, 2.086603554080806]
p=0.007356422544596414, size=4 : iteration=34, acc=0.6, params=[-1.289563754417395, -0.772546766073163, -2.804102681739872, 2.4532347518508235]
p=0.01, size=4 : iteration=54, acc=0.8333333333333334, params=[3.8665129876856104, -0.6628371478987948, -2.528811792372005, 1.3112001614026036]
p=0.0001, size=8 : iteration=36, acc=0.9666666666666667, params=[-1.840802105436409, 0.6548105180314199, -0.5309788072282032, 0.8517933862219929, -2.621729851442602, 0.09540724927324895]
p=0.00013593563908785255, size=8 : iteration=64, acc=0.9666666666666667, params=[0.5598176828054765, 3.971932822700003, 2.9104701450122006, -0.6917844077237427, -2.043122894245657, -0.362076518987645]
p=0.00018478497974222906, size=8 : iteration=47, acc=0.9666666666666667, params=[-2.0758568136845557, -2.329316398665504, 2.614189454275117, -2.7970204653409256, -0.3102535359437849, 0.14863209792119486]
p=0.00025118864315095795, size=8 : iteration=34, acc=0.9666666666666667, params=[-1.5419176445162557, 3.1292088385273695, 0.25079038470391624, -4.046996238375686, 1.0671127469169792, -2.7069126785362068]
p=0.0003414548873833601, size=8 : iteration=34, acc=0.9666666666666667, params=[-1.1798576398351726, 0.20868827470352574, -1.0599851853857254, 0.9818244406175233, 1.0078543527280344, 2.164361927369595]
p=0.00046415888336127773, size=8 : iteration=34, acc=0.9333333333333333, params=[-1.3659656342200739, 2.684823480573984, 2.8309424615501912, 0.8164818562333611, -1.714415111813025, -1.2589949791654318]
p=0.000630957344480193, size=8 : iteration=52, acc=0.9666666666666667, params=[0.28342589667565077, 1.9202516886441021, 0.9551856695023511, 3.367205490905413, -1.3866880336376188, 6.028419795172605]
p=0.0008576958985908946, size=8 : iteration=37, acc=0.9666666666666667, params=[-1.7368385734331253, -3.175016065981274, 0.34815949478385394, 0.23351102539567054, -1.3434827642855356, 3.249912973575078]
p=0.0011659144011798312, size=8 : iteration=37, acc=0.9666666666666667, params=[-1.291313487530954, 0.7282914740934396, -3.489928217126703, -1.3610732009230357, 0.3945865688660207, -2.5110906837812568]
p=0.001584893192461114, size=8 : iteration=35, acc=0.9666666666666667, params=[-0.2269137644440088, -0.3021201870263001, -2.4594771702356857, -1.2778497696457516, -1.5489793786379766, 1.4862765273769625]
p=0.002154434690031882, size=8 : iteration=42, acc=0.9666666666666667, params=[1.8513708974576857, 0.9287448357096416, -3.5719052521045196, 1.209589133324761, -2.780757486069504, 3.2616779121518578]
p=0.0029286445646252374, size=8 : iteration=48, acc=0.9, params=[2.1033593209079853, -0.884451215177974, 1.8325259005629009, 0.2240762188348715, -3.4551303564751743, 3.559846830986867]
p=0.003981071705534973, size=8 : iteration=36, acc=0.9, params=[-1.8717645303630184, -1.5090957482236105, -5.530587915784675, -3.445310777395714, 1.7841680067208467, -0.42526607329266963]
p=0.0054116952654646375, size=8 : iteration=38, acc=0.8666666666666667, params=[0.8243164244105929, 2.155143557190236, 0.1808998341434856, 2.5891886349738362, -3.454017681802882, -2.6027953502507764]
p=0.007356422544596414, size=8 : iteration=74, acc=0.8, params=[2.5158147254989673, -1.951650993479304, -0.653285943009694, -2.7320643482358165, -0.15398829899568128, 2.79676031203324]
p=0.01, size=8 : iteration=47, acc=0.5, params=[2.5328640546914816, 0.15000518107652328, -0.04896380177356354, -3.2494720336664624, 1.541108325992452, -0.25970044263882164]
p=0.0001, size=16 : iteration=54, acc=0.9666666666666667, params=[-3.53998680707868, 0.4191386422654532, 2.4186956045113703, -2.967101939275218, -1.5487994311147526, 1.165062314318063, 1.5082525452191422, 0.736011012468925]
p=0.00013593563908785255, size=16 : iteration=51, acc=1.0, params=[-1.911238837634699, -1.8461896397725925, -0.14121656180324788, 0.6292153066424313, 0.9568594040316373, 1.6017347052000237, 1.5868100876145594, -1.2958434850670337]
p=0.00018478497974222906, size=16 : iteration=37, acc=1.0, params=[1.546735587413862, 0.7083442523633213, 1.9159166518127635, 0.6754883576045618, -0.961057853733063, 2.0033151404721155, -0.998932114884902, -0.5240896215968531]
p=0.00025118864315095795, size=16 : iteration=36, acc=1.0, params=[-1.9020335233918753, 0.9688009315381758, -0.17652131659553816, 3.4926648042445123, 0.30190665519391613, 0.28357667934924413, -0.16393887353975833, 1.5500705219235138]
p=0.0003414548873833601, size=16 : iteration=50, acc=1.0, params=[-1.752685825885846, 0.9854195313150865, 1.8707269155805284, -0.8106353657814673, 3.3106145965096307, -3.6589887615234282, 0.3742858991865601, 1.3639924601340105]
p=0.00046415888336127773, size=16 : iteration=34, acc=1.0, params=[-2.4952292832007537, 1.8846902578105307, 0.8717614292112787, -1.4087854015286518, 0.7789941707223793, -2.1937524941596864, -4.590161583731954, 2.8871523597467443]
p=0.000630957344480193, size=16 : iteration=53, acc=1.0, params=[1.3434969748361076, 2.134597418309456, -0.6060635431968039, -1.1083117558944302, 2.1990504902765524, -0.13394941459604398, -2.8605252733916946, -0.08190950523869729]
p=0.0008576958985908946, size=16 : iteration=34, acc=1.0, params=[1.3070504176654643, -0.6290930838448809, -1.4139371894289092, 0.12993101771891624, -1.3200608700787617, -1.8940669920514523, 1.8011609794525678, -1.8459875109123844]
p=0.0011659144011798312, size=16 : iteration=52, acc=0.9333333333333333, params=[0.00015888717560830212, -3.6315966827860695, -0.5825675441268242, -3.083307064052167, -0.4858363795799571, -2.435045250024973, 2.137479467680473, -1.8595122093823058]
p=0.001584893192461114, size=16 : iteration=37, acc=0.9333333333333333, params=[-0.9880276824379776, -2.0437423637510883, 2.161539689623373, 3.277741851407516, 5.825111988106165, 2.199637021819193, 0.3588437031200312, 1.2220366267554381]
p=0.002154434690031882, size=16 : iteration=34, acc=0.9666666666666667, params=[-1.3649780443561321, -2.773354208357157, -1.6718851752177455, 0.3796069629825454, 0.3325248356477083, 0.7624688013395963, 1.8353898868164227, -2.1404131352937865]
p=0.0029286445646252374, size=16 : iteration=53, acc=0.9333333333333333, params=[-2.3938275517514893, 2.3608418958735324, 1.975691183740095, -0.7522586679265162, 2.1488648781827395, 1.724647043668286, 0.08149093506593603, 1.7462791910851343]
p=0.003981071705534973, size=16 : iteration=51, acc=0.9333333333333333, params=[2.377328435986411, 1.5686110125102035, 1.994711906713686, -0.5276168217505702, -0.9793933085036601, 1.2616335119557338, 1.5937655689835402, -3.74611766225507]
p=0.0054116952654646375, size=16 : iteration=42, acc=0.7, params=[2.316316921537898, 0.10347972986443882, -2.1432322849282412, -0.6560400837679407, 1.7232445574857567, -1.9178186996646795, -3.045221681055362, 1.7289342726305363]
p=0.007356422544596414, size=16 : iteration=54, acc=0.6, params=[-1.470725055912646, -2.8233581002457706, -0.9748933209108037, -2.7567536590087443, 1.6187316171627804, 2.9425974717842136, -2.9941914277260784, -3.3230947879850325]
p=0.01, size=16 : iteration=44, acc=0.6, params=[-1.0818966283103402, 1.2245413435735948, 2.4135740695236576, -1.5029298203184718, 0.12728891838965267, -2.0327722571053086, 2.317834440590212, 1.3740382755044536]
p=0.0001, size=32 : iteration=35, acc=1.0, params=[-0.6587114056375627, -0.6294210965284354, -1.0374733832681522, 2.1333102571551605, -1.070737704275756, 1.6236222415639803, 0.7085927077049186, -1.801072880549396, -2.979555459826841, 2.716717335811338]
p=0.00013593563908785255, size=32 : iteration=53, acc=0.9666666666666667, params=[0.032281120651630205, 3.162679422343713, -0.9864675327203702, 2.615599387547846, 1.9295462847651241, -0.37448067322732503, -1.1649140116993766, -0.16465919020291553, -2.0345519505590524, -0.04763445890360442]
p=0.00018478497974222906, size=32 : iteration=51, acc=1.0, params=[3.417340015214249, 0.41535499559323263, 2.35876406248418, -3.666508495797522, -0.41797351847380876, 0.34609634084313007, 0.07921635255777097, 0.5852034444039216, 0.024482032982558452, 1.4081881146680426]
p=0.00025118864315095795, size=32 : iteration=34, acc=0.9333333333333333, params=[-1.6451450913869186, 0.055652971461496295, -2.560246027641389, 1.3854433936456294, 1.3856233696518907, -1.5956106198999975, 0.8729622873220568, -1.709179504221289, 3.4633476924966797, -2.4764770850183297]
p=0.0003414548873833601, size=32 : iteration=34, acc=0.9666666666666667, params=[-2.79423408698371, 1.4595956566351092, 2.357304445542071, 0.8431133520646545, 2.268021468154562, 5.945753887431831, -0.743744670348307, 2.4082049828261853, -2.170289619432766, -3.30744253787113]
p=0.00046415888336127773, size=32 : iteration=35, acc=1.0, params=[0.1416059668182817, -1.1882426431794815, -1.8092625584135211, 0.6060557449690653, -2.468166832433331, 2.97169921639997, 3.154588491730118, 2.386732423285754, 2.912884462114926, 1.46333620253992]
p=0.000630957344480193, size=32 : iteration=35, acc=1.0, params=[-2.8422299810900604, 1.6542082381143288, 1.0691084473393138, 0.07578154922526414, -2.5154417813515426, 2.0158114339567597, 0.799920294657027, -1.5202988348942954, 0.9319740385150437, -2.846737957080142]
p=0.0008576958985908946, size=32 : iteration=41, acc=1.0, params=[-0.44558452498681134, 0.7271834777166282, -1.2416890404767407, 3.5082332190149526, -0.5753846566668138, 3.0027452466121325, 1.3740177037864247, -0.6497353910352271, -1.408172616143941, 1.720077128317107]
p=0.0011659144011798312, size=32 : iteration=62, acc=0.9666666666666667, params=[-0.6496228586007475, 2.0492678047362913, -1.9874627033657823, 0.759630201979333, 0.8256652860257119, -2.3891134188054237, -2.494042436268843, 1.918085878863566, -3.2969719537245323, -0.2139120125656801]
p=0.001584893192461114, size=32 : iteration=49, acc=0.8333333333333334, params=[0.471397801896434, -5.795772788156466, 2.835603396179155, -1.5715414819698124, -2.997868639485561, -5.041694501029692, 0.9667060014391058, 5.879583395892153, 5.527178732630423, 1.1848956943605284]
p=0.002154434690031882, size=32 : iteration=46, acc=0.8666666666666667, params=[1.010729638695053, 1.3000645224977836, -0.7755669096464622, -1.1360722425206051, -2.0143034021522843, 2.665380023251785, -3.352887750534829, -4.398455202501092, -0.05310521313816166, 2.586521952694522]
p=0.0029286445646252374, size=32 : iteration=47, acc=0.8, params=[0.8903916980209354, -2.1947133145291176, 4.648111189193554, 2.099890109767639, 2.755322214373348, 1.2726925492253185, 2.985340234018836, 2.420951518838491, -2.076337875588233, -1.3311914943647003]
p=0.003981071705534973, size=32 : iteration=44, acc=0.7333333333333333, params=[0.6060613292103667, 1.8582151071206952, 0.5480560401038657, -1.7384623862053499, 0.35465097638068604, 1.0824033420320869, -1.2959907991649782, -0.6928542078947734, -3.6593238423958954, 4.103575305489716]
p=0.0054116952654646375, size=32 : iteration=40, acc=0.5333333333333333, params=[0.5130377122153075, 3.717943319336941, -1.9622408696003086, 1.2427592492247652, -1.0757215249561218, -0.8032349508454348, 1.2291602769768248, -2.156783971299296, 1.9287566169457295, 0.6425321334249849]
p=0.007356422544596414, size=32 : iteration=41, acc=0.5333333333333333, params=[0.8614468079745741, -2.210383556652296, 2.399101537948975, -2.4911215210322712, 0.429822071674805, -3.072836131247872, 0.14635584780286284, -3.0662146961162065, 0.09870366343012602, -2.4532521247726518]
p=0.01, size=32 : iteration=41, acc=0.43333333333333335, params=[-0.9447571098596174, 1.9795535499476087, 0.5103610788628073, 0.038664736549840165, 0.9300286111707144, -0.8968576967756832, -1.3414068996486987, 0.02237417982775737, 0.7265355687349502, -1.6183134885326638]
p=0.0001, size=4 : iteration=39, acc=0.9333333333333333, params=[1.3411121771016874, -2.8975225004300253, -0.46237097713352515, -2.5649358126406208]
p=0.00013593563908785255, size=4 : iteration=46, acc=0.9333333333333333, params=[-0.7421346218515683, 2.359564155140108, -0.6789277763004306, -1.5597161956595755]
p=0.00018478497974222906, size=4 : iteration=43, acc=1.0, params=[0.8780268981546016, 1.5533394149268918, 0.3544105535890452, -0.5658996477684417]
p=0.00025118864315095795, size=4 : iteration=34, acc=0.9666666666666667, params=[1.230767194245425, 3.7042889788964466, 0.5320274464669489, 1.0386433369280619]
p=0.0003414548873833601, size=4 : iteration=34, acc=0.9333333333333333, params=[5.968252695602526, 4.804617261855798, 1.229570935907508, 1.2675251821076112]
p=0.00046415888336127773, size=4 : iteration=37, acc=0.9333333333333333, params=[-2.131020406822159, 0.943133062601254, -2.5737489950705976, 3.513634636317522]
p=0.000630957344480193, size=4 : iteration=37, acc=0.9666666666666667, params=[0.29925501191388704, 0.42429549116382737, 1.4034127849734963, 0.35504412618273945]
p=0.0008576958985908946, size=4 : iteration=46, acc=0.9666666666666667, params=[-2.2959578721802205, -0.9846034923321612, -1.3546619279032055, -3.2853353737133424]
p=0.0011659144011798312, size=4 : iteration=47, acc=0.9666666666666667, params=[-0.5014588656439558, 0.15423567773885583, 1.5976125879302874, -0.6075959187738806]
p=0.001584893192461114, size=4 : iteration=37, acc=0.9333333333333333, params=[-1.0144541829489069, 2.822553093407425, 0.31225419560319095, -1.5961090557239603]
p=0.002154434690031882, size=4 : iteration=49, acc=0.9666666666666667, params=[1.340365088452976, 1.2142654016532477, -0.04170345455971008, 5.814771284615803]
p=0.0029286445646252374, size=4 : iteration=34, acc=0.9666666666666667, params=[-1.51272334825186, -1.8629241147318483, -1.8984144775151561, -3.3375331810370366]
p=0.003981071705534973, size=4 : iteration=34, acc=1.0, params=[1.7425518012088315, 1.8072233271729319, -2.279325343725507, -0.28784818997221273]
p=0.0054116952654646375, size=4 : iteration=34, acc=0.9, params=[-0.5520070956339111, 3.307735115145472, -0.833263803506068, 3.5212415892044655]
p=0.007356422544596414, size=4 : iteration=35, acc=0.8666666666666667, params=[-0.6655619859588215, 0.14466182626243063, -0.934419067505128, -0.6968476179427008]
p=0.01, size=4 : iteration=50, acc=0.5666666666666667, params=[-1.7941022520808974, 0.4940556060733284, 0.7249630659494897, -0.5921392093702853]
p=0.0001, size=8 : iteration=49, acc=1.0, params=[0.17307405394225886, -1.522755485845771, 3.4185146740106185, 0.9046060619232541, -1.1808041597091488, -3.443647687394911]
p=0.00013593563908785255, size=8 : iteration=34, acc=1.0, params=[-3.700491954298606, -4.45683146361919, -0.11938355242520458, 3.8774319185555237, 1.220801561314202, 2.9265388116975677]
p=0.00018478497974222906, size=8 : iteration=34, acc=1.0, params=[1.1694422537604798, -0.267476809104355, -1.5888766751039964, -0.9129497547086618, 0.4490250747126268, 0.7005458709758141]
p=0.00025118864315095795, size=8 : iteration=34, acc=1.0, params=[-2.627740527085356, -1.5324150214384948, 3.280941951971648, -0.18658228503206684, -2.5117428525784504, 2.6375946299357738]
p=0.0003414548873833601, size=8 : iteration=34, acc=0.9333333333333333, params=[2.1480294819750294, 1.48277405345249, -2.45918841235045, -2.2724040347319914, 1.1741440875264588, -3.6978324867016945]
p=0.00046415888336127773, size=8 : iteration=49, acc=0.9666666666666667, params=[0.9109790610350418, -0.12665227189575284, 0.5764330411256604, 1.6616527316762655, 0.42707611091538333, -1.8907355116133004]
p=0.000630957344480193, size=8 : iteration=69, acc=0.9333333333333333, params=[-2.2006581672851375, -3.2419380766718757, 0.1696681469115009, 1.7841062551655353, -1.3723244941453627, -3.482535289585171]
p=0.0008576958985908946, size=8 : iteration=35, acc=1.0, params=[1.4778524713464352, 2.3277103904519834, -0.5779250964776769, -0.6348106804966315, -3.460221766180383, 2.0436965292232707]
p=0.0011659144011798312, size=8 : iteration=42, acc=1.0, params=[1.0839051302153688, 5.358146390442471, -1.011441279000477, 0.6957069319756306, -2.1921960762112858, 2.436621040475865]
p=0.001584893192461114, size=8 : iteration=36, acc=0.9333333333333333, params=[-3.8508037152097927, 0.6987226548075962, -3.726838197125242, 3.162250933634233, -1.4784594401523323, -2.9722541528928934]
p=0.002154434690031882, size=8 : iteration=34, acc=0.9666666666666667, params=[-0.500186284521175, 1.3459073013347491, 0.183363647892386, 1.6152438667892306, 0.055772857941891074, 0.3817468310149164]
p=0.0029286445646252374, size=8 : iteration=39, acc=0.9333333333333333, params=[1.5068506179860377, -2.474859878701021, -0.2923813720952757, 0.4985570652505322, -1.0836735978831697, -4.165697666394127]
p=0.003981071705534973, size=8 : iteration=37, acc=0.8666666666666667, params=[-1.4485395708314206, -2.414024375339241, 3.7820699578309327, 2.244968970017542, -3.0432265037364425, 0.4365632863173723]
p=0.0054116952654646375, size=8 : iteration=34, acc=0.9, params=[0.9490343465583736, 0.02750817978802378, -1.092762875734263, -0.8634337052528196, 0.5119168634536184, 0.08638929082020283]
p=0.007356422544596414, size=8 : iteration=34, acc=0.6333333333333333, params=[-4.171206764492591, -2.169251655709546, 1.9592207187957582, 1.2311750269870483, 1.6695950606766043, -0.1842293205281487]
p=0.01, size=8 : iteration=70, acc=0.5, params=[1.918390274045892, -2.0756648448646837, -0.5695296815550923, 4.069201070803489, 4.737151526599986, 0.5945587108513299]
p=0.0001, size=16 : iteration=34, acc=0.9666666666666667, params=[2.170089911104643, 0.7854421226070349, -2.2039164970771394, -0.6958303378407052, -1.8961396445718963, 1.736735950439758, -1.215291811638703, -3.4240693084427516]
p=0.00013593563908785255, size=16 : iteration=36, acc=1.0, params=[-0.22683536298387091, -1.0872110138468916, -2.0864040941079347, 3.122983886959701, 1.8352346891241749, 0.5635533102568667, 2.795784310795226, 0.32637272447732313]
p=0.00018478497974222906, size=16 : iteration=43, acc=0.9666666666666667, params=[-3.610919494284939, 1.8867656206154693, -0.6609626420854842, 3.032017393953756, 2.006583010990818, 0.7768797737418442, 2.089195936723568, -3.3388083596448634]
p=0.00025118864315095795, size=16 : iteration=45, acc=1.0, params=[-1.107434618084298, 2.7508004669876187, 0.5134387605335611, 4.757667393417536, 6.30367844306703, -5.066889622791894, -2.608089326800275, 2.621462171385031]
p=0.0003414548873833601, size=16 : iteration=45, acc=1.0, params=[-2.1076379497761715, 1.1567588862806848, 0.5004739893788885, -3.249116386695876, 1.7657458378722661, -2.288829451349803, 1.1549208407660914, 2.664603077149461]
p=0.00046415888336127773, size=16 : iteration=35, acc=0.9666666666666667, params=[-4.957054189082186, 2.174779047820641, -4.360381566780949, -0.025946511695266822, -2.6629298750590538, -3.737229761945373, -0.13664557893679102, -2.6685263319389882]
p=0.000630957344480193, size=16 : iteration=34, acc=0.9333333333333333, params=[1.196880175915545, -2.46252240896319, 0.07245325808290663, 0.0368579448185941, 2.728114620045437, 2.2873147952772035, 2.0071999270232164, -0.8096382911790745]
p=0.0008576958985908946, size=16 : iteration=41, acc=0.9666666666666667, params=[3.9675727617826015, 1.2627289116214773, -1.6590941301683748, -2.723994740437795, 2.8771587064764077, -2.434276906179276, -1.9986246607133407, 0.3916551682348205]
p=0.0011659144011798312, size=16 : iteration=57, acc=1.0, params=[1.149956330524154, -1.3894008776634834, 0.5922480163257103, -1.3592654120177212, 0.7158927645850692, -2.0535938347099467, 2.1026029116369167, 2.515651226054909]
p=0.001584893192461114, size=16 : iteration=36, acc=0.9333333333333333, params=[-2.0717574990636525, -1.454751521892995, 3.467191376564068, 2.3742267617429604, -0.41073731217962617, -0.3102864648633519, 1.7154194027992005, -1.6315333303361583]
p=0.002154434690031882, size=16 : iteration=34, acc=0.9333333333333333, params=[4.795704408775409, 0.3809219522440394, 1.182561402245209, -0.7546058186654947, 1.1832400067115496, -0.5410746526497698, 2.406713109077617, 1.8588724803595187]
p=0.0029286445646252374, size=16 : iteration=45, acc=0.9333333333333333, params=[-2.6652608771613453, 0.435838276855255, -1.2660097806802058, 3.8502060278354224, 2.9773586857885332, 2.6391093358436097, -1.6574826090753672, 0.7469808740670567]
p=0.003981071705534973, size=16 : iteration=48, acc=0.9333333333333333, params=[0.24308134010618015, -2.6941612467490357, -0.5415791328127637, 1.297006414218777, 0.9704814112056517, 2.304298195153333, 1.2981441298791148, -1.5613967316050164]
p=0.0054116952654646375, size=16 : iteration=34, acc=0.5, params=[-1.483967776224211, 1.9297840009978169, -0.648910695896218, -1.6749141815698407, -4.3284411826939735, 0.19063036689980672, -2.2710591055484235, 1.644990503357889]
p=0.007356422544596414, size=16 : iteration=42, acc=0.5333333333333333, params=[2.4998238893843894, -2.1968854275751237, 2.1968014157848876, 4.130931373276024, -1.6983821075577286, -2.974772579517551, 2.3789773807932777, 1.8108437348743056]
p=0.01, size=16 : iteration=42, acc=0.4666666666666667, params=[-4.146984762529552, 0.3283637693058061, -2.105458599579762, -0.2984949114578925, -4.749158070729328, 0.7388380757779869, -3.4653518575655893, -2.869767916013619]
p=0.0001, size=32 : iteration=46, acc=1.0, params=[2.184009852933629, 2.714888717542487, -0.3784728149235756, -3.7452444802480986, 0.7173851585708182, 2.5640349212094256, 0.8799805145318919, -4.673496745890776, -4.03433281238289, -3.5150763003758803]
p=0.00013593563908785255, size=32 : iteration=52, acc=0.9666666666666667, params=[1.9622282890847569, -0.5824740311678338, -2.2860431327443402, 1.84411585515705, -2.979212050793561, 2.3158038448666343, -2.139045729610568, -1.9866552495779572, -0.009631838588830162, -0.21879106210126165]
p=0.00018478497974222906, size=32 : iteration=46, acc=1.0, params=[-0.49480401219008613, -1.3406345620525586, 0.655172318775201, -1.4352049041063635, -3.0264697782920083, -0.4666729410710494, 4.817332840646866, 2.6424134058733095, 0.3351770172084383, 3.4443684891104605]
p=0.00025118864315095795, size=32 : iteration=43, acc=0.9333333333333333, params=[-2.771465769939297, -0.029242226527517776, 1.4072564050975354, -1.9858519470722766, -0.43127114398128746, -0.1498235612616758, -4.146887941002115, 2.4830463760747463, 4.505938631522238, 0.7430368484466077]
p=0.0003414548873833601, size=32 : iteration=34, acc=1.0, params=[0.2716256280631397, 3.498702483608814, -1.7924045721576773, -0.6906597855151725, 2.1281717897508474, 2.453610557834665, -1.3250428658220823, -1.590858065235992, 0.6828059089307175, -1.0385954271025115]
p=0.00046415888336127773, size=32 : iteration=56, acc=0.9333333333333333, params=[-0.5532664644875127, 3.2494691533974023, 2.032397015846833, 2.3649057098489905, -1.3877862797839864, 0.6460899414394801, -3.4060150327439107, -1.1544385775645851, -0.26758256803109237, -4.126107313695593]
p=0.000630957344480193, size=32 : iteration=41, acc=1.0, params=[-1.3088283910450933, 1.7534203533531862, -0.5880667575497946, 3.0595812655914236, 0.9861030041794685, -0.6443638144249061, 1.5126738884342537, -0.059185592620829036, 2.9627925118914487, 2.6997380277635594]
p=0.0008576958985908946, size=32 : iteration=45, acc=0.9333333333333333, params=[2.2714213816133304, 1.3146023178196895, 1.375710131717413, 2.9843580374656486, 0.7715688285576545, 0.3085594045114868, 0.6227088316734178, -1.5872252475218516, -1.699026474880465, -2.3171586631666456]
p=0.0011659144011798312, size=32 : iteration=37, acc=0.9333333333333333, params=[-1.1775105482057482, 0.6825891021739203, 1.7929010619876913, 0.9563919882939378, 1.5719654164204353, 2.0255368824396167, -0.057913522854356775, 1.5741453996327186, -2.467075884809187, -0.38140528052358935]
p=0.001584893192461114, size=32 : iteration=39, acc=0.9, params=[1.8176976193080008, 1.6173698835013575, 1.140485141929425, -0.5655682815197289, 0.8997825312780322, 3.08026951053552, 2.1513285804813593, -1.16503826946431, 0.7795459571037419, -0.04883593193818114]
p=0.002154434690031882, size=32 : iteration=37, acc=0.9, params=[-4.824454565970911, -0.3608298643803741, -0.36599041970373475, 1.0092551698916281, -0.3057131844678572, -0.6062522743048999, 2.487549197692449, -1.5038607023117136, 0.9541104463360686, 1.7827774377138301]
p=0.0029286445646252374, size=32 : iteration=34, acc=0.4666666666666667, params=[-2.595389381076733, -2.0299964650508784, 1.9880943631140902, 1.0598440180778723, 1.0188131825750826, 1.3795943769659118, -0.9473765091247733, -5.4382356028292325, -0.9387451311080935, 4.3085489772330385]
p=0.003981071705534973, size=32 : iteration=34, acc=0.5333333333333333, params=[-1.589102357148409, 2.196899776605367, -4.393343804594299, -1.880017840435364, 1.939490733983931, 0.22920057094771001, -2.348891456536208, 2.4832142113081526, 2.3318612623871218, -2.741246534617696]
p=0.0054116952654646375, size=32 : iteration=34, acc=0.5333333333333333, params=[-1.4243916462867223, -0.2351862986825068, 4.892393688686218, 1.6411234455896229, 4.239273784383272, 0.703601515800589, 1.1491794817055254, 4.081718797468754, 1.0151738226688058, 2.43145437920139]
p=0.007356422544596414, size=32 : iteration=42, acc=0.5333333333333333, params=[0.14205764534183934, -0.18062850803157224, -0.5285130681654664, 2.9655681720004448, 0.05898928146099877, -0.29852243271724066, 1.595681841742763, -0.6850525915707228, 3.3719682945618206, -3.690401060704943]
p=0.01, size=32 : iteration=36, acc=0.36666666666666664, params=[-3.5335223007578582, -1.9787815870886498, -0.31120199570227886, 0.7948635291853895, -2.0396071412314662, 2.7397098922208176, -1.2361241796687392, -0.8925320612680644, 0.5344076583209783, 1.5793601241043742]
