2021-02-26 16:14:04,132 - qiskit.aqua.components.optimizers.spsa - DEBUG - Parameters: [0.62831853 0.1        0.602      0.101      0.        ]
2021-02-26 16:14:04,133 - qiskit.aqua.components.optimizers.spsa - DEBUG - Calibration...
2021-02-26 16:14:04,133 - qiskit.aqua.components.optimizers.spsa - DEBUG - calibration step # 0 of 20
2021-02-26 16:14:09,989 - qiskit.aqua.components.optimizers.spsa - DEBUG - calibration step # 5 of 20
2021-02-26 16:14:15,657 - qiskit.aqua.components.optimizers.spsa - DEBUG - calibration step # 10 of 20
2021-02-26 16:14:21,405 - qiskit.aqua.components.optimizers.spsa - DEBUG - calibration step # 15 of 20
2021-02-26 16:14:27,106 - qiskit.aqua.components.optimizers.spsa - DEBUG - delta_obj is 0, not calibrating (since this would set c0 to inf)
2021-02-26 16:14:27,106 - qiskit.aqua.components.optimizers.spsa - DEBUG - Calibrated SPSA parameter c0 is 0.1080207
2021-02-26 16:14:28,228 - qiskit.aqua.components.optimizers.spsa - DEBUG - Objective function at theta+ for step # 0: 7.6791992
2021-02-26 16:14:28,228 - qiskit.aqua.components.optimizers.spsa - DEBUG - Objective function at theta- for step # 0: 6.5158691
2021-02-26 16:14:29,423 - qiskit.aqua.components.optimizers.spsa - DEBUG - Objective function at theta+ for step # 1: 3.2448730
2021-02-26 16:14:29,423 - qiskit.aqua.components.optimizers.spsa - DEBUG - Objective function at theta- for step # 1: 2.0136719
2021-02-26 16:14:30,548 - qiskit.aqua.components.optimizers.spsa - DEBUG - Objective function at theta+ for step # 2: 0.5119629
2021-02-26 16:14:30,548 - qiskit.aqua.components.optimizers.spsa - DEBUG - Objective function at theta- for step # 2: 0.7219238
2021-02-26 16:14:31,673 - qiskit.aqua.components.optimizers.spsa - DEBUG - Objective function at theta+ for step # 3: 0.5502930
2021-02-26 16:14:31,673 - qiskit.aqua.components.optimizers.spsa - DEBUG - Objective function at theta- for step # 3: 0.5698242
2021-02-26 16:14:32,794 - qiskit.aqua.components.optimizers.spsa - DEBUG - Objective function at theta+ for step # 4: 0.5507812
2021-02-26 16:14:32,794 - qiskit.aqua.components.optimizers.spsa - DEBUG - Objective function at theta- for step # 4: 0.5639648
2021-02-26 16:14:33,928 - qiskit.aqua.components.optimizers.spsa - DEBUG - Objective function at theta+ for step # 5: 0.5498047
2021-02-26 16:14:33,928 - qiskit.aqua.components.optimizers.spsa - DEBUG - Objective function at theta- for step # 5: 0.5566406
2021-02-26 16:14:35,054 - qiskit.aqua.components.optimizers.spsa - DEBUG - Objective function at theta+ for step # 6: 0.5507812
2021-02-26 16:14:35,054 - qiskit.aqua.components.optimizers.spsa - DEBUG - Objective function at theta- for step # 6: 0.5534668
2021-02-26 16:14:36,172 - qiskit.aqua.components.optimizers.spsa - DEBUG - Objective function at theta+ for step # 7: 0.5539551
2021-02-26 16:14:36,172 - qiskit.aqua.components.optimizers.spsa - DEBUG - Objective function at theta- for step # 7: 0.5505371
2021-02-26 16:14:37,286 - qiskit.aqua.components.optimizers.spsa - DEBUG - Objective function at theta+ for step # 8: 0.5512695
2021-02-26 16:14:37,286 - qiskit.aqua.components.optimizers.spsa - DEBUG - Objective function at theta- for step # 8: 0.5510254
2021-02-26 16:14:38,423 - qiskit.aqua.components.optimizers.spsa - DEBUG - Objective function at theta+ for step # 9: 0.5507812
2021-02-26 16:14:38,423 - qiskit.aqua.components.optimizers.spsa - DEBUG - Objective function at theta- for step # 9: 0.5537109
2021-02-26 16:14:39,610 - qiskit.aqua.components.optimizers.spsa - DEBUG - Objective function at theta+ for step # 10: 0.5510254
2021-02-26 16:14:39,610 - qiskit.aqua.components.optimizers.spsa - DEBUG - Objective function at theta- for step # 10: 0.5471191
2021-02-26 16:14:40,738 - qiskit.aqua.components.optimizers.spsa - DEBUG - Objective function at theta+ for step # 11: 0.5522461
2021-02-26 16:14:40,738 - qiskit.aqua.components.optimizers.spsa - DEBUG - Objective function at theta- for step # 11: 0.5473633
2021-02-26 16:14:41,857 - qiskit.aqua.components.optimizers.spsa - DEBUG - Objective function at theta+ for step # 12: 0.5473633
2021-02-26 16:14:41,857 - qiskit.aqua.components.optimizers.spsa - DEBUG - Objective function at theta- for step # 12: 0.5505371
2021-02-26 16:14:42,979 - qiskit.aqua.components.optimizers.spsa - DEBUG - Objective function at theta+ for step # 13: 0.5444336
2021-02-26 16:14:42,979 - qiskit.aqua.components.optimizers.spsa - DEBUG - Objective function at theta- for step # 13: 0.5471191
2021-02-26 16:14:44,107 - qiskit.aqua.components.optimizers.spsa - DEBUG - Objective function at theta+ for step # 14: 0.5441895
2021-02-26 16:14:44,107 - qiskit.aqua.components.optimizers.spsa - DEBUG - Objective function at theta- for step # 14: 0.5468750
2021-02-26 16:14:45,257 - qiskit.aqua.components.optimizers.spsa - DEBUG - Objective function at theta+ for step # 15: 0.5463867
2021-02-26 16:14:45,257 - qiskit.aqua.components.optimizers.spsa - DEBUG - Objective function at theta- for step # 15: 0.5473633
2021-02-26 16:14:46,384 - qiskit.aqua.components.optimizers.spsa - DEBUG - Objective function at theta+ for step # 16: 0.5417480
2021-02-26 16:14:46,384 - qiskit.aqua.components.optimizers.spsa - DEBUG - Objective function at theta- for step # 16: 0.5466309
2021-02-26 16:14:47,508 - qiskit.aqua.components.optimizers.spsa - DEBUG - Objective function at theta+ for step # 17: 0.5466309
2021-02-26 16:14:47,508 - qiskit.aqua.components.optimizers.spsa - DEBUG - Objective function at theta- for step # 17: 0.5466309
2021-02-26 16:14:48,630 - qiskit.aqua.components.optimizers.spsa - DEBUG - Objective function at theta+ for step # 18: 0.5446777
2021-02-26 16:14:48,631 - qiskit.aqua.components.optimizers.spsa - DEBUG - Objective function at theta- for step # 18: 0.5419922
2021-02-26 16:14:49,819 - qiskit.aqua.components.optimizers.spsa - DEBUG - Objective function at theta+ for step # 19: 0.5397949
2021-02-26 16:14:49,819 - qiskit.aqua.components.optimizers.spsa - DEBUG - Objective function at theta- for step # 19: 0.5449219
2021-02-26 16:14:50,955 - qiskit.aqua.components.optimizers.spsa - DEBUG - Objective function at theta+ for step # 20: 0.5419922
2021-02-26 16:14:50,955 - qiskit.aqua.components.optimizers.spsa - DEBUG - Objective function at theta- for step # 20: 0.5417480
2021-02-26 16:14:52,113 - qiskit.aqua.components.optimizers.spsa - DEBUG - Objective function at theta+ for step # 21: 0.5419922
2021-02-26 16:14:52,113 - qiskit.aqua.components.optimizers.spsa - DEBUG - Objective function at theta- for step # 21: 0.5415039
2021-02-26 16:14:53,251 - qiskit.aqua.components.optimizers.spsa - DEBUG - Objective function at theta+ for step # 22: 0.5417480
2021-02-26 16:14:53,251 - qiskit.aqua.components.optimizers.spsa - DEBUG - Objective function at theta- for step # 22: 0.5390625
2021-02-26 16:14:54,404 - qiskit.aqua.components.optimizers.spsa - DEBUG - Objective function at theta+ for step # 23: 0.5390625
2021-02-26 16:14:54,404 - qiskit.aqua.components.optimizers.spsa - DEBUG - Objective function at theta- for step # 23: 0.5415039
2021-02-26 16:14:55,545 - qiskit.aqua.components.optimizers.spsa - DEBUG - Objective function at theta+ for step # 24: 0.5393066
2021-02-26 16:14:55,545 - qiskit.aqua.components.optimizers.spsa - DEBUG - Objective function at theta- for step # 24: 0.5388184
2021-02-26 16:14:56,694 - qiskit.aqua.components.optimizers.spsa - DEBUG - Objective function at theta+ for step # 25: 0.5393066
2021-02-26 16:14:56,694 - qiskit.aqua.components.optimizers.spsa - DEBUG - Objective function at theta- for step # 25: 0.5397949
2021-02-26 16:14:57,834 - qiskit.aqua.components.optimizers.spsa - DEBUG - Objective function at theta+ for step # 26: 0.5397949
2021-02-26 16:14:57,834 - qiskit.aqua.components.optimizers.spsa - DEBUG - Objective function at theta- for step # 26: 0.5405273
2021-02-26 16:14:58,981 - qiskit.aqua.components.optimizers.spsa - DEBUG - Objective function at theta+ for step # 27: 0.5405273
2021-02-26 16:14:58,981 - qiskit.aqua.components.optimizers.spsa - DEBUG - Objective function at theta- for step # 27: 0.5400391
2021-02-26 16:15:00,184 - qiskit.aqua.components.optimizers.spsa - DEBUG - Objective function at theta+ for step # 28: 0.5397949
2021-02-26 16:15:00,185 - qiskit.aqua.components.optimizers.spsa - DEBUG - Objective function at theta- for step # 28: 0.5405273
2021-02-26 16:15:01,315 - qiskit.aqua.components.optimizers.spsa - DEBUG - Objective function at theta+ for step # 29: 0.5405273
2021-02-26 16:15:01,315 - qiskit.aqua.components.optimizers.spsa - DEBUG - Objective function at theta- for step # 29: 0.5397949
2021-02-26 16:15:02,454 - qiskit.aqua.components.optimizers.spsa - DEBUG - Objective function at theta+ for step # 30: 0.5378418
2021-02-26 16:15:02,454 - qiskit.aqua.components.optimizers.spsa - DEBUG - Objective function at theta- for step # 30: 0.5395508
2021-02-26 16:15:03,597 - qiskit.aqua.components.optimizers.spsa - DEBUG - Objective function at theta+ for step # 31: 0.5378418
2021-02-26 16:15:03,597 - qiskit.aqua.components.optimizers.spsa - DEBUG - Objective function at theta- for step # 31: 0.5385742
2021-02-26 16:15:04,739 - qiskit.aqua.components.optimizers.spsa - DEBUG - Objective function at theta+ for step # 32: 0.5378418
2021-02-26 16:15:04,740 - qiskit.aqua.components.optimizers.spsa - DEBUG - Objective function at theta- for step # 32: 0.5383301
2021-02-26 16:15:05,884 - qiskit.aqua.components.optimizers.spsa - DEBUG - Objective function at theta+ for step # 33: 0.5390625
2021-02-26 16:15:05,884 - qiskit.aqua.components.optimizers.spsa - DEBUG - Objective function at theta- for step # 33: 0.5380859
2021-02-26 16:15:07,039 - qiskit.aqua.components.optimizers.spsa - DEBUG - Objective function at theta+ for step # 34: 0.5388184
2021-02-26 16:15:07,039 - qiskit.aqua.components.optimizers.spsa - DEBUG - Objective function at theta- for step # 34: 0.5383301
2021-02-26 16:15:08,201 - qiskit.aqua.components.optimizers.spsa - DEBUG - Objective function at theta+ for step # 35: 0.5358887
2021-02-26 16:15:08,201 - qiskit.aqua.components.optimizers.spsa - DEBUG - Objective function at theta- for step # 35: 0.5361328
2021-02-26 16:15:09,351 - qiskit.aqua.components.optimizers.spsa - DEBUG - Objective function at theta+ for step # 36: 0.5339355
2021-02-26 16:15:09,351 - qiskit.aqua.components.optimizers.spsa - DEBUG - Objective function at theta- for step # 36: 0.5354004
2021-02-26 16:15:10,568 - qiskit.aqua.components.optimizers.spsa - DEBUG - Objective function at theta+ for step # 37: 0.5336914
2021-02-26 16:15:10,568 - qiskit.aqua.components.optimizers.spsa - DEBUG - Objective function at theta- for step # 37: 0.5358887
2021-02-26 16:15:11,715 - qiskit.aqua.components.optimizers.spsa - DEBUG - Objective function at theta+ for step # 38: 0.5336914
2021-02-26 16:15:11,715 - qiskit.aqua.components.optimizers.spsa - DEBUG - Objective function at theta- for step # 38: 0.5354004
2021-02-26 16:15:12,861 - qiskit.aqua.components.optimizers.spsa - DEBUG - Objective function at theta+ for step # 39: 0.5339355
2021-02-26 16:15:12,861 - qiskit.aqua.components.optimizers.spsa - DEBUG - Objective function at theta- for step # 39: 0.5300293
2021-02-26 16:15:14,009 - qiskit.aqua.components.optimizers.spsa - DEBUG - Objective function at theta+ for step # 40: 0.5297852
2021-02-26 16:15:14,009 - qiskit.aqua.components.optimizers.spsa - DEBUG - Objective function at theta- for step # 40: 0.5344238
2021-02-26 16:15:15,158 - qiskit.aqua.components.optimizers.spsa - DEBUG - Objective function at theta+ for step # 41: 0.5332031
2021-02-26 16:15:15,159 - qiskit.aqua.components.optimizers.spsa - DEBUG - Objective function at theta- for step # 41: 0.5341797
2021-02-26 16:15:16,302 - qiskit.aqua.components.optimizers.spsa - DEBUG - Objective function at theta+ for step # 42: 0.5354004
2021-02-26 16:15:16,302 - qiskit.aqua.components.optimizers.spsa - DEBUG - Objective function at theta- for step # 42: 0.5349121
2021-02-26 16:15:17,448 - qiskit.aqua.components.optimizers.spsa - DEBUG - Objective function at theta+ for step # 43: 0.5300293
2021-02-26 16:15:17,448 - qiskit.aqua.components.optimizers.spsa - DEBUG - Objective function at theta- for step # 43: 0.5351562
2021-02-26 16:15:18,594 - qiskit.aqua.components.optimizers.spsa - DEBUG - Objective function at theta+ for step # 44: 0.5334473
2021-02-26 16:15:18,594 - qiskit.aqua.components.optimizers.spsa - DEBUG - Objective function at theta- for step # 44: 0.5358887
2021-02-26 16:15:19,750 - qiskit.aqua.components.optimizers.spsa - DEBUG - Objective function at theta+ for step # 45: 0.5297852
2021-02-26 16:15:19,750 - qiskit.aqua.components.optimizers.spsa - DEBUG - Objective function at theta- for step # 45: 0.5334473
2021-02-26 16:15:20,898 - qiskit.aqua.components.optimizers.spsa - DEBUG - Objective function at theta+ for step # 46: 0.5297852
2021-02-26 16:15:20,898 - qiskit.aqua.components.optimizers.spsa - DEBUG - Objective function at theta- for step # 46: 0.5329590
2021-02-26 16:15:22,146 - qiskit.aqua.components.optimizers.spsa - DEBUG - Objective function at theta+ for step # 47: 0.5329590
2021-02-26 16:15:22,146 - qiskit.aqua.components.optimizers.spsa - DEBUG - Objective function at theta- for step # 47: 0.5329590
2021-02-26 16:15:23,289 - qiskit.aqua.components.optimizers.spsa - DEBUG - Objective function at theta+ for step # 48: 0.5297852
2021-02-26 16:15:23,289 - qiskit.aqua.components.optimizers.spsa - DEBUG - Objective function at theta- for step # 48: 0.5327148
2021-02-26 16:15:24,444 - qiskit.aqua.components.optimizers.spsa - DEBUG - Objective function at theta+ for step # 49: 0.5327148
2021-02-26 16:15:24,444 - qiskit.aqua.components.optimizers.spsa - DEBUG - Objective function at theta- for step # 49: 0.5327148
2021-02-26 16:15:25,583 - qiskit.aqua.components.optimizers.spsa - DEBUG - Objective function at theta+ for step # 50: 0.5349121
2021-02-26 16:15:25,583 - qiskit.aqua.components.optimizers.spsa - DEBUG - Objective function at theta- for step # 50: 0.5300293
2021-02-26 16:15:26,722 - qiskit.aqua.components.optimizers.spsa - DEBUG - Objective function at theta+ for step # 51: 0.5339355
2021-02-26 16:15:26,722 - qiskit.aqua.components.optimizers.spsa - DEBUG - Objective function at theta- for step # 51: 0.5354004
2021-02-26 16:15:27,847 - qiskit.aqua.components.optimizers.spsa - DEBUG - Objective function at theta+ for step # 52: 0.5295410
2021-02-26 16:15:27,847 - qiskit.aqua.components.optimizers.spsa - DEBUG - Objective function at theta- for step # 52: 0.5339355
2021-02-26 16:15:28,978 - qiskit.aqua.components.optimizers.spsa - DEBUG - Objective function at theta+ for step # 53: 0.5354004
2021-02-26 16:15:28,978 - qiskit.aqua.components.optimizers.spsa - DEBUG - Objective function at theta- for step # 53: 0.5336914
2021-02-26 16:15:30,108 - qiskit.aqua.components.optimizers.spsa - DEBUG - Objective function at theta+ for step # 54: 0.5336914
2021-02-26 16:15:30,108 - qiskit.aqua.components.optimizers.spsa - DEBUG - Objective function at theta- for step # 54: 0.5300293
2021-02-26 16:15:31,239 - qiskit.aqua.components.optimizers.spsa - DEBUG - Objective function at theta+ for step # 55: 0.5341797
2021-02-26 16:15:31,239 - qiskit.aqua.components.optimizers.spsa - DEBUG - Objective function at theta- for step # 55: 0.5297852
2021-02-26 16:15:32,418 - qiskit.aqua.components.optimizers.spsa - DEBUG - Objective function at theta+ for step # 56: 0.5358887
2021-02-26 16:15:32,418 - qiskit.aqua.components.optimizers.spsa - DEBUG - Objective function at theta- for step # 56: 0.5351562
2021-02-26 16:15:33,536 - qiskit.aqua.components.optimizers.spsa - DEBUG - Objective function at theta+ for step # 57: 0.5349121
2021-02-26 16:15:33,536 - qiskit.aqua.components.optimizers.spsa - DEBUG - Objective function at theta- for step # 57: 0.5302734
2021-02-26 16:15:34,662 - qiskit.aqua.components.optimizers.spsa - DEBUG - Objective function at theta+ for step # 58: 0.5356445
2021-02-26 16:15:34,662 - qiskit.aqua.components.optimizers.spsa - DEBUG - Objective function at theta- for step # 58: 0.5346680
2021-02-26 16:15:35,782 - qiskit.aqua.components.optimizers.spsa - DEBUG - Objective function at theta+ for step # 59: 0.5346680
2021-02-26 16:15:35,782 - qiskit.aqua.components.optimizers.spsa - DEBUG - Objective function at theta- for step # 59: 0.5329590
2021-02-26 16:15:36,896 - qiskit.aqua.components.optimizers.spsa - DEBUG - Objective function at theta+ for step # 60: 0.5336914
2021-02-26 16:15:36,896 - qiskit.aqua.components.optimizers.spsa - DEBUG - Objective function at theta- for step # 60: 0.5327148
2021-02-26 16:15:38,010 - qiskit.aqua.components.optimizers.spsa - DEBUG - Objective function at theta+ for step # 61: 0.5302734
2021-02-26 16:15:38,010 - qiskit.aqua.components.optimizers.spsa - DEBUG - Objective function at theta- for step # 61: 0.5341797
2021-02-26 16:15:39,139 - qiskit.aqua.components.optimizers.spsa - DEBUG - Objective function at theta+ for step # 62: 0.5358887
2021-02-26 16:15:39,139 - qiskit.aqua.components.optimizers.spsa - DEBUG - Objective function at theta- for step # 62: 0.5341797
2021-02-26 16:15:40,268 - qiskit.aqua.components.optimizers.spsa - DEBUG - Objective function at theta+ for step # 63: 0.5339355
2021-02-26 16:15:40,268 - qiskit.aqua.components.optimizers.spsa - DEBUG - Objective function at theta- for step # 63: 0.5297852
2021-02-26 16:15:41,390 - qiskit.aqua.components.optimizers.spsa - DEBUG - Objective function at theta+ for step # 64: 0.5332031
2021-02-26 16:15:41,390 - qiskit.aqua.components.optimizers.spsa - DEBUG - Objective function at theta- for step # 64: 0.5336914
2021-02-26 16:15:42,584 - qiskit.aqua.components.optimizers.spsa - DEBUG - Objective function at theta+ for step # 65: 0.5339355
2021-02-26 16:15:42,584 - qiskit.aqua.components.optimizers.spsa - DEBUG - Objective function at theta- for step # 65: 0.5329590
2021-02-26 16:15:43,706 - qiskit.aqua.components.optimizers.spsa - DEBUG - Objective function at theta+ for step # 66: 0.5327148
2021-02-26 16:15:43,706 - qiskit.aqua.components.optimizers.spsa - DEBUG - Objective function at theta- for step # 66: 0.5339355
2021-02-26 16:15:44,828 - qiskit.aqua.components.optimizers.spsa - DEBUG - Objective function at theta+ for step # 67: 0.5300293
2021-02-26 16:15:44,828 - qiskit.aqua.components.optimizers.spsa - DEBUG - Objective function at theta- for step # 67: 0.5341797
2021-02-26 16:15:45,947 - qiskit.aqua.components.optimizers.spsa - DEBUG - Objective function at theta+ for step # 68: 0.5344238
2021-02-26 16:15:45,947 - qiskit.aqua.components.optimizers.spsa - DEBUG - Objective function at theta- for step # 68: 0.5358887
2021-02-26 16:15:47,064 - qiskit.aqua.components.optimizers.spsa - DEBUG - Objective function at theta+ for step # 69: 0.5297852
2021-02-26 16:15:47,064 - qiskit.aqua.components.optimizers.spsa - DEBUG - Objective function at theta- for step # 69: 0.5339355
2021-02-26 16:15:48,184 - qiskit.aqua.components.optimizers.spsa - DEBUG - Objective function at theta+ for step # 70: 0.5354004
2021-02-26 16:15:48,184 - qiskit.aqua.components.optimizers.spsa - DEBUG - Objective function at theta- for step # 70: 0.5327148
2021-02-26 16:15:49,307 - qiskit.aqua.components.optimizers.spsa - DEBUG - Objective function at theta+ for step # 71: 0.5322266
2021-02-26 16:15:49,307 - qiskit.aqua.components.optimizers.spsa - DEBUG - Objective function at theta- for step # 71: 0.5300293
2021-02-26 16:15:50,434 - qiskit.aqua.components.optimizers.spsa - DEBUG - Objective function at theta+ for step # 72: 0.5302734
2021-02-26 16:15:50,434 - qiskit.aqua.components.optimizers.spsa - DEBUG - Objective function at theta- for step # 72: 0.5302734
2021-02-26 16:15:51,553 - qiskit.aqua.components.optimizers.spsa - DEBUG - Objective function at theta+ for step # 73: 0.5297852
2021-02-26 16:15:51,553 - qiskit.aqua.components.optimizers.spsa - DEBUG - Objective function at theta- for step # 73: 0.5307617
2021-02-26 16:15:52,676 - qiskit.aqua.components.optimizers.spsa - DEBUG - Objective function at theta+ for step # 74: 0.5297852
2021-02-26 16:15:52,676 - qiskit.aqua.components.optimizers.spsa - DEBUG - Objective function at theta- for step # 74: 0.5302734
2021-02-26 16:15:53,874 - qiskit.aqua.components.optimizers.spsa - DEBUG - Objective function at theta+ for step # 75: 0.5297852
2021-02-26 16:15:53,874 - qiskit.aqua.components.optimizers.spsa - DEBUG - Objective function at theta- for step # 75: 0.5302734
2021-02-26 16:15:54,999 - qiskit.aqua.components.optimizers.spsa - DEBUG - Objective function at theta+ for step # 76: 0.5300293
2021-02-26 16:15:55,000 - qiskit.aqua.components.optimizers.spsa - DEBUG - Objective function at theta- for step # 76: 0.5329590
2021-02-26 16:15:56,121 - qiskit.aqua.components.optimizers.spsa - DEBUG - Objective function at theta+ for step # 77: 0.5300293
2021-02-26 16:15:56,121 - qiskit.aqua.components.optimizers.spsa - DEBUG - Objective function at theta- for step # 77: 0.5327148
2021-02-26 16:15:57,249 - qiskit.aqua.components.optimizers.spsa - DEBUG - Objective function at theta+ for step # 78: 0.5302734
2021-02-26 16:15:57,249 - qiskit.aqua.components.optimizers.spsa - DEBUG - Objective function at theta- for step # 78: 0.5344238
2021-02-26 16:15:58,373 - qiskit.aqua.components.optimizers.spsa - DEBUG - Objective function at theta+ for step # 79: 0.5349121
2021-02-26 16:15:58,374 - qiskit.aqua.components.optimizers.spsa - DEBUG - Objective function at theta- for step # 79: 0.5307617
2021-02-26 16:15:59,490 - qiskit.aqua.components.optimizers.spsa - DEBUG - Objective function at theta+ for step # 80: 0.5302734
2021-02-26 16:15:59,490 - qiskit.aqua.components.optimizers.spsa - DEBUG - Objective function at theta- for step # 80: 0.5346680
2021-02-26 16:16:00,613 - qiskit.aqua.components.optimizers.spsa - DEBUG - Objective function at theta+ for step # 81: 0.5322266
2021-02-26 16:16:00,613 - qiskit.aqua.components.optimizers.spsa - DEBUG - Objective function at theta- for step # 81: 0.5351562
2021-02-26 16:16:01,735 - qiskit.aqua.components.optimizers.spsa - DEBUG - Objective function at theta+ for step # 82: 0.5351562
2021-02-26 16:16:01,735 - qiskit.aqua.components.optimizers.spsa - DEBUG - Objective function at theta- for step # 82: 0.5344238
2021-02-26 16:16:02,860 - qiskit.aqua.components.optimizers.spsa - DEBUG - Objective function at theta+ for step # 83: 0.5351562
2021-02-26 16:16:02,860 - qiskit.aqua.components.optimizers.spsa - DEBUG - Objective function at theta- for step # 83: 0.5341797
2021-02-26 16:16:04,066 - qiskit.aqua.components.optimizers.spsa - DEBUG - Objective function at theta+ for step # 84: 0.5341797
2021-02-26 16:16:04,066 - qiskit.aqua.components.optimizers.spsa - DEBUG - Objective function at theta- for step # 84: 0.5329590
2021-02-26 16:16:05,216 - qiskit.aqua.components.optimizers.spsa - DEBUG - Objective function at theta+ for step # 85: 0.5322266
2021-02-26 16:16:05,216 - qiskit.aqua.components.optimizers.spsa - DEBUG - Objective function at theta- for step # 85: 0.5329590
2021-02-26 16:16:06,372 - qiskit.aqua.components.optimizers.spsa - DEBUG - Objective function at theta+ for step # 86: 0.5324707
2021-02-26 16:16:06,372 - qiskit.aqua.components.optimizers.spsa - DEBUG - Objective function at theta- for step # 86: 0.5327148
2021-02-26 16:16:07,531 - qiskit.aqua.components.optimizers.spsa - DEBUG - Objective function at theta+ for step # 87: 0.5305176
2021-02-26 16:16:07,531 - qiskit.aqua.components.optimizers.spsa - DEBUG - Objective function at theta- for step # 87: 0.5327148
2021-02-26 16:16:08,683 - qiskit.aqua.components.optimizers.spsa - DEBUG - Objective function at theta+ for step # 88: 0.5329590
2021-02-26 16:16:08,683 - qiskit.aqua.components.optimizers.spsa - DEBUG - Objective function at theta- for step # 88: 0.5302734
2021-02-26 16:16:09,836 - qiskit.aqua.components.optimizers.spsa - DEBUG - Objective function at theta+ for step # 89: 0.5324707
2021-02-26 16:16:09,836 - qiskit.aqua.components.optimizers.spsa - DEBUG - Objective function at theta- for step # 89: 0.5322266
2021-02-26 16:16:10,984 - qiskit.aqua.components.optimizers.spsa - DEBUG - Objective function at theta+ for step # 90: 0.5319824
2021-02-26 16:16:10,984 - qiskit.aqua.components.optimizers.spsa - DEBUG - Objective function at theta- for step # 90: 0.5327148
2021-02-26 16:16:12,132 - qiskit.aqua.components.optimizers.spsa - DEBUG - Objective function at theta+ for step # 91: 0.5302734
2021-02-26 16:16:12,133 - qiskit.aqua.components.optimizers.spsa - DEBUG - Objective function at theta- for step # 91: 0.5322266
2021-02-26 16:16:13,270 - qiskit.aqua.components.optimizers.spsa - DEBUG - Objective function at theta+ for step # 92: 0.5329590
2021-02-26 16:16:13,270 - qiskit.aqua.components.optimizers.spsa - DEBUG - Objective function at theta- for step # 92: 0.5302734
2021-02-26 16:16:14,478 - qiskit.aqua.components.optimizers.spsa - DEBUG - Objective function at theta+ for step # 93: 0.5327148
2021-02-26 16:16:14,478 - qiskit.aqua.components.optimizers.spsa - DEBUG - Objective function at theta- for step # 93: 0.5329590
2021-02-26 16:16:15,633 - qiskit.aqua.components.optimizers.spsa - DEBUG - Objective function at theta+ for step # 94: 0.5327148
2021-02-26 16:16:15,633 - qiskit.aqua.components.optimizers.spsa - DEBUG - Objective function at theta- for step # 94: 0.5302734
2021-02-26 16:16:16,836 - qiskit.aqua.components.optimizers.spsa - DEBUG - Objective function at theta+ for step # 95: 0.5317383
2021-02-26 16:16:16,836 - qiskit.aqua.components.optimizers.spsa - DEBUG - Objective function at theta- for step # 95: 0.5324707
2021-02-26 16:16:18,013 - qiskit.aqua.components.optimizers.spsa - DEBUG - Objective function at theta+ for step # 96: 0.5302734
2021-02-26 16:16:18,013 - qiskit.aqua.components.optimizers.spsa - DEBUG - Objective function at theta- for step # 96: 0.5317383
2021-02-26 16:16:19,200 - qiskit.aqua.components.optimizers.spsa - DEBUG - Objective function at theta+ for step # 97: 0.5302734
2021-02-26 16:16:19,201 - qiskit.aqua.components.optimizers.spsa - DEBUG - Objective function at theta- for step # 97: 0.5317383
2021-02-26 16:16:20,323 - qiskit.aqua.components.optimizers.spsa - DEBUG - Objective function at theta+ for step # 98: 0.5319824
2021-02-26 16:16:20,323 - qiskit.aqua.components.optimizers.spsa - DEBUG - Objective function at theta- for step # 98: 0.5302734
2021-02-26 16:16:21,450 - qiskit.aqua.components.optimizers.spsa - DEBUG - Objective function at theta+ for step # 99: 0.5322266
2021-02-26 16:16:21,450 - qiskit.aqua.components.optimizers.spsa - DEBUG - Objective function at theta- for step # 99: 0.5302734
2021-02-26 16:16:22,014 - qiskit.aqua.components.optimizers.spsa - DEBUG - Final objective function is: 0.5180664
