2021-03-03 14:59:21,617 - qiskit.aqua.components.optimizers.spsa - DEBUG - Parameters: [0.62831853 0.1        0.602      0.101      0.        ]
2021-03-03 14:59:21,618 - qiskit.aqua.components.optimizers.spsa - DEBUG - Calibration...
2021-03-03 14:59:21,618 - qiskit.aqua.components.optimizers.spsa - DEBUG - calibration step # 0 of 20
2021-03-03 15:06:06,650 - qiskit.aqua.components.optimizers.spsa - DEBUG - calibration step # 5 of 20
2021-03-03 15:12:55,146 - qiskit.aqua.components.optimizers.spsa - DEBUG - calibration step # 10 of 20
2021-03-03 15:19:43,562 - qiskit.aqua.components.optimizers.spsa - DEBUG - calibration step # 15 of 20
2021-03-03 15:26:32,228 - qiskit.aqua.components.optimizers.spsa - DEBUG - delta_obj is 0, not calibrating (since this would set c0 to inf)
2021-03-03 15:26:32,228 - qiskit.aqua.components.optimizers.spsa - DEBUG - Calibrated SPSA parameter c0 is 0.5618101
2021-03-03 15:27:53,832 - qiskit.aqua.components.optimizers.spsa - DEBUG - Objective function at theta+ for step # 0: 0.0705352
2021-03-03 15:27:53,832 - qiskit.aqua.components.optimizers.spsa - DEBUG - Objective function at theta- for step # 0: 0.0765328
2021-03-03 15:29:16,145 - qiskit.aqua.components.optimizers.spsa - DEBUG - Objective function at theta+ for step # 1: 0.2212944
2021-03-03 15:29:16,145 - qiskit.aqua.components.optimizers.spsa - DEBUG - Objective function at theta- for step # 1: 0.0174501
2021-03-03 15:30:38,216 - qiskit.aqua.components.optimizers.spsa - DEBUG - Objective function at theta+ for step # 2: 1.9334378
2021-03-03 15:30:38,217 - qiskit.aqua.components.optimizers.spsa - DEBUG - Objective function at theta- for step # 2: 1.6353872
2021-03-03 15:32:01,404 - qiskit.aqua.components.optimizers.spsa - DEBUG - Objective function at theta+ for step # 3: 3.1615561
2021-03-03 15:32:01,404 - qiskit.aqua.components.optimizers.spsa - DEBUG - Objective function at theta- for step # 3: 4.2932975
2021-03-03 15:33:23,517 - qiskit.aqua.components.optimizers.spsa - DEBUG - Objective function at theta+ for step # 4: 2.0077615
2021-03-03 15:33:23,517 - qiskit.aqua.components.optimizers.spsa - DEBUG - Objective function at theta- for step # 4: 1.3519349
2021-03-03 15:34:45,482 - qiskit.aqua.components.optimizers.spsa - DEBUG - Objective function at theta+ for step # 5: 3.3610549
2021-03-03 15:34:45,482 - qiskit.aqua.components.optimizers.spsa - DEBUG - Objective function at theta- for step # 5: 2.8342382
2021-03-03 15:36:07,609 - qiskit.aqua.components.optimizers.spsa - DEBUG - Objective function at theta+ for step # 6: 1.0181169
2021-03-03 15:36:07,609 - qiskit.aqua.components.optimizers.spsa - DEBUG - Objective function at theta- for step # 6: 0.3661781
2021-03-03 15:37:29,781 - qiskit.aqua.components.optimizers.spsa - DEBUG - Objective function at theta+ for step # 7: 3.3081826
2021-03-03 15:37:29,782 - qiskit.aqua.components.optimizers.spsa - DEBUG - Objective function at theta- for step # 7: 4.1684153
2021-03-03 15:38:52,073 - qiskit.aqua.components.optimizers.spsa - DEBUG - Objective function at theta+ for step # 8: -0.1034622
2021-03-03 15:38:52,074 - qiskit.aqua.components.optimizers.spsa - DEBUG - Objective function at theta- for step # 8: 0.1566902
2021-03-03 15:40:14,105 - qiskit.aqua.components.optimizers.spsa - DEBUG - Objective function at theta+ for step # 9: 0.0615080
2021-03-03 15:40:14,105 - qiskit.aqua.components.optimizers.spsa - DEBUG - Objective function at theta- for step # 9: 1.5227925
2021-03-03 15:41:36,347 - qiskit.aqua.components.optimizers.spsa - DEBUG - Objective function at theta+ for step # 10: 4.3961883
2021-03-03 15:41:36,347 - qiskit.aqua.components.optimizers.spsa - DEBUG - Objective function at theta- for step # 10: 4.1027553
2021-03-03 15:42:58,618 - qiskit.aqua.components.optimizers.spsa - DEBUG - Objective function at theta+ for step # 11: 4.4296208
2021-03-03 15:42:58,619 - qiskit.aqua.components.optimizers.spsa - DEBUG - Objective function at theta- for step # 11: 3.3501837
2021-03-03 15:44:20,606 - qiskit.aqua.components.optimizers.spsa - DEBUG - Objective function at theta+ for step # 12: 0.0551325
2021-03-03 15:44:20,606 - qiskit.aqua.components.optimizers.spsa - DEBUG - Objective function at theta- for step # 12: 0.5799109
2021-03-03 15:45:42,905 - qiskit.aqua.components.optimizers.spsa - DEBUG - Objective function at theta+ for step # 13: 1.0940760
2021-03-03 15:45:42,905 - qiskit.aqua.components.optimizers.spsa - DEBUG - Objective function at theta- for step # 13: 2.2521731
2021-03-03 15:47:05,566 - qiskit.aqua.components.optimizers.spsa - DEBUG - Objective function at theta+ for step # 14: -0.1202663
2021-03-03 15:47:05,566 - qiskit.aqua.components.optimizers.spsa - DEBUG - Objective function at theta- for step # 14: -0.1504488
2021-03-03 15:48:27,725 - qiskit.aqua.components.optimizers.spsa - DEBUG - Objective function at theta+ for step # 15: -0.0795993
2021-03-03 15:48:27,725 - qiskit.aqua.components.optimizers.spsa - DEBUG - Objective function at theta- for step # 15: -0.0292509
2021-03-03 15:49:49,990 - qiskit.aqua.components.optimizers.spsa - DEBUG - Objective function at theta+ for step # 16: 0.1172667
2021-03-03 15:49:49,991 - qiskit.aqua.components.optimizers.spsa - DEBUG - Objective function at theta- for step # 16: 0.1564615
2021-03-03 15:51:12,117 - qiskit.aqua.components.optimizers.spsa - DEBUG - Objective function at theta+ for step # 17: -0.0777785
2021-03-03 15:51:12,117 - qiskit.aqua.components.optimizers.spsa - DEBUG - Objective function at theta- for step # 17: 0.0247698
2021-03-03 15:52:34,466 - qiskit.aqua.components.optimizers.spsa - DEBUG - Objective function at theta+ for step # 18: -0.0640646
2021-03-03 15:52:34,467 - qiskit.aqua.components.optimizers.spsa - DEBUG - Objective function at theta- for step # 18: 0.0440584
2021-03-03 15:53:56,515 - qiskit.aqua.components.optimizers.spsa - DEBUG - Objective function at theta+ for step # 19: 0.0469599
2021-03-03 15:53:56,515 - qiskit.aqua.components.optimizers.spsa - DEBUG - Objective function at theta- for step # 19: -0.1866587
2021-03-03 15:55:18,575 - qiskit.aqua.components.optimizers.spsa - DEBUG - Objective function at theta+ for step # 20: 0.0361697
2021-03-03 15:55:18,575 - qiskit.aqua.components.optimizers.spsa - DEBUG - Objective function at theta- for step # 20: -0.1409189
2021-03-03 15:56:40,657 - qiskit.aqua.components.optimizers.spsa - DEBUG - Objective function at theta+ for step # 21: -0.1272975
2021-03-03 15:56:40,657 - qiskit.aqua.components.optimizers.spsa - DEBUG - Objective function at theta- for step # 21: 0.0741517
2021-03-03 15:58:02,744 - qiskit.aqua.components.optimizers.spsa - DEBUG - Objective function at theta+ for step # 22: 0.1412729
2021-03-03 15:58:02,744 - qiskit.aqua.components.optimizers.spsa - DEBUG - Objective function at theta- for step # 22: -0.1591796
2021-03-03 15:59:24,896 - qiskit.aqua.components.optimizers.spsa - DEBUG - Objective function at theta+ for step # 23: 0.4643517
2021-03-03 15:59:24,896 - qiskit.aqua.components.optimizers.spsa - DEBUG - Objective function at theta- for step # 23: -0.0427160
2021-03-03 16:00:46,990 - qiskit.aqua.components.optimizers.spsa - DEBUG - Objective function at theta+ for step # 24: 0.4188933
2021-03-03 16:00:46,990 - qiskit.aqua.components.optimizers.spsa - DEBUG - Objective function at theta- for step # 24: -0.0799079
2021-03-03 16:02:10,165 - qiskit.aqua.components.optimizers.spsa - DEBUG - Objective function at theta+ for step # 25: 0.0085649
2021-03-03 16:02:10,165 - qiskit.aqua.components.optimizers.spsa - DEBUG - Objective function at theta- for step # 25: 0.1465595
2021-03-03 16:03:32,194 - qiskit.aqua.components.optimizers.spsa - DEBUG - Objective function at theta+ for step # 26: -0.0643872
2021-03-03 16:03:32,194 - qiskit.aqua.components.optimizers.spsa - DEBUG - Objective function at theta- for step # 26: 0.0656424
2021-03-03 16:04:54,484 - qiskit.aqua.components.optimizers.spsa - DEBUG - Objective function at theta+ for step # 27: 0.0146567
2021-03-03 16:04:54,485 - qiskit.aqua.components.optimizers.spsa - DEBUG - Objective function at theta- for step # 27: -0.0240756
2021-03-03 16:06:16,924 - qiskit.aqua.components.optimizers.spsa - DEBUG - Objective function at theta+ for step # 28: 0.1739509
2021-03-03 16:06:16,924 - qiskit.aqua.components.optimizers.spsa - DEBUG - Objective function at theta- for step # 28: -0.1068795
2021-03-03 16:07:39,018 - qiskit.aqua.components.optimizers.spsa - DEBUG - Objective function at theta+ for step # 29: -0.0748063
2021-03-03 16:07:39,018 - qiskit.aqua.components.optimizers.spsa - DEBUG - Objective function at theta- for step # 29: 0.4375516
2021-03-03 16:09:01,069 - qiskit.aqua.components.optimizers.spsa - DEBUG - Objective function at theta+ for step # 30: 0.5263276
2021-03-03 16:09:01,069 - qiskit.aqua.components.optimizers.spsa - DEBUG - Objective function at theta- for step # 30: 1.3679827
2021-03-03 16:10:22,982 - qiskit.aqua.components.optimizers.spsa - DEBUG - Objective function at theta+ for step # 31: 0.1403466
2021-03-03 16:10:22,982 - qiskit.aqua.components.optimizers.spsa - DEBUG - Objective function at theta- for step # 31: 1.4872718
2021-03-03 16:11:44,870 - qiskit.aqua.components.optimizers.spsa - DEBUG - Objective function at theta+ for step # 32: 0.5030003
2021-03-03 16:11:44,870 - qiskit.aqua.components.optimizers.spsa - DEBUG - Objective function at theta- for step # 32: 1.6707892
2021-03-03 16:13:07,095 - qiskit.aqua.components.optimizers.spsa - DEBUG - Objective function at theta+ for step # 33: 0.9059287
2021-03-03 16:13:07,095 - qiskit.aqua.components.optimizers.spsa - DEBUG - Objective function at theta- for step # 33: 0.1860536
2021-03-03 16:14:29,168 - qiskit.aqua.components.optimizers.spsa - DEBUG - Objective function at theta+ for step # 34: 3.4105878
2021-03-03 16:14:29,169 - qiskit.aqua.components.optimizers.spsa - DEBUG - Objective function at theta- for step # 34: 3.3071719
2021-03-03 16:15:51,450 - qiskit.aqua.components.optimizers.spsa - DEBUG - Objective function at theta+ for step # 35: 2.7479472
2021-03-03 16:15:51,450 - qiskit.aqua.components.optimizers.spsa - DEBUG - Objective function at theta- for step # 35: 3.4504188
2021-03-03 16:17:13,746 - qiskit.aqua.components.optimizers.spsa - DEBUG - Objective function at theta+ for step # 36: -0.0136301
2021-03-03 16:17:13,746 - qiskit.aqua.components.optimizers.spsa - DEBUG - Objective function at theta- for step # 36: 0.0643721
2021-03-03 16:18:35,777 - qiskit.aqua.components.optimizers.spsa - DEBUG - Objective function at theta+ for step # 37: -0.0314503
2021-03-03 16:18:35,777 - qiskit.aqua.components.optimizers.spsa - DEBUG - Objective function at theta- for step # 37: 0.0553517
2021-03-03 16:19:57,930 - qiskit.aqua.components.optimizers.spsa - DEBUG - Objective function at theta+ for step # 38: 0.1049291
2021-03-03 16:19:57,930 - qiskit.aqua.components.optimizers.spsa - DEBUG - Objective function at theta- for step # 38: 0.0820255
2021-03-03 16:21:19,947 - qiskit.aqua.components.optimizers.spsa - DEBUG - Objective function at theta+ for step # 39: 0.0809001
2021-03-03 16:21:19,947 - qiskit.aqua.components.optimizers.spsa - DEBUG - Objective function at theta- for step # 39: 0.4845058
2021-03-03 16:22:42,034 - qiskit.aqua.components.optimizers.spsa - DEBUG - Objective function at theta+ for step # 40: 1.1778046
2021-03-03 16:22:42,034 - qiskit.aqua.components.optimizers.spsa - DEBUG - Objective function at theta- for step # 40: 0.5782925
2021-03-03 16:24:04,064 - qiskit.aqua.components.optimizers.spsa - DEBUG - Objective function at theta+ for step # 41: -0.0281335
2021-03-03 16:24:04,064 - qiskit.aqua.components.optimizers.spsa - DEBUG - Objective function at theta- for step # 41: 0.5252349
2021-03-03 16:25:26,097 - qiskit.aqua.components.optimizers.spsa - DEBUG - Objective function at theta+ for step # 42: 0.4837706
2021-03-03 16:25:26,097 - qiskit.aqua.components.optimizers.spsa - DEBUG - Objective function at theta- for step # 42: 0.5328859
2021-03-03 16:26:48,278 - qiskit.aqua.components.optimizers.spsa - DEBUG - Objective function at theta+ for step # 43: 0.7781710
2021-03-03 16:26:48,278 - qiskit.aqua.components.optimizers.spsa - DEBUG - Objective function at theta- for step # 43: 0.0745005
2021-03-03 16:28:10,319 - qiskit.aqua.components.optimizers.spsa - DEBUG - Objective function at theta+ for step # 44: 0.8124875
2021-03-03 16:28:10,319 - qiskit.aqua.components.optimizers.spsa - DEBUG - Objective function at theta- for step # 44: 3.3486968
2021-03-03 16:29:32,280 - qiskit.aqua.components.optimizers.spsa - DEBUG - Objective function at theta+ for step # 45: -0.1852112
2021-03-03 16:29:32,280 - qiskit.aqua.components.optimizers.spsa - DEBUG - Objective function at theta- for step # 45: -0.0958182
2021-03-03 16:30:54,277 - qiskit.aqua.components.optimizers.spsa - DEBUG - Objective function at theta+ for step # 46: 0.0411184
2021-03-03 16:30:54,278 - qiskit.aqua.components.optimizers.spsa - DEBUG - Objective function at theta- for step # 46: 0.0490480
2021-03-03 16:32:16,160 - qiskit.aqua.components.optimizers.spsa - DEBUG - Objective function at theta+ for step # 47: -0.2364302
2021-03-03 16:32:16,160 - qiskit.aqua.components.optimizers.spsa - DEBUG - Objective function at theta- for step # 47: -0.1152631
2021-03-03 16:33:39,125 - qiskit.aqua.components.optimizers.spsa - DEBUG - Objective function at theta+ for step # 48: 0.1501894
2021-03-03 16:33:39,125 - qiskit.aqua.components.optimizers.spsa - DEBUG - Objective function at theta- for step # 48: -0.1293551
2021-03-03 16:35:01,224 - qiskit.aqua.components.optimizers.spsa - DEBUG - Objective function at theta+ for step # 49: -0.1152146
2021-03-03 16:35:01,224 - qiskit.aqua.components.optimizers.spsa - DEBUG - Objective function at theta- for step # 49: -0.1569300
2021-03-03 16:36:23,735 - qiskit.aqua.components.optimizers.spsa - DEBUG - Objective function at theta+ for step # 50: 0.0879192
2021-03-03 16:36:23,735 - qiskit.aqua.components.optimizers.spsa - DEBUG - Objective function at theta- for step # 50: 0.3778362
2021-03-03 16:37:45,902 - qiskit.aqua.components.optimizers.spsa - DEBUG - Objective function at theta+ for step # 51: 0.7094244
2021-03-03 16:37:45,902 - qiskit.aqua.components.optimizers.spsa - DEBUG - Objective function at theta- for step # 51: 0.8236289
2021-03-03 16:39:08,663 - qiskit.aqua.components.optimizers.spsa - DEBUG - Objective function at theta+ for step # 52: 1.5182680
2021-03-03 16:39:08,663 - qiskit.aqua.components.optimizers.spsa - DEBUG - Objective function at theta- for step # 52: 0.2328035
2021-03-03 16:40:31,002 - qiskit.aqua.components.optimizers.spsa - DEBUG - Objective function at theta+ for step # 53: 0.0570895
2021-03-03 16:40:31,002 - qiskit.aqua.components.optimizers.spsa - DEBUG - Objective function at theta- for step # 53: 0.0150987
2021-03-03 16:41:53,400 - qiskit.aqua.components.optimizers.spsa - DEBUG - Objective function at theta+ for step # 54: 0.0636778
2021-03-03 16:41:53,401 - qiskit.aqua.components.optimizers.spsa - DEBUG - Objective function at theta- for step # 54: -0.0565551
2021-03-03 16:43:15,664 - qiskit.aqua.components.optimizers.spsa - DEBUG - Objective function at theta+ for step # 55: 0.0156221
2021-03-03 16:43:15,664 - qiskit.aqua.components.optimizers.spsa - DEBUG - Objective function at theta- for step # 55: 0.0203091
2021-03-03 16:44:37,673 - qiskit.aqua.components.optimizers.spsa - DEBUG - Objective function at theta+ for step # 56: -0.0138541
2021-03-03 16:44:37,673 - qiskit.aqua.components.optimizers.spsa - DEBUG - Objective function at theta- for step # 56: -0.0053807
2021-03-03 16:45:59,623 - qiskit.aqua.components.optimizers.spsa - DEBUG - Objective function at theta+ for step # 57: 0.0031597
2021-03-03 16:45:59,623 - qiskit.aqua.components.optimizers.spsa - DEBUG - Objective function at theta- for step # 57: 0.0182444
2021-03-03 16:47:22,227 - qiskit.aqua.components.optimizers.spsa - DEBUG - Objective function at theta+ for step # 58: 0.0600971
2021-03-03 16:47:22,227 - qiskit.aqua.components.optimizers.spsa - DEBUG - Objective function at theta- for step # 58: 0.0534262
2021-03-03 16:48:44,470 - qiskit.aqua.components.optimizers.spsa - DEBUG - Objective function at theta+ for step # 59: 0.0712066
2021-03-03 16:48:44,470 - qiskit.aqua.components.optimizers.spsa - DEBUG - Objective function at theta- for step # 59: 0.2120000
2021-03-03 16:50:06,522 - qiskit.aqua.components.optimizers.spsa - DEBUG - Objective function at theta+ for step # 60: 0.1045234
2021-03-03 16:50:06,522 - qiskit.aqua.components.optimizers.spsa - DEBUG - Objective function at theta- for step # 60: -0.0004309
2021-03-03 16:51:29,700 - qiskit.aqua.components.optimizers.spsa - DEBUG - Objective function at theta+ for step # 61: -0.0612369
2021-03-03 16:51:29,700 - qiskit.aqua.components.optimizers.spsa - DEBUG - Objective function at theta- for step # 61: 0.4796908
2021-03-03 16:52:52,093 - qiskit.aqua.components.optimizers.spsa - DEBUG - Objective function at theta+ for step # 62: 1.2776436
2021-03-03 16:52:52,094 - qiskit.aqua.components.optimizers.spsa - DEBUG - Objective function at theta- for step # 62: 0.5963235
2021-03-03 16:54:14,412 - qiskit.aqua.components.optimizers.spsa - DEBUG - Objective function at theta+ for step # 63: 0.0159606
2021-03-03 16:54:14,412 - qiskit.aqua.components.optimizers.spsa - DEBUG - Objective function at theta- for step # 63: 0.2702973
2021-03-03 16:55:36,658 - qiskit.aqua.components.optimizers.spsa - DEBUG - Objective function at theta+ for step # 64: 0.0770169
2021-03-03 16:55:36,658 - qiskit.aqua.components.optimizers.spsa - DEBUG - Objective function at theta- for step # 64: 0.1313673
2021-03-03 16:56:58,622 - qiskit.aqua.components.optimizers.spsa - DEBUG - Objective function at theta+ for step # 65: 0.0351984
2021-03-03 16:56:58,622 - qiskit.aqua.components.optimizers.spsa - DEBUG - Objective function at theta- for step # 65: 0.1402076
2021-03-03 16:58:20,641 - qiskit.aqua.components.optimizers.spsa - DEBUG - Objective function at theta+ for step # 66: -0.0407540
2021-03-03 16:58:20,641 - qiskit.aqua.components.optimizers.spsa - DEBUG - Objective function at theta- for step # 66: 0.0161450
2021-03-03 16:59:42,590 - qiskit.aqua.components.optimizers.spsa - DEBUG - Objective function at theta+ for step # 67: 0.0579521
2021-03-03 16:59:42,590 - qiskit.aqua.components.optimizers.spsa - DEBUG - Objective function at theta- for step # 67: -0.0181810
2021-03-03 17:01:04,761 - qiskit.aqua.components.optimizers.spsa - DEBUG - Objective function at theta+ for step # 68: -0.0369112
2021-03-03 17:01:04,761 - qiskit.aqua.components.optimizers.spsa - DEBUG - Objective function at theta- for step # 68: -0.0240032
2021-03-03 17:02:26,783 - qiskit.aqua.components.optimizers.spsa - DEBUG - Objective function at theta+ for step # 69: 0.0030413
2021-03-03 17:02:26,783 - qiskit.aqua.components.optimizers.spsa - DEBUG - Objective function at theta- for step # 69: -0.0017885
2021-03-03 17:03:49,518 - qiskit.aqua.components.optimizers.spsa - DEBUG - Objective function at theta+ for step # 70: -0.0047651
2021-03-03 17:03:49,518 - qiskit.aqua.components.optimizers.spsa - DEBUG - Objective function at theta- for step # 70: 0.0833353
2021-03-03 17:05:11,468 - qiskit.aqua.components.optimizers.spsa - DEBUG - Objective function at theta+ for step # 71: 0.0269584
2021-03-03 17:05:11,468 - qiskit.aqua.components.optimizers.spsa - DEBUG - Objective function at theta- for step # 71: 0.0579655
2021-03-03 17:06:33,574 - qiskit.aqua.components.optimizers.spsa - DEBUG - Objective function at theta+ for step # 72: 0.0539892
2021-03-03 17:06:33,574 - qiskit.aqua.components.optimizers.spsa - DEBUG - Objective function at theta- for step # 72: 0.0267548
2021-03-03 17:07:55,810 - qiskit.aqua.components.optimizers.spsa - DEBUG - Objective function at theta+ for step # 73: -0.0467169
2021-03-03 17:07:55,811 - qiskit.aqua.components.optimizers.spsa - DEBUG - Objective function at theta- for step # 73: 0.0301221
2021-03-03 17:09:17,867 - qiskit.aqua.components.optimizers.spsa - DEBUG - Objective function at theta+ for step # 74: -0.0069564
2021-03-03 17:09:17,868 - qiskit.aqua.components.optimizers.spsa - DEBUG - Objective function at theta- for step # 74: 0.0628620
2021-03-03 17:10:39,973 - qiskit.aqua.components.optimizers.spsa - DEBUG - Objective function at theta+ for step # 75: 0.1182014
2021-03-03 17:10:39,973 - qiskit.aqua.components.optimizers.spsa - DEBUG - Objective function at theta- for step # 75: -0.0503113
2021-03-03 17:12:02,150 - qiskit.aqua.components.optimizers.spsa - DEBUG - Objective function at theta+ for step # 76: -0.0231782
2021-03-03 17:12:02,150 - qiskit.aqua.components.optimizers.spsa - DEBUG - Objective function at theta- for step # 76: 0.4313630
2021-03-03 17:13:24,340 - qiskit.aqua.components.optimizers.spsa - DEBUG - Objective function at theta+ for step # 77: -0.0501269
2021-03-03 17:13:24,340 - qiskit.aqua.components.optimizers.spsa - DEBUG - Objective function at theta- for step # 77: 0.3924175
2021-03-03 17:14:46,407 - qiskit.aqua.components.optimizers.spsa - DEBUG - Objective function at theta+ for step # 78: 0.5267874
2021-03-03 17:14:46,407 - qiskit.aqua.components.optimizers.spsa - DEBUG - Objective function at theta- for step # 78: -0.0726866
2021-03-03 17:16:08,656 - qiskit.aqua.components.optimizers.spsa - DEBUG - Objective function at theta+ for step # 79: 0.2396570
2021-03-03 17:16:08,657 - qiskit.aqua.components.optimizers.spsa - DEBUG - Objective function at theta- for step # 79: 0.2945729
2021-03-03 17:17:30,784 - qiskit.aqua.components.optimizers.spsa - DEBUG - Objective function at theta+ for step # 80: 0.0802055
2021-03-03 17:17:30,784 - qiskit.aqua.components.optimizers.spsa - DEBUG - Objective function at theta- for step # 80: 0.4269050
2021-03-03 17:18:53,063 - qiskit.aqua.components.optimizers.spsa - DEBUG - Objective function at theta+ for step # 81: 0.0851184
2021-03-03 17:18:53,063 - qiskit.aqua.components.optimizers.spsa - DEBUG - Objective function at theta- for step # 81: -0.0459328
2021-03-03 17:20:15,303 - qiskit.aqua.components.optimizers.spsa - DEBUG - Objective function at theta+ for step # 82: -0.0537173
2021-03-03 17:20:15,303 - qiskit.aqua.components.optimizers.spsa - DEBUG - Objective function at theta- for step # 82: 0.3295538
2021-03-03 17:21:37,776 - qiskit.aqua.components.optimizers.spsa - DEBUG - Objective function at theta+ for step # 83: 1.0876801
2021-03-03 17:21:37,776 - qiskit.aqua.components.optimizers.spsa - DEBUG - Objective function at theta- for step # 83: 0.1040843
2021-03-03 17:23:00,022 - qiskit.aqua.components.optimizers.spsa - DEBUG - Objective function at theta+ for step # 84: 0.2060303
2021-03-03 17:23:00,022 - qiskit.aqua.components.optimizers.spsa - DEBUG - Objective function at theta- for step # 84: 0.5582977
2021-03-03 17:24:22,022 - qiskit.aqua.components.optimizers.spsa - DEBUG - Objective function at theta+ for step # 85: 0.5822258
2021-03-03 17:24:22,022 - qiskit.aqua.components.optimizers.spsa - DEBUG - Objective function at theta- for step # 85: -0.0552195
2021-03-03 17:25:44,207 - qiskit.aqua.components.optimizers.spsa - DEBUG - Objective function at theta+ for step # 86: 0.9078334
2021-03-03 17:25:44,208 - qiskit.aqua.components.optimizers.spsa - DEBUG - Objective function at theta- for step # 86: 0.5214458
2021-03-03 17:27:06,467 - qiskit.aqua.components.optimizers.spsa - DEBUG - Objective function at theta+ for step # 87: 0.1544815
2021-03-03 17:27:06,467 - qiskit.aqua.components.optimizers.spsa - DEBUG - Objective function at theta- for step # 87: 0.9419532
2021-03-03 17:28:28,490 - qiskit.aqua.components.optimizers.spsa - DEBUG - Objective function at theta+ for step # 88: -0.0704827
2021-03-03 17:28:28,490 - qiskit.aqua.components.optimizers.spsa - DEBUG - Objective function at theta- for step # 88: -0.0059632
2021-03-03 17:29:50,517 - qiskit.aqua.components.optimizers.spsa - DEBUG - Objective function at theta+ for step # 89: -0.0013217
2021-03-03 17:29:50,517 - qiskit.aqua.components.optimizers.spsa - DEBUG - Objective function at theta- for step # 89: -0.0731092
2021-03-03 17:31:12,417 - qiskit.aqua.components.optimizers.spsa - DEBUG - Objective function at theta+ for step # 90: -0.0318428
2021-03-03 17:31:12,417 - qiskit.aqua.components.optimizers.spsa - DEBUG - Objective function at theta- for step # 90: -0.0300962
2021-03-03 17:32:34,430 - qiskit.aqua.components.optimizers.spsa - DEBUG - Objective function at theta+ for step # 91: -0.0719160
2021-03-03 17:32:34,430 - qiskit.aqua.components.optimizers.spsa - DEBUG - Objective function at theta- for step # 91: -0.0778485
2021-03-03 17:33:56,566 - qiskit.aqua.components.optimizers.spsa - DEBUG - Objective function at theta+ for step # 92: 0.0778395
2021-03-03 17:33:56,566 - qiskit.aqua.components.optimizers.spsa - DEBUG - Objective function at theta- for step # 92: 0.1203384
2021-03-03 17:35:19,523 - qiskit.aqua.components.optimizers.spsa - DEBUG - Objective function at theta+ for step # 93: 0.1849254
2021-03-03 17:35:19,523 - qiskit.aqua.components.optimizers.spsa - DEBUG - Objective function at theta- for step # 93: -0.0240595
2021-03-03 17:36:42,048 - qiskit.aqua.components.optimizers.spsa - DEBUG - Objective function at theta+ for step # 94: -0.0870278
2021-03-03 17:36:42,048 - qiskit.aqua.components.optimizers.spsa - DEBUG - Objective function at theta- for step # 94: -0.0208891
2021-03-03 17:38:04,181 - qiskit.aqua.components.optimizers.spsa - DEBUG - Objective function at theta+ for step # 95: 0.0461632
2021-03-03 17:38:04,181 - qiskit.aqua.components.optimizers.spsa - DEBUG - Objective function at theta- for step # 95: -0.0591739
2021-03-03 17:39:26,207 - qiskit.aqua.components.optimizers.spsa - DEBUG - Objective function at theta+ for step # 96: -0.1098466
2021-03-03 17:39:26,207 - qiskit.aqua.components.optimizers.spsa - DEBUG - Objective function at theta- for step # 96: -0.0135503
2021-03-03 17:40:48,153 - qiskit.aqua.components.optimizers.spsa - DEBUG - Objective function at theta+ for step # 97: -0.0380164
2021-03-03 17:40:48,153 - qiskit.aqua.components.optimizers.spsa - DEBUG - Objective function at theta- for step # 97: -0.0443012
2021-03-03 17:42:10,163 - qiskit.aqua.components.optimizers.spsa - DEBUG - Objective function at theta+ for step # 98: -0.0904456
2021-03-03 17:42:10,163 - qiskit.aqua.components.optimizers.spsa - DEBUG - Objective function at theta- for step # 98: -0.1127340
2021-03-03 17:43:32,215 - qiskit.aqua.components.optimizers.spsa - DEBUG - Objective function at theta+ for step # 99: -0.0280279
2021-03-03 17:43:32,216 - qiskit.aqua.components.optimizers.spsa - DEBUG - Objective function at theta- for step # 99: 0.0018482
2021-03-03 17:44:13,228 - qiskit.aqua.components.optimizers.spsa - DEBUG - Final objective function is: -0.0273320
