2021-03-04 14:39:18,138 - qiskit.aqua.algorithms.vq_algorithm - INFO - Starting optimizer.
bounds=[(-3.141592653589793, 3.141592653589793), (-3.141592653589793, 3.141592653589793), (-3.141592653589793, 3.141592653589793), (-3.141592653589793, 3.141592653589793)]
initial point=[-3.06874745  1.52188166  2.99546033  1.3857671 ]
2021-03-04 14:39:18,139 - qiskit.aqua.components.optimizers.spsa - DEBUG - Parameters: [0.62831853 0.1        0.602      0.101      0.        ]
2021-03-04 14:39:18,139 - qiskit.aqua.components.optimizers.spsa - DEBUG - Calibration...
2021-03-04 14:39:18,139 - qiskit.aqua.components.optimizers.spsa - DEBUG - calibration step # 0 of 25
2021-03-04 14:39:22,212 - qiskit.aqua.components.optimizers.spsa - DEBUG - calibration step # 5 of 25
2021-03-04 14:39:26,261 - qiskit.aqua.components.optimizers.spsa - DEBUG - calibration step # 10 of 25
2021-03-04 14:39:30,308 - qiskit.aqua.components.optimizers.spsa - DEBUG - calibration step # 15 of 25
2021-03-04 14:39:34,339 - qiskit.aqua.components.optimizers.spsa - DEBUG - calibration step # 20 of 25
2021-03-04 14:39:38,392 - qiskit.aqua.components.optimizers.spsa - DEBUG - delta_obj is 0, not calibrating (since this would set c0 to inf)
2021-03-04 14:39:38,392 - qiskit.aqua.components.optimizers.spsa - DEBUG - Calibrated SPSA parameter c0 is 0.2134560
2021-03-04 14:39:39,197 - qiskit.aqua.components.optimizers.spsa - DEBUG - Objective function at theta+ for step # 0: 10.8041534
2021-03-04 14:39:39,197 - qiskit.aqua.components.optimizers.spsa - DEBUG - Objective function at theta- for step # 0: 10.7867966
2021-03-04 14:39:40,019 - qiskit.aqua.components.optimizers.spsa - DEBUG - Objective function at theta+ for step # 1: 10.9654846
2021-03-04 14:39:40,020 - qiskit.aqua.components.optimizers.spsa - DEBUG - Objective function at theta- for step # 1: 9.9243317
2021-03-04 14:39:40,966 - qiskit.aqua.components.optimizers.spsa - DEBUG - Objective function at theta+ for step # 2: 0.2962875
2021-03-04 14:39:40,966 - qiskit.aqua.components.optimizers.spsa - DEBUG - Objective function at theta- for step # 2: 0.3146362
2021-03-04 14:39:41,924 - qiskit.aqua.components.optimizers.spsa - DEBUG - Objective function at theta+ for step # 3: 0.1312866
2021-03-04 14:39:41,924 - qiskit.aqua.components.optimizers.spsa - DEBUG - Objective function at theta- for step # 3: 0.1212769
2021-03-04 14:39:42,883 - qiskit.aqua.components.optimizers.spsa - DEBUG - Objective function at theta+ for step # 4: 0.5287476
2021-03-04 14:39:42,883 - qiskit.aqua.components.optimizers.spsa - DEBUG - Objective function at theta- for step # 4: 0.3826294
2021-03-04 14:39:43,861 - qiskit.aqua.components.optimizers.spsa - DEBUG - Objective function at theta+ for step # 5: 0.1082001
2021-03-04 14:39:43,861 - qiskit.aqua.components.optimizers.spsa - DEBUG - Objective function at theta- for step # 5: 1.1278534
2021-03-04 14:39:44,745 - qiskit.aqua.components.optimizers.spsa - DEBUG - Objective function at theta+ for step # 6: 4.8555527
2021-03-04 14:39:44,745 - qiskit.aqua.components.optimizers.spsa - DEBUG - Objective function at theta- for step # 6: 5.5616455
2021-03-04 14:39:45,625 - qiskit.aqua.components.optimizers.spsa - DEBUG - Objective function at theta+ for step # 7: 5.5870972
2021-03-04 14:39:45,625 - qiskit.aqua.components.optimizers.spsa - DEBUG - Objective function at theta- for step # 7: 2.7442780
2021-03-04 14:39:46,572 - qiskit.aqua.components.optimizers.spsa - DEBUG - Objective function at theta+ for step # 8: 0.0845337
2021-03-04 14:39:46,572 - qiskit.aqua.components.optimizers.spsa - DEBUG - Objective function at theta- for step # 8: 0.2649918
2021-03-04 14:39:47,530 - qiskit.aqua.components.optimizers.spsa - DEBUG - Objective function at theta+ for step # 9: 0.0701828
2021-03-04 14:39:47,530 - qiskit.aqua.components.optimizers.spsa - DEBUG - Objective function at theta- for step # 9: 0.1134949
2021-03-04 14:39:48,502 - qiskit.aqua.components.optimizers.spsa - DEBUG - Objective function at theta+ for step # 10: 0.1626740
2021-03-04 14:39:48,502 - qiskit.aqua.components.optimizers.spsa - DEBUG - Objective function at theta- for step # 10: 0.1335373
2021-03-04 14:39:49,461 - qiskit.aqua.components.optimizers.spsa - DEBUG - Objective function at theta+ for step # 11: 0.1339722
2021-03-04 14:39:49,461 - qiskit.aqua.components.optimizers.spsa - DEBUG - Objective function at theta- for step # 11: 0.1718750
2021-03-04 14:39:50,424 - qiskit.aqua.components.optimizers.spsa - DEBUG - Objective function at theta+ for step # 12: 0.0901566
2021-03-04 14:39:50,425 - qiskit.aqua.components.optimizers.spsa - DEBUG - Objective function at theta- for step # 12: 0.0916367
2021-03-04 14:39:51,392 - qiskit.aqua.components.optimizers.spsa - DEBUG - Objective function at theta+ for step # 13: 0.1177673
2021-03-04 14:39:51,392 - qiskit.aqua.components.optimizers.spsa - DEBUG - Objective function at theta- for step # 13: 0.1407623
2021-03-04 14:39:52,344 - qiskit.aqua.components.optimizers.spsa - DEBUG - Objective function at theta+ for step # 14: 0.1113434
2021-03-04 14:39:52,344 - qiskit.aqua.components.optimizers.spsa - DEBUG - Objective function at theta- for step # 14: 0.1169815
2021-03-04 14:39:53,302 - qiskit.aqua.components.optimizers.spsa - DEBUG - Objective function at theta+ for step # 15: 0.0996857
2021-03-04 14:39:53,302 - qiskit.aqua.components.optimizers.spsa - DEBUG - Objective function at theta- for step # 15: 0.1365433
2021-03-04 14:39:54,266 - qiskit.aqua.components.optimizers.spsa - DEBUG - Objective function at theta+ for step # 16: 0.3039017
2021-03-04 14:39:54,266 - qiskit.aqua.components.optimizers.spsa - DEBUG - Objective function at theta- for step # 16: 0.3032608
2021-03-04 14:39:55,217 - qiskit.aqua.components.optimizers.spsa - DEBUG - Objective function at theta+ for step # 17: 0.2921753
2021-03-04 14:39:55,217 - qiskit.aqua.components.optimizers.spsa - DEBUG - Objective function at theta- for step # 17: 0.2678757
2021-03-04 14:39:56,193 - qiskit.aqua.components.optimizers.spsa - DEBUG - Objective function at theta+ for step # 18: 0.1143570
2021-03-04 14:39:56,193 - qiskit.aqua.components.optimizers.spsa - DEBUG - Objective function at theta- for step # 18: 0.1615982
2021-03-04 14:39:57,160 - qiskit.aqua.components.optimizers.spsa - DEBUG - Objective function at theta+ for step # 19: 0.1240768
2021-03-04 14:39:57,160 - qiskit.aqua.components.optimizers.spsa - DEBUG - Objective function at theta- for step # 19: 0.0981979
2021-03-04 14:39:58,111 - qiskit.aqua.components.optimizers.spsa - DEBUG - Objective function at theta+ for step # 20: 0.1461258
2021-03-04 14:39:58,111 - qiskit.aqua.components.optimizers.spsa - DEBUG - Objective function at theta- for step # 20: 0.1669312
2021-03-04 14:39:59,061 - qiskit.aqua.components.optimizers.spsa - DEBUG - Objective function at theta+ for step # 21: 0.1629715
2021-03-04 14:39:59,061 - qiskit.aqua.components.optimizers.spsa - DEBUG - Objective function at theta- for step # 21: 0.1703644
2021-03-04 14:40:00,015 - qiskit.aqua.components.optimizers.spsa - DEBUG - Objective function at theta+ for step # 22: 0.1458435
2021-03-04 14:40:00,015 - qiskit.aqua.components.optimizers.spsa - DEBUG - Objective function at theta- for step # 22: 0.1457291
2021-03-04 14:40:00,986 - qiskit.aqua.components.optimizers.spsa - DEBUG - Objective function at theta+ for step # 23: 0.3009415
2021-03-04 14:40:00,986 - qiskit.aqua.components.optimizers.spsa - DEBUG - Objective function at theta- for step # 23: 0.2984390
2021-03-04 14:40:01,960 - qiskit.aqua.components.optimizers.spsa - DEBUG - Objective function at theta+ for step # 24: 0.2912216
2021-03-04 14:40:01,960 - qiskit.aqua.components.optimizers.spsa - DEBUG - Objective function at theta- for step # 24: 0.3091431
2021-03-04 14:40:02,936 - qiskit.aqua.components.optimizers.spsa - DEBUG - Objective function at theta+ for step # 25: 0.2819061
2021-03-04 14:40:02,936 - qiskit.aqua.components.optimizers.spsa - DEBUG - Objective function at theta- for step # 25: 0.2758408
2021-03-04 14:40:03,897 - qiskit.aqua.components.optimizers.spsa - DEBUG - Objective function at theta+ for step # 26: 0.1350098
2021-03-04 14:40:03,897 - qiskit.aqua.components.optimizers.spsa - DEBUG - Objective function at theta- for step # 26: 0.0979309
2021-03-04 14:40:04,868 - qiskit.aqua.components.optimizers.spsa - DEBUG - Objective function at theta+ for step # 27: 0.0993958
2021-03-04 14:40:04,868 - qiskit.aqua.components.optimizers.spsa - DEBUG - Objective function at theta- for step # 27: 0.0913010
2021-03-04 14:40:05,837 - qiskit.aqua.components.optimizers.spsa - DEBUG - Objective function at theta+ for step # 28: 0.1562729
2021-03-04 14:40:05,837 - qiskit.aqua.components.optimizers.spsa - DEBUG - Objective function at theta- for step # 28: 0.1369781
2021-03-04 14:40:06,812 - qiskit.aqua.components.optimizers.spsa - DEBUG - Objective function at theta+ for step # 29: 0.1449127
2021-03-04 14:40:06,812 - qiskit.aqua.components.optimizers.spsa - DEBUG - Objective function at theta- for step # 29: 0.1645813
2021-03-04 14:40:07,780 - qiskit.aqua.components.optimizers.spsa - DEBUG - Objective function at theta+ for step # 30: 0.1324997
2021-03-04 14:40:07,780 - qiskit.aqua.components.optimizers.spsa - DEBUG - Objective function at theta- for step # 30: 0.1005859
2021-03-04 14:40:08,730 - qiskit.aqua.components.optimizers.spsa - DEBUG - Objective function at theta+ for step # 31: 0.1555328
2021-03-04 14:40:08,730 - qiskit.aqua.components.optimizers.spsa - DEBUG - Objective function at theta- for step # 31: 0.1365051
2021-03-04 14:40:09,701 - qiskit.aqua.components.optimizers.spsa - DEBUG - Objective function at theta+ for step # 32: 0.0934143
2021-03-04 14:40:09,701 - qiskit.aqua.components.optimizers.spsa - DEBUG - Objective function at theta- for step # 32: 0.1295471
2021-03-04 14:40:10,668 - qiskit.aqua.components.optimizers.spsa - DEBUG - Objective function at theta+ for step # 33: 0.1484833
2021-03-04 14:40:10,668 - qiskit.aqua.components.optimizers.spsa - DEBUG - Objective function at theta- for step # 33: 0.1023788
2021-03-04 14:40:11,644 - qiskit.aqua.components.optimizers.spsa - DEBUG - Objective function at theta+ for step # 34: 0.0584030
2021-03-04 14:40:11,644 - qiskit.aqua.components.optimizers.spsa - DEBUG - Objective function at theta- for step # 34: 0.1360779
2021-03-04 14:40:12,677 - qiskit.aqua.components.optimizers.spsa - DEBUG - Objective function at theta+ for step # 35: 0.1101761
2021-03-04 14:40:12,677 - qiskit.aqua.components.optimizers.spsa - DEBUG - Objective function at theta- for step # 35: 0.1403503
2021-03-04 14:40:13,632 - qiskit.aqua.components.optimizers.spsa - DEBUG - Objective function at theta+ for step # 36: 0.1412201
2021-03-04 14:40:13,633 - qiskit.aqua.components.optimizers.spsa - DEBUG - Objective function at theta- for step # 36: 0.1656952
2021-03-04 14:40:14,586 - qiskit.aqua.components.optimizers.spsa - DEBUG - Objective function at theta+ for step # 37: 0.1239014
2021-03-04 14:40:14,586 - qiskit.aqua.components.optimizers.spsa - DEBUG - Objective function at theta- for step # 37: 0.1254883
2021-03-04 14:40:15,542 - qiskit.aqua.components.optimizers.spsa - DEBUG - Objective function at theta+ for step # 38: 0.1363602
2021-03-04 14:40:15,542 - qiskit.aqua.components.optimizers.spsa - DEBUG - Objective function at theta- for step # 38: 0.1601486
2021-03-04 14:40:16,510 - qiskit.aqua.components.optimizers.spsa - DEBUG - Objective function at theta+ for step # 39: 0.1268692
2021-03-04 14:40:16,510 - qiskit.aqua.components.optimizers.spsa - DEBUG - Objective function at theta- for step # 39: 0.1441956
2021-03-04 14:40:17,467 - qiskit.aqua.components.optimizers.spsa - DEBUG - Objective function at theta+ for step # 40: 0.1234818
2021-03-04 14:40:17,467 - qiskit.aqua.components.optimizers.spsa - DEBUG - Objective function at theta- for step # 40: 0.1662827
2021-03-04 14:40:18,440 - qiskit.aqua.components.optimizers.spsa - DEBUG - Objective function at theta+ for step # 41: 0.1266937
2021-03-04 14:40:18,440 - qiskit.aqua.components.optimizers.spsa - DEBUG - Objective function at theta- for step # 41: 0.1711807
2021-03-04 14:40:19,409 - qiskit.aqua.components.optimizers.spsa - DEBUG - Objective function at theta+ for step # 42: 0.1896210
2021-03-04 14:40:19,409 - qiskit.aqua.components.optimizers.spsa - DEBUG - Objective function at theta- for step # 42: 0.1255875
2021-03-04 14:40:20,378 - qiskit.aqua.components.optimizers.spsa - DEBUG - Objective function at theta+ for step # 43: 0.2172699
2021-03-04 14:40:20,378 - qiskit.aqua.components.optimizers.spsa - DEBUG - Objective function at theta- for step # 43: 0.3037415
2021-03-04 14:40:21,330 - qiskit.aqua.components.optimizers.spsa - DEBUG - Objective function at theta+ for step # 44: 0.1738510
2021-03-04 14:40:21,330 - qiskit.aqua.components.optimizers.spsa - DEBUG - Objective function at theta- for step # 44: 0.1244202
2021-03-04 14:40:22,285 - qiskit.aqua.components.optimizers.spsa - DEBUG - Objective function at theta+ for step # 45: 0.2705460
2021-03-04 14:40:22,285 - qiskit.aqua.components.optimizers.spsa - DEBUG - Objective function at theta- for step # 45: 0.2642212
2021-03-04 14:40:23,243 - qiskit.aqua.components.optimizers.spsa - DEBUG - Objective function at theta+ for step # 46: 0.1749878
2021-03-04 14:40:23,243 - qiskit.aqua.components.optimizers.spsa - DEBUG - Objective function at theta- for step # 46: 0.1259155
2021-03-04 14:40:24,197 - qiskit.aqua.components.optimizers.spsa - DEBUG - Objective function at theta+ for step # 47: 0.0774536
2021-03-04 14:40:24,197 - qiskit.aqua.components.optimizers.spsa - DEBUG - Objective function at theta- for step # 47: 0.1380081
2021-03-04 14:40:25,171 - qiskit.aqua.components.optimizers.spsa - DEBUG - Objective function at theta+ for step # 48: 0.1175079
2021-03-04 14:40:25,171 - qiskit.aqua.components.optimizers.spsa - DEBUG - Objective function at theta- for step # 48: 0.1420746
2021-03-04 14:40:26,131 - qiskit.aqua.components.optimizers.spsa - DEBUG - Objective function at theta+ for step # 49: 0.2481537
2021-03-04 14:40:26,131 - qiskit.aqua.components.optimizers.spsa - DEBUG - Objective function at theta- for step # 49: 0.2076950
2021-03-04 14:40:27,096 - qiskit.aqua.components.optimizers.spsa - DEBUG - Objective function at theta+ for step # 50: 0.1339645
2021-03-04 14:40:27,096 - qiskit.aqua.components.optimizers.spsa - DEBUG - Objective function at theta- for step # 50: 0.1704178
2021-03-04 14:40:28,052 - qiskit.aqua.components.optimizers.spsa - DEBUG - Objective function at theta+ for step # 51: 0.1561050
2021-03-04 14:40:28,052 - qiskit.aqua.components.optimizers.spsa - DEBUG - Objective function at theta- for step # 51: 0.1361160
2021-03-04 14:40:29,012 - qiskit.aqua.components.optimizers.spsa - DEBUG - Objective function at theta+ for step # 52: 0.1750793
2021-03-04 14:40:29,012 - qiskit.aqua.components.optimizers.spsa - DEBUG - Objective function at theta- for step # 52: 0.1128006
2021-03-04 14:40:29,979 - qiskit.aqua.components.optimizers.spsa - DEBUG - Objective function at theta+ for step # 53: 0.0994720
2021-03-04 14:40:29,979 - qiskit.aqua.components.optimizers.spsa - DEBUG - Objective function at theta- for step # 53: 0.1678619
2021-03-04 14:40:30,948 - qiskit.aqua.components.optimizers.spsa - DEBUG - Objective function at theta+ for step # 54: 0.2994537
2021-03-04 14:40:30,949 - qiskit.aqua.components.optimizers.spsa - DEBUG - Objective function at theta- for step # 54: 0.2451859
2021-03-04 14:40:31,918 - qiskit.aqua.components.optimizers.spsa - DEBUG - Objective function at theta+ for step # 55: 0.1459579
2021-03-04 14:40:31,918 - qiskit.aqua.components.optimizers.spsa - DEBUG - Objective function at theta- for step # 55: 0.1637573
2021-03-04 14:40:32,863 - qiskit.aqua.components.optimizers.spsa - DEBUG - Objective function at theta+ for step # 56: 0.1685181
2021-03-04 14:40:32,863 - qiskit.aqua.components.optimizers.spsa - DEBUG - Objective function at theta- for step # 56: 0.1306686
2021-03-04 14:40:33,808 - qiskit.aqua.components.optimizers.spsa - DEBUG - Objective function at theta+ for step # 57: 0.0950241
2021-03-04 14:40:33,808 - qiskit.aqua.components.optimizers.spsa - DEBUG - Objective function at theta- for step # 57: 0.1281357
2021-03-04 14:40:34,774 - qiskit.aqua.components.optimizers.spsa - DEBUG - Objective function at theta+ for step # 58: 0.1422348
2021-03-04 14:40:34,774 - qiskit.aqua.components.optimizers.spsa - DEBUG - Objective function at theta- for step # 58: 0.1380615
2021-03-04 14:40:35,744 - qiskit.aqua.components.optimizers.spsa - DEBUG - Objective function at theta+ for step # 59: 0.2454758
2021-03-04 14:40:35,744 - qiskit.aqua.components.optimizers.spsa - DEBUG - Objective function at theta- for step # 59: 0.2680054
2021-03-04 14:40:36,701 - qiskit.aqua.components.optimizers.spsa - DEBUG - Objective function at theta+ for step # 60: 0.1823578
2021-03-04 14:40:36,701 - qiskit.aqua.components.optimizers.spsa - DEBUG - Objective function at theta- for step # 60: 0.1171112
2021-03-04 14:40:37,668 - qiskit.aqua.components.optimizers.spsa - DEBUG - Objective function at theta+ for step # 61: 0.1744537
2021-03-04 14:40:37,668 - qiskit.aqua.components.optimizers.spsa - DEBUG - Objective function at theta- for step # 61: 0.1205750
2021-03-04 14:40:38,634 - qiskit.aqua.components.optimizers.spsa - DEBUG - Objective function at theta+ for step # 62: 0.0998611
2021-03-04 14:40:38,634 - qiskit.aqua.components.optimizers.spsa - DEBUG - Objective function at theta- for step # 62: 0.1029968
2021-03-04 14:40:39,580 - qiskit.aqua.components.optimizers.spsa - DEBUG - Objective function at theta+ for step # 63: 0.0903702
2021-03-04 14:40:39,580 - qiskit.aqua.components.optimizers.spsa - DEBUG - Objective function at theta- for step # 63: 0.1178055
2021-03-04 14:40:40,531 - qiskit.aqua.components.optimizers.spsa - DEBUG - Objective function at theta+ for step # 64: 0.1640167
2021-03-04 14:40:40,531 - qiskit.aqua.components.optimizers.spsa - DEBUG - Objective function at theta- for step # 64: 0.1443863
2021-03-04 14:40:41,483 - qiskit.aqua.components.optimizers.spsa - DEBUG - Objective function at theta+ for step # 65: 0.2507401
2021-03-04 14:40:41,483 - qiskit.aqua.components.optimizers.spsa - DEBUG - Objective function at theta- for step # 65: 0.2201920
2021-03-04 14:40:42,443 - qiskit.aqua.components.optimizers.spsa - DEBUG - Objective function at theta+ for step # 66: 0.2700729
2021-03-04 14:40:42,443 - qiskit.aqua.components.optimizers.spsa - DEBUG - Objective function at theta- for step # 66: 0.2403793
2021-03-04 14:40:43,405 - qiskit.aqua.components.optimizers.spsa - DEBUG - Objective function at theta+ for step # 67: 0.1298447
2021-03-04 14:40:43,405 - qiskit.aqua.components.optimizers.spsa - DEBUG - Objective function at theta- for step # 67: 0.1843338
2021-03-04 14:40:44,362 - qiskit.aqua.components.optimizers.spsa - DEBUG - Objective function at theta+ for step # 68: 0.1700821
2021-03-04 14:40:44,362 - qiskit.aqua.components.optimizers.spsa - DEBUG - Objective function at theta- for step # 68: 0.1403427
2021-03-04 14:40:45,315 - qiskit.aqua.components.optimizers.spsa - DEBUG - Objective function at theta+ for step # 69: 0.1600189
2021-03-04 14:40:45,315 - qiskit.aqua.components.optimizers.spsa - DEBUG - Objective function at theta- for step # 69: 0.1710434
2021-03-04 14:40:46,270 - qiskit.aqua.components.optimizers.spsa - DEBUG - Objective function at theta+ for step # 70: 0.2252197
2021-03-04 14:40:46,270 - qiskit.aqua.components.optimizers.spsa - DEBUG - Objective function at theta- for step # 70: 0.2653046
2021-03-04 14:40:47,229 - qiskit.aqua.components.optimizers.spsa - DEBUG - Objective function at theta+ for step # 71: 0.0911102
2021-03-04 14:40:47,229 - qiskit.aqua.components.optimizers.spsa - DEBUG - Objective function at theta- for step # 71: 0.1174088
2021-03-04 14:40:48,187 - qiskit.aqua.components.optimizers.spsa - DEBUG - Objective function at theta+ for step # 72: 0.1641617
2021-03-04 14:40:48,187 - qiskit.aqua.components.optimizers.spsa - DEBUG - Objective function at theta- for step # 72: 0.2043381
2021-03-04 14:40:49,152 - qiskit.aqua.components.optimizers.spsa - DEBUG - Objective function at theta+ for step # 73: 0.0946579
2021-03-04 14:40:49,152 - qiskit.aqua.components.optimizers.spsa - DEBUG - Objective function at theta- for step # 73: 0.1201859
2021-03-04 14:40:50,107 - qiskit.aqua.components.optimizers.spsa - DEBUG - Objective function at theta+ for step # 74: 0.2839661
2021-03-04 14:40:50,107 - qiskit.aqua.components.optimizers.spsa - DEBUG - Objective function at theta- for step # 74: 0.2377777
2021-03-04 14:40:51,059 - qiskit.aqua.components.optimizers.spsa - DEBUG - Objective function at theta+ for step # 75: 0.1176834
2021-03-04 14:40:51,059 - qiskit.aqua.components.optimizers.spsa - DEBUG - Objective function at theta- for step # 75: 0.1727219
2021-03-04 14:40:52,011 - qiskit.aqua.components.optimizers.spsa - DEBUG - Objective function at theta+ for step # 76: 0.1675873
2021-03-04 14:40:52,011 - qiskit.aqua.components.optimizers.spsa - DEBUG - Objective function at theta- for step # 76: 0.1515427
2021-03-04 14:40:52,956 - qiskit.aqua.components.optimizers.spsa - DEBUG - Objective function at theta+ for step # 77: 0.1111984
2021-03-04 14:40:52,956 - qiskit.aqua.components.optimizers.spsa - DEBUG - Objective function at theta- for step # 77: 0.1629715
2021-03-04 14:40:53,911 - qiskit.aqua.components.optimizers.spsa - DEBUG - Objective function at theta+ for step # 78: 0.1556473
2021-03-04 14:40:53,912 - qiskit.aqua.components.optimizers.spsa - DEBUG - Objective function at theta- for step # 78: 0.1878510
2021-03-04 14:40:54,871 - qiskit.aqua.components.optimizers.spsa - DEBUG - Objective function at theta+ for step # 79: 0.2368469
2021-03-04 14:40:54,871 - qiskit.aqua.components.optimizers.spsa - DEBUG - Objective function at theta- for step # 79: 0.2609863
2021-03-04 14:40:55,825 - qiskit.aqua.components.optimizers.spsa - DEBUG - Objective function at theta+ for step # 80: 0.2709961
2021-03-04 14:40:55,825 - qiskit.aqua.components.optimizers.spsa - DEBUG - Objective function at theta- for step # 80: 0.2597198
2021-03-04 14:40:56,789 - qiskit.aqua.components.optimizers.spsa - DEBUG - Objective function at theta+ for step # 81: 0.1667023
2021-03-04 14:40:56,789 - qiskit.aqua.components.optimizers.spsa - DEBUG - Objective function at theta- for step # 81: 0.1607208
2021-03-04 14:40:57,764 - qiskit.aqua.components.optimizers.spsa - DEBUG - Objective function at theta+ for step # 82: 0.1036911
2021-03-04 14:40:57,764 - qiskit.aqua.components.optimizers.spsa - DEBUG - Objective function at theta- for step # 82: 0.1846008
2021-03-04 14:40:58,728 - qiskit.aqua.components.optimizers.spsa - DEBUG - Objective function at theta+ for step # 83: 0.1657028
2021-03-04 14:40:58,729 - qiskit.aqua.components.optimizers.spsa - DEBUG - Objective function at theta- for step # 83: 0.1419449
2021-03-04 14:40:59,707 - qiskit.aqua.components.optimizers.spsa - DEBUG - Objective function at theta+ for step # 84: 0.1286163
2021-03-04 14:40:59,707 - qiskit.aqua.components.optimizers.spsa - DEBUG - Objective function at theta- for step # 84: 0.1856384
2021-03-04 14:41:00,672 - qiskit.aqua.components.optimizers.spsa - DEBUG - Objective function at theta+ for step # 85: 0.2122498
2021-03-04 14:41:00,672 - qiskit.aqua.components.optimizers.spsa - DEBUG - Objective function at theta- for step # 85: 0.2764511
2021-03-04 14:41:01,644 - qiskit.aqua.components.optimizers.spsa - DEBUG - Objective function at theta+ for step # 86: 0.1296768
2021-03-04 14:41:01,644 - qiskit.aqua.components.optimizers.spsa - DEBUG - Objective function at theta- for step # 86: 0.1250610
2021-03-04 14:41:02,608 - qiskit.aqua.components.optimizers.spsa - DEBUG - Objective function at theta+ for step # 87: 0.1534882
2021-03-04 14:41:02,609 - qiskit.aqua.components.optimizers.spsa - DEBUG - Objective function at theta- for step # 87: 0.1598663
2021-03-04 14:41:03,571 - qiskit.aqua.components.optimizers.spsa - DEBUG - Objective function at theta+ for step # 88: 0.1769028
2021-03-04 14:41:03,571 - qiskit.aqua.components.optimizers.spsa - DEBUG - Objective function at theta- for step # 88: 0.1290207
2021-03-04 14:41:04,517 - qiskit.aqua.components.optimizers.spsa - DEBUG - Objective function at theta+ for step # 89: 0.1064758
2021-03-04 14:41:04,517 - qiskit.aqua.components.optimizers.spsa - DEBUG - Objective function at theta- for step # 89: 0.1800232
2021-03-04 14:41:05,466 - qiskit.aqua.components.optimizers.spsa - DEBUG - Objective function at theta+ for step # 90: 0.1118393
2021-03-04 14:41:05,466 - qiskit.aqua.components.optimizers.spsa - DEBUG - Objective function at theta- for step # 90: 0.1024933
2021-03-04 14:41:06,424 - qiskit.aqua.components.optimizers.spsa - DEBUG - Objective function at theta+ for step # 91: 0.1343231
2021-03-04 14:41:06,424 - qiskit.aqua.components.optimizers.spsa - DEBUG - Objective function at theta- for step # 91: 0.1539536
2021-03-04 14:41:07,379 - qiskit.aqua.components.optimizers.spsa - DEBUG - Objective function at theta+ for step # 92: 0.1680756
2021-03-04 14:41:07,379 - qiskit.aqua.components.optimizers.spsa - DEBUG - Objective function at theta- for step # 92: 0.1818848
2021-03-04 14:41:08,326 - qiskit.aqua.components.optimizers.spsa - DEBUG - Objective function at theta+ for step # 93: 0.1167221
2021-03-04 14:41:08,326 - qiskit.aqua.components.optimizers.spsa - DEBUG - Objective function at theta- for step # 93: 0.1167755
2021-03-04 14:41:09,287 - qiskit.aqua.components.optimizers.spsa - DEBUG - Objective function at theta+ for step # 94: 0.1119156
2021-03-04 14:41:09,287 - qiskit.aqua.components.optimizers.spsa - DEBUG - Objective function at theta- for step # 94: 0.1350861
2021-03-04 14:41:10,248 - qiskit.aqua.components.optimizers.spsa - DEBUG - Objective function at theta+ for step # 95: 0.1378555
2021-03-04 14:41:10,248 - qiskit.aqua.components.optimizers.spsa - DEBUG - Objective function at theta- for step # 95: 0.1107941
2021-03-04 14:41:11,205 - qiskit.aqua.components.optimizers.spsa - DEBUG - Objective function at theta+ for step # 96: 0.2063446
2021-03-04 14:41:11,205 - qiskit.aqua.components.optimizers.spsa - DEBUG - Objective function at theta- for step # 96: 0.2632294
2021-03-04 14:41:12,168 - qiskit.aqua.components.optimizers.spsa - DEBUG - Objective function at theta+ for step # 97: 0.1494217
2021-03-04 14:41:12,168 - qiskit.aqua.components.optimizers.spsa - DEBUG - Objective function at theta- for step # 97: 0.1478577
2021-03-04 14:41:13,120 - qiskit.aqua.components.optimizers.spsa - DEBUG - Objective function at theta+ for step # 98: 0.0784760
2021-03-04 14:41:13,120 - qiskit.aqua.components.optimizers.spsa - DEBUG - Objective function at theta- for step # 98: 0.1041641
2021-03-04 14:41:14,085 - qiskit.aqua.components.optimizers.spsa - DEBUG - Objective function at theta+ for step # 99: 0.1257019
2021-03-04 14:41:14,085 - qiskit.aqua.components.optimizers.spsa - DEBUG - Objective function at theta- for step # 99: 0.1326675
2021-03-04 14:41:15,036 - qiskit.aqua.components.optimizers.spsa - DEBUG - Objective function at theta+ for step # 100: 0.1537476
2021-03-04 14:41:15,037 - qiskit.aqua.components.optimizers.spsa - DEBUG - Objective function at theta- for step # 100: 0.1503372
2021-03-04 14:41:15,991 - qiskit.aqua.components.optimizers.spsa - DEBUG - Objective function at theta+ for step # 101: 0.1973495
2021-03-04 14:41:15,991 - qiskit.aqua.components.optimizers.spsa - DEBUG - Objective function at theta- for step # 101: 0.2421188
2021-03-04 14:41:16,963 - qiskit.aqua.components.optimizers.spsa - DEBUG - Objective function at theta+ for step # 102: 0.1286087
2021-03-04 14:41:16,963 - qiskit.aqua.components.optimizers.spsa - DEBUG - Objective function at theta- for step # 102: 0.1293411
2021-03-04 14:41:17,936 - qiskit.aqua.components.optimizers.spsa - DEBUG - Objective function at theta+ for step # 103: 0.0831909
2021-03-04 14:41:17,936 - qiskit.aqua.components.optimizers.spsa - DEBUG - Objective function at theta- for step # 103: 0.1316605
2021-03-04 14:41:18,901 - qiskit.aqua.components.optimizers.spsa - DEBUG - Objective function at theta+ for step # 104: 0.2184830
2021-03-04 14:41:18,901 - qiskit.aqua.components.optimizers.spsa - DEBUG - Objective function at theta- for step # 104: 0.2879868
2021-03-04 14:41:19,863 - qiskit.aqua.components.optimizers.spsa - DEBUG - Objective function at theta+ for step # 105: 0.2516556
2021-03-04 14:41:19,864 - qiskit.aqua.components.optimizers.spsa - DEBUG - Objective function at theta- for step # 105: 0.1942978
2021-03-04 14:41:20,817 - qiskit.aqua.components.optimizers.spsa - DEBUG - Objective function at theta+ for step # 106: 0.1299438
2021-03-04 14:41:20,817 - qiskit.aqua.components.optimizers.spsa - DEBUG - Objective function at theta- for step # 106: 0.1688995
2021-03-04 14:41:21,791 - qiskit.aqua.components.optimizers.spsa - DEBUG - Objective function at theta+ for step # 107: 0.0887985
2021-03-04 14:41:21,791 - qiskit.aqua.components.optimizers.spsa - DEBUG - Objective function at theta- for step # 107: 0.0960999
2021-03-04 14:41:22,751 - qiskit.aqua.components.optimizers.spsa - DEBUG - Objective function at theta+ for step # 108: 0.2263412
2021-03-04 14:41:22,751 - qiskit.aqua.components.optimizers.spsa - DEBUG - Objective function at theta- for step # 108: 0.2083969
2021-03-04 14:41:23,709 - qiskit.aqua.components.optimizers.spsa - DEBUG - Objective function at theta+ for step # 109: 0.1974335
2021-03-04 14:41:23,709 - qiskit.aqua.components.optimizers.spsa - DEBUG - Objective function at theta- for step # 109: 0.2478409
2021-03-04 14:41:24,661 - qiskit.aqua.components.optimizers.spsa - DEBUG - Objective function at theta+ for step # 110: 0.1831589
2021-03-04 14:41:24,661 - qiskit.aqua.components.optimizers.spsa - DEBUG - Objective function at theta- for step # 110: 0.1814804
2021-03-04 14:41:25,631 - qiskit.aqua.components.optimizers.spsa - DEBUG - Objective function at theta+ for step # 111: 0.2264938
2021-03-04 14:41:25,631 - qiskit.aqua.components.optimizers.spsa - DEBUG - Objective function at theta- for step # 111: 0.1982346
2021-03-04 14:41:26,599 - qiskit.aqua.components.optimizers.spsa - DEBUG - Objective function at theta+ for step # 112: 0.1268234
2021-03-04 14:41:26,599 - qiskit.aqua.components.optimizers.spsa - DEBUG - Objective function at theta- for step # 112: 0.1408691
2021-03-04 14:41:27,570 - qiskit.aqua.components.optimizers.spsa - DEBUG - Objective function at theta+ for step # 113: 0.0810471
2021-03-04 14:41:27,571 - qiskit.aqua.components.optimizers.spsa - DEBUG - Objective function at theta- for step # 113: 0.0828629
2021-03-04 14:41:28,527 - qiskit.aqua.components.optimizers.spsa - DEBUG - Objective function at theta+ for step # 114: 0.1734009
2021-03-04 14:41:28,527 - qiskit.aqua.components.optimizers.spsa - DEBUG - Objective function at theta- for step # 114: 0.1306763
2021-03-04 14:41:29,487 - qiskit.aqua.components.optimizers.spsa - DEBUG - Objective function at theta+ for step # 115: 0.1635437
2021-03-04 14:41:29,487 - qiskit.aqua.components.optimizers.spsa - DEBUG - Objective function at theta- for step # 115: 0.1583405
2021-03-04 14:41:30,436 - qiskit.aqua.components.optimizers.spsa - DEBUG - Objective function at theta+ for step # 116: 0.2578888
2021-03-04 14:41:30,436 - qiskit.aqua.components.optimizers.spsa - DEBUG - Objective function at theta- for step # 116: 0.2202454
2021-03-04 14:41:31,409 - qiskit.aqua.components.optimizers.spsa - DEBUG - Objective function at theta+ for step # 117: 0.1578979
2021-03-04 14:41:31,409 - qiskit.aqua.components.optimizers.spsa - DEBUG - Objective function at theta- for step # 117: 0.0638657
2021-03-04 14:41:32,369 - qiskit.aqua.components.optimizers.spsa - DEBUG - Objective function at theta+ for step # 118: 0.1246262
2021-03-04 14:41:32,369 - qiskit.aqua.components.optimizers.spsa - DEBUG - Objective function at theta- for step # 118: 0.1518173
2021-03-04 14:41:33,323 - qiskit.aqua.components.optimizers.spsa - DEBUG - Objective function at theta+ for step # 119: 0.1455307
2021-03-04 14:41:33,323 - qiskit.aqua.components.optimizers.spsa - DEBUG - Objective function at theta- for step # 119: 0.1929092
2021-03-04 14:41:34,294 - qiskit.aqua.components.optimizers.spsa - DEBUG - Objective function at theta+ for step # 120: 0.2085495
2021-03-04 14:41:34,294 - qiskit.aqua.components.optimizers.spsa - DEBUG - Objective function at theta- for step # 120: 0.1994019
2021-03-04 14:41:35,267 - qiskit.aqua.components.optimizers.spsa - DEBUG - Objective function at theta+ for step # 121: 0.1293182
2021-03-04 14:41:35,268 - qiskit.aqua.components.optimizers.spsa - DEBUG - Objective function at theta- for step # 121: 0.1056671
2021-03-04 14:41:36,236 - qiskit.aqua.components.optimizers.spsa - DEBUG - Objective function at theta+ for step # 122: 0.1299973
2021-03-04 14:41:36,236 - qiskit.aqua.components.optimizers.spsa - DEBUG - Objective function at theta- for step # 122: 0.2261505
2021-03-04 14:41:37,207 - qiskit.aqua.components.optimizers.spsa - DEBUG - Objective function at theta+ for step # 123: 0.1479797
2021-03-04 14:41:37,207 - qiskit.aqua.components.optimizers.spsa - DEBUG - Objective function at theta- for step # 123: 0.1406021
2021-03-04 14:41:38,181 - qiskit.aqua.components.optimizers.spsa - DEBUG - Objective function at theta+ for step # 124: 0.1552277
2021-03-04 14:41:38,182 - qiskit.aqua.components.optimizers.spsa - DEBUG - Objective function at theta- for step # 124: 0.1228180
2021-03-04 14:41:39,138 - qiskit.aqua.components.optimizers.spsa - DEBUG - Objective function at theta+ for step # 125: 0.1145172
2021-03-04 14:41:39,138 - qiskit.aqua.components.optimizers.spsa - DEBUG - Objective function at theta- for step # 125: 0.1161575
2021-03-04 14:41:40,105 - qiskit.aqua.components.optimizers.spsa - DEBUG - Objective function at theta+ for step # 126: 0.1088181
2021-03-04 14:41:40,105 - qiskit.aqua.components.optimizers.spsa - DEBUG - Objective function at theta- for step # 126: 0.0896072
2021-03-04 14:41:41,077 - qiskit.aqua.components.optimizers.spsa - DEBUG - Objective function at theta+ for step # 127: 0.1549835
2021-03-04 14:41:41,077 - qiskit.aqua.components.optimizers.spsa - DEBUG - Objective function at theta- for step # 127: 0.1979599
2021-03-04 14:41:41,562 - qiskit.aqua.components.optimizers.spsa - DEBUG - Final objective function is: 0.0819244
