2021-03-03 14:33:25,450 - qiskit.aqua.components.optimizers.spsa - DEBUG - Parameters: [0.62831853 0.1        0.602      0.101      0.        ]
2021-03-03 14:33:25,451 - qiskit.aqua.components.optimizers.spsa - DEBUG - Calibration...
2021-03-03 14:33:25,451 - qiskit.aqua.components.optimizers.spsa - DEBUG - calibration step # 0 of 20
2021-03-03 14:33:49,443 - qiskit.aqua.components.optimizers.spsa - DEBUG - calibration step # 5 of 20
2021-03-03 14:34:11,364 - qiskit.aqua.components.optimizers.spsa - DEBUG - calibration step # 10 of 20
2021-03-03 14:34:33,354 - qiskit.aqua.components.optimizers.spsa - DEBUG - calibration step # 15 of 20
2021-03-03 14:34:55,300 - qiskit.aqua.components.optimizers.spsa - DEBUG - delta_obj is 0, not calibrating (since this would set c0 to inf)
2021-03-03 14:34:55,300 - qiskit.aqua.components.optimizers.spsa - DEBUG - Calibrated SPSA parameter c0 is 0.0465018
2021-03-03 14:34:59,519 - qiskit.aqua.components.optimizers.spsa - DEBUG - Objective function at theta+ for step # 0: 2.1833634
2021-03-03 14:34:59,519 - qiskit.aqua.components.optimizers.spsa - DEBUG - Objective function at theta- for step # 0: 6.5399288
2021-03-03 14:35:04,003 - qiskit.aqua.components.optimizers.spsa - DEBUG - Objective function at theta+ for step # 1: 8.5045841
2021-03-03 14:35:04,004 - qiskit.aqua.components.optimizers.spsa - DEBUG - Objective function at theta- for step # 1: 8.3786258
2021-03-03 14:35:08,239 - qiskit.aqua.components.optimizers.spsa - DEBUG - Objective function at theta+ for step # 2: 8.4609660
2021-03-03 14:35:08,239 - qiskit.aqua.components.optimizers.spsa - DEBUG - Objective function at theta- for step # 2: 8.2069494
2021-03-03 14:35:12,601 - qiskit.aqua.components.optimizers.spsa - DEBUG - Objective function at theta+ for step # 3: 9.3880676
2021-03-03 14:35:12,601 - qiskit.aqua.components.optimizers.spsa - DEBUG - Objective function at theta- for step # 3: 6.9312386
2021-03-03 14:35:16,826 - qiskit.aqua.components.optimizers.spsa - DEBUG - Objective function at theta+ for step # 4: 2.6553831
2021-03-03 14:35:16,826 - qiskit.aqua.components.optimizers.spsa - DEBUG - Objective function at theta- for step # 4: 4.3644608
2021-03-03 14:35:21,277 - qiskit.aqua.components.optimizers.spsa - DEBUG - Objective function at theta+ for step # 5: 0.2671177
2021-03-03 14:35:21,278 - qiskit.aqua.components.optimizers.spsa - DEBUG - Objective function at theta- for step # 5: 5.3503887
2021-03-03 14:35:25,512 - qiskit.aqua.components.optimizers.spsa - DEBUG - Objective function at theta+ for step # 6: 5.5905930
2021-03-03 14:35:25,512 - qiskit.aqua.components.optimizers.spsa - DEBUG - Objective function at theta- for step # 6: 5.6989702
2021-03-03 14:35:29,854 - qiskit.aqua.components.optimizers.spsa - DEBUG - Objective function at theta+ for step # 7: 4.8784719
2021-03-03 14:35:29,855 - qiskit.aqua.components.optimizers.spsa - DEBUG - Objective function at theta- for step # 7: 6.0473661
2021-03-03 14:35:34,079 - qiskit.aqua.components.optimizers.spsa - DEBUG - Objective function at theta+ for step # 8: 2.2808766
2021-03-03 14:35:34,079 - qiskit.aqua.components.optimizers.spsa - DEBUG - Objective function at theta- for step # 8: 6.5012973
2021-03-03 14:35:38,526 - qiskit.aqua.components.optimizers.spsa - DEBUG - Objective function at theta+ for step # 9: 3.3562239
2021-03-03 14:35:38,526 - qiskit.aqua.components.optimizers.spsa - DEBUG - Objective function at theta- for step # 9: 5.5957525
2021-03-03 14:35:43,192 - qiskit.aqua.components.optimizers.spsa - DEBUG - Objective function at theta+ for step # 10: 2.2317439
2021-03-03 14:35:43,192 - qiskit.aqua.components.optimizers.spsa - DEBUG - Objective function at theta- for step # 10: 1.8326644
2021-03-03 14:35:47,295 - qiskit.aqua.components.optimizers.spsa - DEBUG - Objective function at theta+ for step # 11: 3.2416074
2021-03-03 14:35:47,295 - qiskit.aqua.components.optimizers.spsa - DEBUG - Objective function at theta- for step # 11: 0.8846109
2021-03-03 14:35:51,507 - qiskit.aqua.components.optimizers.spsa - DEBUG - Objective function at theta+ for step # 12: 0.8543013
2021-03-03 14:35:51,507 - qiskit.aqua.components.optimizers.spsa - DEBUG - Objective function at theta- for step # 12: 1.1116928
2021-03-03 14:35:55,944 - qiskit.aqua.components.optimizers.spsa - DEBUG - Objective function at theta+ for step # 13: 1.5443832
2021-03-03 14:35:55,944 - qiskit.aqua.components.optimizers.spsa - DEBUG - Objective function at theta- for step # 13: 1.1696180
2021-03-03 14:36:00,277 - qiskit.aqua.components.optimizers.spsa - DEBUG - Objective function at theta+ for step # 14: 1.4932763
2021-03-03 14:36:00,277 - qiskit.aqua.components.optimizers.spsa - DEBUG - Objective function at theta- for step # 14: 0.5661633
2021-03-03 14:36:04,483 - qiskit.aqua.components.optimizers.spsa - DEBUG - Objective function at theta+ for step # 15: 0.4917218
2021-03-03 14:36:04,483 - qiskit.aqua.components.optimizers.spsa - DEBUG - Objective function at theta- for step # 15: 0.3352509
2021-03-03 14:36:08,938 - qiskit.aqua.components.optimizers.spsa - DEBUG - Objective function at theta+ for step # 16: 0.6260787
2021-03-03 14:36:08,938 - qiskit.aqua.components.optimizers.spsa - DEBUG - Objective function at theta- for step # 16: 0.9031377
2021-03-03 14:36:13,165 - qiskit.aqua.components.optimizers.spsa - DEBUG - Objective function at theta+ for step # 17: 1.9125552
2021-03-03 14:36:13,165 - qiskit.aqua.components.optimizers.spsa - DEBUG - Objective function at theta- for step # 17: 1.5640759
2021-03-03 14:36:17,504 - qiskit.aqua.components.optimizers.spsa - DEBUG - Objective function at theta+ for step # 18: 0.1293123
2021-03-03 14:36:17,504 - qiskit.aqua.components.optimizers.spsa - DEBUG - Objective function at theta- for step # 18: 0.7785649
2021-03-03 14:36:21,724 - qiskit.aqua.components.optimizers.spsa - DEBUG - Objective function at theta+ for step # 19: 0.4890745
2021-03-03 14:36:21,725 - qiskit.aqua.components.optimizers.spsa - DEBUG - Objective function at theta- for step # 19: 0.2721810
2021-03-03 14:36:26,188 - qiskit.aqua.components.optimizers.spsa - DEBUG - Objective function at theta+ for step # 20: 0.2326105
2021-03-03 14:36:26,188 - qiskit.aqua.components.optimizers.spsa - DEBUG - Objective function at theta- for step # 20: 0.1439858
2021-03-03 14:36:30,437 - qiskit.aqua.components.optimizers.spsa - DEBUG - Objective function at theta+ for step # 21: 1.0901957
2021-03-03 14:36:30,437 - qiskit.aqua.components.optimizers.spsa - DEBUG - Objective function at theta- for step # 21: 0.5322186
2021-03-03 14:36:34,773 - qiskit.aqua.components.optimizers.spsa - DEBUG - Objective function at theta+ for step # 22: 0.3086286
2021-03-03 14:36:34,773 - qiskit.aqua.components.optimizers.spsa - DEBUG - Objective function at theta- for step # 22: 0.1420039
2021-03-03 14:36:38,995 - qiskit.aqua.components.optimizers.spsa - DEBUG - Objective function at theta+ for step # 23: 0.5730216
2021-03-03 14:36:38,995 - qiskit.aqua.components.optimizers.spsa - DEBUG - Objective function at theta- for step # 23: 0.1408342
2021-03-03 14:36:43,437 - qiskit.aqua.components.optimizers.spsa - DEBUG - Objective function at theta+ for step # 24: 0.8813601
2021-03-03 14:36:43,437 - qiskit.aqua.components.optimizers.spsa - DEBUG - Objective function at theta- for step # 24: 0.8146017
2021-03-03 14:36:48,040 - qiskit.aqua.components.optimizers.spsa - DEBUG - Objective function at theta+ for step # 25: 0.9774910
2021-03-03 14:36:48,040 - qiskit.aqua.components.optimizers.spsa - DEBUG - Objective function at theta- for step # 25: 0.7149745
2021-03-03 14:36:52,143 - qiskit.aqua.components.optimizers.spsa - DEBUG - Objective function at theta+ for step # 26: 0.6684043
2021-03-03 14:36:52,143 - qiskit.aqua.components.optimizers.spsa - DEBUG - Objective function at theta- for step # 26: 1.3545330
2021-03-03 14:36:56,352 - qiskit.aqua.components.optimizers.spsa - DEBUG - Objective function at theta+ for step # 27: 0.6051134
2021-03-03 14:36:56,353 - qiskit.aqua.components.optimizers.spsa - DEBUG - Objective function at theta- for step # 27: 0.1856347
2021-03-03 14:37:00,800 - qiskit.aqua.components.optimizers.spsa - DEBUG - Objective function at theta+ for step # 28: 1.2544352
2021-03-03 14:37:00,801 - qiskit.aqua.components.optimizers.spsa - DEBUG - Objective function at theta- for step # 28: 1.6999689
2021-03-03 14:37:05,128 - qiskit.aqua.components.optimizers.spsa - DEBUG - Objective function at theta+ for step # 29: 0.2203960
2021-03-03 14:37:05,128 - qiskit.aqua.components.optimizers.spsa - DEBUG - Objective function at theta- for step # 29: 0.4142884
2021-03-03 14:37:09,335 - qiskit.aqua.components.optimizers.spsa - DEBUG - Objective function at theta+ for step # 30: 1.2712436
2021-03-03 14:37:09,335 - qiskit.aqua.components.optimizers.spsa - DEBUG - Objective function at theta- for step # 30: 0.7718132
2021-03-03 14:37:13,797 - qiskit.aqua.components.optimizers.spsa - DEBUG - Objective function at theta+ for step # 31: 0.3069622
2021-03-03 14:37:13,797 - qiskit.aqua.components.optimizers.spsa - DEBUG - Objective function at theta- for step # 31: 0.0241035
2021-03-03 14:37:18,020 - qiskit.aqua.components.optimizers.spsa - DEBUG - Objective function at theta+ for step # 32: 0.4925088
2021-03-03 14:37:18,020 - qiskit.aqua.components.optimizers.spsa - DEBUG - Objective function at theta- for step # 32: 0.3112250
2021-03-03 14:37:22,357 - qiskit.aqua.components.optimizers.spsa - DEBUG - Objective function at theta+ for step # 33: 0.3373157
2021-03-03 14:37:22,357 - qiskit.aqua.components.optimizers.spsa - DEBUG - Objective function at theta- for step # 33: 0.5912284
2021-03-03 14:37:26,565 - qiskit.aqua.components.optimizers.spsa - DEBUG - Objective function at theta+ for step # 34: 1.2333909
2021-03-03 14:37:26,566 - qiskit.aqua.components.optimizers.spsa - DEBUG - Objective function at theta- for step # 34: 1.0551846
2021-03-03 14:37:30,999 - qiskit.aqua.components.optimizers.spsa - DEBUG - Objective function at theta+ for step # 35: 1.2844241
2021-03-03 14:37:31,000 - qiskit.aqua.components.optimizers.spsa - DEBUG - Objective function at theta- for step # 35: 1.0502521
2021-03-03 14:37:35,207 - qiskit.aqua.components.optimizers.spsa - DEBUG - Objective function at theta+ for step # 36: 0.8248471
2021-03-03 14:37:35,207 - qiskit.aqua.components.optimizers.spsa - DEBUG - Objective function at theta- for step # 36: 0.8944950
2021-03-03 14:37:39,585 - qiskit.aqua.components.optimizers.spsa - DEBUG - Objective function at theta+ for step # 37: 0.2233147
2021-03-03 14:37:39,586 - qiskit.aqua.components.optimizers.spsa - DEBUG - Objective function at theta- for step # 37: 0.0551802
2021-03-03 14:37:43,816 - qiskit.aqua.components.optimizers.spsa - DEBUG - Objective function at theta+ for step # 38: 0.3828281
2021-03-03 14:37:43,817 - qiskit.aqua.components.optimizers.spsa - DEBUG - Objective function at theta- for step # 38: 0.0246321
2021-03-03 14:37:48,248 - qiskit.aqua.components.optimizers.spsa - DEBUG - Objective function at theta+ for step # 39: 0.1731042
2021-03-03 14:37:48,248 - qiskit.aqua.components.optimizers.spsa - DEBUG - Objective function at theta- for step # 39: 0.0977260
2021-03-03 14:37:52,475 - qiskit.aqua.components.optimizers.spsa - DEBUG - Objective function at theta+ for step # 40: 1.3887835
2021-03-03 14:37:52,475 - qiskit.aqua.components.optimizers.spsa - DEBUG - Objective function at theta- for step # 40: 1.1018730
2021-03-03 14:37:56,816 - qiskit.aqua.components.optimizers.spsa - DEBUG - Objective function at theta+ for step # 41: 0.5690211
2021-03-03 14:37:56,816 - qiskit.aqua.components.optimizers.spsa - DEBUG - Objective function at theta- for step # 41: 0.2608734
2021-03-03 14:38:01,028 - qiskit.aqua.components.optimizers.spsa - DEBUG - Objective function at theta+ for step # 42: 0.1802449
2021-03-03 14:38:01,028 - qiskit.aqua.components.optimizers.spsa - DEBUG - Objective function at theta- for step # 42: 0.0695144
2021-03-03 14:38:05,477 - qiskit.aqua.components.optimizers.spsa - DEBUG - Objective function at theta+ for step # 43: 1.0664941
2021-03-03 14:38:05,477 - qiskit.aqua.components.optimizers.spsa - DEBUG - Objective function at theta- for step # 43: 0.8999080
2021-03-03 14:38:10,153 - qiskit.aqua.components.optimizers.spsa - DEBUG - Objective function at theta+ for step # 44: 0.7331578
2021-03-03 14:38:10,153 - qiskit.aqua.components.optimizers.spsa - DEBUG - Objective function at theta- for step # 44: 0.8393578
2021-03-03 14:38:14,270 - qiskit.aqua.components.optimizers.spsa - DEBUG - Objective function at theta+ for step # 45: 0.1327649
2021-03-03 14:38:14,271 - qiskit.aqua.components.optimizers.spsa - DEBUG - Objective function at theta- for step # 45: 0.0801079
2021-03-03 14:38:18,486 - qiskit.aqua.components.optimizers.spsa - DEBUG - Objective function at theta+ for step # 46: 1.5447007
2021-03-03 14:38:18,486 - qiskit.aqua.components.optimizers.spsa - DEBUG - Objective function at theta- for step # 46: 1.2593396
2021-03-03 14:38:22,953 - qiskit.aqua.components.optimizers.spsa - DEBUG - Objective function at theta+ for step # 47: 0.2949418
2021-03-03 14:38:22,953 - qiskit.aqua.components.optimizers.spsa - DEBUG - Objective function at theta- for step # 47: 0.0446198
2021-03-03 14:38:27,290 - qiskit.aqua.components.optimizers.spsa - DEBUG - Objective function at theta+ for step # 48: 0.3558206
2021-03-03 14:38:27,290 - qiskit.aqua.components.optimizers.spsa - DEBUG - Objective function at theta- for step # 48: 0.0764430
2021-03-03 14:38:31,498 - qiskit.aqua.components.optimizers.spsa - DEBUG - Objective function at theta+ for step # 49: 0.8612171
2021-03-03 14:38:31,499 - qiskit.aqua.components.optimizers.spsa - DEBUG - Objective function at theta- for step # 49: 1.1129826
2021-03-03 14:38:35,935 - qiskit.aqua.components.optimizers.spsa - DEBUG - Objective function at theta+ for step # 50: 0.1652138
2021-03-03 14:38:35,935 - qiskit.aqua.components.optimizers.spsa - DEBUG - Objective function at theta- for step # 50: 0.1855571
2021-03-03 14:38:40,291 - qiskit.aqua.components.optimizers.spsa - DEBUG - Objective function at theta+ for step # 51: 0.2216911
2021-03-03 14:38:40,291 - qiskit.aqua.components.optimizers.spsa - DEBUG - Objective function at theta- for step # 51: 0.1927944
2021-03-03 14:38:44,503 - qiskit.aqua.components.optimizers.spsa - DEBUG - Objective function at theta+ for step # 52: 0.4939978
2021-03-03 14:38:44,503 - qiskit.aqua.components.optimizers.spsa - DEBUG - Objective function at theta- for step # 52: 0.5836314
2021-03-03 14:38:48,963 - qiskit.aqua.components.optimizers.spsa - DEBUG - Objective function at theta+ for step # 53: 1.5074800
2021-03-03 14:38:48,963 - qiskit.aqua.components.optimizers.spsa - DEBUG - Objective function at theta- for step # 53: 1.2578250
2021-03-03 14:38:53,294 - qiskit.aqua.components.optimizers.spsa - DEBUG - Objective function at theta+ for step # 54: 0.1096031
2021-03-03 14:38:53,294 - qiskit.aqua.components.optimizers.spsa - DEBUG - Objective function at theta- for step # 54: 0.2626994
2021-03-03 14:38:57,514 - qiskit.aqua.components.optimizers.spsa - DEBUG - Objective function at theta+ for step # 55: 0.3869794
2021-03-03 14:38:57,514 - qiskit.aqua.components.optimizers.spsa - DEBUG - Objective function at theta- for step # 55: 0.2856341
2021-03-03 14:39:01,960 - qiskit.aqua.components.optimizers.spsa - DEBUG - Objective function at theta+ for step # 56: 0.1777251
2021-03-03 14:39:01,960 - qiskit.aqua.components.optimizers.spsa - DEBUG - Objective function at theta- for step # 56: 0.2705824
2021-03-03 14:39:06,635 - qiskit.aqua.components.optimizers.spsa - DEBUG - Objective function at theta+ for step # 57: 0.6732463
2021-03-03 14:39:06,635 - qiskit.aqua.components.optimizers.spsa - DEBUG - Objective function at theta- for step # 57: 1.0233684
2021-03-03 14:39:10,750 - qiskit.aqua.components.optimizers.spsa - DEBUG - Objective function at theta+ for step # 58: 1.4914302
2021-03-03 14:39:10,750 - qiskit.aqua.components.optimizers.spsa - DEBUG - Objective function at theta- for step # 58: 1.8114840
2021-03-03 14:39:15,216 - qiskit.aqua.components.optimizers.spsa - DEBUG - Objective function at theta+ for step # 59: 1.3568192
2021-03-03 14:39:15,217 - qiskit.aqua.components.optimizers.spsa - DEBUG - Objective function at theta- for step # 59: 1.5138212
2021-03-03 14:39:19,656 - qiskit.aqua.components.optimizers.spsa - DEBUG - Objective function at theta+ for step # 60: 0.9666886
2021-03-03 14:39:19,656 - qiskit.aqua.components.optimizers.spsa - DEBUG - Objective function at theta- for step # 60: 0.8822453
2021-03-03 14:39:23,988 - qiskit.aqua.components.optimizers.spsa - DEBUG - Objective function at theta+ for step # 61: 1.6863816
2021-03-03 14:39:23,988 - qiskit.aqua.components.optimizers.spsa - DEBUG - Objective function at theta- for step # 61: 1.5838847
2021-03-03 14:39:28,200 - qiskit.aqua.components.optimizers.spsa - DEBUG - Objective function at theta+ for step # 62: 1.2991878
2021-03-03 14:39:28,200 - qiskit.aqua.components.optimizers.spsa - DEBUG - Objective function at theta- for step # 62: 1.2725593
2021-03-03 14:39:32,662 - qiskit.aqua.components.optimizers.spsa - DEBUG - Objective function at theta+ for step # 63: 0.5764826
2021-03-03 14:39:32,662 - qiskit.aqua.components.optimizers.spsa - DEBUG - Objective function at theta- for step # 63: 0.8178943
2021-03-03 14:39:37,007 - qiskit.aqua.components.optimizers.spsa - DEBUG - Objective function at theta+ for step # 64: 0.1662879
2021-03-03 14:39:37,007 - qiskit.aqua.components.optimizers.spsa - DEBUG - Objective function at theta- for step # 64: 0.1957747
2021-03-03 14:39:41,229 - qiskit.aqua.components.optimizers.spsa - DEBUG - Objective function at theta+ for step # 65: 0.0912592
2021-03-03 14:39:41,229 - qiskit.aqua.components.optimizers.spsa - DEBUG - Objective function at theta- for step # 65: 0.0445794
2021-03-03 14:39:45,689 - qiskit.aqua.components.optimizers.spsa - DEBUG - Objective function at theta+ for step # 66: 1.2864995
2021-03-03 14:39:45,689 - qiskit.aqua.components.optimizers.spsa - DEBUG - Objective function at theta- for step # 66: 1.2230238
2021-03-03 14:39:50,022 - qiskit.aqua.components.optimizers.spsa - DEBUG - Objective function at theta+ for step # 67: 0.5108562
2021-03-03 14:39:50,022 - qiskit.aqua.components.optimizers.spsa - DEBUG - Objective function at theta- for step # 67: 0.6385284
2021-03-03 14:39:54,239 - qiskit.aqua.components.optimizers.spsa - DEBUG - Objective function at theta+ for step # 68: 1.2102256
2021-03-03 14:39:54,239 - qiskit.aqua.components.optimizers.spsa - DEBUG - Objective function at theta- for step # 68: 0.8976665
2021-03-03 14:39:58,691 - qiskit.aqua.components.optimizers.spsa - DEBUG - Objective function at theta+ for step # 69: 1.4847834
2021-03-03 14:39:58,691 - qiskit.aqua.components.optimizers.spsa - DEBUG - Objective function at theta- for step # 69: 1.2475241
2021-03-03 14:40:03,392 - qiskit.aqua.components.optimizers.spsa - DEBUG - Objective function at theta+ for step # 70: 0.8021736
2021-03-03 14:40:03,392 - qiskit.aqua.components.optimizers.spsa - DEBUG - Objective function at theta- for step # 70: 0.9937067
2021-03-03 14:40:07,524 - qiskit.aqua.components.optimizers.spsa - DEBUG - Objective function at theta+ for step # 71: 1.9113159
2021-03-03 14:40:07,524 - qiskit.aqua.components.optimizers.spsa - DEBUG - Objective function at theta- for step # 71: 1.5589039
2021-03-03 14:40:12,165 - qiskit.aqua.components.optimizers.spsa - DEBUG - Objective function at theta+ for step # 72: 0.1407877
2021-03-03 14:40:12,165 - qiskit.aqua.components.optimizers.spsa - DEBUG - Objective function at theta- for step # 72: 0.1102254
2021-03-03 14:40:16,636 - qiskit.aqua.components.optimizers.spsa - DEBUG - Objective function at theta+ for step # 73: 0.7510429
2021-03-03 14:40:16,636 - qiskit.aqua.components.optimizers.spsa - DEBUG - Objective function at theta- for step # 73: 0.3972826
2021-03-03 14:40:21,006 - qiskit.aqua.components.optimizers.spsa - DEBUG - Objective function at theta+ for step # 74: 0.3364825
2021-03-03 14:40:21,007 - qiskit.aqua.components.optimizers.spsa - DEBUG - Objective function at theta- for step # 74: 0.5776295
2021-03-03 14:40:25,251 - qiskit.aqua.components.optimizers.spsa - DEBUG - Objective function at theta+ for step # 75: 0.0547829
2021-03-03 14:40:25,251 - qiskit.aqua.components.optimizers.spsa - DEBUG - Objective function at theta- for step # 75: 0.0924998
2021-03-03 14:40:29,723 - qiskit.aqua.components.optimizers.spsa - DEBUG - Objective function at theta+ for step # 76: 0.2930051
2021-03-03 14:40:29,723 - qiskit.aqua.components.optimizers.spsa - DEBUG - Objective function at theta- for step # 76: 0.2748625
2021-03-03 14:40:33,969 - qiskit.aqua.components.optimizers.spsa - DEBUG - Objective function at theta+ for step # 77: 0.0528696
2021-03-03 14:40:33,969 - qiskit.aqua.components.optimizers.spsa - DEBUG - Objective function at theta- for step # 77: 0.0684248
2021-03-03 14:40:38,351 - qiskit.aqua.components.optimizers.spsa - DEBUG - Objective function at theta+ for step # 78: 1.3034693
2021-03-03 14:40:38,351 - qiskit.aqua.components.optimizers.spsa - DEBUG - Objective function at theta- for step # 78: 1.6905933
2021-03-03 14:40:42,598 - qiskit.aqua.components.optimizers.spsa - DEBUG - Objective function at theta+ for step # 79: 0.1212692
2021-03-03 14:40:42,598 - qiskit.aqua.components.optimizers.spsa - DEBUG - Objective function at theta- for step # 79: 0.2042461
2021-03-03 14:40:47,116 - qiskit.aqua.components.optimizers.spsa - DEBUG - Objective function at theta+ for step # 80: 0.3695594
2021-03-03 14:40:47,116 - qiskit.aqua.components.optimizers.spsa - DEBUG - Objective function at theta- for step # 80: 0.0724802
2021-03-03 14:40:51,515 - qiskit.aqua.components.optimizers.spsa - DEBUG - Objective function at theta+ for step # 81: 0.5152660
2021-03-03 14:40:51,515 - qiskit.aqua.components.optimizers.spsa - DEBUG - Objective function at theta- for step # 81: 0.1117380
2021-03-03 14:40:55,880 - qiskit.aqua.components.optimizers.spsa - DEBUG - Objective function at theta+ for step # 82: 0.2442974
2021-03-03 14:40:55,880 - qiskit.aqua.components.optimizers.spsa - DEBUG - Objective function at theta- for step # 82: 0.7370115
2021-03-03 14:41:00,302 - qiskit.aqua.components.optimizers.spsa - DEBUG - Objective function at theta+ for step # 83: 0.1029183
2021-03-03 14:41:00,303 - qiskit.aqua.components.optimizers.spsa - DEBUG - Objective function at theta- for step # 83: 0.1227099
2021-03-03 14:41:04,946 - qiskit.aqua.components.optimizers.spsa - DEBUG - Objective function at theta+ for step # 84: 0.1063768
2021-03-03 14:41:04,946 - qiskit.aqua.components.optimizers.spsa - DEBUG - Objective function at theta- for step # 84: 0.1073477
2021-03-03 14:41:09,206 - qiskit.aqua.components.optimizers.spsa - DEBUG - Objective function at theta+ for step # 85: 0.0529636
2021-03-03 14:41:09,206 - qiskit.aqua.components.optimizers.spsa - DEBUG - Objective function at theta- for step # 85: 0.0972401
2021-03-03 14:41:13,606 - qiskit.aqua.components.optimizers.spsa - DEBUG - Objective function at theta+ for step # 86: 1.2598978
2021-03-03 14:41:13,606 - qiskit.aqua.components.optimizers.spsa - DEBUG - Objective function at theta- for step # 86: 1.0299861
2021-03-03 14:41:17,858 - qiskit.aqua.components.optimizers.spsa - DEBUG - Objective function at theta+ for step # 87: 0.0465656
2021-03-03 14:41:17,858 - qiskit.aqua.components.optimizers.spsa - DEBUG - Objective function at theta- for step # 87: 0.0648812
2021-03-03 14:41:22,365 - qiskit.aqua.components.optimizers.spsa - DEBUG - Objective function at theta+ for step # 88: 0.0414558
2021-03-03 14:41:22,365 - qiskit.aqua.components.optimizers.spsa - DEBUG - Objective function at theta- for step # 88: 0.4775612
2021-03-03 14:41:26,609 - qiskit.aqua.components.optimizers.spsa - DEBUG - Objective function at theta+ for step # 89: 1.2086691
2021-03-03 14:41:26,609 - qiskit.aqua.components.optimizers.spsa - DEBUG - Objective function at theta- for step # 89: 1.3026324
2021-03-03 14:41:30,970 - qiskit.aqua.components.optimizers.spsa - DEBUG - Objective function at theta+ for step # 90: 0.1441942
2021-03-03 14:41:30,970 - qiskit.aqua.components.optimizers.spsa - DEBUG - Objective function at theta- for step # 90: 0.1653720
2021-03-03 14:41:35,238 - qiskit.aqua.components.optimizers.spsa - DEBUG - Objective function at theta+ for step # 91: 0.3852719
2021-03-03 14:41:35,238 - qiskit.aqua.components.optimizers.spsa - DEBUG - Objective function at theta- for step # 91: 0.0822453
2021-03-03 14:41:39,740 - qiskit.aqua.components.optimizers.spsa - DEBUG - Objective function at theta+ for step # 92: 0.2174353
2021-03-03 14:41:39,740 - qiskit.aqua.components.optimizers.spsa - DEBUG - Objective function at theta- for step # 92: 0.1898580
2021-03-03 14:41:44,478 - qiskit.aqua.components.optimizers.spsa - DEBUG - Objective function at theta+ for step # 93: 1.4610661
2021-03-03 14:41:44,478 - qiskit.aqua.components.optimizers.spsa - DEBUG - Objective function at theta- for step # 93: 1.8252396
2021-03-03 14:41:48,589 - qiskit.aqua.components.optimizers.spsa - DEBUG - Objective function at theta+ for step # 94: 0.5901067
2021-03-03 14:41:48,589 - qiskit.aqua.components.optimizers.spsa - DEBUG - Objective function at theta- for step # 94: 0.1662806
2021-03-03 14:41:53,085 - qiskit.aqua.components.optimizers.spsa - DEBUG - Objective function at theta+ for step # 95: 0.0074428
2021-03-03 14:41:53,085 - qiskit.aqua.components.optimizers.spsa - DEBUG - Objective function at theta- for step # 95: 0.2541337
2021-03-03 14:41:57,559 - qiskit.aqua.components.optimizers.spsa - DEBUG - Objective function at theta+ for step # 96: 0.1818103
2021-03-03 14:41:57,559 - qiskit.aqua.components.optimizers.spsa - DEBUG - Objective function at theta- for step # 96: 0.0522011
2021-03-03 14:42:01,930 - qiskit.aqua.components.optimizers.spsa - DEBUG - Objective function at theta+ for step # 97: 1.2455776
2021-03-03 14:42:01,931 - qiskit.aqua.components.optimizers.spsa - DEBUG - Objective function at theta- for step # 97: 1.1300793
2021-03-03 14:42:06,190 - qiskit.aqua.components.optimizers.spsa - DEBUG - Objective function at theta+ for step # 98: 0.1572958
2021-03-03 14:42:06,190 - qiskit.aqua.components.optimizers.spsa - DEBUG - Objective function at theta- for step # 98: 0.1342528
2021-03-03 14:42:10,662 - qiskit.aqua.components.optimizers.spsa - DEBUG - Objective function at theta+ for step # 99: 0.7047997
2021-03-03 14:42:10,662 - qiskit.aqua.components.optimizers.spsa - DEBUG - Objective function at theta- for step # 99: 1.1165416
2021-03-03 14:42:12,720 - qiskit.aqua.components.optimizers.spsa - DEBUG - Final objective function is: 0.0091111
2021-03-03 14:54:21,916 - qiskit.aqua.components.optimizers.spsa - DEBUG - Parameters: [0.62831853 0.1        0.602      0.101      0.        ]
2021-03-03 14:54:21,917 - qiskit.aqua.components.optimizers.spsa - DEBUG - Calibration...
2021-03-03 14:54:21,917 - qiskit.aqua.components.optimizers.spsa - DEBUG - calibration step # 0 of 20
2021-03-03 14:54:30,500 - qiskit.aqua.components.optimizers.spsa - DEBUG - calibration step # 5 of 20
2021-03-03 14:54:37,297 - qiskit.aqua.components.optimizers.spsa - DEBUG - calibration step # 10 of 20
2021-03-03 14:54:44,204 - qiskit.aqua.components.optimizers.spsa - DEBUG - calibration step # 15 of 20
2021-03-03 14:54:50,990 - qiskit.aqua.components.optimizers.spsa - DEBUG - delta_obj is 0, not calibrating (since this would set c0 to inf)
2021-03-03 14:54:50,990 - qiskit.aqua.components.optimizers.spsa - DEBUG - Calibrated SPSA parameter c0 is 0.2193174
2021-03-03 14:54:52,295 - qiskit.aqua.components.optimizers.spsa - DEBUG - Objective function at theta+ for step # 0: 0.0556685
2021-03-03 14:54:52,295 - qiskit.aqua.components.optimizers.spsa - DEBUG - Objective function at theta- for step # 0: 0.7413389
2021-03-03 14:54:53,736 - qiskit.aqua.components.optimizers.spsa - DEBUG - Objective function at theta+ for step # 1: -0.0421145
2021-03-03 14:54:53,736 - qiskit.aqua.components.optimizers.spsa - DEBUG - Objective function at theta- for step # 1: -0.0759858
2021-03-03 14:54:55,048 - qiskit.aqua.components.optimizers.spsa - DEBUG - Objective function at theta+ for step # 2: 0.0300090
2021-03-03 14:54:55,048 - qiskit.aqua.components.optimizers.spsa - DEBUG - Objective function at theta- for step # 2: 0.0595546
2021-03-03 14:54:56,357 - qiskit.aqua.components.optimizers.spsa - DEBUG - Objective function at theta+ for step # 3: 0.0484919
2021-03-03 14:54:56,358 - qiskit.aqua.components.optimizers.spsa - DEBUG - Objective function at theta- for step # 3: -0.0138466
2021-03-03 14:54:57,795 - qiskit.aqua.components.optimizers.spsa - DEBUG - Objective function at theta+ for step # 4: 0.0521719
2021-03-03 14:54:57,795 - qiskit.aqua.components.optimizers.spsa - DEBUG - Objective function at theta- for step # 4: -0.0561257
2021-03-03 14:54:59,103 - qiskit.aqua.components.optimizers.spsa - DEBUG - Objective function at theta+ for step # 5: 0.0257328
2021-03-03 14:54:59,103 - qiskit.aqua.components.optimizers.spsa - DEBUG - Objective function at theta- for step # 5: 0.0231907
2021-03-03 14:55:00,542 - qiskit.aqua.components.optimizers.spsa - DEBUG - Objective function at theta+ for step # 6: -0.0273408
2021-03-03 14:55:00,542 - qiskit.aqua.components.optimizers.spsa - DEBUG - Objective function at theta- for step # 6: 0.0104686
2021-03-03 14:55:01,851 - qiskit.aqua.components.optimizers.spsa - DEBUG - Objective function at theta+ for step # 7: -0.0577981
2021-03-03 14:55:01,851 - qiskit.aqua.components.optimizers.spsa - DEBUG - Objective function at theta- for step # 7: 0.0161054
2021-03-03 14:55:03,306 - qiskit.aqua.components.optimizers.spsa - DEBUG - Objective function at theta+ for step # 8: -0.0652594
2021-03-03 14:55:03,306 - qiskit.aqua.components.optimizers.spsa - DEBUG - Objective function at theta- for step # 8: -0.0259454
2021-03-03 14:55:04,631 - qiskit.aqua.components.optimizers.spsa - DEBUG - Objective function at theta+ for step # 9: 0.1352986
2021-03-03 14:55:04,631 - qiskit.aqua.components.optimizers.spsa - DEBUG - Objective function at theta- for step # 9: -0.0940970
2021-03-03 14:55:06,080 - qiskit.aqua.components.optimizers.spsa - DEBUG - Objective function at theta+ for step # 10: 0.0191919
2021-03-03 14:55:06,080 - qiskit.aqua.components.optimizers.spsa - DEBUG - Objective function at theta- for step # 10: -0.0540201
2021-03-03 14:55:07,391 - qiskit.aqua.components.optimizers.spsa - DEBUG - Objective function at theta+ for step # 11: 0.2142412
2021-03-03 14:55:07,391 - qiskit.aqua.components.optimizers.spsa - DEBUG - Objective function at theta- for step # 11: -0.0549795
2021-03-03 14:55:08,705 - qiskit.aqua.components.optimizers.spsa - DEBUG - Objective function at theta+ for step # 12: -0.0665297
2021-03-03 14:55:08,705 - qiskit.aqua.components.optimizers.spsa - DEBUG - Objective function at theta- for step # 12: 0.1159688
2021-03-03 14:55:10,161 - qiskit.aqua.components.optimizers.spsa - DEBUG - Objective function at theta+ for step # 13: -0.0991670
2021-03-03 14:55:10,161 - qiskit.aqua.components.optimizers.spsa - DEBUG - Objective function at theta- for step # 13: 0.0182537
2021-03-03 14:55:11,481 - qiskit.aqua.components.optimizers.spsa - DEBUG - Objective function at theta+ for step # 14: 0.3708522
2021-03-03 14:55:11,481 - qiskit.aqua.components.optimizers.spsa - DEBUG - Objective function at theta- for step # 14: -0.0567661
2021-03-03 14:55:12,927 - qiskit.aqua.components.optimizers.spsa - DEBUG - Objective function at theta+ for step # 15: 0.8953348
2021-03-03 14:55:12,927 - qiskit.aqua.components.optimizers.spsa - DEBUG - Objective function at theta- for step # 15: -0.0549051
2021-03-03 14:55:14,245 - qiskit.aqua.components.optimizers.spsa - DEBUG - Objective function at theta+ for step # 16: 0.5570007
2021-03-03 14:55:14,245 - qiskit.aqua.components.optimizers.spsa - DEBUG - Objective function at theta- for step # 16: 0.5234541
2021-03-03 14:55:15,691 - qiskit.aqua.components.optimizers.spsa - DEBUG - Objective function at theta+ for step # 17: 0.4299936
2021-03-03 14:55:15,691 - qiskit.aqua.components.optimizers.spsa - DEBUG - Objective function at theta- for step # 17: 0.5763054
2021-03-03 14:55:17,006 - qiskit.aqua.components.optimizers.spsa - DEBUG - Objective function at theta+ for step # 18: 0.6257140
2021-03-03 14:55:17,007 - qiskit.aqua.components.optimizers.spsa - DEBUG - Objective function at theta- for step # 18: 0.5103888
2021-03-03 14:55:18,452 - qiskit.aqua.components.optimizers.spsa - DEBUG - Objective function at theta+ for step # 19: 0.2256590
2021-03-03 14:55:18,452 - qiskit.aqua.components.optimizers.spsa - DEBUG - Objective function at theta- for step # 19: 0.5567305
2021-03-03 14:55:19,773 - qiskit.aqua.components.optimizers.spsa - DEBUG - Objective function at theta+ for step # 20: 0.3636163
2021-03-03 14:55:19,773 - qiskit.aqua.components.optimizers.spsa - DEBUG - Objective function at theta- for step # 20: 0.1370640
2021-03-03 14:55:21,087 - qiskit.aqua.components.optimizers.spsa - DEBUG - Objective function at theta+ for step # 21: 0.3479388
2021-03-03 14:55:21,087 - qiskit.aqua.components.optimizers.spsa - DEBUG - Objective function at theta- for step # 21: 0.1192125
2021-03-03 14:55:22,532 - qiskit.aqua.components.optimizers.spsa - DEBUG - Objective function at theta+ for step # 22: 0.0889585
2021-03-03 14:55:22,532 - qiskit.aqua.components.optimizers.spsa - DEBUG - Objective function at theta- for step # 22: 0.2830396
2021-03-03 14:55:23,851 - qiskit.aqua.components.optimizers.spsa - DEBUG - Objective function at theta+ for step # 23: 0.1090275
2021-03-03 14:55:23,852 - qiskit.aqua.components.optimizers.spsa - DEBUG - Objective function at theta- for step # 23: 0.1234074
2021-03-03 14:55:25,292 - qiskit.aqua.components.optimizers.spsa - DEBUG - Objective function at theta+ for step # 24: 0.0627892
2021-03-03 14:55:25,292 - qiskit.aqua.components.optimizers.spsa - DEBUG - Objective function at theta- for step # 24: 0.1343854
2021-03-03 14:55:26,606 - qiskit.aqua.components.optimizers.spsa - DEBUG - Objective function at theta+ for step # 25: -0.2882909
2021-03-03 14:55:26,606 - qiskit.aqua.components.optimizers.spsa - DEBUG - Objective function at theta- for step # 25: 0.1663479
2021-03-03 14:55:28,048 - qiskit.aqua.components.optimizers.spsa - DEBUG - Objective function at theta+ for step # 26: 0.0033013
2021-03-03 14:55:28,048 - qiskit.aqua.components.optimizers.spsa - DEBUG - Objective function at theta- for step # 26: -0.2001363
2021-03-03 14:55:29,364 - qiskit.aqua.components.optimizers.spsa - DEBUG - Objective function at theta+ for step # 27: -0.1015218
2021-03-03 14:55:29,364 - qiskit.aqua.components.optimizers.spsa - DEBUG - Objective function at theta- for step # 27: 0.3648094
2021-03-03 14:55:30,679 - qiskit.aqua.components.optimizers.spsa - DEBUG - Objective function at theta+ for step # 28: -0.1824940
2021-03-03 14:55:30,679 - qiskit.aqua.components.optimizers.spsa - DEBUG - Objective function at theta- for step # 28: 0.0877732
2021-03-03 14:55:32,121 - qiskit.aqua.components.optimizers.spsa - DEBUG - Objective function at theta+ for step # 29: -0.0877250
2021-03-03 14:55:32,121 - qiskit.aqua.components.optimizers.spsa - DEBUG - Objective function at theta- for step # 29: -0.2890909
2021-03-03 14:55:33,440 - qiskit.aqua.components.optimizers.spsa - DEBUG - Objective function at theta+ for step # 30: -0.0872093
2021-03-03 14:55:33,440 - qiskit.aqua.components.optimizers.spsa - DEBUG - Objective function at theta- for step # 30: -0.1760498
2021-03-03 14:55:34,881 - qiskit.aqua.components.optimizers.spsa - DEBUG - Objective function at theta+ for step # 31: -0.1152295
2021-03-03 14:55:34,881 - qiskit.aqua.components.optimizers.spsa - DEBUG - Objective function at theta- for step # 31: -0.2766948
2021-03-03 14:55:36,197 - qiskit.aqua.components.optimizers.spsa - DEBUG - Objective function at theta+ for step # 32: 0.1419534
2021-03-03 14:55:36,197 - qiskit.aqua.components.optimizers.spsa - DEBUG - Objective function at theta- for step # 32: 0.3108279
2021-03-03 14:55:37,644 - qiskit.aqua.components.optimizers.spsa - DEBUG - Objective function at theta+ for step # 33: 0.0216539
2021-03-03 14:55:37,644 - qiskit.aqua.components.optimizers.spsa - DEBUG - Objective function at theta- for step # 33: -0.0266075
2021-03-03 14:55:38,959 - qiskit.aqua.components.optimizers.spsa - DEBUG - Objective function at theta+ for step # 34: -0.2644281
2021-03-03 14:55:38,959 - qiskit.aqua.components.optimizers.spsa - DEBUG - Objective function at theta- for step # 34: 0.1284047
2021-03-03 14:55:40,271 - qiskit.aqua.components.optimizers.spsa - DEBUG - Objective function at theta+ for step # 35: -0.0889392
2021-03-03 14:55:40,271 - qiskit.aqua.components.optimizers.spsa - DEBUG - Objective function at theta- for step # 35: -0.0900621
2021-03-03 14:55:41,716 - qiskit.aqua.components.optimizers.spsa - DEBUG - Objective function at theta+ for step # 36: -0.0362745
2021-03-03 14:55:41,717 - qiskit.aqua.components.optimizers.spsa - DEBUG - Objective function at theta- for step # 36: -0.1425273
2021-03-03 14:55:43,029 - qiskit.aqua.components.optimizers.spsa - DEBUG - Objective function at theta+ for step # 37: -0.1015150
2021-03-03 14:55:43,029 - qiskit.aqua.components.optimizers.spsa - DEBUG - Objective function at theta- for step # 37: -0.2956741
2021-03-03 14:55:44,470 - qiskit.aqua.components.optimizers.spsa - DEBUG - Objective function at theta+ for step # 38: -0.0395702
2021-03-03 14:55:44,470 - qiskit.aqua.components.optimizers.spsa - DEBUG - Objective function at theta- for step # 38: 0.0007686
2021-03-03 14:55:45,786 - qiskit.aqua.components.optimizers.spsa - DEBUG - Objective function at theta+ for step # 39: -0.2417945
2021-03-03 14:55:45,787 - qiskit.aqua.components.optimizers.spsa - DEBUG - Objective function at theta- for step # 39: -0.2903998
2021-03-03 14:55:47,231 - qiskit.aqua.components.optimizers.spsa - DEBUG - Objective function at theta+ for step # 40: -0.3360098
2021-03-03 14:55:47,231 - qiskit.aqua.components.optimizers.spsa - DEBUG - Objective function at theta- for step # 40: -0.2840166
2021-03-03 14:55:48,550 - qiskit.aqua.components.optimizers.spsa - DEBUG - Objective function at theta+ for step # 41: -0.0132802
2021-03-03 14:55:48,550 - qiskit.aqua.components.optimizers.spsa - DEBUG - Objective function at theta- for step # 41: 0.0867410
2021-03-03 14:55:49,859 - qiskit.aqua.components.optimizers.spsa - DEBUG - Objective function at theta+ for step # 42: -0.1678285
2021-03-03 14:55:49,859 - qiskit.aqua.components.optimizers.spsa - DEBUG - Objective function at theta- for step # 42: -0.1581067
2021-03-03 14:55:51,296 - qiskit.aqua.components.optimizers.spsa - DEBUG - Objective function at theta+ for step # 43: -0.1328261
2021-03-03 14:55:51,296 - qiskit.aqua.components.optimizers.spsa - DEBUG - Objective function at theta- for step # 43: -0.3286858
2021-03-03 14:55:52,604 - qiskit.aqua.components.optimizers.spsa - DEBUG - Objective function at theta+ for step # 44: 0.0188776
2021-03-03 14:55:52,604 - qiskit.aqua.components.optimizers.spsa - DEBUG - Objective function at theta- for step # 44: -0.1008679
2021-03-03 14:55:54,048 - qiskit.aqua.components.optimizers.spsa - DEBUG - Objective function at theta+ for step # 45: -0.2148985
2021-03-03 14:55:54,049 - qiskit.aqua.components.optimizers.spsa - DEBUG - Objective function at theta- for step # 45: -0.2240712
2021-03-03 14:55:55,359 - qiskit.aqua.components.optimizers.spsa - DEBUG - Objective function at theta+ for step # 46: -0.2081896
2021-03-03 14:55:55,359 - qiskit.aqua.components.optimizers.spsa - DEBUG - Objective function at theta- for step # 46: -0.2109653
2021-03-03 14:55:56,798 - qiskit.aqua.components.optimizers.spsa - DEBUG - Objective function at theta+ for step # 47: 0.1086210
2021-03-03 14:55:56,798 - qiskit.aqua.components.optimizers.spsa - DEBUG - Objective function at theta- for step # 47: -0.0557303
2021-03-03 14:55:58,111 - qiskit.aqua.components.optimizers.spsa - DEBUG - Objective function at theta+ for step # 48: -0.0909997
2021-03-03 14:55:58,111 - qiskit.aqua.components.optimizers.spsa - DEBUG - Objective function at theta- for step # 48: -0.3123015
2021-03-03 14:55:59,551 - qiskit.aqua.components.optimizers.spsa - DEBUG - Objective function at theta+ for step # 49: -0.2737686
2021-03-03 14:55:59,551 - qiskit.aqua.components.optimizers.spsa - DEBUG - Objective function at theta- for step # 49: -0.0767799
2021-03-03 14:56:00,865 - qiskit.aqua.components.optimizers.spsa - DEBUG - Objective function at theta+ for step # 50: -0.3290422
2021-03-03 14:56:00,865 - qiskit.aqua.components.optimizers.spsa - DEBUG - Objective function at theta- for step # 50: -0.3601851
2021-03-03 14:56:02,178 - qiskit.aqua.components.optimizers.spsa - DEBUG - Objective function at theta+ for step # 51: -0.0269503
2021-03-03 14:56:02,178 - qiskit.aqua.components.optimizers.spsa - DEBUG - Objective function at theta- for step # 51: -0.0288862
2021-03-03 14:56:03,618 - qiskit.aqua.components.optimizers.spsa - DEBUG - Objective function at theta+ for step # 52: -0.2700918
2021-03-03 14:56:03,618 - qiskit.aqua.components.optimizers.spsa - DEBUG - Objective function at theta- for step # 52: -0.2500273
2021-03-03 14:56:04,933 - qiskit.aqua.components.optimizers.spsa - DEBUG - Objective function at theta+ for step # 53: 0.1459077
2021-03-03 14:56:04,933 - qiskit.aqua.components.optimizers.spsa - DEBUG - Objective function at theta- for step # 53: 0.1233026
2021-03-03 14:56:06,369 - qiskit.aqua.components.optimizers.spsa - DEBUG - Objective function at theta+ for step # 54: -0.0640748
2021-03-03 14:56:06,369 - qiskit.aqua.components.optimizers.spsa - DEBUG - Objective function at theta- for step # 54: -0.0893943
2021-03-03 14:56:07,680 - qiskit.aqua.components.optimizers.spsa - DEBUG - Objective function at theta+ for step # 55: -0.1530338
2021-03-03 14:56:07,680 - qiskit.aqua.components.optimizers.spsa - DEBUG - Objective function at theta- for step # 55: 0.0983482
2021-03-03 14:56:09,112 - qiskit.aqua.components.optimizers.spsa - DEBUG - Objective function at theta+ for step # 56: -0.2630881
2021-03-03 14:56:09,112 - qiskit.aqua.components.optimizers.spsa - DEBUG - Objective function at theta- for step # 56: -0.1105124
2021-03-03 14:56:10,417 - qiskit.aqua.components.optimizers.spsa - DEBUG - Objective function at theta+ for step # 57: -0.0718973
2021-03-03 14:56:10,417 - qiskit.aqua.components.optimizers.spsa - DEBUG - Objective function at theta- for step # 57: -0.1740904
2021-03-03 14:56:11,845 - qiskit.aqua.components.optimizers.spsa - DEBUG - Objective function at theta+ for step # 58: -0.0842488
2021-03-03 14:56:11,845 - qiskit.aqua.components.optimizers.spsa - DEBUG - Objective function at theta- for step # 58: -0.2074890
2021-03-03 14:56:13,150 - qiskit.aqua.components.optimizers.spsa - DEBUG - Objective function at theta+ for step # 59: -0.1464843
2021-03-03 14:56:13,151 - qiskit.aqua.components.optimizers.spsa - DEBUG - Objective function at theta- for step # 59: -0.1510933
2021-03-03 14:56:14,452 - qiskit.aqua.components.optimizers.spsa - DEBUG - Objective function at theta+ for step # 60: -0.0799180
2021-03-03 14:56:14,452 - qiskit.aqua.components.optimizers.spsa - DEBUG - Objective function at theta- for step # 60: -0.2678240
2021-03-03 14:56:15,884 - qiskit.aqua.components.optimizers.spsa - DEBUG - Objective function at theta+ for step # 61: -0.1432719
2021-03-03 14:56:15,884 - qiskit.aqua.components.optimizers.spsa - DEBUG - Objective function at theta- for step # 61: -0.1125018
2021-03-03 14:56:17,186 - qiskit.aqua.components.optimizers.spsa - DEBUG - Objective function at theta+ for step # 62: -0.1916852
2021-03-03 14:56:17,186 - qiskit.aqua.components.optimizers.spsa - DEBUG - Objective function at theta- for step # 62: -0.2898382
2021-03-03 14:56:18,616 - qiskit.aqua.components.optimizers.spsa - DEBUG - Objective function at theta+ for step # 63: -0.1042637
2021-03-03 14:56:18,617 - qiskit.aqua.components.optimizers.spsa - DEBUG - Objective function at theta- for step # 63: 0.0306057
2021-03-03 14:56:19,934 - qiskit.aqua.components.optimizers.spsa - DEBUG - Objective function at theta+ for step # 64: -0.0942798
2021-03-03 14:56:19,934 - qiskit.aqua.components.optimizers.spsa - DEBUG - Objective function at theta- for step # 64: 0.0590297
2021-03-03 14:56:21,373 - qiskit.aqua.components.optimizers.spsa - DEBUG - Objective function at theta+ for step # 65: -0.0907584
2021-03-03 14:56:21,373 - qiskit.aqua.components.optimizers.spsa - DEBUG - Objective function at theta- for step # 65: -0.3706161
2021-03-03 14:56:22,678 - qiskit.aqua.components.optimizers.spsa - DEBUG - Objective function at theta+ for step # 66: -0.0807704
2021-03-03 14:56:22,678 - qiskit.aqua.components.optimizers.spsa - DEBUG - Objective function at theta- for step # 66: -0.2442073
2021-03-03 14:56:23,980 - qiskit.aqua.components.optimizers.spsa - DEBUG - Objective function at theta+ for step # 67: -0.0558528
2021-03-03 14:56:23,981 - qiskit.aqua.components.optimizers.spsa - DEBUG - Objective function at theta- for step # 67: -0.1224601
2021-03-03 14:56:25,412 - qiskit.aqua.components.optimizers.spsa - DEBUG - Objective function at theta+ for step # 68: -0.1987288
2021-03-03 14:56:25,413 - qiskit.aqua.components.optimizers.spsa - DEBUG - Objective function at theta- for step # 68: -0.1229692
2021-03-03 14:56:26,724 - qiskit.aqua.components.optimizers.spsa - DEBUG - Objective function at theta+ for step # 69: -0.1597339
2021-03-03 14:56:26,724 - qiskit.aqua.components.optimizers.spsa - DEBUG - Objective function at theta- for step # 69: -0.3169063
2021-03-03 14:56:28,155 - qiskit.aqua.components.optimizers.spsa - DEBUG - Objective function at theta+ for step # 70: -0.2449882
2021-03-03 14:56:28,155 - qiskit.aqua.components.optimizers.spsa - DEBUG - Objective function at theta- for step # 70: -0.1867156
2021-03-03 14:56:29,465 - qiskit.aqua.components.optimizers.spsa - DEBUG - Objective function at theta+ for step # 71: -0.2181329
2021-03-03 14:56:29,466 - qiskit.aqua.components.optimizers.spsa - DEBUG - Objective function at theta- for step # 71: -0.1874814
2021-03-03 14:56:30,908 - qiskit.aqua.components.optimizers.spsa - DEBUG - Objective function at theta+ for step # 72: -0.3038699
2021-03-03 14:56:30,909 - qiskit.aqua.components.optimizers.spsa - DEBUG - Objective function at theta- for step # 72: -0.1962995
2021-03-03 14:56:32,227 - qiskit.aqua.components.optimizers.spsa - DEBUG - Objective function at theta+ for step # 73: -0.1096870
2021-03-03 14:56:32,227 - qiskit.aqua.components.optimizers.spsa - DEBUG - Objective function at theta- for step # 73: -0.2527700
2021-03-03 14:56:33,540 - qiskit.aqua.components.optimizers.spsa - DEBUG - Objective function at theta+ for step # 74: -0.2692042
2021-03-03 14:56:33,541 - qiskit.aqua.components.optimizers.spsa - DEBUG - Objective function at theta- for step # 74: -0.2270414
2021-03-03 14:56:34,989 - qiskit.aqua.components.optimizers.spsa - DEBUG - Objective function at theta+ for step # 75: -0.1018805
2021-03-03 14:56:34,989 - qiskit.aqua.components.optimizers.spsa - DEBUG - Objective function at theta- for step # 75: -0.2196669
2021-03-03 14:56:36,304 - qiskit.aqua.components.optimizers.spsa - DEBUG - Objective function at theta+ for step # 76: -0.2988227
2021-03-03 14:56:36,304 - qiskit.aqua.components.optimizers.spsa - DEBUG - Objective function at theta- for step # 76: -0.3543943
2021-03-03 14:56:37,754 - qiskit.aqua.components.optimizers.spsa - DEBUG - Objective function at theta+ for step # 77: -0.1041903
2021-03-03 14:56:37,754 - qiskit.aqua.components.optimizers.spsa - DEBUG - Objective function at theta- for step # 77: -0.0411985
2021-03-03 14:56:39,072 - qiskit.aqua.components.optimizers.spsa - DEBUG - Objective function at theta+ for step # 78: -0.2275959
2021-03-03 14:56:39,072 - qiskit.aqua.components.optimizers.spsa - DEBUG - Objective function at theta- for step # 78: -0.1827695
2021-03-03 14:56:40,524 - qiskit.aqua.components.optimizers.spsa - DEBUG - Objective function at theta+ for step # 79: -0.0989132
2021-03-03 14:56:40,524 - qiskit.aqua.components.optimizers.spsa - DEBUG - Objective function at theta- for step # 79: -0.2159165
2021-03-03 14:56:41,843 - qiskit.aqua.components.optimizers.spsa - DEBUG - Objective function at theta+ for step # 80: -0.2870799
2021-03-03 14:56:41,843 - qiskit.aqua.components.optimizers.spsa - DEBUG - Objective function at theta- for step # 80: 0.0250743
2021-03-03 14:56:43,293 - qiskit.aqua.components.optimizers.spsa - DEBUG - Objective function at theta+ for step # 81: -0.2939204
2021-03-03 14:56:43,293 - qiskit.aqua.components.optimizers.spsa - DEBUG - Objective function at theta- for step # 81: -0.1826740
2021-03-03 14:56:44,611 - qiskit.aqua.components.optimizers.spsa - DEBUG - Objective function at theta+ for step # 82: -0.1934067
2021-03-03 14:56:44,611 - qiskit.aqua.components.optimizers.spsa - DEBUG - Objective function at theta- for step # 82: -0.2191396
2021-03-03 14:56:45,925 - qiskit.aqua.components.optimizers.spsa - DEBUG - Objective function at theta+ for step # 83: -0.1345332
2021-03-03 14:56:45,925 - qiskit.aqua.components.optimizers.spsa - DEBUG - Objective function at theta- for step # 83: 0.0702821
2021-03-03 14:56:47,374 - qiskit.aqua.components.optimizers.spsa - DEBUG - Objective function at theta+ for step # 84: -0.2179079
2021-03-03 14:56:47,374 - qiskit.aqua.components.optimizers.spsa - DEBUG - Objective function at theta- for step # 84: -0.1067263
2021-03-03 14:56:48,693 - qiskit.aqua.components.optimizers.spsa - DEBUG - Objective function at theta+ for step # 85: -0.2403951
2021-03-03 14:56:48,693 - qiskit.aqua.components.optimizers.spsa - DEBUG - Objective function at theta- for step # 85: -0.2942975
2021-03-03 14:56:50,141 - qiskit.aqua.components.optimizers.spsa - DEBUG - Objective function at theta+ for step # 86: -0.0177506
2021-03-03 14:56:50,141 - qiskit.aqua.components.optimizers.spsa - DEBUG - Objective function at theta- for step # 86: -0.0862354
2021-03-03 14:56:51,460 - qiskit.aqua.components.optimizers.spsa - DEBUG - Objective function at theta+ for step # 87: -0.2226060
2021-03-03 14:56:51,460 - qiskit.aqua.components.optimizers.spsa - DEBUG - Objective function at theta- for step # 87: -0.0970169
2021-03-03 14:56:52,909 - qiskit.aqua.components.optimizers.spsa - DEBUG - Objective function at theta+ for step # 88: -0.0837987
2021-03-03 14:56:52,910 - qiskit.aqua.components.optimizers.spsa - DEBUG - Objective function at theta- for step # 88: -0.2036670
2021-03-03 14:56:54,230 - qiskit.aqua.components.optimizers.spsa - DEBUG - Objective function at theta+ for step # 89: -0.1236819
2021-03-03 14:56:54,230 - qiskit.aqua.components.optimizers.spsa - DEBUG - Objective function at theta- for step # 89: 0.0923761
2021-03-03 14:56:55,675 - qiskit.aqua.components.optimizers.spsa - DEBUG - Objective function at theta+ for step # 90: -0.1899476
2021-03-03 14:56:55,675 - qiskit.aqua.components.optimizers.spsa - DEBUG - Objective function at theta- for step # 90: -0.2388051
2021-03-03 14:56:56,987 - qiskit.aqua.components.optimizers.spsa - DEBUG - Objective function at theta+ for step # 91: -0.2619602
2021-03-03 14:56:56,987 - qiskit.aqua.components.optimizers.spsa - DEBUG - Objective function at theta- for step # 91: -0.1494831
2021-03-03 14:56:58,304 - qiskit.aqua.components.optimizers.spsa - DEBUG - Objective function at theta+ for step # 92: -0.0980153
2021-03-03 14:56:58,304 - qiskit.aqua.components.optimizers.spsa - DEBUG - Objective function at theta- for step # 92: -0.0332606
2021-03-03 14:56:59,757 - qiskit.aqua.components.optimizers.spsa - DEBUG - Objective function at theta+ for step # 93: 0.0279659
2021-03-03 14:56:59,757 - qiskit.aqua.components.optimizers.spsa - DEBUG - Objective function at theta- for step # 93: -0.0755788
2021-03-03 14:57:01,075 - qiskit.aqua.components.optimizers.spsa - DEBUG - Objective function at theta+ for step # 94: -0.1146166
2021-03-03 14:57:01,075 - qiskit.aqua.components.optimizers.spsa - DEBUG - Objective function at theta- for step # 94: -0.2866518
2021-03-03 14:57:02,524 - qiskit.aqua.components.optimizers.spsa - DEBUG - Objective function at theta+ for step # 95: -0.1392936
2021-03-03 14:57:02,524 - qiskit.aqua.components.optimizers.spsa - DEBUG - Objective function at theta- for step # 95: -0.2745155
2021-03-03 14:57:03,843 - qiskit.aqua.components.optimizers.spsa - DEBUG - Objective function at theta+ for step # 96: -0.0633431
2021-03-03 14:57:03,843 - qiskit.aqua.components.optimizers.spsa - DEBUG - Objective function at theta- for step # 96: 0.0666301
2021-03-03 14:57:05,286 - qiskit.aqua.components.optimizers.spsa - DEBUG - Objective function at theta+ for step # 97: -0.1984898
2021-03-03 14:57:05,286 - qiskit.aqua.components.optimizers.spsa - DEBUG - Objective function at theta- for step # 97: -0.1866339
2021-03-03 14:57:06,605 - qiskit.aqua.components.optimizers.spsa - DEBUG - Objective function at theta+ for step # 98: -0.1543156
2021-03-03 14:57:06,605 - qiskit.aqua.components.optimizers.spsa - DEBUG - Objective function at theta- for step # 98: -0.0698343
2021-03-03 14:57:07,931 - qiskit.aqua.components.optimizers.spsa - DEBUG - Objective function at theta+ for step # 99: -0.1235664
2021-03-03 14:57:07,931 - qiskit.aqua.components.optimizers.spsa - DEBUG - Objective function at theta- for step # 99: 0.0035481
2021-03-03 14:57:08,724 - qiskit.aqua.components.optimizers.spsa - DEBUG - Final objective function is: -0.2877532
2021-03-03 14:59:21,617 - qiskit.aqua.components.optimizers.spsa - DEBUG - Parameters: [0.62831853 0.1        0.602      0.101      0.        ]
2021-03-03 14:59:21,618 - qiskit.aqua.components.optimizers.spsa - DEBUG - Calibration...
2021-03-03 14:59:21,618 - qiskit.aqua.components.optimizers.spsa - DEBUG - calibration step # 0 of 20
2021-03-03 15:06:06,650 - qiskit.aqua.components.optimizers.spsa - DEBUG - calibration step # 5 of 20
2021-03-03 15:12:55,146 - qiskit.aqua.components.optimizers.spsa - DEBUG - calibration step # 10 of 20
2021-03-03 15:19:43,562 - qiskit.aqua.components.optimizers.spsa - DEBUG - calibration step # 15 of 20
2021-03-03 15:26:32,228 - qiskit.aqua.components.optimizers.spsa - DEBUG - delta_obj is 0, not calibrating (since this would set c0 to inf)
2021-03-03 15:26:32,228 - qiskit.aqua.components.optimizers.spsa - DEBUG - Calibrated SPSA parameter c0 is 0.5618101
2021-03-03 15:27:53,832 - qiskit.aqua.components.optimizers.spsa - DEBUG - Objective function at theta+ for step # 0: 0.0705352
2021-03-03 15:27:53,832 - qiskit.aqua.components.optimizers.spsa - DEBUG - Objective function at theta- for step # 0: 0.0765328
2021-03-03 15:29:16,145 - qiskit.aqua.components.optimizers.spsa - DEBUG - Objective function at theta+ for step # 1: 0.2212944
2021-03-03 15:29:16,145 - qiskit.aqua.components.optimizers.spsa - DEBUG - Objective function at theta- for step # 1: 0.0174501
2021-03-03 15:30:38,216 - qiskit.aqua.components.optimizers.spsa - DEBUG - Objective function at theta+ for step # 2: 1.9334378
2021-03-03 15:30:38,217 - qiskit.aqua.components.optimizers.spsa - DEBUG - Objective function at theta- for step # 2: 1.6353872
2021-03-03 15:32:01,404 - qiskit.aqua.components.optimizers.spsa - DEBUG - Objective function at theta+ for step # 3: 3.1615561
2021-03-03 15:32:01,404 - qiskit.aqua.components.optimizers.spsa - DEBUG - Objective function at theta- for step # 3: 4.2932975
2021-03-03 15:33:23,517 - qiskit.aqua.components.optimizers.spsa - DEBUG - Objective function at theta+ for step # 4: 2.0077615
2021-03-03 15:33:23,517 - qiskit.aqua.components.optimizers.spsa - DEBUG - Objective function at theta- for step # 4: 1.3519349
2021-03-03 15:34:45,482 - qiskit.aqua.components.optimizers.spsa - DEBUG - Objective function at theta+ for step # 5: 3.3610549
2021-03-03 15:34:45,482 - qiskit.aqua.components.optimizers.spsa - DEBUG - Objective function at theta- for step # 5: 2.8342382
2021-03-03 15:36:07,609 - qiskit.aqua.components.optimizers.spsa - DEBUG - Objective function at theta+ for step # 6: 1.0181169
2021-03-03 15:36:07,609 - qiskit.aqua.components.optimizers.spsa - DEBUG - Objective function at theta- for step # 6: 0.3661781
2021-03-03 15:37:29,781 - qiskit.aqua.components.optimizers.spsa - DEBUG - Objective function at theta+ for step # 7: 3.3081826
2021-03-03 15:37:29,782 - qiskit.aqua.components.optimizers.spsa - DEBUG - Objective function at theta- for step # 7: 4.1684153
2021-03-03 15:38:52,073 - qiskit.aqua.components.optimizers.spsa - DEBUG - Objective function at theta+ for step # 8: -0.1034622
2021-03-03 15:38:52,074 - qiskit.aqua.components.optimizers.spsa - DEBUG - Objective function at theta- for step # 8: 0.1566902
2021-03-03 15:40:14,105 - qiskit.aqua.components.optimizers.spsa - DEBUG - Objective function at theta+ for step # 9: 0.0615080
2021-03-03 15:40:14,105 - qiskit.aqua.components.optimizers.spsa - DEBUG - Objective function at theta- for step # 9: 1.5227925
2021-03-03 15:41:36,347 - qiskit.aqua.components.optimizers.spsa - DEBUG - Objective function at theta+ for step # 10: 4.3961883
2021-03-03 15:41:36,347 - qiskit.aqua.components.optimizers.spsa - DEBUG - Objective function at theta- for step # 10: 4.1027553
2021-03-03 15:42:58,618 - qiskit.aqua.components.optimizers.spsa - DEBUG - Objective function at theta+ for step # 11: 4.4296208
2021-03-03 15:42:58,619 - qiskit.aqua.components.optimizers.spsa - DEBUG - Objective function at theta- for step # 11: 3.3501837
2021-03-03 15:44:20,606 - qiskit.aqua.components.optimizers.spsa - DEBUG - Objective function at theta+ for step # 12: 0.0551325
2021-03-03 15:44:20,606 - qiskit.aqua.components.optimizers.spsa - DEBUG - Objective function at theta- for step # 12: 0.5799109
2021-03-03 15:45:42,905 - qiskit.aqua.components.optimizers.spsa - DEBUG - Objective function at theta+ for step # 13: 1.0940760
2021-03-03 15:45:42,905 - qiskit.aqua.components.optimizers.spsa - DEBUG - Objective function at theta- for step # 13: 2.2521731
2021-03-03 15:47:05,566 - qiskit.aqua.components.optimizers.spsa - DEBUG - Objective function at theta+ for step # 14: -0.1202663
2021-03-03 15:47:05,566 - qiskit.aqua.components.optimizers.spsa - DEBUG - Objective function at theta- for step # 14: -0.1504488
2021-03-03 15:48:27,725 - qiskit.aqua.components.optimizers.spsa - DEBUG - Objective function at theta+ for step # 15: -0.0795993
2021-03-03 15:48:27,725 - qiskit.aqua.components.optimizers.spsa - DEBUG - Objective function at theta- for step # 15: -0.0292509
2021-03-03 15:49:49,990 - qiskit.aqua.components.optimizers.spsa - DEBUG - Objective function at theta+ for step # 16: 0.1172667
2021-03-03 15:49:49,991 - qiskit.aqua.components.optimizers.spsa - DEBUG - Objective function at theta- for step # 16: 0.1564615
2021-03-03 15:51:12,117 - qiskit.aqua.components.optimizers.spsa - DEBUG - Objective function at theta+ for step # 17: -0.0777785
2021-03-03 15:51:12,117 - qiskit.aqua.components.optimizers.spsa - DEBUG - Objective function at theta- for step # 17: 0.0247698
2021-03-03 15:52:34,466 - qiskit.aqua.components.optimizers.spsa - DEBUG - Objective function at theta+ for step # 18: -0.0640646
2021-03-03 15:52:34,467 - qiskit.aqua.components.optimizers.spsa - DEBUG - Objective function at theta- for step # 18: 0.0440584
2021-03-03 15:53:56,515 - qiskit.aqua.components.optimizers.spsa - DEBUG - Objective function at theta+ for step # 19: 0.0469599
2021-03-03 15:53:56,515 - qiskit.aqua.components.optimizers.spsa - DEBUG - Objective function at theta- for step # 19: -0.1866587
2021-03-03 15:55:18,575 - qiskit.aqua.components.optimizers.spsa - DEBUG - Objective function at theta+ for step # 20: 0.0361697
2021-03-03 15:55:18,575 - qiskit.aqua.components.optimizers.spsa - DEBUG - Objective function at theta- for step # 20: -0.1409189
2021-03-03 15:56:40,657 - qiskit.aqua.components.optimizers.spsa - DEBUG - Objective function at theta+ for step # 21: -0.1272975
2021-03-03 15:56:40,657 - qiskit.aqua.components.optimizers.spsa - DEBUG - Objective function at theta- for step # 21: 0.0741517
2021-03-03 15:58:02,744 - qiskit.aqua.components.optimizers.spsa - DEBUG - Objective function at theta+ for step # 22: 0.1412729
2021-03-03 15:58:02,744 - qiskit.aqua.components.optimizers.spsa - DEBUG - Objective function at theta- for step # 22: -0.1591796
2021-03-03 15:59:24,896 - qiskit.aqua.components.optimizers.spsa - DEBUG - Objective function at theta+ for step # 23: 0.4643517
2021-03-03 15:59:24,896 - qiskit.aqua.components.optimizers.spsa - DEBUG - Objective function at theta- for step # 23: -0.0427160
2021-03-03 16:00:46,990 - qiskit.aqua.components.optimizers.spsa - DEBUG - Objective function at theta+ for step # 24: 0.4188933
2021-03-03 16:00:46,990 - qiskit.aqua.components.optimizers.spsa - DEBUG - Objective function at theta- for step # 24: -0.0799079
2021-03-03 16:02:10,165 - qiskit.aqua.components.optimizers.spsa - DEBUG - Objective function at theta+ for step # 25: 0.0085649
2021-03-03 16:02:10,165 - qiskit.aqua.components.optimizers.spsa - DEBUG - Objective function at theta- for step # 25: 0.1465595
2021-03-03 16:03:32,194 - qiskit.aqua.components.optimizers.spsa - DEBUG - Objective function at theta+ for step # 26: -0.0643872
2021-03-03 16:03:32,194 - qiskit.aqua.components.optimizers.spsa - DEBUG - Objective function at theta- for step # 26: 0.0656424
2021-03-03 16:04:54,484 - qiskit.aqua.components.optimizers.spsa - DEBUG - Objective function at theta+ for step # 27: 0.0146567
2021-03-03 16:04:54,485 - qiskit.aqua.components.optimizers.spsa - DEBUG - Objective function at theta- for step # 27: -0.0240756
2021-03-03 16:06:16,924 - qiskit.aqua.components.optimizers.spsa - DEBUG - Objective function at theta+ for step # 28: 0.1739509
2021-03-03 16:06:16,924 - qiskit.aqua.components.optimizers.spsa - DEBUG - Objective function at theta- for step # 28: -0.1068795
2021-03-03 16:07:39,018 - qiskit.aqua.components.optimizers.spsa - DEBUG - Objective function at theta+ for step # 29: -0.0748063
2021-03-03 16:07:39,018 - qiskit.aqua.components.optimizers.spsa - DEBUG - Objective function at theta- for step # 29: 0.4375516
2021-03-03 16:09:01,069 - qiskit.aqua.components.optimizers.spsa - DEBUG - Objective function at theta+ for step # 30: 0.5263276
2021-03-03 16:09:01,069 - qiskit.aqua.components.optimizers.spsa - DEBUG - Objective function at theta- for step # 30: 1.3679827
2021-03-03 16:10:22,982 - qiskit.aqua.components.optimizers.spsa - DEBUG - Objective function at theta+ for step # 31: 0.1403466
2021-03-03 16:10:22,982 - qiskit.aqua.components.optimizers.spsa - DEBUG - Objective function at theta- for step # 31: 1.4872718
2021-03-03 16:11:44,870 - qiskit.aqua.components.optimizers.spsa - DEBUG - Objective function at theta+ for step # 32: 0.5030003
2021-03-03 16:11:44,870 - qiskit.aqua.components.optimizers.spsa - DEBUG - Objective function at theta- for step # 32: 1.6707892
2021-03-03 16:13:07,095 - qiskit.aqua.components.optimizers.spsa - DEBUG - Objective function at theta+ for step # 33: 0.9059287
2021-03-03 16:13:07,095 - qiskit.aqua.components.optimizers.spsa - DEBUG - Objective function at theta- for step # 33: 0.1860536
2021-03-03 16:14:29,168 - qiskit.aqua.components.optimizers.spsa - DEBUG - Objective function at theta+ for step # 34: 3.4105878
2021-03-03 16:14:29,169 - qiskit.aqua.components.optimizers.spsa - DEBUG - Objective function at theta- for step # 34: 3.3071719
2021-03-03 16:15:51,450 - qiskit.aqua.components.optimizers.spsa - DEBUG - Objective function at theta+ for step # 35: 2.7479472
2021-03-03 16:15:51,450 - qiskit.aqua.components.optimizers.spsa - DEBUG - Objective function at theta- for step # 35: 3.4504188
2021-03-03 16:17:13,746 - qiskit.aqua.components.optimizers.spsa - DEBUG - Objective function at theta+ for step # 36: -0.0136301
2021-03-03 16:17:13,746 - qiskit.aqua.components.optimizers.spsa - DEBUG - Objective function at theta- for step # 36: 0.0643721
2021-03-03 16:18:35,777 - qiskit.aqua.components.optimizers.spsa - DEBUG - Objective function at theta+ for step # 37: -0.0314503
2021-03-03 16:18:35,777 - qiskit.aqua.components.optimizers.spsa - DEBUG - Objective function at theta- for step # 37: 0.0553517
2021-03-03 16:19:57,930 - qiskit.aqua.components.optimizers.spsa - DEBUG - Objective function at theta+ for step # 38: 0.1049291
2021-03-03 16:19:57,930 - qiskit.aqua.components.optimizers.spsa - DEBUG - Objective function at theta- for step # 38: 0.0820255
2021-03-03 16:21:19,947 - qiskit.aqua.components.optimizers.spsa - DEBUG - Objective function at theta+ for step # 39: 0.0809001
2021-03-03 16:21:19,947 - qiskit.aqua.components.optimizers.spsa - DEBUG - Objective function at theta- for step # 39: 0.4845058
2021-03-03 16:22:42,034 - qiskit.aqua.components.optimizers.spsa - DEBUG - Objective function at theta+ for step # 40: 1.1778046
2021-03-03 16:22:42,034 - qiskit.aqua.components.optimizers.spsa - DEBUG - Objective function at theta- for step # 40: 0.5782925
2021-03-03 16:24:04,064 - qiskit.aqua.components.optimizers.spsa - DEBUG - Objective function at theta+ for step # 41: -0.0281335
2021-03-03 16:24:04,064 - qiskit.aqua.components.optimizers.spsa - DEBUG - Objective function at theta- for step # 41: 0.5252349
2021-03-03 16:25:26,097 - qiskit.aqua.components.optimizers.spsa - DEBUG - Objective function at theta+ for step # 42: 0.4837706
2021-03-03 16:25:26,097 - qiskit.aqua.components.optimizers.spsa - DEBUG - Objective function at theta- for step # 42: 0.5328859
2021-03-03 16:26:48,278 - qiskit.aqua.components.optimizers.spsa - DEBUG - Objective function at theta+ for step # 43: 0.7781710
2021-03-03 16:26:48,278 - qiskit.aqua.components.optimizers.spsa - DEBUG - Objective function at theta- for step # 43: 0.0745005
2021-03-03 16:28:10,319 - qiskit.aqua.components.optimizers.spsa - DEBUG - Objective function at theta+ for step # 44: 0.8124875
2021-03-03 16:28:10,319 - qiskit.aqua.components.optimizers.spsa - DEBUG - Objective function at theta- for step # 44: 3.3486968
2021-03-03 16:29:32,280 - qiskit.aqua.components.optimizers.spsa - DEBUG - Objective function at theta+ for step # 45: -0.1852112
2021-03-03 16:29:32,280 - qiskit.aqua.components.optimizers.spsa - DEBUG - Objective function at theta- for step # 45: -0.0958182
2021-03-03 16:30:54,277 - qiskit.aqua.components.optimizers.spsa - DEBUG - Objective function at theta+ for step # 46: 0.0411184
2021-03-03 16:30:54,278 - qiskit.aqua.components.optimizers.spsa - DEBUG - Objective function at theta- for step # 46: 0.0490480
2021-03-03 16:32:16,160 - qiskit.aqua.components.optimizers.spsa - DEBUG - Objective function at theta+ for step # 47: -0.2364302
2021-03-03 16:32:16,160 - qiskit.aqua.components.optimizers.spsa - DEBUG - Objective function at theta- for step # 47: -0.1152631
2021-03-03 16:33:39,125 - qiskit.aqua.components.optimizers.spsa - DEBUG - Objective function at theta+ for step # 48: 0.1501894
2021-03-03 16:33:39,125 - qiskit.aqua.components.optimizers.spsa - DEBUG - Objective function at theta- for step # 48: -0.1293551
2021-03-03 16:35:01,224 - qiskit.aqua.components.optimizers.spsa - DEBUG - Objective function at theta+ for step # 49: -0.1152146
2021-03-03 16:35:01,224 - qiskit.aqua.components.optimizers.spsa - DEBUG - Objective function at theta- for step # 49: -0.1569300
2021-03-03 16:36:23,735 - qiskit.aqua.components.optimizers.spsa - DEBUG - Objective function at theta+ for step # 50: 0.0879192
2021-03-03 16:36:23,735 - qiskit.aqua.components.optimizers.spsa - DEBUG - Objective function at theta- for step # 50: 0.3778362
2021-03-03 16:37:45,902 - qiskit.aqua.components.optimizers.spsa - DEBUG - Objective function at theta+ for step # 51: 0.7094244
2021-03-03 16:37:45,902 - qiskit.aqua.components.optimizers.spsa - DEBUG - Objective function at theta- for step # 51: 0.8236289
2021-03-03 16:39:08,663 - qiskit.aqua.components.optimizers.spsa - DEBUG - Objective function at theta+ for step # 52: 1.5182680
2021-03-03 16:39:08,663 - qiskit.aqua.components.optimizers.spsa - DEBUG - Objective function at theta- for step # 52: 0.2328035
2021-03-03 16:40:31,002 - qiskit.aqua.components.optimizers.spsa - DEBUG - Objective function at theta+ for step # 53: 0.0570895
2021-03-03 16:40:31,002 - qiskit.aqua.components.optimizers.spsa - DEBUG - Objective function at theta- for step # 53: 0.0150987
2021-03-03 16:41:53,400 - qiskit.aqua.components.optimizers.spsa - DEBUG - Objective function at theta+ for step # 54: 0.0636778
2021-03-03 16:41:53,401 - qiskit.aqua.components.optimizers.spsa - DEBUG - Objective function at theta- for step # 54: -0.0565551
2021-03-03 16:43:15,664 - qiskit.aqua.components.optimizers.spsa - DEBUG - Objective function at theta+ for step # 55: 0.0156221
2021-03-03 16:43:15,664 - qiskit.aqua.components.optimizers.spsa - DEBUG - Objective function at theta- for step # 55: 0.0203091
2021-03-03 16:44:37,673 - qiskit.aqua.components.optimizers.spsa - DEBUG - Objective function at theta+ for step # 56: -0.0138541
2021-03-03 16:44:37,673 - qiskit.aqua.components.optimizers.spsa - DEBUG - Objective function at theta- for step # 56: -0.0053807
2021-03-03 16:45:59,623 - qiskit.aqua.components.optimizers.spsa - DEBUG - Objective function at theta+ for step # 57: 0.0031597
2021-03-03 16:45:59,623 - qiskit.aqua.components.optimizers.spsa - DEBUG - Objective function at theta- for step # 57: 0.0182444
2021-03-03 16:47:22,227 - qiskit.aqua.components.optimizers.spsa - DEBUG - Objective function at theta+ for step # 58: 0.0600971
2021-03-03 16:47:22,227 - qiskit.aqua.components.optimizers.spsa - DEBUG - Objective function at theta- for step # 58: 0.0534262
2021-03-03 16:48:44,470 - qiskit.aqua.components.optimizers.spsa - DEBUG - Objective function at theta+ for step # 59: 0.0712066
2021-03-03 16:48:44,470 - qiskit.aqua.components.optimizers.spsa - DEBUG - Objective function at theta- for step # 59: 0.2120000
2021-03-03 16:50:06,522 - qiskit.aqua.components.optimizers.spsa - DEBUG - Objective function at theta+ for step # 60: 0.1045234
2021-03-03 16:50:06,522 - qiskit.aqua.components.optimizers.spsa - DEBUG - Objective function at theta- for step # 60: -0.0004309
2021-03-03 16:51:29,700 - qiskit.aqua.components.optimizers.spsa - DEBUG - Objective function at theta+ for step # 61: -0.0612369
2021-03-03 16:51:29,700 - qiskit.aqua.components.optimizers.spsa - DEBUG - Objective function at theta- for step # 61: 0.4796908
2021-03-03 16:52:52,093 - qiskit.aqua.components.optimizers.spsa - DEBUG - Objective function at theta+ for step # 62: 1.2776436
2021-03-03 16:52:52,094 - qiskit.aqua.components.optimizers.spsa - DEBUG - Objective function at theta- for step # 62: 0.5963235
2021-03-03 16:54:14,412 - qiskit.aqua.components.optimizers.spsa - DEBUG - Objective function at theta+ for step # 63: 0.0159606
2021-03-03 16:54:14,412 - qiskit.aqua.components.optimizers.spsa - DEBUG - Objective function at theta- for step # 63: 0.2702973
2021-03-03 16:55:36,658 - qiskit.aqua.components.optimizers.spsa - DEBUG - Objective function at theta+ for step # 64: 0.0770169
2021-03-03 16:55:36,658 - qiskit.aqua.components.optimizers.spsa - DEBUG - Objective function at theta- for step # 64: 0.1313673
2021-03-03 16:56:58,622 - qiskit.aqua.components.optimizers.spsa - DEBUG - Objective function at theta+ for step # 65: 0.0351984
2021-03-03 16:56:58,622 - qiskit.aqua.components.optimizers.spsa - DEBUG - Objective function at theta- for step # 65: 0.1402076
2021-03-03 16:58:20,641 - qiskit.aqua.components.optimizers.spsa - DEBUG - Objective function at theta+ for step # 66: -0.0407540
2021-03-03 16:58:20,641 - qiskit.aqua.components.optimizers.spsa - DEBUG - Objective function at theta- for step # 66: 0.0161450
2021-03-03 16:59:42,590 - qiskit.aqua.components.optimizers.spsa - DEBUG - Objective function at theta+ for step # 67: 0.0579521
2021-03-03 16:59:42,590 - qiskit.aqua.components.optimizers.spsa - DEBUG - Objective function at theta- for step # 67: -0.0181810
2021-03-03 17:01:04,761 - qiskit.aqua.components.optimizers.spsa - DEBUG - Objective function at theta+ for step # 68: -0.0369112
2021-03-03 17:01:04,761 - qiskit.aqua.components.optimizers.spsa - DEBUG - Objective function at theta- for step # 68: -0.0240032
2021-03-03 17:02:26,783 - qiskit.aqua.components.optimizers.spsa - DEBUG - Objective function at theta+ for step # 69: 0.0030413
2021-03-03 17:02:26,783 - qiskit.aqua.components.optimizers.spsa - DEBUG - Objective function at theta- for step # 69: -0.0017885
2021-03-03 17:03:49,518 - qiskit.aqua.components.optimizers.spsa - DEBUG - Objective function at theta+ for step # 70: -0.0047651
2021-03-03 17:03:49,518 - qiskit.aqua.components.optimizers.spsa - DEBUG - Objective function at theta- for step # 70: 0.0833353
2021-03-03 17:05:11,468 - qiskit.aqua.components.optimizers.spsa - DEBUG - Objective function at theta+ for step # 71: 0.0269584
2021-03-03 17:05:11,468 - qiskit.aqua.components.optimizers.spsa - DEBUG - Objective function at theta- for step # 71: 0.0579655
2021-03-03 17:06:33,574 - qiskit.aqua.components.optimizers.spsa - DEBUG - Objective function at theta+ for step # 72: 0.0539892
2021-03-03 17:06:33,574 - qiskit.aqua.components.optimizers.spsa - DEBUG - Objective function at theta- for step # 72: 0.0267548
2021-03-03 17:07:55,810 - qiskit.aqua.components.optimizers.spsa - DEBUG - Objective function at theta+ for step # 73: -0.0467169
2021-03-03 17:07:55,811 - qiskit.aqua.components.optimizers.spsa - DEBUG - Objective function at theta- for step # 73: 0.0301221
2021-03-03 17:09:17,867 - qiskit.aqua.components.optimizers.spsa - DEBUG - Objective function at theta+ for step # 74: -0.0069564
2021-03-03 17:09:17,868 - qiskit.aqua.components.optimizers.spsa - DEBUG - Objective function at theta- for step # 74: 0.0628620
2021-03-03 17:10:39,973 - qiskit.aqua.components.optimizers.spsa - DEBUG - Objective function at theta+ for step # 75: 0.1182014
2021-03-03 17:10:39,973 - qiskit.aqua.components.optimizers.spsa - DEBUG - Objective function at theta- for step # 75: -0.0503113
2021-03-03 17:12:02,150 - qiskit.aqua.components.optimizers.spsa - DEBUG - Objective function at theta+ for step # 76: -0.0231782
2021-03-03 17:12:02,150 - qiskit.aqua.components.optimizers.spsa - DEBUG - Objective function at theta- for step # 76: 0.4313630
2021-03-03 17:13:24,340 - qiskit.aqua.components.optimizers.spsa - DEBUG - Objective function at theta+ for step # 77: -0.0501269
2021-03-03 17:13:24,340 - qiskit.aqua.components.optimizers.spsa - DEBUG - Objective function at theta- for step # 77: 0.3924175
2021-03-03 17:14:46,407 - qiskit.aqua.components.optimizers.spsa - DEBUG - Objective function at theta+ for step # 78: 0.5267874
2021-03-03 17:14:46,407 - qiskit.aqua.components.optimizers.spsa - DEBUG - Objective function at theta- for step # 78: -0.0726866
2021-03-03 17:16:08,656 - qiskit.aqua.components.optimizers.spsa - DEBUG - Objective function at theta+ for step # 79: 0.2396570
2021-03-03 17:16:08,657 - qiskit.aqua.components.optimizers.spsa - DEBUG - Objective function at theta- for step # 79: 0.2945729
2021-03-03 17:17:30,784 - qiskit.aqua.components.optimizers.spsa - DEBUG - Objective function at theta+ for step # 80: 0.0802055
2021-03-03 17:17:30,784 - qiskit.aqua.components.optimizers.spsa - DEBUG - Objective function at theta- for step # 80: 0.4269050
2021-03-03 17:18:53,063 - qiskit.aqua.components.optimizers.spsa - DEBUG - Objective function at theta+ for step # 81: 0.0851184
2021-03-03 17:18:53,063 - qiskit.aqua.components.optimizers.spsa - DEBUG - Objective function at theta- for step # 81: -0.0459328
2021-03-03 17:20:15,303 - qiskit.aqua.components.optimizers.spsa - DEBUG - Objective function at theta+ for step # 82: -0.0537173
2021-03-03 17:20:15,303 - qiskit.aqua.components.optimizers.spsa - DEBUG - Objective function at theta- for step # 82: 0.3295538
2021-03-03 17:21:37,776 - qiskit.aqua.components.optimizers.spsa - DEBUG - Objective function at theta+ for step # 83: 1.0876801
2021-03-03 17:21:37,776 - qiskit.aqua.components.optimizers.spsa - DEBUG - Objective function at theta- for step # 83: 0.1040843
2021-03-03 17:23:00,022 - qiskit.aqua.components.optimizers.spsa - DEBUG - Objective function at theta+ for step # 84: 0.2060303
2021-03-03 17:23:00,022 - qiskit.aqua.components.optimizers.spsa - DEBUG - Objective function at theta- for step # 84: 0.5582977
2021-03-03 17:24:22,022 - qiskit.aqua.components.optimizers.spsa - DEBUG - Objective function at theta+ for step # 85: 0.5822258
2021-03-03 17:24:22,022 - qiskit.aqua.components.optimizers.spsa - DEBUG - Objective function at theta- for step # 85: -0.0552195
2021-03-03 17:25:44,207 - qiskit.aqua.components.optimizers.spsa - DEBUG - Objective function at theta+ for step # 86: 0.9078334
2021-03-03 17:25:44,208 - qiskit.aqua.components.optimizers.spsa - DEBUG - Objective function at theta- for step # 86: 0.5214458
2021-03-03 17:27:06,467 - qiskit.aqua.components.optimizers.spsa - DEBUG - Objective function at theta+ for step # 87: 0.1544815
2021-03-03 17:27:06,467 - qiskit.aqua.components.optimizers.spsa - DEBUG - Objective function at theta- for step # 87: 0.9419532
2021-03-03 17:28:28,490 - qiskit.aqua.components.optimizers.spsa - DEBUG - Objective function at theta+ for step # 88: -0.0704827
2021-03-03 17:28:28,490 - qiskit.aqua.components.optimizers.spsa - DEBUG - Objective function at theta- for step # 88: -0.0059632
2021-03-03 17:29:50,517 - qiskit.aqua.components.optimizers.spsa - DEBUG - Objective function at theta+ for step # 89: -0.0013217
2021-03-03 17:29:50,517 - qiskit.aqua.components.optimizers.spsa - DEBUG - Objective function at theta- for step # 89: -0.0731092
2021-03-03 17:31:12,417 - qiskit.aqua.components.optimizers.spsa - DEBUG - Objective function at theta+ for step # 90: -0.0318428
2021-03-03 17:31:12,417 - qiskit.aqua.components.optimizers.spsa - DEBUG - Objective function at theta- for step # 90: -0.0300962
2021-03-03 17:32:34,430 - qiskit.aqua.components.optimizers.spsa - DEBUG - Objective function at theta+ for step # 91: -0.0719160
2021-03-03 17:32:34,430 - qiskit.aqua.components.optimizers.spsa - DEBUG - Objective function at theta- for step # 91: -0.0778485
2021-03-03 17:33:56,566 - qiskit.aqua.components.optimizers.spsa - DEBUG - Objective function at theta+ for step # 92: 0.0778395
2021-03-03 17:33:56,566 - qiskit.aqua.components.optimizers.spsa - DEBUG - Objective function at theta- for step # 92: 0.1203384
2021-03-03 17:35:19,523 - qiskit.aqua.components.optimizers.spsa - DEBUG - Objective function at theta+ for step # 93: 0.1849254
2021-03-03 17:35:19,523 - qiskit.aqua.components.optimizers.spsa - DEBUG - Objective function at theta- for step # 93: -0.0240595
2021-03-03 17:36:42,048 - qiskit.aqua.components.optimizers.spsa - DEBUG - Objective function at theta+ for step # 94: -0.0870278
2021-03-03 17:36:42,048 - qiskit.aqua.components.optimizers.spsa - DEBUG - Objective function at theta- for step # 94: -0.0208891
2021-03-03 17:38:04,181 - qiskit.aqua.components.optimizers.spsa - DEBUG - Objective function at theta+ for step # 95: 0.0461632
2021-03-03 17:38:04,181 - qiskit.aqua.components.optimizers.spsa - DEBUG - Objective function at theta- for step # 95: -0.0591739
2021-03-03 17:39:26,207 - qiskit.aqua.components.optimizers.spsa - DEBUG - Objective function at theta+ for step # 96: -0.1098466
2021-03-03 17:39:26,207 - qiskit.aqua.components.optimizers.spsa - DEBUG - Objective function at theta- for step # 96: -0.0135503
2021-03-03 17:40:48,153 - qiskit.aqua.components.optimizers.spsa - DEBUG - Objective function at theta+ for step # 97: -0.0380164
2021-03-03 17:40:48,153 - qiskit.aqua.components.optimizers.spsa - DEBUG - Objective function at theta- for step # 97: -0.0443012
2021-03-03 17:42:10,163 - qiskit.aqua.components.optimizers.spsa - DEBUG - Objective function at theta+ for step # 98: -0.0904456
2021-03-03 17:42:10,163 - qiskit.aqua.components.optimizers.spsa - DEBUG - Objective function at theta- for step # 98: -0.1127340
2021-03-03 17:43:32,215 - qiskit.aqua.components.optimizers.spsa - DEBUG - Objective function at theta+ for step # 99: -0.0280279
2021-03-03 17:43:32,216 - qiskit.aqua.components.optimizers.spsa - DEBUG - Objective function at theta- for step # 99: 0.0018482
2021-03-03 17:44:13,228 - qiskit.aqua.components.optimizers.spsa - DEBUG - Final objective function is: -0.0273320
