2021-03-04 14:57:22,619 - qiskit.aqua.algorithms.vq_algorithm - INFO - Starting optimizer.
bounds=[(-3.141592653589793, 3.141592653589793), (-3.141592653589793, 3.141592653589793), (-3.141592653589793, 3.141592653589793), (-3.141592653589793, 3.141592653589793), (-3.141592653589793, 3.141592653589793), (-3.141592653589793, 3.141592653589793)]
initial point=[ 0.92100145  0.5947498  -0.66505554  1.47805528  2.29898366  0.63798575]
2021-03-04 14:57:22,620 - qiskit.aqua.components.optimizers.spsa - DEBUG - Parameters: [0.62831853 0.1        0.602      0.101      0.        ]
2021-03-04 14:57:22,620 - qiskit.aqua.components.optimizers.spsa - DEBUG - Calibration...
2021-03-04 14:57:22,620 - qiskit.aqua.components.optimizers.spsa - DEBUG - calibration step # 0 of 25
2021-03-04 14:57:26,933 - qiskit.aqua.components.optimizers.spsa - DEBUG - calibration step # 5 of 25
2021-03-04 14:57:31,103 - qiskit.aqua.components.optimizers.spsa - DEBUG - calibration step # 10 of 25
2021-03-04 14:57:35,273 - qiskit.aqua.components.optimizers.spsa - DEBUG - calibration step # 15 of 25
2021-03-04 14:57:39,405 - qiskit.aqua.components.optimizers.spsa - DEBUG - calibration step # 20 of 25
2021-03-04 14:57:43,528 - qiskit.aqua.components.optimizers.spsa - DEBUG - delta_obj is 0, not calibrating (since this would set c0 to inf)
2021-03-04 14:57:43,528 - qiskit.aqua.components.optimizers.spsa - DEBUG - Calibrated SPSA parameter c0 is 0.0649438
2021-03-04 14:57:44,356 - qiskit.aqua.components.optimizers.spsa - DEBUG - Objective function at theta+ for step # 0: 9.8637314
2021-03-04 14:57:44,357 - qiskit.aqua.components.optimizers.spsa - DEBUG - Objective function at theta- for step # 0: 7.2660446
2021-03-04 14:57:45,231 - qiskit.aqua.components.optimizers.spsa - DEBUG - Objective function at theta+ for step # 1: 2.0513229
2021-03-04 14:57:45,231 - qiskit.aqua.components.optimizers.spsa - DEBUG - Objective function at theta- for step # 1: 3.8364868
2021-03-04 14:57:46,237 - qiskit.aqua.components.optimizers.spsa - DEBUG - Objective function at theta+ for step # 2: 1.1337891
2021-03-04 14:57:46,237 - qiskit.aqua.components.optimizers.spsa - DEBUG - Objective function at theta- for step # 2: 1.3991394
2021-03-04 14:57:47,225 - qiskit.aqua.components.optimizers.spsa - DEBUG - Objective function at theta+ for step # 3: 2.2604370
2021-03-04 14:57:47,225 - qiskit.aqua.components.optimizers.spsa - DEBUG - Objective function at theta- for step # 3: 0.3488770
2021-03-04 14:57:48,137 - qiskit.aqua.components.optimizers.spsa - DEBUG - Objective function at theta+ for step # 4: 2.6021271
2021-03-04 14:57:48,138 - qiskit.aqua.components.optimizers.spsa - DEBUG - Objective function at theta- for step # 4: 0.2163849
2021-03-04 14:57:49,121 - qiskit.aqua.components.optimizers.spsa - DEBUG - Objective function at theta+ for step # 5: 0.1983643
2021-03-04 14:57:49,121 - qiskit.aqua.components.optimizers.spsa - DEBUG - Objective function at theta- for step # 5: 1.2251511
2021-03-04 14:57:50,081 - qiskit.aqua.components.optimizers.spsa - DEBUG - Objective function at theta+ for step # 6: 0.1745377
2021-03-04 14:57:50,081 - qiskit.aqua.components.optimizers.spsa - DEBUG - Objective function at theta- for step # 6: 0.2104416
2021-03-04 14:57:51,037 - qiskit.aqua.components.optimizers.spsa - DEBUG - Objective function at theta+ for step # 7: 0.1479797
2021-03-04 14:57:51,037 - qiskit.aqua.components.optimizers.spsa - DEBUG - Objective function at theta- for step # 7: 0.1950684
2021-03-04 14:57:51,994 - qiskit.aqua.components.optimizers.spsa - DEBUG - Objective function at theta+ for step # 8: 0.5764847
2021-03-04 14:57:51,994 - qiskit.aqua.components.optimizers.spsa - DEBUG - Objective function at theta- for step # 8: 0.3953323
2021-03-04 14:57:52,938 - qiskit.aqua.components.optimizers.spsa - DEBUG - Objective function at theta+ for step # 9: 0.1856461
2021-03-04 14:57:52,938 - qiskit.aqua.components.optimizers.spsa - DEBUG - Objective function at theta- for step # 9: 0.1829071
2021-03-04 14:57:53,894 - qiskit.aqua.components.optimizers.spsa - DEBUG - Objective function at theta+ for step # 10: 0.0812912
2021-03-04 14:57:53,894 - qiskit.aqua.components.optimizers.spsa - DEBUG - Objective function at theta- for step # 10: 0.1736298
2021-03-04 14:57:54,845 - qiskit.aqua.components.optimizers.spsa - DEBUG - Objective function at theta+ for step # 11: 0.1592484
2021-03-04 14:57:54,845 - qiskit.aqua.components.optimizers.spsa - DEBUG - Objective function at theta- for step # 11: 0.1500015
2021-03-04 14:57:55,793 - qiskit.aqua.components.optimizers.spsa - DEBUG - Objective function at theta+ for step # 12: 0.2124557
2021-03-04 14:57:55,793 - qiskit.aqua.components.optimizers.spsa - DEBUG - Objective function at theta- for step # 12: 0.0880051
2021-03-04 14:57:56,752 - qiskit.aqua.components.optimizers.spsa - DEBUG - Objective function at theta+ for step # 13: 0.2519989
2021-03-04 14:57:56,752 - qiskit.aqua.components.optimizers.spsa - DEBUG - Objective function at theta- for step # 13: 0.2075195
2021-03-04 14:57:57,703 - qiskit.aqua.components.optimizers.spsa - DEBUG - Objective function at theta+ for step # 14: 0.1750641
2021-03-04 14:57:57,703 - qiskit.aqua.components.optimizers.spsa - DEBUG - Objective function at theta- for step # 14: 0.1426849
2021-03-04 14:57:58,653 - qiskit.aqua.components.optimizers.spsa - DEBUG - Objective function at theta+ for step # 15: 0.2416000
2021-03-04 14:57:58,653 - qiskit.aqua.components.optimizers.spsa - DEBUG - Objective function at theta- for step # 15: 0.3144913
2021-03-04 14:57:59,607 - qiskit.aqua.components.optimizers.spsa - DEBUG - Objective function at theta+ for step # 16: 0.2094879
2021-03-04 14:57:59,607 - qiskit.aqua.components.optimizers.spsa - DEBUG - Objective function at theta- for step # 16: 0.1563721
2021-03-04 14:58:00,575 - qiskit.aqua.components.optimizers.spsa - DEBUG - Objective function at theta+ for step # 17: 0.1267548
2021-03-04 14:58:00,575 - qiskit.aqua.components.optimizers.spsa - DEBUG - Objective function at theta- for step # 17: 0.1840439
2021-03-04 14:58:01,522 - qiskit.aqua.components.optimizers.spsa - DEBUG - Objective function at theta+ for step # 18: 0.2300568
2021-03-04 14:58:01,522 - qiskit.aqua.components.optimizers.spsa - DEBUG - Objective function at theta- for step # 18: 0.2975006
2021-03-04 14:58:02,477 - qiskit.aqua.components.optimizers.spsa - DEBUG - Objective function at theta+ for step # 19: 0.5125427
2021-03-04 14:58:02,477 - qiskit.aqua.components.optimizers.spsa - DEBUG - Objective function at theta- for step # 19: 0.3792725
2021-03-04 14:58:03,422 - qiskit.aqua.components.optimizers.spsa - DEBUG - Objective function at theta+ for step # 20: 0.1059647
2021-03-04 14:58:03,422 - qiskit.aqua.components.optimizers.spsa - DEBUG - Objective function at theta- for step # 20: 0.2034760
2021-03-04 14:58:04,381 - qiskit.aqua.components.optimizers.spsa - DEBUG - Objective function at theta+ for step # 21: 0.4623260
2021-03-04 14:58:04,381 - qiskit.aqua.components.optimizers.spsa - DEBUG - Objective function at theta- for step # 21: 0.4385147
2021-03-04 14:58:05,340 - qiskit.aqua.components.optimizers.spsa - DEBUG - Objective function at theta+ for step # 22: 0.1264877
2021-03-04 14:58:05,340 - qiskit.aqua.components.optimizers.spsa - DEBUG - Objective function at theta- for step # 22: 0.1128922
2021-03-04 14:58:06,302 - qiskit.aqua.components.optimizers.spsa - DEBUG - Objective function at theta+ for step # 23: 0.0939636
2021-03-04 14:58:06,302 - qiskit.aqua.components.optimizers.spsa - DEBUG - Objective function at theta- for step # 23: 0.1457367
2021-03-04 14:58:07,254 - qiskit.aqua.components.optimizers.spsa - DEBUG - Objective function at theta+ for step # 24: 0.1385345
2021-03-04 14:58:07,254 - qiskit.aqua.components.optimizers.spsa - DEBUG - Objective function at theta- for step # 24: 0.1734695
2021-03-04 14:58:08,216 - qiskit.aqua.components.optimizers.spsa - DEBUG - Objective function at theta+ for step # 25: 0.1321182
2021-03-04 14:58:08,216 - qiskit.aqua.components.optimizers.spsa - DEBUG - Objective function at theta- for step # 25: 0.2591553
2021-03-04 14:58:09,181 - qiskit.aqua.components.optimizers.spsa - DEBUG - Objective function at theta+ for step # 26: 0.1082001
2021-03-04 14:58:09,181 - qiskit.aqua.components.optimizers.spsa - DEBUG - Objective function at theta- for step # 26: 0.1352615
2021-03-04 14:58:10,129 - qiskit.aqua.components.optimizers.spsa - DEBUG - Objective function at theta+ for step # 27: 0.1603775
2021-03-04 14:58:10,129 - qiskit.aqua.components.optimizers.spsa - DEBUG - Objective function at theta- for step # 27: 0.1247253
2021-03-04 14:58:11,080 - qiskit.aqua.components.optimizers.spsa - DEBUG - Objective function at theta+ for step # 28: 0.1590271
2021-03-04 14:58:11,080 - qiskit.aqua.components.optimizers.spsa - DEBUG - Objective function at theta- for step # 28: 0.1019363
2021-03-04 14:58:12,026 - qiskit.aqua.components.optimizers.spsa - DEBUG - Objective function at theta+ for step # 29: 0.2226486
2021-03-04 14:58:12,026 - qiskit.aqua.components.optimizers.spsa - DEBUG - Objective function at theta- for step # 29: 0.1567612
2021-03-04 14:58:12,973 - qiskit.aqua.components.optimizers.spsa - DEBUG - Objective function at theta+ for step # 30: 0.3215027
2021-03-04 14:58:12,973 - qiskit.aqua.components.optimizers.spsa - DEBUG - Objective function at theta- for step # 30: 0.2438431
2021-03-04 14:58:13,924 - qiskit.aqua.components.optimizers.spsa - DEBUG - Objective function at theta+ for step # 31: 0.1308136
2021-03-04 14:58:13,924 - qiskit.aqua.components.optimizers.spsa - DEBUG - Objective function at theta- for step # 31: 0.0954056
2021-03-04 14:58:14,873 - qiskit.aqua.components.optimizers.spsa - DEBUG - Objective function at theta+ for step # 32: 0.1077118
2021-03-04 14:58:14,873 - qiskit.aqua.components.optimizers.spsa - DEBUG - Objective function at theta- for step # 32: 0.1091843
2021-03-04 14:58:15,825 - qiskit.aqua.components.optimizers.spsa - DEBUG - Objective function at theta+ for step # 33: 0.3686752
2021-03-04 14:58:15,825 - qiskit.aqua.components.optimizers.spsa - DEBUG - Objective function at theta- for step # 33: 0.3893890
2021-03-04 14:58:16,780 - qiskit.aqua.components.optimizers.spsa - DEBUG - Objective function at theta+ for step # 34: 0.1214600
2021-03-04 14:58:16,780 - qiskit.aqua.components.optimizers.spsa - DEBUG - Objective function at theta- for step # 34: 0.1604614
2021-03-04 14:58:17,742 - qiskit.aqua.components.optimizers.spsa - DEBUG - Objective function at theta+ for step # 35: 0.3200378
2021-03-04 14:58:17,742 - qiskit.aqua.components.optimizers.spsa - DEBUG - Objective function at theta- for step # 35: 0.2318344
2021-03-04 14:58:18,688 - qiskit.aqua.components.optimizers.spsa - DEBUG - Objective function at theta+ for step # 36: 0.1220474
2021-03-04 14:58:18,688 - qiskit.aqua.components.optimizers.spsa - DEBUG - Objective function at theta- for step # 36: 0.1445389
2021-03-04 14:58:19,647 - qiskit.aqua.components.optimizers.spsa - DEBUG - Objective function at theta+ for step # 37: 0.3957138
2021-03-04 14:58:19,647 - qiskit.aqua.components.optimizers.spsa - DEBUG - Objective function at theta- for step # 37: 0.4321060
2021-03-04 14:58:20,598 - qiskit.aqua.components.optimizers.spsa - DEBUG - Objective function at theta+ for step # 38: 0.2531052
2021-03-04 14:58:20,598 - qiskit.aqua.components.optimizers.spsa - DEBUG - Objective function at theta- for step # 38: 0.2575760
2021-03-04 14:58:21,548 - qiskit.aqua.components.optimizers.spsa - DEBUG - Objective function at theta+ for step # 39: 0.1969681
2021-03-04 14:58:21,548 - qiskit.aqua.components.optimizers.spsa - DEBUG - Objective function at theta- for step # 39: 0.2027359
2021-03-04 14:58:22,502 - qiskit.aqua.components.optimizers.spsa - DEBUG - Objective function at theta+ for step # 40: 0.1164474
2021-03-04 14:58:22,502 - qiskit.aqua.components.optimizers.spsa - DEBUG - Objective function at theta- for step # 40: 0.0891342
2021-03-04 14:58:23,453 - qiskit.aqua.components.optimizers.spsa - DEBUG - Objective function at theta+ for step # 41: 0.1202393
2021-03-04 14:58:23,453 - qiskit.aqua.components.optimizers.spsa - DEBUG - Objective function at theta- for step # 41: 0.1109238
2021-03-04 14:58:24,431 - qiskit.aqua.components.optimizers.spsa - DEBUG - Objective function at theta+ for step # 42: 0.2159500
2021-03-04 14:58:24,431 - qiskit.aqua.components.optimizers.spsa - DEBUG - Objective function at theta- for step # 42: 0.2651215
2021-03-04 14:58:25,393 - qiskit.aqua.components.optimizers.spsa - DEBUG - Objective function at theta+ for step # 43: 0.1647415
2021-03-04 14:58:25,393 - qiskit.aqua.components.optimizers.spsa - DEBUG - Objective function at theta- for step # 43: 0.1350479
2021-03-04 14:58:26,354 - qiskit.aqua.components.optimizers.spsa - DEBUG - Objective function at theta+ for step # 44: 0.1052170
2021-03-04 14:58:26,355 - qiskit.aqua.components.optimizers.spsa - DEBUG - Objective function at theta- for step # 44: 0.1369781
2021-03-04 14:58:27,318 - qiskit.aqua.components.optimizers.spsa - DEBUG - Objective function at theta+ for step # 45: 0.0991821
2021-03-04 14:58:27,318 - qiskit.aqua.components.optimizers.spsa - DEBUG - Objective function at theta- for step # 45: 0.1264725
2021-03-04 14:58:28,289 - qiskit.aqua.components.optimizers.spsa - DEBUG - Objective function at theta+ for step # 46: 0.2934189
2021-03-04 14:58:28,289 - qiskit.aqua.components.optimizers.spsa - DEBUG - Objective function at theta- for step # 46: 0.2462540
2021-03-04 14:58:29,252 - qiskit.aqua.components.optimizers.spsa - DEBUG - Objective function at theta+ for step # 47: 0.3731918
2021-03-04 14:58:29,252 - qiskit.aqua.components.optimizers.spsa - DEBUG - Objective function at theta- for step # 47: 0.3761368
2021-03-04 14:58:30,200 - qiskit.aqua.components.optimizers.spsa - DEBUG - Objective function at theta+ for step # 48: 0.1945114
2021-03-04 14:58:30,200 - qiskit.aqua.components.optimizers.spsa - DEBUG - Objective function at theta- for step # 48: 0.1884995
2021-03-04 14:58:31,162 - qiskit.aqua.components.optimizers.spsa - DEBUG - Objective function at theta+ for step # 49: 0.1327286
2021-03-04 14:58:31,162 - qiskit.aqua.components.optimizers.spsa - DEBUG - Objective function at theta- for step # 49: 0.1557541
2021-03-04 14:58:32,111 - qiskit.aqua.components.optimizers.spsa - DEBUG - Objective function at theta+ for step # 50: 0.1614075
2021-03-04 14:58:32,112 - qiskit.aqua.components.optimizers.spsa - DEBUG - Objective function at theta- for step # 50: 0.1707687
2021-03-04 14:58:33,057 - qiskit.aqua.components.optimizers.spsa - DEBUG - Objective function at theta+ for step # 51: 0.3521881
2021-03-04 14:58:33,057 - qiskit.aqua.components.optimizers.spsa - DEBUG - Objective function at theta- for step # 51: 0.3579483
2021-03-04 14:58:34,076 - qiskit.aqua.components.optimizers.spsa - DEBUG - Objective function at theta+ for step # 52: 0.1646576
2021-03-04 14:58:34,076 - qiskit.aqua.components.optimizers.spsa - DEBUG - Objective function at theta- for step # 52: 0.1118393
2021-03-04 14:58:35,024 - qiskit.aqua.components.optimizers.spsa - DEBUG - Objective function at theta+ for step # 53: 0.1965408
2021-03-04 14:58:35,024 - qiskit.aqua.components.optimizers.spsa - DEBUG - Objective function at theta- for step # 53: 0.0996323
2021-03-04 14:58:35,974 - qiskit.aqua.components.optimizers.spsa - DEBUG - Objective function at theta+ for step # 54: 0.3831100
2021-03-04 14:58:35,974 - qiskit.aqua.components.optimizers.spsa - DEBUG - Objective function at theta- for step # 54: 0.4168396
2021-03-04 14:58:36,920 - qiskit.aqua.components.optimizers.spsa - DEBUG - Objective function at theta+ for step # 55: 0.3021927
2021-03-04 14:58:36,921 - qiskit.aqua.components.optimizers.spsa - DEBUG - Objective function at theta- for step # 55: 0.2635269
2021-03-04 14:58:37,895 - qiskit.aqua.components.optimizers.spsa - DEBUG - Objective function at theta+ for step # 56: 0.1654968
2021-03-04 14:58:37,895 - qiskit.aqua.components.optimizers.spsa - DEBUG - Objective function at theta- for step # 56: 0.0766754
2021-03-04 14:58:38,840 - qiskit.aqua.components.optimizers.spsa - DEBUG - Objective function at theta+ for step # 57: 0.1037750
2021-03-04 14:58:38,840 - qiskit.aqua.components.optimizers.spsa - DEBUG - Objective function at theta- for step # 57: 0.1517029
2021-03-04 14:58:39,790 - qiskit.aqua.components.optimizers.spsa - DEBUG - Objective function at theta+ for step # 58: 0.1547775
2021-03-04 14:58:39,790 - qiskit.aqua.components.optimizers.spsa - DEBUG - Objective function at theta- for step # 58: 0.1425400
2021-03-04 14:58:40,744 - qiskit.aqua.components.optimizers.spsa - DEBUG - Objective function at theta+ for step # 59: 0.1768417
2021-03-04 14:58:40,744 - qiskit.aqua.components.optimizers.spsa - DEBUG - Objective function at theta- for step # 59: 0.1968689
2021-03-04 14:58:41,696 - qiskit.aqua.components.optimizers.spsa - DEBUG - Objective function at theta+ for step # 60: 0.1242523
2021-03-04 14:58:41,696 - qiskit.aqua.components.optimizers.spsa - DEBUG - Objective function at theta- for step # 60: 0.1004715
2021-03-04 14:58:42,668 - qiskit.aqua.components.optimizers.spsa - DEBUG - Objective function at theta+ for step # 61: 0.0988846
2021-03-04 14:58:42,668 - qiskit.aqua.components.optimizers.spsa - DEBUG - Objective function at theta- for step # 61: 0.1245193
2021-03-04 14:58:43,618 - qiskit.aqua.components.optimizers.spsa - DEBUG - Objective function at theta+ for step # 62: 0.1185837
2021-03-04 14:58:43,618 - qiskit.aqua.components.optimizers.spsa - DEBUG - Objective function at theta- for step # 62: 0.1047974
2021-03-04 14:58:44,568 - qiskit.aqua.components.optimizers.spsa - DEBUG - Objective function at theta+ for step # 63: 0.1147995
2021-03-04 14:58:44,568 - qiskit.aqua.components.optimizers.spsa - DEBUG - Objective function at theta- for step # 63: 0.1090012
2021-03-04 14:58:45,519 - qiskit.aqua.components.optimizers.spsa - DEBUG - Objective function at theta+ for step # 64: 0.3036652
2021-03-04 14:58:45,519 - qiskit.aqua.components.optimizers.spsa - DEBUG - Objective function at theta- for step # 64: 0.2774582
2021-03-04 14:58:46,470 - qiskit.aqua.components.optimizers.spsa - DEBUG - Objective function at theta+ for step # 65: 0.1073303
2021-03-04 14:58:46,470 - qiskit.aqua.components.optimizers.spsa - DEBUG - Objective function at theta- for step # 65: 0.1434326
2021-03-04 14:58:47,421 - qiskit.aqua.components.optimizers.spsa - DEBUG - Objective function at theta+ for step # 66: 0.0877914
2021-03-04 14:58:47,422 - qiskit.aqua.components.optimizers.spsa - DEBUG - Objective function at theta- for step # 66: 0.0888824
2021-03-04 14:58:48,373 - qiskit.aqua.components.optimizers.spsa - DEBUG - Objective function at theta+ for step # 67: 0.1114502
2021-03-04 14:58:48,373 - qiskit.aqua.components.optimizers.spsa - DEBUG - Objective function at theta- for step # 67: 0.0783539
2021-03-04 14:58:49,327 - qiskit.aqua.components.optimizers.spsa - DEBUG - Objective function at theta+ for step # 68: 0.3779984
2021-03-04 14:58:49,327 - qiskit.aqua.components.optimizers.spsa - DEBUG - Objective function at theta- for step # 68: 0.4021683
2021-03-04 14:58:50,283 - qiskit.aqua.components.optimizers.spsa - DEBUG - Objective function at theta+ for step # 69: 0.1092758
2021-03-04 14:58:50,283 - qiskit.aqua.components.optimizers.spsa - DEBUG - Objective function at theta- for step # 69: 0.1170883
2021-03-04 14:58:51,252 - qiskit.aqua.components.optimizers.spsa - DEBUG - Objective function at theta+ for step # 70: 0.0811005
2021-03-04 14:58:51,252 - qiskit.aqua.components.optimizers.spsa - DEBUG - Objective function at theta- for step # 70: 0.1250763
2021-03-04 14:58:52,213 - qiskit.aqua.components.optimizers.spsa - DEBUG - Objective function at theta+ for step # 71: 0.1267853
2021-03-04 14:58:52,213 - qiskit.aqua.components.optimizers.spsa - DEBUG - Objective function at theta- for step # 71: 0.1195374
2021-03-04 14:58:53,166 - qiskit.aqua.components.optimizers.spsa - DEBUG - Objective function at theta+ for step # 72: 0.1368027
2021-03-04 14:58:53,166 - qiskit.aqua.components.optimizers.spsa - DEBUG - Objective function at theta- for step # 72: 0.1106033
2021-03-04 14:58:54,126 - qiskit.aqua.components.optimizers.spsa - DEBUG - Objective function at theta+ for step # 73: 0.1270981
2021-03-04 14:58:54,126 - qiskit.aqua.components.optimizers.spsa - DEBUG - Objective function at theta- for step # 73: 0.0916214
2021-03-04 14:58:55,075 - qiskit.aqua.components.optimizers.spsa - DEBUG - Objective function at theta+ for step # 74: 0.1154556
2021-03-04 14:58:55,075 - qiskit.aqua.components.optimizers.spsa - DEBUG - Objective function at theta- for step # 74: 0.1544189
2021-03-04 14:58:56,033 - qiskit.aqua.components.optimizers.spsa - DEBUG - Objective function at theta+ for step # 75: 0.2420120
2021-03-04 14:58:56,033 - qiskit.aqua.components.optimizers.spsa - DEBUG - Objective function at theta- for step # 75: 0.2831497
2021-03-04 14:58:56,978 - qiskit.aqua.components.optimizers.spsa - DEBUG - Objective function at theta+ for step # 76: 0.0953140
2021-03-04 14:58:56,978 - qiskit.aqua.components.optimizers.spsa - DEBUG - Objective function at theta- for step # 76: 0.1549606
2021-03-04 14:58:57,923 - qiskit.aqua.components.optimizers.spsa - DEBUG - Objective function at theta+ for step # 77: 0.1639328
2021-03-04 14:58:57,923 - qiskit.aqua.components.optimizers.spsa - DEBUG - Objective function at theta- for step # 77: 0.1053467
2021-03-04 14:58:58,876 - qiskit.aqua.components.optimizers.spsa - DEBUG - Objective function at theta+ for step # 78: 0.1039124
2021-03-04 14:58:58,876 - qiskit.aqua.components.optimizers.spsa - DEBUG - Objective function at theta- for step # 78: 0.1202011
2021-03-04 14:58:59,829 - qiskit.aqua.components.optimizers.spsa - DEBUG - Objective function at theta+ for step # 79: 0.2524490
2021-03-04 14:58:59,829 - qiskit.aqua.components.optimizers.spsa - DEBUG - Objective function at theta- for step # 79: 0.2369385
2021-03-04 14:59:00,780 - qiskit.aqua.components.optimizers.spsa - DEBUG - Objective function at theta+ for step # 80: 0.1522598
2021-03-04 14:59:00,780 - qiskit.aqua.components.optimizers.spsa - DEBUG - Objective function at theta- for step # 80: 0.1243210
2021-03-04 14:59:01,736 - qiskit.aqua.components.optimizers.spsa - DEBUG - Objective function at theta+ for step # 81: 0.1107483
2021-03-04 14:59:01,737 - qiskit.aqua.components.optimizers.spsa - DEBUG - Objective function at theta- for step # 81: 0.1188812
2021-03-04 14:59:02,691 - qiskit.aqua.components.optimizers.spsa - DEBUG - Objective function at theta+ for step # 82: 0.1506500
2021-03-04 14:59:02,691 - qiskit.aqua.components.optimizers.spsa - DEBUG - Objective function at theta- for step # 82: 0.1498032
2021-03-04 14:59:03,645 - qiskit.aqua.components.optimizers.spsa - DEBUG - Objective function at theta+ for step # 83: 0.1517792
2021-03-04 14:59:03,645 - qiskit.aqua.components.optimizers.spsa - DEBUG - Objective function at theta- for step # 83: 0.0816574
2021-03-04 14:59:04,593 - qiskit.aqua.components.optimizers.spsa - DEBUG - Objective function at theta+ for step # 84: 0.1634903
2021-03-04 14:59:04,593 - qiskit.aqua.components.optimizers.spsa - DEBUG - Objective function at theta- for step # 84: 0.1482391
2021-03-04 14:59:05,551 - qiskit.aqua.components.optimizers.spsa - DEBUG - Objective function at theta+ for step # 85: 0.1031036
2021-03-04 14:59:05,551 - qiskit.aqua.components.optimizers.spsa - DEBUG - Objective function at theta- for step # 85: 0.0737915
2021-03-04 14:59:06,505 - qiskit.aqua.components.optimizers.spsa - DEBUG - Objective function at theta+ for step # 86: 0.1420822
2021-03-04 14:59:06,505 - qiskit.aqua.components.optimizers.spsa - DEBUG - Objective function at theta- for step # 86: 0.1430359
2021-03-04 14:59:07,473 - qiskit.aqua.components.optimizers.spsa - DEBUG - Objective function at theta+ for step # 87: 0.0954056
2021-03-04 14:59:07,473 - qiskit.aqua.components.optimizers.spsa - DEBUG - Objective function at theta- for step # 87: 0.1148758
2021-03-04 14:59:08,446 - qiskit.aqua.components.optimizers.spsa - DEBUG - Objective function at theta+ for step # 88: 0.0977631
2021-03-04 14:59:08,446 - qiskit.aqua.components.optimizers.spsa - DEBUG - Objective function at theta- for step # 88: 0.1106567
2021-03-04 14:59:09,411 - qiskit.aqua.components.optimizers.spsa - DEBUG - Objective function at theta+ for step # 89: 0.1037064
2021-03-04 14:59:09,411 - qiskit.aqua.components.optimizers.spsa - DEBUG - Objective function at theta- for step # 89: 0.0998840
2021-03-04 14:59:10,368 - qiskit.aqua.components.optimizers.spsa - DEBUG - Objective function at theta+ for step # 90: 0.3064194
2021-03-04 14:59:10,369 - qiskit.aqua.components.optimizers.spsa - DEBUG - Objective function at theta- for step # 90: 0.3724670
2021-03-04 14:59:11,337 - qiskit.aqua.components.optimizers.spsa - DEBUG - Objective function at theta+ for step # 91: 0.3318787
2021-03-04 14:59:11,337 - qiskit.aqua.components.optimizers.spsa - DEBUG - Objective function at theta- for step # 91: 0.3018875
2021-03-04 14:59:12,287 - qiskit.aqua.components.optimizers.spsa - DEBUG - Objective function at theta+ for step # 92: 0.0959244
2021-03-04 14:59:12,287 - qiskit.aqua.components.optimizers.spsa - DEBUG - Objective function at theta- for step # 92: 0.0928879
2021-03-04 14:59:13,238 - qiskit.aqua.components.optimizers.spsa - DEBUG - Objective function at theta+ for step # 93: 0.2726974
2021-03-04 14:59:13,238 - qiskit.aqua.components.optimizers.spsa - DEBUG - Objective function at theta- for step # 93: 0.2761993
2021-03-04 14:59:14,197 - qiskit.aqua.components.optimizers.spsa - DEBUG - Objective function at theta+ for step # 94: 0.1495514
2021-03-04 14:59:14,197 - qiskit.aqua.components.optimizers.spsa - DEBUG - Objective function at theta- for step # 94: 0.0783997
2021-03-04 14:59:15,159 - qiskit.aqua.components.optimizers.spsa - DEBUG - Objective function at theta+ for step # 95: 0.1102448
2021-03-04 14:59:15,159 - qiskit.aqua.components.optimizers.spsa - DEBUG - Objective function at theta- for step # 95: 0.1375198
2021-03-04 14:59:16,117 - qiskit.aqua.components.optimizers.spsa - DEBUG - Objective function at theta+ for step # 96: 0.2282028
2021-03-04 14:59:16,117 - qiskit.aqua.components.optimizers.spsa - DEBUG - Objective function at theta- for step # 96: 0.2057800
2021-03-04 14:59:17,069 - qiskit.aqua.components.optimizers.spsa - DEBUG - Objective function at theta+ for step # 97: 0.1155090
2021-03-04 14:59:17,069 - qiskit.aqua.components.optimizers.spsa - DEBUG - Objective function at theta- for step # 97: 0.1268616
2021-03-04 14:59:18,018 - qiskit.aqua.components.optimizers.spsa - DEBUG - Objective function at theta+ for step # 98: 0.1430359
2021-03-04 14:59:18,018 - qiskit.aqua.components.optimizers.spsa - DEBUG - Objective function at theta- for step # 98: 0.1493225
2021-03-04 14:59:18,973 - qiskit.aqua.components.optimizers.spsa - DEBUG - Objective function at theta+ for step # 99: 0.2615738
2021-03-04 14:59:18,973 - qiskit.aqua.components.optimizers.spsa - DEBUG - Objective function at theta- for step # 99: 0.2359161
2021-03-04 14:59:19,925 - qiskit.aqua.components.optimizers.spsa - DEBUG - Objective function at theta+ for step # 100: 0.1711655
2021-03-04 14:59:19,925 - qiskit.aqua.components.optimizers.spsa - DEBUG - Objective function at theta- for step # 100: 0.1417389
2021-03-04 14:59:20,884 - qiskit.aqua.components.optimizers.spsa - DEBUG - Objective function at theta+ for step # 101: 0.1520386
2021-03-04 14:59:20,884 - qiskit.aqua.components.optimizers.spsa - DEBUG - Objective function at theta- for step # 101: 0.1485062
2021-03-04 14:59:21,848 - qiskit.aqua.components.optimizers.spsa - DEBUG - Objective function at theta+ for step # 102: 0.0999146
2021-03-04 14:59:21,848 - qiskit.aqua.components.optimizers.spsa - DEBUG - Objective function at theta- for step # 102: 0.1351089
2021-03-04 14:59:22,798 - qiskit.aqua.components.optimizers.spsa - DEBUG - Objective function at theta+ for step # 103: 0.1403580
2021-03-04 14:59:22,798 - qiskit.aqua.components.optimizers.spsa - DEBUG - Objective function at theta- for step # 103: 0.1399536
2021-03-04 14:59:23,743 - qiskit.aqua.components.optimizers.spsa - DEBUG - Objective function at theta+ for step # 104: 0.1011581
2021-03-04 14:59:23,743 - qiskit.aqua.components.optimizers.spsa - DEBUG - Objective function at theta- for step # 104: 0.1830292
2021-03-04 14:59:24,698 - qiskit.aqua.components.optimizers.spsa - DEBUG - Objective function at theta+ for step # 105: 0.0473862
2021-03-04 14:59:24,698 - qiskit.aqua.components.optimizers.spsa - DEBUG - Objective function at theta- for step # 105: 0.1357040
2021-03-04 14:59:25,652 - qiskit.aqua.components.optimizers.spsa - DEBUG - Objective function at theta+ for step # 106: 0.0822220
2021-03-04 14:59:25,652 - qiskit.aqua.components.optimizers.spsa - DEBUG - Objective function at theta- for step # 106: 0.1085663
2021-03-04 14:59:26,624 - qiskit.aqua.components.optimizers.spsa - DEBUG - Objective function at theta+ for step # 107: 0.2467499
2021-03-04 14:59:26,624 - qiskit.aqua.components.optimizers.spsa - DEBUG - Objective function at theta- for step # 107: 0.2145691
2021-03-04 14:59:27,598 - qiskit.aqua.components.optimizers.spsa - DEBUG - Objective function at theta+ for step # 108: 0.2438965
2021-03-04 14:59:27,598 - qiskit.aqua.components.optimizers.spsa - DEBUG - Objective function at theta- for step # 108: 0.2548370
2021-03-04 14:59:28,549 - qiskit.aqua.components.optimizers.spsa - DEBUG - Objective function at theta+ for step # 109: 0.0731049
2021-03-04 14:59:28,549 - qiskit.aqua.components.optimizers.spsa - DEBUG - Objective function at theta- for step # 109: 0.1037827
2021-03-04 14:59:29,497 - qiskit.aqua.components.optimizers.spsa - DEBUG - Objective function at theta+ for step # 110: 0.1111298
2021-03-04 14:59:29,497 - qiskit.aqua.components.optimizers.spsa - DEBUG - Objective function at theta- for step # 110: 0.1459885
2021-03-04 14:59:30,443 - qiskit.aqua.components.optimizers.spsa - DEBUG - Objective function at theta+ for step # 111: 0.1237183
2021-03-04 14:59:30,443 - qiskit.aqua.components.optimizers.spsa - DEBUG - Objective function at theta- for step # 111: 0.0566177
2021-03-04 14:59:31,393 - qiskit.aqua.components.optimizers.spsa - DEBUG - Objective function at theta+ for step # 112: 0.0998001
2021-03-04 14:59:31,394 - qiskit.aqua.components.optimizers.spsa - DEBUG - Objective function at theta- for step # 112: 0.0778122
2021-03-04 14:59:32,356 - qiskit.aqua.components.optimizers.spsa - DEBUG - Objective function at theta+ for step # 113: 0.1537476
2021-03-04 14:59:32,356 - qiskit.aqua.components.optimizers.spsa - DEBUG - Objective function at theta- for step # 113: 0.1027527
2021-03-04 14:59:33,307 - qiskit.aqua.components.optimizers.spsa - DEBUG - Objective function at theta+ for step # 114: 0.0892410
2021-03-04 14:59:33,307 - qiskit.aqua.components.optimizers.spsa - DEBUG - Objective function at theta- for step # 114: 0.1172562
2021-03-04 14:59:34,260 - qiskit.aqua.components.optimizers.spsa - DEBUG - Objective function at theta+ for step # 115: 0.3478928
2021-03-04 14:59:34,260 - qiskit.aqua.components.optimizers.spsa - DEBUG - Objective function at theta- for step # 115: 0.3433380
2021-03-04 14:59:35,213 - qiskit.aqua.components.optimizers.spsa - DEBUG - Objective function at theta+ for step # 116: 0.1375351
2021-03-04 14:59:35,213 - qiskit.aqua.components.optimizers.spsa - DEBUG - Objective function at theta- for step # 116: 0.1207504
2021-03-04 14:59:36,177 - qiskit.aqua.components.optimizers.spsa - DEBUG - Objective function at theta+ for step # 117: 0.1383820
2021-03-04 14:59:36,177 - qiskit.aqua.components.optimizers.spsa - DEBUG - Objective function at theta- for step # 117: 0.1643677
2021-03-04 14:59:37,131 - qiskit.aqua.components.optimizers.spsa - DEBUG - Objective function at theta+ for step # 118: 0.2372665
2021-03-04 14:59:37,132 - qiskit.aqua.components.optimizers.spsa - DEBUG - Objective function at theta- for step # 118: 0.2457809
2021-03-04 14:59:38,105 - qiskit.aqua.components.optimizers.spsa - DEBUG - Objective function at theta+ for step # 119: 0.2304077
2021-03-04 14:59:38,105 - qiskit.aqua.components.optimizers.spsa - DEBUG - Objective function at theta- for step # 119: 0.2264862
2021-03-04 14:59:39,069 - qiskit.aqua.components.optimizers.spsa - DEBUG - Objective function at theta+ for step # 120: 0.0764084
2021-03-04 14:59:39,069 - qiskit.aqua.components.optimizers.spsa - DEBUG - Objective function at theta- for step # 120: 0.1495361
2021-03-04 14:59:40,043 - qiskit.aqua.components.optimizers.spsa - DEBUG - Objective function at theta+ for step # 121: 0.1353912
2021-03-04 14:59:40,043 - qiskit.aqua.components.optimizers.spsa - DEBUG - Objective function at theta- for step # 121: 0.1094131
2021-03-04 14:59:40,994 - qiskit.aqua.components.optimizers.spsa - DEBUG - Objective function at theta+ for step # 122: 0.1774139
2021-03-04 14:59:40,995 - qiskit.aqua.components.optimizers.spsa - DEBUG - Objective function at theta- for step # 122: 0.1595612
2021-03-04 14:59:41,948 - qiskit.aqua.components.optimizers.spsa - DEBUG - Objective function at theta+ for step # 123: 0.1297073
2021-03-04 14:59:41,948 - qiskit.aqua.components.optimizers.spsa - DEBUG - Objective function at theta- for step # 123: 0.1467285
2021-03-04 14:59:42,921 - qiskit.aqua.components.optimizers.spsa - DEBUG - Objective function at theta+ for step # 124: 0.0963821
2021-03-04 14:59:42,921 - qiskit.aqua.components.optimizers.spsa - DEBUG - Objective function at theta- for step # 124: 0.0921173
2021-03-04 14:59:43,894 - qiskit.aqua.components.optimizers.spsa - DEBUG - Objective function at theta+ for step # 125: 0.0821762
2021-03-04 14:59:43,894 - qiskit.aqua.components.optimizers.spsa - DEBUG - Objective function at theta- for step # 125: 0.1386719
2021-03-04 14:59:44,855 - qiskit.aqua.components.optimizers.spsa - DEBUG - Objective function at theta+ for step # 126: 0.1930084
2021-03-04 14:59:44,855 - qiskit.aqua.components.optimizers.spsa - DEBUG - Objective function at theta- for step # 126: 0.1287155
2021-03-04 14:59:45,803 - qiskit.aqua.components.optimizers.spsa - DEBUG - Objective function at theta+ for step # 127: 0.3093109
2021-03-04 14:59:45,803 - qiskit.aqua.components.optimizers.spsa - DEBUG - Objective function at theta- for step # 127: 0.3606567
2021-03-04 14:59:46,279 - qiskit.aqua.components.optimizers.spsa - DEBUG - Final objective function is: 0.0789490
