2021-03-04 14:49:32,215 - qiskit.aqua.algorithms.vq_algorithm - INFO - Starting optimizer.
bounds=[(-3.141592653589793, 3.141592653589793), (-3.141592653589793, 3.141592653589793), (-3.141592653589793, 3.141592653589793), (-3.141592653589793, 3.141592653589793)]
initial point=[-1.8151713   1.92596168  1.3009071  -0.17329163]
2021-03-04 14:49:32,216 - qiskit.aqua.components.optimizers.spsa - DEBUG - Parameters: [0.62831853 0.1        0.602      0.101      0.        ]
2021-03-04 14:49:32,217 - qiskit.aqua.components.optimizers.spsa - DEBUG - Calibration...
2021-03-04 14:49:32,217 - qiskit.aqua.components.optimizers.spsa - DEBUG - calibration step # 0 of 25
2021-03-04 14:49:37,302 - qiskit.aqua.components.optimizers.spsa - DEBUG - calibration step # 5 of 25
2021-03-04 14:49:42,272 - qiskit.aqua.components.optimizers.spsa - DEBUG - calibration step # 10 of 25
2021-03-04 14:49:47,234 - qiskit.aqua.components.optimizers.spsa - DEBUG - calibration step # 15 of 25
2021-03-04 14:49:52,187 - qiskit.aqua.components.optimizers.spsa - DEBUG - calibration step # 20 of 25
2021-03-04 14:49:57,156 - qiskit.aqua.components.optimizers.spsa - DEBUG - delta_obj is 0, not calibrating (since this would set c0 to inf)
2021-03-04 14:49:57,156 - qiskit.aqua.components.optimizers.spsa - DEBUG - Calibrated SPSA parameter c0 is 0.1594848
2021-03-04 14:49:58,153 - qiskit.aqua.components.optimizers.spsa - DEBUG - Objective function at theta+ for step # 0: 0.6033173
2021-03-04 14:49:58,153 - qiskit.aqua.components.optimizers.spsa - DEBUG - Objective function at theta- for step # 0: 1.0691147
2021-03-04 14:49:59,152 - qiskit.aqua.components.optimizers.spsa - DEBUG - Objective function at theta+ for step # 1: 0.7619247
2021-03-04 14:49:59,152 - qiskit.aqua.components.optimizers.spsa - DEBUG - Objective function at theta- for step # 1: 0.6312561
2021-03-04 14:50:00,146 - qiskit.aqua.components.optimizers.spsa - DEBUG - Objective function at theta+ for step # 2: 0.7003174
2021-03-04 14:50:00,146 - qiskit.aqua.components.optimizers.spsa - DEBUG - Objective function at theta- for step # 2: 0.5448151
2021-03-04 14:50:01,143 - qiskit.aqua.components.optimizers.spsa - DEBUG - Objective function at theta+ for step # 3: 1.4033279
2021-03-04 14:50:01,143 - qiskit.aqua.components.optimizers.spsa - DEBUG - Objective function at theta- for step # 3: 0.2045593
2021-03-04 14:50:02,030 - qiskit.aqua.components.optimizers.spsa - DEBUG - Objective function at theta+ for step # 4: 2.2927246
2021-03-04 14:50:02,030 - qiskit.aqua.components.optimizers.spsa - DEBUG - Objective function at theta- for step # 4: 3.7657928
2021-03-04 14:50:02,954 - qiskit.aqua.components.optimizers.spsa - DEBUG - Objective function at theta+ for step # 5: 1.7053604
2021-03-04 14:50:02,954 - qiskit.aqua.components.optimizers.spsa - DEBUG - Objective function at theta- for step # 5: 0.7803650
2021-03-04 14:50:03,934 - qiskit.aqua.components.optimizers.spsa - DEBUG - Objective function at theta+ for step # 6: 0.2729034
2021-03-04 14:50:03,934 - qiskit.aqua.components.optimizers.spsa - DEBUG - Objective function at theta- for step # 6: 0.2775726
2021-03-04 14:50:04,910 - qiskit.aqua.components.optimizers.spsa - DEBUG - Objective function at theta+ for step # 7: 0.2461319
2021-03-04 14:50:04,910 - qiskit.aqua.components.optimizers.spsa - DEBUG - Objective function at theta- for step # 7: 0.2672424
2021-03-04 14:50:05,884 - qiskit.aqua.components.optimizers.spsa - DEBUG - Objective function at theta+ for step # 8: 0.2002716
2021-03-04 14:50:05,884 - qiskit.aqua.components.optimizers.spsa - DEBUG - Objective function at theta- for step # 8: 0.2486954
2021-03-04 14:50:06,868 - qiskit.aqua.components.optimizers.spsa - DEBUG - Objective function at theta+ for step # 9: 0.3785477
2021-03-04 14:50:06,868 - qiskit.aqua.components.optimizers.spsa - DEBUG - Objective function at theta- for step # 9: 0.4146652
2021-03-04 14:50:07,843 - qiskit.aqua.components.optimizers.spsa - DEBUG - Objective function at theta+ for step # 10: 0.2280045
2021-03-04 14:50:07,843 - qiskit.aqua.components.optimizers.spsa - DEBUG - Objective function at theta- for step # 10: 0.3245010
2021-03-04 14:50:08,813 - qiskit.aqua.components.optimizers.spsa - DEBUG - Objective function at theta+ for step # 11: 0.4373398
2021-03-04 14:50:08,813 - qiskit.aqua.components.optimizers.spsa - DEBUG - Objective function at theta- for step # 11: 0.3955688
2021-03-04 14:50:09,782 - qiskit.aqua.components.optimizers.spsa - DEBUG - Objective function at theta+ for step # 12: 0.3883057
2021-03-04 14:50:09,782 - qiskit.aqua.components.optimizers.spsa - DEBUG - Objective function at theta- for step # 12: 0.3939056
2021-03-04 14:50:10,751 - qiskit.aqua.components.optimizers.spsa - DEBUG - Objective function at theta+ for step # 13: 0.3204498
2021-03-04 14:50:10,751 - qiskit.aqua.components.optimizers.spsa - DEBUG - Objective function at theta- for step # 13: 0.2666779
2021-03-04 14:50:11,722 - qiskit.aqua.components.optimizers.spsa - DEBUG - Objective function at theta+ for step # 14: 0.2375336
2021-03-04 14:50:11,723 - qiskit.aqua.components.optimizers.spsa - DEBUG - Objective function at theta- for step # 14: 0.1804810
2021-03-04 14:50:12,684 - qiskit.aqua.components.optimizers.spsa - DEBUG - Objective function at theta+ for step # 15: 0.3903046
2021-03-04 14:50:12,684 - qiskit.aqua.components.optimizers.spsa - DEBUG - Objective function at theta- for step # 15: 0.3586807
2021-03-04 14:50:13,661 - qiskit.aqua.components.optimizers.spsa - DEBUG - Objective function at theta+ for step # 16: 0.1730270
2021-03-04 14:50:13,661 - qiskit.aqua.components.optimizers.spsa - DEBUG - Objective function at theta- for step # 16: 0.2122192
2021-03-04 14:50:14,622 - qiskit.aqua.components.optimizers.spsa - DEBUG - Objective function at theta+ for step # 17: 0.2507629
2021-03-04 14:50:14,622 - qiskit.aqua.components.optimizers.spsa - DEBUG - Objective function at theta- for step # 17: 0.2295151
2021-03-04 14:50:15,582 - qiskit.aqua.components.optimizers.spsa - DEBUG - Objective function at theta+ for step # 18: 0.2287216
2021-03-04 14:50:15,582 - qiskit.aqua.components.optimizers.spsa - DEBUG - Objective function at theta- for step # 18: 0.2048264
2021-03-04 14:50:16,551 - qiskit.aqua.components.optimizers.spsa - DEBUG - Objective function at theta+ for step # 19: 0.3802338
2021-03-04 14:50:16,551 - qiskit.aqua.components.optimizers.spsa - DEBUG - Objective function at theta- for step # 19: 0.3883667
2021-03-04 14:50:17,510 - qiskit.aqua.components.optimizers.spsa - DEBUG - Objective function at theta+ for step # 20: 0.2541046
2021-03-04 14:50:17,510 - qiskit.aqua.components.optimizers.spsa - DEBUG - Objective function at theta- for step # 20: 0.2472229
2021-03-04 14:50:18,483 - qiskit.aqua.components.optimizers.spsa - DEBUG - Objective function at theta+ for step # 21: 0.2361755
2021-03-04 14:50:18,483 - qiskit.aqua.components.optimizers.spsa - DEBUG - Objective function at theta- for step # 21: 0.2683182
2021-03-04 14:50:19,456 - qiskit.aqua.components.optimizers.spsa - DEBUG - Objective function at theta+ for step # 22: 0.1820908
2021-03-04 14:50:19,456 - qiskit.aqua.components.optimizers.spsa - DEBUG - Objective function at theta- for step # 22: 0.2440109
2021-03-04 14:50:20,429 - qiskit.aqua.components.optimizers.spsa - DEBUG - Objective function at theta+ for step # 23: 0.3073044
2021-03-04 14:50:20,429 - qiskit.aqua.components.optimizers.spsa - DEBUG - Objective function at theta- for step # 23: 0.2409821
2021-03-04 14:50:21,406 - qiskit.aqua.components.optimizers.spsa - DEBUG - Objective function at theta+ for step # 24: 0.3768005
2021-03-04 14:50:21,406 - qiskit.aqua.components.optimizers.spsa - DEBUG - Objective function at theta- for step # 24: 0.3209457
2021-03-04 14:50:22,371 - qiskit.aqua.components.optimizers.spsa - DEBUG - Objective function at theta+ for step # 25: 0.2251205
2021-03-04 14:50:22,371 - qiskit.aqua.components.optimizers.spsa - DEBUG - Objective function at theta- for step # 25: 0.2285843
2021-03-04 14:50:23,325 - qiskit.aqua.components.optimizers.spsa - DEBUG - Objective function at theta+ for step # 26: 0.2210083
2021-03-04 14:50:23,325 - qiskit.aqua.components.optimizers.spsa - DEBUG - Objective function at theta- for step # 26: 0.2899399
2021-03-04 14:50:24,284 - qiskit.aqua.components.optimizers.spsa - DEBUG - Objective function at theta+ for step # 27: 0.2337189
2021-03-04 14:50:24,284 - qiskit.aqua.components.optimizers.spsa - DEBUG - Objective function at theta- for step # 27: 0.1989975
2021-03-04 14:50:25,242 - qiskit.aqua.components.optimizers.spsa - DEBUG - Objective function at theta+ for step # 28: 0.2121964
2021-03-04 14:50:25,242 - qiskit.aqua.components.optimizers.spsa - DEBUG - Objective function at theta- for step # 28: 0.2246399
2021-03-04 14:50:26,204 - qiskit.aqua.components.optimizers.spsa - DEBUG - Objective function at theta+ for step # 29: 0.2187653
2021-03-04 14:50:26,204 - qiskit.aqua.components.optimizers.spsa - DEBUG - Objective function at theta- for step # 29: 0.1915283
2021-03-04 14:50:27,173 - qiskit.aqua.components.optimizers.spsa - DEBUG - Objective function at theta+ for step # 30: 0.2153702
2021-03-04 14:50:27,173 - qiskit.aqua.components.optimizers.spsa - DEBUG - Objective function at theta- for step # 30: 0.2061615
2021-03-04 14:50:28,142 - qiskit.aqua.components.optimizers.spsa - DEBUG - Objective function at theta+ for step # 31: 0.2135544
2021-03-04 14:50:28,142 - qiskit.aqua.components.optimizers.spsa - DEBUG - Objective function at theta- for step # 31: 0.2228394
2021-03-04 14:50:29,112 - qiskit.aqua.components.optimizers.spsa - DEBUG - Objective function at theta+ for step # 32: 0.2244492
2021-03-04 14:50:29,112 - qiskit.aqua.components.optimizers.spsa - DEBUG - Objective function at theta- for step # 32: 0.2401886
2021-03-04 14:50:30,087 - qiskit.aqua.components.optimizers.spsa - DEBUG - Objective function at theta+ for step # 33: 0.3561630
2021-03-04 14:50:30,087 - qiskit.aqua.components.optimizers.spsa - DEBUG - Objective function at theta- for step # 33: 0.3398514
2021-03-04 14:50:31,056 - qiskit.aqua.components.optimizers.spsa - DEBUG - Objective function at theta+ for step # 34: 0.3582077
2021-03-04 14:50:31,056 - qiskit.aqua.components.optimizers.spsa - DEBUG - Objective function at theta- for step # 34: 0.3481293
2021-03-04 14:50:32,015 - qiskit.aqua.components.optimizers.spsa - DEBUG - Objective function at theta+ for step # 35: 0.2531281
2021-03-04 14:50:32,016 - qiskit.aqua.components.optimizers.spsa - DEBUG - Objective function at theta- for step # 35: 0.1993332
2021-03-04 14:50:32,979 - qiskit.aqua.components.optimizers.spsa - DEBUG - Objective function at theta+ for step # 36: 0.1858521
2021-03-04 14:50:32,979 - qiskit.aqua.components.optimizers.spsa - DEBUG - Objective function at theta- for step # 36: 0.2333603
2021-03-04 14:50:33,949 - qiskit.aqua.components.optimizers.spsa - DEBUG - Objective function at theta+ for step # 37: 0.2512817
2021-03-04 14:50:33,950 - qiskit.aqua.components.optimizers.spsa - DEBUG - Objective function at theta- for step # 37: 0.2593155
2021-03-04 14:50:34,916 - qiskit.aqua.components.optimizers.spsa - DEBUG - Objective function at theta+ for step # 38: 0.2553864
2021-03-04 14:50:34,916 - qiskit.aqua.components.optimizers.spsa - DEBUG - Objective function at theta- for step # 38: 0.2936478
2021-03-04 14:50:35,889 - qiskit.aqua.components.optimizers.spsa - DEBUG - Objective function at theta+ for step # 39: 0.2032166
2021-03-04 14:50:35,889 - qiskit.aqua.components.optimizers.spsa - DEBUG - Objective function at theta- for step # 39: 0.1854401
2021-03-04 14:50:36,862 - qiskit.aqua.components.optimizers.spsa - DEBUG - Objective function at theta+ for step # 40: 0.2284317
2021-03-04 14:50:36,862 - qiskit.aqua.components.optimizers.spsa - DEBUG - Objective function at theta- for step # 40: 0.2408829
2021-03-04 14:50:37,835 - qiskit.aqua.components.optimizers.spsa - DEBUG - Objective function at theta+ for step # 41: 0.3118057
2021-03-04 14:50:37,835 - qiskit.aqua.components.optimizers.spsa - DEBUG - Objective function at theta- for step # 41: 0.3168564
2021-03-04 14:50:38,796 - qiskit.aqua.components.optimizers.spsa - DEBUG - Objective function at theta+ for step # 42: 0.2351227
2021-03-04 14:50:38,796 - qiskit.aqua.components.optimizers.spsa - DEBUG - Objective function at theta- for step # 42: 0.2920609
2021-03-04 14:50:39,773 - qiskit.aqua.components.optimizers.spsa - DEBUG - Objective function at theta+ for step # 43: 0.2067566
2021-03-04 14:50:39,773 - qiskit.aqua.components.optimizers.spsa - DEBUG - Objective function at theta- for step # 43: 0.1973343
2021-03-04 14:50:40,731 - qiskit.aqua.components.optimizers.spsa - DEBUG - Objective function at theta+ for step # 44: 0.2872467
2021-03-04 14:50:40,731 - qiskit.aqua.components.optimizers.spsa - DEBUG - Objective function at theta- for step # 44: 0.2041855
2021-03-04 14:50:41,702 - qiskit.aqua.components.optimizers.spsa - DEBUG - Objective function at theta+ for step # 45: 0.2639694
2021-03-04 14:50:41,702 - qiskit.aqua.components.optimizers.spsa - DEBUG - Objective function at theta- for step # 45: 0.3421249
2021-03-04 14:50:42,661 - qiskit.aqua.components.optimizers.spsa - DEBUG - Objective function at theta+ for step # 46: 0.2539825
2021-03-04 14:50:42,662 - qiskit.aqua.components.optimizers.spsa - DEBUG - Objective function at theta- for step # 46: 0.2552414
2021-03-04 14:50:43,621 - qiskit.aqua.components.optimizers.spsa - DEBUG - Objective function at theta+ for step # 47: 0.3092880
2021-03-04 14:50:43,621 - qiskit.aqua.components.optimizers.spsa - DEBUG - Objective function at theta- for step # 47: 0.3268280
2021-03-04 14:50:44,581 - qiskit.aqua.components.optimizers.spsa - DEBUG - Objective function at theta+ for step # 48: 0.2183533
2021-03-04 14:50:44,582 - qiskit.aqua.components.optimizers.spsa - DEBUG - Objective function at theta- for step # 48: 0.1772690
2021-03-04 14:50:45,548 - qiskit.aqua.components.optimizers.spsa - DEBUG - Objective function at theta+ for step # 49: 0.2619476
2021-03-04 14:50:45,548 - qiskit.aqua.components.optimizers.spsa - DEBUG - Objective function at theta- for step # 49: 0.2413788
2021-03-04 14:50:46,527 - qiskit.aqua.components.optimizers.spsa - DEBUG - Objective function at theta+ for step # 50: 0.2293930
2021-03-04 14:50:46,528 - qiskit.aqua.components.optimizers.spsa - DEBUG - Objective function at theta- for step # 50: 0.2210693
2021-03-04 14:50:47,488 - qiskit.aqua.components.optimizers.spsa - DEBUG - Objective function at theta+ for step # 51: 0.2613907
2021-03-04 14:50:47,488 - qiskit.aqua.components.optimizers.spsa - DEBUG - Objective function at theta- for step # 51: 0.2239151
2021-03-04 14:50:48,470 - qiskit.aqua.components.optimizers.spsa - DEBUG - Objective function at theta+ for step # 52: 0.1439896
2021-03-04 14:50:48,470 - qiskit.aqua.components.optimizers.spsa - DEBUG - Objective function at theta- for step # 52: 0.2346191
2021-03-04 14:50:49,420 - qiskit.aqua.components.optimizers.spsa - DEBUG - Objective function at theta+ for step # 53: 0.2504425
2021-03-04 14:50:49,420 - qiskit.aqua.components.optimizers.spsa - DEBUG - Objective function at theta- for step # 53: 0.2147827
2021-03-04 14:50:50,386 - qiskit.aqua.components.optimizers.spsa - DEBUG - Objective function at theta+ for step # 54: 0.2168198
2021-03-04 14:50:50,386 - qiskit.aqua.components.optimizers.spsa - DEBUG - Objective function at theta- for step # 54: 0.2333832
2021-03-04 14:50:51,342 - qiskit.aqua.components.optimizers.spsa - DEBUG - Objective function at theta+ for step # 55: 0.2704697
2021-03-04 14:50:51,342 - qiskit.aqua.components.optimizers.spsa - DEBUG - Objective function at theta- for step # 55: 0.2331314
2021-03-04 14:50:52,310 - qiskit.aqua.components.optimizers.spsa - DEBUG - Objective function at theta+ for step # 56: 0.1967621
2021-03-04 14:50:52,310 - qiskit.aqua.components.optimizers.spsa - DEBUG - Objective function at theta- for step # 56: 0.2214127
2021-03-04 14:50:53,289 - qiskit.aqua.components.optimizers.spsa - DEBUG - Objective function at theta+ for step # 57: 0.2574844
2021-03-04 14:50:53,290 - qiskit.aqua.components.optimizers.spsa - DEBUG - Objective function at theta- for step # 57: 0.2410355
2021-03-04 14:50:54,254 - qiskit.aqua.components.optimizers.spsa - DEBUG - Objective function at theta+ for step # 58: 0.2492371
2021-03-04 14:50:54,254 - qiskit.aqua.components.optimizers.spsa - DEBUG - Objective function at theta- for step # 58: 0.2106476
2021-03-04 14:50:55,214 - qiskit.aqua.components.optimizers.spsa - DEBUG - Objective function at theta+ for step # 59: 0.2739105
2021-03-04 14:50:55,214 - qiskit.aqua.components.optimizers.spsa - DEBUG - Objective function at theta- for step # 59: 0.3407974
2021-03-04 14:50:56,178 - qiskit.aqua.components.optimizers.spsa - DEBUG - Objective function at theta+ for step # 60: 0.2297668
2021-03-04 14:50:56,178 - qiskit.aqua.components.optimizers.spsa - DEBUG - Objective function at theta- for step # 60: 0.2471161
2021-03-04 14:50:57,132 - qiskit.aqua.components.optimizers.spsa - DEBUG - Objective function at theta+ for step # 61: 0.2520752
2021-03-04 14:50:57,132 - qiskit.aqua.components.optimizers.spsa - DEBUG - Objective function at theta- for step # 61: 0.3082428
2021-03-04 14:50:58,104 - qiskit.aqua.components.optimizers.spsa - DEBUG - Objective function at theta+ for step # 62: 0.2400970
2021-03-04 14:50:58,104 - qiskit.aqua.components.optimizers.spsa - DEBUG - Objective function at theta- for step # 62: 0.2365036
2021-03-04 14:50:59,082 - qiskit.aqua.components.optimizers.spsa - DEBUG - Objective function at theta+ for step # 63: 0.1968842
2021-03-04 14:50:59,082 - qiskit.aqua.components.optimizers.spsa - DEBUG - Objective function at theta- for step # 63: 0.2349396
2021-03-04 14:51:00,051 - qiskit.aqua.components.optimizers.spsa - DEBUG - Objective function at theta+ for step # 64: 0.2741470
2021-03-04 14:51:00,051 - qiskit.aqua.components.optimizers.spsa - DEBUG - Objective function at theta- for step # 64: 0.3674088
2021-03-04 14:51:01,017 - qiskit.aqua.components.optimizers.spsa - DEBUG - Objective function at theta+ for step # 65: 0.2819824
2021-03-04 14:51:01,017 - qiskit.aqua.components.optimizers.spsa - DEBUG - Objective function at theta- for step # 65: 0.2847824
2021-03-04 14:51:01,999 - qiskit.aqua.components.optimizers.spsa - DEBUG - Objective function at theta+ for step # 66: 0.2880707
2021-03-04 14:51:01,999 - qiskit.aqua.components.optimizers.spsa - DEBUG - Objective function at theta- for step # 66: 0.3062363
2021-03-04 14:51:02,975 - qiskit.aqua.components.optimizers.spsa - DEBUG - Objective function at theta+ for step # 67: 0.2764740
2021-03-04 14:51:02,975 - qiskit.aqua.components.optimizers.spsa - DEBUG - Objective function at theta- for step # 67: 0.3019791
2021-03-04 14:51:03,927 - qiskit.aqua.components.optimizers.spsa - DEBUG - Objective function at theta+ for step # 68: 0.2862091
2021-03-04 14:51:03,927 - qiskit.aqua.components.optimizers.spsa - DEBUG - Objective function at theta- for step # 68: 0.2218857
2021-03-04 14:51:04,902 - qiskit.aqua.components.optimizers.spsa - DEBUG - Objective function at theta+ for step # 69: 0.3114548
2021-03-04 14:51:04,902 - qiskit.aqua.components.optimizers.spsa - DEBUG - Objective function at theta- for step # 69: 0.2700424
2021-03-04 14:51:05,862 - qiskit.aqua.components.optimizers.spsa - DEBUG - Objective function at theta+ for step # 70: 0.2835999
2021-03-04 14:51:05,863 - qiskit.aqua.components.optimizers.spsa - DEBUG - Objective function at theta- for step # 70: 0.3085938
2021-03-04 14:51:06,825 - qiskit.aqua.components.optimizers.spsa - DEBUG - Objective function at theta+ for step # 71: 0.1595688
2021-03-04 14:51:06,825 - qiskit.aqua.components.optimizers.spsa - DEBUG - Objective function at theta- for step # 71: 0.2529602
2021-03-04 14:51:07,782 - qiskit.aqua.components.optimizers.spsa - DEBUG - Objective function at theta+ for step # 72: 0.2216797
2021-03-04 14:51:07,782 - qiskit.aqua.components.optimizers.spsa - DEBUG - Objective function at theta- for step # 72: 0.2167816
2021-03-04 14:51:08,738 - qiskit.aqua.components.optimizers.spsa - DEBUG - Objective function at theta+ for step # 73: 0.2413788
2021-03-04 14:51:08,738 - qiskit.aqua.components.optimizers.spsa - DEBUG - Objective function at theta- for step # 73: 0.2170944
2021-03-04 14:51:09,699 - qiskit.aqua.components.optimizers.spsa - DEBUG - Objective function at theta+ for step # 74: 0.2114716
2021-03-04 14:51:09,699 - qiskit.aqua.components.optimizers.spsa - DEBUG - Objective function at theta- for step # 74: 0.2289047
2021-03-04 14:51:10,661 - qiskit.aqua.components.optimizers.spsa - DEBUG - Objective function at theta+ for step # 75: 0.2079926
2021-03-04 14:51:10,661 - qiskit.aqua.components.optimizers.spsa - DEBUG - Objective function at theta- for step # 75: 0.1984253
2021-03-04 14:51:11,626 - qiskit.aqua.components.optimizers.spsa - DEBUG - Objective function at theta+ for step # 76: 0.2266006
2021-03-04 14:51:11,626 - qiskit.aqua.components.optimizers.spsa - DEBUG - Objective function at theta- for step # 76: 0.2036209
2021-03-04 14:51:12,598 - qiskit.aqua.components.optimizers.spsa - DEBUG - Objective function at theta+ for step # 77: 0.2225037
2021-03-04 14:51:12,599 - qiskit.aqua.components.optimizers.spsa - DEBUG - Objective function at theta- for step # 77: 0.2084122
2021-03-04 14:51:13,565 - qiskit.aqua.components.optimizers.spsa - DEBUG - Objective function at theta+ for step # 78: 0.2222595
2021-03-04 14:51:13,565 - qiskit.aqua.components.optimizers.spsa - DEBUG - Objective function at theta- for step # 78: 0.1816101
2021-03-04 14:51:14,538 - qiskit.aqua.components.optimizers.spsa - DEBUG - Objective function at theta+ for step # 79: 0.2249527
2021-03-04 14:51:14,538 - qiskit.aqua.components.optimizers.spsa - DEBUG - Objective function at theta- for step # 79: 0.3270493
2021-03-04 14:51:15,500 - qiskit.aqua.components.optimizers.spsa - DEBUG - Objective function at theta+ for step # 80: 0.1595306
2021-03-04 14:51:15,500 - qiskit.aqua.components.optimizers.spsa - DEBUG - Objective function at theta- for step # 80: 0.2253723
2021-03-04 14:51:16,470 - qiskit.aqua.components.optimizers.spsa - DEBUG - Objective function at theta+ for step # 81: 0.2229996
2021-03-04 14:51:16,470 - qiskit.aqua.components.optimizers.spsa - DEBUG - Objective function at theta- for step # 81: 0.1992035
2021-03-04 14:51:17,424 - qiskit.aqua.components.optimizers.spsa - DEBUG - Objective function at theta+ for step # 82: 0.2166367
2021-03-04 14:51:17,424 - qiskit.aqua.components.optimizers.spsa - DEBUG - Objective function at theta- for step # 82: 0.2378616
2021-03-04 14:51:18,386 - qiskit.aqua.components.optimizers.spsa - DEBUG - Objective function at theta+ for step # 83: 0.3097610
2021-03-04 14:51:18,386 - qiskit.aqua.components.optimizers.spsa - DEBUG - Objective function at theta- for step # 83: 0.2591248
2021-03-04 14:51:19,344 - qiskit.aqua.components.optimizers.spsa - DEBUG - Objective function at theta+ for step # 84: 0.2077484
2021-03-04 14:51:19,344 - qiskit.aqua.components.optimizers.spsa - DEBUG - Objective function at theta- for step # 84: 0.1977234
2021-03-04 14:51:20,318 - qiskit.aqua.components.optimizers.spsa - DEBUG - Objective function at theta+ for step # 85: 0.3166275
2021-03-04 14:51:20,318 - qiskit.aqua.components.optimizers.spsa - DEBUG - Objective function at theta- for step # 85: 0.2950363
2021-03-04 14:51:21,279 - qiskit.aqua.components.optimizers.spsa - DEBUG - Objective function at theta+ for step # 86: 0.2356033
2021-03-04 14:51:21,279 - qiskit.aqua.components.optimizers.spsa - DEBUG - Objective function at theta- for step # 86: 0.1293640
2021-03-04 14:51:22,241 - qiskit.aqua.components.optimizers.spsa - DEBUG - Objective function at theta+ for step # 87: 0.1940079
2021-03-04 14:51:22,241 - qiskit.aqua.components.optimizers.spsa - DEBUG - Objective function at theta- for step # 87: 0.2725296
2021-03-04 14:51:23,198 - qiskit.aqua.components.optimizers.spsa - DEBUG - Objective function at theta+ for step # 88: 0.1825333
2021-03-04 14:51:23,198 - qiskit.aqua.components.optimizers.spsa - DEBUG - Objective function at theta- for step # 88: 0.2013550
2021-03-04 14:51:24,165 - qiskit.aqua.components.optimizers.spsa - DEBUG - Objective function at theta+ for step # 89: 0.1860504
2021-03-04 14:51:24,165 - qiskit.aqua.components.optimizers.spsa - DEBUG - Objective function at theta- for step # 89: 0.1976013
2021-03-04 14:51:25,137 - qiskit.aqua.components.optimizers.spsa - DEBUG - Objective function at theta+ for step # 90: 0.1878738
2021-03-04 14:51:25,138 - qiskit.aqua.components.optimizers.spsa - DEBUG - Objective function at theta- for step # 90: 0.1931915
2021-03-04 14:51:26,104 - qiskit.aqua.components.optimizers.spsa - DEBUG - Objective function at theta+ for step # 91: 0.1757278
2021-03-04 14:51:26,104 - qiskit.aqua.components.optimizers.spsa - DEBUG - Objective function at theta- for step # 91: 0.1595764
2021-03-04 14:51:27,077 - qiskit.aqua.components.optimizers.spsa - DEBUG - Objective function at theta+ for step # 92: 0.3072968
2021-03-04 14:51:27,077 - qiskit.aqua.components.optimizers.spsa - DEBUG - Objective function at theta- for step # 92: 0.2697220
2021-03-04 14:51:28,031 - qiskit.aqua.components.optimizers.spsa - DEBUG - Objective function at theta+ for step # 93: 0.2413177
2021-03-04 14:51:28,031 - qiskit.aqua.components.optimizers.spsa - DEBUG - Objective function at theta- for step # 93: 0.1567459
2021-03-04 14:51:28,990 - qiskit.aqua.components.optimizers.spsa - DEBUG - Objective function at theta+ for step # 94: 0.1604156
2021-03-04 14:51:28,990 - qiskit.aqua.components.optimizers.spsa - DEBUG - Objective function at theta- for step # 94: 0.1916122
2021-03-04 14:51:29,950 - qiskit.aqua.components.optimizers.spsa - DEBUG - Objective function at theta+ for step # 95: 0.1928329
2021-03-04 14:51:29,950 - qiskit.aqua.components.optimizers.spsa - DEBUG - Objective function at theta- for step # 95: 0.1431122
2021-03-04 14:51:30,913 - qiskit.aqua.components.optimizers.spsa - DEBUG - Objective function at theta+ for step # 96: 0.1623917
2021-03-04 14:51:30,913 - qiskit.aqua.components.optimizers.spsa - DEBUG - Objective function at theta- for step # 96: 0.2030411
2021-03-04 14:51:31,884 - qiskit.aqua.components.optimizers.spsa - DEBUG - Objective function at theta+ for step # 97: 0.2034988
2021-03-04 14:51:31,884 - qiskit.aqua.components.optimizers.spsa - DEBUG - Objective function at theta- for step # 97: 0.1651611
2021-03-04 14:51:32,859 - qiskit.aqua.components.optimizers.spsa - DEBUG - Objective function at theta+ for step # 98: 0.1458054
2021-03-04 14:51:32,859 - qiskit.aqua.components.optimizers.spsa - DEBUG - Objective function at theta- for step # 98: 0.2196808
2021-03-04 14:51:33,819 - qiskit.aqua.components.optimizers.spsa - DEBUG - Objective function at theta+ for step # 99: 0.1980133
2021-03-04 14:51:33,819 - qiskit.aqua.components.optimizers.spsa - DEBUG - Objective function at theta- for step # 99: 0.2223816
2021-03-04 14:51:34,785 - qiskit.aqua.components.optimizers.spsa - DEBUG - Objective function at theta+ for step # 100: 0.2528381
2021-03-04 14:51:34,785 - qiskit.aqua.components.optimizers.spsa - DEBUG - Objective function at theta- for step # 100: 0.2769928
2021-03-04 14:51:35,744 - qiskit.aqua.components.optimizers.spsa - DEBUG - Objective function at theta+ for step # 101: 0.2306366
2021-03-04 14:51:35,744 - qiskit.aqua.components.optimizers.spsa - DEBUG - Objective function at theta- for step # 101: 0.2609634
2021-03-04 14:51:36,702 - qiskit.aqua.components.optimizers.spsa - DEBUG - Objective function at theta+ for step # 102: 0.2065506
2021-03-04 14:51:36,702 - qiskit.aqua.components.optimizers.spsa - DEBUG - Objective function at theta- for step # 102: 0.1234741
2021-03-04 14:51:37,668 - qiskit.aqua.components.optimizers.spsa - DEBUG - Objective function at theta+ for step # 103: 0.2866974
2021-03-04 14:51:37,668 - qiskit.aqua.components.optimizers.spsa - DEBUG - Objective function at theta- for step # 103: 0.2811737
2021-03-04 14:51:38,627 - qiskit.aqua.components.optimizers.spsa - DEBUG - Objective function at theta+ for step # 104: 0.2169037
2021-03-04 14:51:38,627 - qiskit.aqua.components.optimizers.spsa - DEBUG - Objective function at theta- for step # 104: 0.2435303
2021-03-04 14:51:39,595 - qiskit.aqua.components.optimizers.spsa - DEBUG - Objective function at theta+ for step # 105: 0.1500092
2021-03-04 14:51:39,595 - qiskit.aqua.components.optimizers.spsa - DEBUG - Objective function at theta- for step # 105: 0.1584167
2021-03-04 14:51:40,554 - qiskit.aqua.components.optimizers.spsa - DEBUG - Objective function at theta+ for step # 106: 0.1425781
2021-03-04 14:51:40,554 - qiskit.aqua.components.optimizers.spsa - DEBUG - Objective function at theta- for step # 106: 0.1732864
2021-03-04 14:51:41,512 - qiskit.aqua.components.optimizers.spsa - DEBUG - Objective function at theta+ for step # 107: 0.2429352
2021-03-04 14:51:41,512 - qiskit.aqua.components.optimizers.spsa - DEBUG - Objective function at theta- for step # 107: 0.2320099
2021-03-04 14:51:42,465 - qiskit.aqua.components.optimizers.spsa - DEBUG - Objective function at theta+ for step # 108: 0.1345596
2021-03-04 14:51:42,465 - qiskit.aqua.components.optimizers.spsa - DEBUG - Objective function at theta- for step # 108: 0.1384583
2021-03-04 14:51:43,424 - qiskit.aqua.components.optimizers.spsa - DEBUG - Objective function at theta+ for step # 109: 0.2264557
2021-03-04 14:51:43,424 - qiskit.aqua.components.optimizers.spsa - DEBUG - Objective function at theta- for step # 109: 0.3128510
2021-03-04 14:51:44,391 - qiskit.aqua.components.optimizers.spsa - DEBUG - Objective function at theta+ for step # 110: 0.1833954
2021-03-04 14:51:44,391 - qiskit.aqua.components.optimizers.spsa - DEBUG - Objective function at theta- for step # 110: 0.1920319
2021-03-04 14:51:45,354 - qiskit.aqua.components.optimizers.spsa - DEBUG - Objective function at theta+ for step # 111: 0.2186584
2021-03-04 14:51:45,355 - qiskit.aqua.components.optimizers.spsa - DEBUG - Objective function at theta- for step # 111: 0.2251282
2021-03-04 14:51:46,326 - qiskit.aqua.components.optimizers.spsa - DEBUG - Objective function at theta+ for step # 112: 0.1211853
2021-03-04 14:51:46,326 - qiskit.aqua.components.optimizers.spsa - DEBUG - Objective function at theta- for step # 112: 0.1867294
2021-03-04 14:51:47,287 - qiskit.aqua.components.optimizers.spsa - DEBUG - Objective function at theta+ for step # 113: 0.1942368
2021-03-04 14:51:47,287 - qiskit.aqua.components.optimizers.spsa - DEBUG - Objective function at theta- for step # 113: 0.1691895
2021-03-04 14:51:48,247 - qiskit.aqua.components.optimizers.spsa - DEBUG - Objective function at theta+ for step # 114: 0.1742325
2021-03-04 14:51:48,247 - qiskit.aqua.components.optimizers.spsa - DEBUG - Objective function at theta- for step # 114: 0.1163330
2021-03-04 14:51:49,224 - qiskit.aqua.components.optimizers.spsa - DEBUG - Objective function at theta+ for step # 115: 0.2258759
2021-03-04 14:51:49,224 - qiskit.aqua.components.optimizers.spsa - DEBUG - Objective function at theta- for step # 115: 0.2230072
2021-03-04 14:51:50,204 - qiskit.aqua.components.optimizers.spsa - DEBUG - Objective function at theta+ for step # 116: 0.1524963
2021-03-04 14:51:50,205 - qiskit.aqua.components.optimizers.spsa - DEBUG - Objective function at theta- for step # 116: 0.1667252
2021-03-04 14:51:51,180 - qiskit.aqua.components.optimizers.spsa - DEBUG - Objective function at theta+ for step # 117: 0.1979675
2021-03-04 14:51:51,180 - qiskit.aqua.components.optimizers.spsa - DEBUG - Objective function at theta- for step # 117: 0.1608124
2021-03-04 14:51:52,158 - qiskit.aqua.components.optimizers.spsa - DEBUG - Objective function at theta+ for step # 118: 0.1895752
2021-03-04 14:51:52,158 - qiskit.aqua.components.optimizers.spsa - DEBUG - Objective function at theta- for step # 118: 0.1212387
2021-03-04 14:51:53,135 - qiskit.aqua.components.optimizers.spsa - DEBUG - Objective function at theta+ for step # 119: 0.2685242
2021-03-04 14:51:53,135 - qiskit.aqua.components.optimizers.spsa - DEBUG - Objective function at theta- for step # 119: 0.1946869
2021-03-04 14:51:54,112 - qiskit.aqua.components.optimizers.spsa - DEBUG - Objective function at theta+ for step # 120: 0.2142487
2021-03-04 14:51:54,112 - qiskit.aqua.components.optimizers.spsa - DEBUG - Objective function at theta- for step # 120: 0.1667404
2021-03-04 14:51:55,077 - qiskit.aqua.components.optimizers.spsa - DEBUG - Objective function at theta+ for step # 121: 0.2043381
2021-03-04 14:51:55,077 - qiskit.aqua.components.optimizers.spsa - DEBUG - Objective function at theta- for step # 121: 0.2044601
2021-03-04 14:51:56,048 - qiskit.aqua.components.optimizers.spsa - DEBUG - Objective function at theta+ for step # 122: 0.1896896
2021-03-04 14:51:56,048 - qiskit.aqua.components.optimizers.spsa - DEBUG - Objective function at theta- for step # 122: 0.1860352
2021-03-04 14:51:57,007 - qiskit.aqua.components.optimizers.spsa - DEBUG - Objective function at theta+ for step # 123: 0.2833252
2021-03-04 14:51:57,007 - qiskit.aqua.components.optimizers.spsa - DEBUG - Objective function at theta- for step # 123: 0.1969299
2021-03-04 14:51:57,979 - qiskit.aqua.components.optimizers.spsa - DEBUG - Objective function at theta+ for step # 124: 0.2959061
2021-03-04 14:51:57,979 - qiskit.aqua.components.optimizers.spsa - DEBUG - Objective function at theta- for step # 124: 0.2297821
2021-03-04 14:51:58,943 - qiskit.aqua.components.optimizers.spsa - DEBUG - Objective function at theta+ for step # 125: 0.2164993
2021-03-04 14:51:58,943 - qiskit.aqua.components.optimizers.spsa - DEBUG - Objective function at theta- for step # 125: 0.2022858
2021-03-04 14:51:59,916 - qiskit.aqua.components.optimizers.spsa - DEBUG - Objective function at theta+ for step # 126: 0.2053146
2021-03-04 14:51:59,916 - qiskit.aqua.components.optimizers.spsa - DEBUG - Objective function at theta- for step # 126: 0.2549057
2021-03-04 14:52:00,871 - qiskit.aqua.components.optimizers.spsa - DEBUG - Objective function at theta+ for step # 127: 0.2340164
2021-03-04 14:52:00,871 - qiskit.aqua.components.optimizers.spsa - DEBUG - Objective function at theta- for step # 127: 0.2201080
2021-03-04 14:52:01,346 - qiskit.aqua.components.optimizers.spsa - DEBUG - Final objective function is: 0.1474991
