2021-03-04 15:19:30,735 - qiskit.aqua.algorithms.vq_algorithm - INFO - Starting optimizer.
bounds=[(-3.141592653589793, 3.141592653589793), (-3.141592653589793, 3.141592653589793), (-3.141592653589793, 3.141592653589793), (-3.141592653589793, 3.141592653589793), (-3.141592653589793, 3.141592653589793), (-3.141592653589793, 3.141592653589793), (-3.141592653589793, 3.141592653589793), (-3.141592653589793, 3.141592653589793), (-3.141592653589793, 3.141592653589793), (-3.141592653589793, 3.141592653589793)]
initial point=[-2.40769218 -2.48755874  0.32279947  2.61461802 -1.14544061 -1.91072258
  2.29816753 -2.79222948 -1.95709938 -1.7259388 ]
2021-03-04 15:19:30,735 - qiskit.aqua.components.optimizers.spsa - DEBUG - Parameters: [0.62831853 0.1        0.602      0.101      0.        ]
2021-03-04 15:19:30,736 - qiskit.aqua.components.optimizers.spsa - DEBUG - Calibration...
2021-03-04 15:19:30,736 - qiskit.aqua.components.optimizers.spsa - DEBUG - calibration step # 0 of 25
2021-03-04 15:19:35,975 - qiskit.aqua.components.optimizers.spsa - DEBUG - calibration step # 5 of 25
2021-03-04 15:19:41,088 - qiskit.aqua.components.optimizers.spsa - DEBUG - calibration step # 10 of 25
2021-03-04 15:19:46,145 - qiskit.aqua.components.optimizers.spsa - DEBUG - calibration step # 15 of 25
2021-03-04 15:19:51,227 - qiskit.aqua.components.optimizers.spsa - DEBUG - calibration step # 20 of 25
2021-03-04 15:19:56,301 - qiskit.aqua.components.optimizers.spsa - DEBUG - delta_obj is 0, not calibrating (since this would set c0 to inf)
2021-03-04 15:19:56,301 - qiskit.aqua.components.optimizers.spsa - DEBUG - Calibrated SPSA parameter c0 is 0.0404159
2021-03-04 15:19:57,312 - qiskit.aqua.components.optimizers.spsa - DEBUG - Objective function at theta+ for step # 0: 5.8196869
2021-03-04 15:19:57,312 - qiskit.aqua.components.optimizers.spsa - DEBUG - Objective function at theta- for step # 0: 1.3218155
2021-03-04 15:19:58,130 - qiskit.aqua.components.optimizers.spsa - DEBUG - Objective function at theta+ for step # 1: 9.8367004
2021-03-04 15:19:58,130 - qiskit.aqua.components.optimizers.spsa - DEBUG - Objective function at theta- for step # 1: 5.7082520
2021-03-04 15:19:59,177 - qiskit.aqua.components.optimizers.spsa - DEBUG - Objective function at theta+ for step # 2: 5.8862991
2021-03-04 15:19:59,177 - qiskit.aqua.components.optimizers.spsa - DEBUG - Objective function at theta- for step # 2: 7.1635895
2021-03-04 15:20:00,213 - qiskit.aqua.components.optimizers.spsa - DEBUG - Objective function at theta+ for step # 3: 3.6391068
2021-03-04 15:20:00,213 - qiskit.aqua.components.optimizers.spsa - DEBUG - Objective function at theta- for step # 3: 6.9398346
2021-03-04 15:20:01,154 - qiskit.aqua.components.optimizers.spsa - DEBUG - Objective function at theta+ for step # 4: 0.1219025
2021-03-04 15:20:01,154 - qiskit.aqua.components.optimizers.spsa - DEBUG - Objective function at theta- for step # 4: 0.4585876
2021-03-04 15:20:02,079 - qiskit.aqua.components.optimizers.spsa - DEBUG - Objective function at theta+ for step # 5: 1.1102219
2021-03-04 15:20:02,079 - qiskit.aqua.components.optimizers.spsa - DEBUG - Objective function at theta- for step # 5: 0.1669006
2021-03-04 15:20:03,038 - qiskit.aqua.components.optimizers.spsa - DEBUG - Objective function at theta+ for step # 6: 0.1989365
2021-03-04 15:20:03,038 - qiskit.aqua.components.optimizers.spsa - DEBUG - Objective function at theta- for step # 6: 0.6973648
2021-03-04 15:20:03,979 - qiskit.aqua.components.optimizers.spsa - DEBUG - Objective function at theta+ for step # 7: 0.0754318
2021-03-04 15:20:03,979 - qiskit.aqua.components.optimizers.spsa - DEBUG - Objective function at theta- for step # 7: 0.1075287
2021-03-04 15:20:04,926 - qiskit.aqua.components.optimizers.spsa - DEBUG - Objective function at theta+ for step # 8: 0.2280807
2021-03-04 15:20:04,926 - qiskit.aqua.components.optimizers.spsa - DEBUG - Objective function at theta- for step # 8: 0.2216873
2021-03-04 15:20:05,865 - qiskit.aqua.components.optimizers.spsa - DEBUG - Objective function at theta+ for step # 9: 1.1144791
2021-03-04 15:20:05,865 - qiskit.aqua.components.optimizers.spsa - DEBUG - Objective function at theta- for step # 9: 1.0658646
2021-03-04 15:20:06,798 - qiskit.aqua.components.optimizers.spsa - DEBUG - Objective function at theta+ for step # 10: 0.4523163
2021-03-04 15:20:06,798 - qiskit.aqua.components.optimizers.spsa - DEBUG - Objective function at theta- for step # 10: 0.2721710
2021-03-04 15:20:07,744 - qiskit.aqua.components.optimizers.spsa - DEBUG - Objective function at theta+ for step # 11: 0.3318329
2021-03-04 15:20:07,744 - qiskit.aqua.components.optimizers.spsa - DEBUG - Objective function at theta- for step # 11: 0.3043747
2021-03-04 15:20:08,686 - qiskit.aqua.components.optimizers.spsa - DEBUG - Objective function at theta+ for step # 12: 1.6098099
2021-03-04 15:20:08,686 - qiskit.aqua.components.optimizers.spsa - DEBUG - Objective function at theta- for step # 12: 1.7508698
2021-03-04 15:20:09,625 - qiskit.aqua.components.optimizers.spsa - DEBUG - Objective function at theta+ for step # 13: 0.2137985
2021-03-04 15:20:09,625 - qiskit.aqua.components.optimizers.spsa - DEBUG - Objective function at theta- for step # 13: 0.1264801
2021-03-04 15:20:10,565 - qiskit.aqua.components.optimizers.spsa - DEBUG - Objective function at theta+ for step # 14: 1.6155701
2021-03-04 15:20:10,565 - qiskit.aqua.components.optimizers.spsa - DEBUG - Objective function at theta- for step # 14: 1.1194763
2021-03-04 15:20:11,518 - qiskit.aqua.components.optimizers.spsa - DEBUG - Objective function at theta+ for step # 15: 0.1482239
2021-03-04 15:20:11,518 - qiskit.aqua.components.optimizers.spsa - DEBUG - Objective function at theta- for step # 15: 0.2049561
2021-03-04 15:20:12,481 - qiskit.aqua.components.optimizers.spsa - DEBUG - Objective function at theta+ for step # 16: 1.6720963
2021-03-04 15:20:12,481 - qiskit.aqua.components.optimizers.spsa - DEBUG - Objective function at theta- for step # 16: 0.4074097
2021-03-04 15:20:13,413 - qiskit.aqua.components.optimizers.spsa - DEBUG - Objective function at theta+ for step # 17: 0.5573578
2021-03-04 15:20:13,413 - qiskit.aqua.components.optimizers.spsa - DEBUG - Objective function at theta- for step # 17: 0.0986633
2021-03-04 15:20:14,344 - qiskit.aqua.components.optimizers.spsa - DEBUG - Objective function at theta+ for step # 18: 0.5379944
2021-03-04 15:20:14,344 - qiskit.aqua.components.optimizers.spsa - DEBUG - Objective function at theta- for step # 18: 0.0379944
2021-03-04 15:20:15,278 - qiskit.aqua.components.optimizers.spsa - DEBUG - Objective function at theta+ for step # 19: 0.2402267
2021-03-04 15:20:15,278 - qiskit.aqua.components.optimizers.spsa - DEBUG - Objective function at theta- for step # 19: 0.7580795
2021-03-04 15:20:16,209 - qiskit.aqua.components.optimizers.spsa - DEBUG - Objective function at theta+ for step # 20: 0.4359055
2021-03-04 15:20:16,209 - qiskit.aqua.components.optimizers.spsa - DEBUG - Objective function at theta- for step # 20: 0.7480698
2021-03-04 15:20:17,158 - qiskit.aqua.components.optimizers.spsa - DEBUG - Objective function at theta+ for step # 21: 0.5112000
2021-03-04 15:20:17,158 - qiskit.aqua.components.optimizers.spsa - DEBUG - Objective function at theta- for step # 21: 0.5816956
2021-03-04 15:20:18,110 - qiskit.aqua.components.optimizers.spsa - DEBUG - Objective function at theta+ for step # 22: 0.1108856
2021-03-04 15:20:18,110 - qiskit.aqua.components.optimizers.spsa - DEBUG - Objective function at theta- for step # 22: 0.0923996
2021-03-04 15:20:19,047 - qiskit.aqua.components.optimizers.spsa - DEBUG - Objective function at theta+ for step # 23: 0.2483902
2021-03-04 15:20:19,047 - qiskit.aqua.components.optimizers.spsa - DEBUG - Objective function at theta- for step # 23: 0.2338486
2021-03-04 15:20:19,992 - qiskit.aqua.components.optimizers.spsa - DEBUG - Objective function at theta+ for step # 24: 0.1481781
2021-03-04 15:20:19,992 - qiskit.aqua.components.optimizers.spsa - DEBUG - Objective function at theta- for step # 24: 0.1306839
2021-03-04 15:20:20,944 - qiskit.aqua.components.optimizers.spsa - DEBUG - Objective function at theta+ for step # 25: 0.2980728
2021-03-04 15:20:20,945 - qiskit.aqua.components.optimizers.spsa - DEBUG - Objective function at theta- for step # 25: 0.3536377
2021-03-04 15:20:21,891 - qiskit.aqua.components.optimizers.spsa - DEBUG - Objective function at theta+ for step # 26: 0.3697739
2021-03-04 15:20:21,891 - qiskit.aqua.components.optimizers.spsa - DEBUG - Objective function at theta- for step # 26: 0.4211426
2021-03-04 15:20:22,832 - qiskit.aqua.components.optimizers.spsa - DEBUG - Objective function at theta+ for step # 27: 0.3416824
2021-03-04 15:20:22,833 - qiskit.aqua.components.optimizers.spsa - DEBUG - Objective function at theta- for step # 27: 0.2814941
2021-03-04 15:20:23,780 - qiskit.aqua.components.optimizers.spsa - DEBUG - Objective function at theta+ for step # 28: 0.2855530
2021-03-04 15:20:23,780 - qiskit.aqua.components.optimizers.spsa - DEBUG - Objective function at theta- for step # 28: 0.2285233
2021-03-04 15:20:24,730 - qiskit.aqua.components.optimizers.spsa - DEBUG - Objective function at theta+ for step # 29: 0.2408295
2021-03-04 15:20:24,730 - qiskit.aqua.components.optimizers.spsa - DEBUG - Objective function at theta- for step # 29: 0.5177841
2021-03-04 15:20:25,671 - qiskit.aqua.components.optimizers.spsa - DEBUG - Objective function at theta+ for step # 30: 0.3284378
2021-03-04 15:20:25,671 - qiskit.aqua.components.optimizers.spsa - DEBUG - Objective function at theta- for step # 30: 0.4108353
2021-03-04 15:20:26,624 - qiskit.aqua.components.optimizers.spsa - DEBUG - Objective function at theta+ for step # 31: 0.1148911
2021-03-04 15:20:26,624 - qiskit.aqua.components.optimizers.spsa - DEBUG - Objective function at theta- for step # 31: 0.0724716
2021-03-04 15:20:27,568 - qiskit.aqua.components.optimizers.spsa - DEBUG - Objective function at theta+ for step # 32: 0.1805954
2021-03-04 15:20:27,568 - qiskit.aqua.components.optimizers.spsa - DEBUG - Objective function at theta- for step # 32: 0.1097870
2021-03-04 15:20:28,517 - qiskit.aqua.components.optimizers.spsa - DEBUG - Objective function at theta+ for step # 33: 0.0794907
2021-03-04 15:20:28,517 - qiskit.aqua.components.optimizers.spsa - DEBUG - Objective function at theta- for step # 33: 0.0899429
2021-03-04 15:20:29,462 - qiskit.aqua.components.optimizers.spsa - DEBUG - Objective function at theta+ for step # 34: 0.0939941
2021-03-04 15:20:29,462 - qiskit.aqua.components.optimizers.spsa - DEBUG - Objective function at theta- for step # 34: 0.0589294
2021-03-04 15:20:30,406 - qiskit.aqua.components.optimizers.spsa - DEBUG - Objective function at theta+ for step # 35: 0.2948532
2021-03-04 15:20:30,406 - qiskit.aqua.components.optimizers.spsa - DEBUG - Objective function at theta- for step # 35: 0.2630539
2021-03-04 15:20:31,361 - qiskit.aqua.components.optimizers.spsa - DEBUG - Objective function at theta+ for step # 36: 0.0991287
2021-03-04 15:20:31,361 - qiskit.aqua.components.optimizers.spsa - DEBUG - Objective function at theta- for step # 36: 0.1273727
2021-03-04 15:20:32,300 - qiskit.aqua.components.optimizers.spsa - DEBUG - Objective function at theta+ for step # 37: 0.2233200
2021-03-04 15:20:32,300 - qiskit.aqua.components.optimizers.spsa - DEBUG - Objective function at theta- for step # 37: 0.1559067
2021-03-04 15:20:33,257 - qiskit.aqua.components.optimizers.spsa - DEBUG - Objective function at theta+ for step # 38: 0.4400940
2021-03-04 15:20:33,258 - qiskit.aqua.components.optimizers.spsa - DEBUG - Objective function at theta- for step # 38: 0.2344742
2021-03-04 15:20:34,199 - qiskit.aqua.components.optimizers.spsa - DEBUG - Objective function at theta+ for step # 39: 0.2333755
2021-03-04 15:20:34,199 - qiskit.aqua.components.optimizers.spsa - DEBUG - Objective function at theta- for step # 39: 0.2996063
2021-03-04 15:20:35,142 - qiskit.aqua.components.optimizers.spsa - DEBUG - Objective function at theta+ for step # 40: 0.2103653
2021-03-04 15:20:35,142 - qiskit.aqua.components.optimizers.spsa - DEBUG - Objective function at theta- for step # 40: 0.2098312
2021-03-04 15:20:36,086 - qiskit.aqua.components.optimizers.spsa - DEBUG - Objective function at theta+ for step # 41: 0.1119919
2021-03-04 15:20:36,086 - qiskit.aqua.components.optimizers.spsa - DEBUG - Objective function at theta- for step # 41: 0.1204758
2021-03-04 15:20:37,024 - qiskit.aqua.components.optimizers.spsa - DEBUG - Objective function at theta+ for step # 42: 0.1280518
2021-03-04 15:20:37,024 - qiskit.aqua.components.optimizers.spsa - DEBUG - Objective function at theta- for step # 42: 0.1075897
2021-03-04 15:20:37,965 - qiskit.aqua.components.optimizers.spsa - DEBUG - Objective function at theta+ for step # 43: 0.1878967
2021-03-04 15:20:37,965 - qiskit.aqua.components.optimizers.spsa - DEBUG - Objective function at theta- for step # 43: 0.1853561
2021-03-04 15:20:38,908 - qiskit.aqua.components.optimizers.spsa - DEBUG - Objective function at theta+ for step # 44: 0.0655823
2021-03-04 15:20:38,908 - qiskit.aqua.components.optimizers.spsa - DEBUG - Objective function at theta- for step # 44: 0.1609650
2021-03-04 15:20:39,858 - qiskit.aqua.components.optimizers.spsa - DEBUG - Objective function at theta+ for step # 45: 0.3061142
2021-03-04 15:20:39,858 - qiskit.aqua.components.optimizers.spsa - DEBUG - Objective function at theta- for step # 45: 0.2982254
2021-03-04 15:20:40,808 - qiskit.aqua.components.optimizers.spsa - DEBUG - Objective function at theta+ for step # 46: 0.1356888
2021-03-04 15:20:40,808 - qiskit.aqua.components.optimizers.spsa - DEBUG - Objective function at theta- for step # 46: 0.1816406
2021-03-04 15:20:41,755 - qiskit.aqua.components.optimizers.spsa - DEBUG - Objective function at theta+ for step # 47: 0.2820435
2021-03-04 15:20:41,755 - qiskit.aqua.components.optimizers.spsa - DEBUG - Objective function at theta- for step # 47: 0.2042389
2021-03-04 15:20:42,696 - qiskit.aqua.components.optimizers.spsa - DEBUG - Objective function at theta+ for step # 48: 0.6557312
2021-03-04 15:20:42,696 - qiskit.aqua.components.optimizers.spsa - DEBUG - Objective function at theta- for step # 48: 0.5415192
2021-03-04 15:20:43,641 - qiskit.aqua.components.optimizers.spsa - DEBUG - Objective function at theta+ for step # 49: 0.3354950
2021-03-04 15:20:43,641 - qiskit.aqua.components.optimizers.spsa - DEBUG - Objective function at theta- for step # 49: 0.1339951
2021-03-04 15:20:44,581 - qiskit.aqua.components.optimizers.spsa - DEBUG - Objective function at theta+ for step # 50: 0.0926895
2021-03-04 15:20:44,581 - qiskit.aqua.components.optimizers.spsa - DEBUG - Objective function at theta- for step # 50: 0.1054535
2021-03-04 15:20:45,530 - qiskit.aqua.components.optimizers.spsa - DEBUG - Objective function at theta+ for step # 51: 0.2512665
2021-03-04 15:20:45,530 - qiskit.aqua.components.optimizers.spsa - DEBUG - Objective function at theta- for step # 51: 0.2172241
2021-03-04 15:20:46,479 - qiskit.aqua.components.optimizers.spsa - DEBUG - Objective function at theta+ for step # 52: 0.0522919
2021-03-04 15:20:46,479 - qiskit.aqua.components.optimizers.spsa - DEBUG - Objective function at theta- for step # 52: 0.1268311
2021-03-04 15:20:47,421 - qiskit.aqua.components.optimizers.spsa - DEBUG - Objective function at theta+ for step # 53: 0.1440659
2021-03-04 15:20:47,422 - qiskit.aqua.components.optimizers.spsa - DEBUG - Objective function at theta- for step # 53: 0.0798111
2021-03-04 15:20:48,369 - qiskit.aqua.components.optimizers.spsa - DEBUG - Objective function at theta+ for step # 54: 0.1729584
2021-03-04 15:20:48,369 - qiskit.aqua.components.optimizers.spsa - DEBUG - Objective function at theta- for step # 54: 0.2042160
2021-03-04 15:20:49,322 - qiskit.aqua.components.optimizers.spsa - DEBUG - Objective function at theta+ for step # 55: 0.1169662
2021-03-04 15:20:49,322 - qiskit.aqua.components.optimizers.spsa - DEBUG - Objective function at theta- for step # 55: 0.0893021
2021-03-04 15:20:50,260 - qiskit.aqua.components.optimizers.spsa - DEBUG - Objective function at theta+ for step # 56: 0.6536636
2021-03-04 15:20:50,260 - qiskit.aqua.components.optimizers.spsa - DEBUG - Objective function at theta- for step # 56: 0.5348663
2021-03-04 15:20:51,209 - qiskit.aqua.components.optimizers.spsa - DEBUG - Objective function at theta+ for step # 57: 0.1513672
2021-03-04 15:20:51,209 - qiskit.aqua.components.optimizers.spsa - DEBUG - Objective function at theta- for step # 57: 0.1584015
2021-03-04 15:20:52,156 - qiskit.aqua.components.optimizers.spsa - DEBUG - Objective function at theta+ for step # 58: 0.1776428
2021-03-04 15:20:52,156 - qiskit.aqua.components.optimizers.spsa - DEBUG - Objective function at theta- for step # 58: 0.1953125
2021-03-04 15:20:53,104 - qiskit.aqua.components.optimizers.spsa - DEBUG - Objective function at theta+ for step # 59: 0.2751236
2021-03-04 15:20:53,104 - qiskit.aqua.components.optimizers.spsa - DEBUG - Objective function at theta- for step # 59: 0.2534561
2021-03-04 15:20:54,046 - qiskit.aqua.components.optimizers.spsa - DEBUG - Objective function at theta+ for step # 60: 0.7019043
2021-03-04 15:20:54,046 - qiskit.aqua.components.optimizers.spsa - DEBUG - Objective function at theta- for step # 60: 0.5540161
2021-03-04 15:20:54,988 - qiskit.aqua.components.optimizers.spsa - DEBUG - Objective function at theta+ for step # 61: 0.1054916
2021-03-04 15:20:54,988 - qiskit.aqua.components.optimizers.spsa - DEBUG - Objective function at theta- for step # 61: 0.0883560
2021-03-04 15:20:55,931 - qiskit.aqua.components.optimizers.spsa - DEBUG - Objective function at theta+ for step # 62: 0.2252197
2021-03-04 15:20:55,932 - qiskit.aqua.components.optimizers.spsa - DEBUG - Objective function at theta- for step # 62: 0.2552185
2021-03-04 15:20:56,869 - qiskit.aqua.components.optimizers.spsa - DEBUG - Objective function at theta+ for step # 63: 0.3141251
2021-03-04 15:20:56,869 - qiskit.aqua.components.optimizers.spsa - DEBUG - Objective function at theta- for step # 63: 0.2529373
2021-03-04 15:20:57,823 - qiskit.aqua.components.optimizers.spsa - DEBUG - Objective function at theta+ for step # 64: 0.3864441
2021-03-04 15:20:57,823 - qiskit.aqua.components.optimizers.spsa - DEBUG - Objective function at theta- for step # 64: 0.3285980
2021-03-04 15:20:58,773 - qiskit.aqua.components.optimizers.spsa - DEBUG - Objective function at theta+ for step # 65: 0.2611237
2021-03-04 15:20:58,773 - qiskit.aqua.components.optimizers.spsa - DEBUG - Objective function at theta- for step # 65: 0.3909683
2021-03-04 15:20:59,724 - qiskit.aqua.components.optimizers.spsa - DEBUG - Objective function at theta+ for step # 66: 0.1305618
2021-03-04 15:20:59,724 - qiskit.aqua.components.optimizers.spsa - DEBUG - Objective function at theta- for step # 66: 0.1064301
2021-03-04 15:21:00,668 - qiskit.aqua.components.optimizers.spsa - DEBUG - Objective function at theta+ for step # 67: 0.3238602
2021-03-04 15:21:00,668 - qiskit.aqua.components.optimizers.spsa - DEBUG - Objective function at theta- for step # 67: 0.3227310
2021-03-04 15:21:01,609 - qiskit.aqua.components.optimizers.spsa - DEBUG - Objective function at theta+ for step # 68: 0.0851822
2021-03-04 15:21:01,610 - qiskit.aqua.components.optimizers.spsa - DEBUG - Objective function at theta- for step # 68: 0.1188583
2021-03-04 15:21:02,550 - qiskit.aqua.components.optimizers.spsa - DEBUG - Objective function at theta+ for step # 69: 0.0767212
2021-03-04 15:21:02,551 - qiskit.aqua.components.optimizers.spsa - DEBUG - Objective function at theta- for step # 69: 0.1074371
2021-03-04 15:21:03,507 - qiskit.aqua.components.optimizers.spsa - DEBUG - Objective function at theta+ for step # 70: 0.1290436
2021-03-04 15:21:03,507 - qiskit.aqua.components.optimizers.spsa - DEBUG - Objective function at theta- for step # 70: 0.1739578
2021-03-04 15:21:04,448 - qiskit.aqua.components.optimizers.spsa - DEBUG - Objective function at theta+ for step # 71: 0.0955276
2021-03-04 15:21:04,448 - qiskit.aqua.components.optimizers.spsa - DEBUG - Objective function at theta- for step # 71: 0.0982666
2021-03-04 15:21:05,416 - qiskit.aqua.components.optimizers.spsa - DEBUG - Objective function at theta+ for step # 72: 0.1329651
2021-03-04 15:21:05,416 - qiskit.aqua.components.optimizers.spsa - DEBUG - Objective function at theta- for step # 72: 0.0675278
2021-03-04 15:21:06,382 - qiskit.aqua.components.optimizers.spsa - DEBUG - Objective function at theta+ for step # 73: 0.1004639
2021-03-04 15:21:06,382 - qiskit.aqua.components.optimizers.spsa - DEBUG - Objective function at theta- for step # 73: 0.0819244
2021-03-04 15:21:07,325 - qiskit.aqua.components.optimizers.spsa - DEBUG - Objective function at theta+ for step # 74: 0.0885773
2021-03-04 15:21:07,325 - qiskit.aqua.components.optimizers.spsa - DEBUG - Objective function at theta- for step # 74: 0.0684814
2021-03-04 15:21:08,268 - qiskit.aqua.components.optimizers.spsa - DEBUG - Objective function at theta+ for step # 75: 0.1586227
2021-03-04 15:21:08,268 - qiskit.aqua.components.optimizers.spsa - DEBUG - Objective function at theta- for step # 75: 0.1276550
2021-03-04 15:21:09,218 - qiskit.aqua.components.optimizers.spsa - DEBUG - Objective function at theta+ for step # 76: 0.9457550
2021-03-04 15:21:09,218 - qiskit.aqua.components.optimizers.spsa - DEBUG - Objective function at theta- for step # 76: 0.9264526
2021-03-04 15:21:10,167 - qiskit.aqua.components.optimizers.spsa - DEBUG - Objective function at theta+ for step # 77: 0.0875549
2021-03-04 15:21:10,167 - qiskit.aqua.components.optimizers.spsa - DEBUG - Objective function at theta- for step # 77: 0.1108017
2021-03-04 15:21:11,110 - qiskit.aqua.components.optimizers.spsa - DEBUG - Objective function at theta+ for step # 78: 0.8057785
2021-03-04 15:21:11,110 - qiskit.aqua.components.optimizers.spsa - DEBUG - Objective function at theta- for step # 78: 0.8508377
2021-03-04 15:21:12,052 - qiskit.aqua.components.optimizers.spsa - DEBUG - Objective function at theta+ for step # 79: 0.0562439
2021-03-04 15:21:12,052 - qiskit.aqua.components.optimizers.spsa - DEBUG - Objective function at theta- for step # 79: 0.0280991
2021-03-04 15:21:12,996 - qiskit.aqua.components.optimizers.spsa - DEBUG - Objective function at theta+ for step # 80: 0.8309631
2021-03-04 15:21:12,996 - qiskit.aqua.components.optimizers.spsa - DEBUG - Objective function at theta- for step # 80: 0.6835098
2021-03-04 15:21:13,937 - qiskit.aqua.components.optimizers.spsa - DEBUG - Objective function at theta+ for step # 81: 0.2548523
2021-03-04 15:21:13,937 - qiskit.aqua.components.optimizers.spsa - DEBUG - Objective function at theta- for step # 81: 0.1781769
2021-03-04 15:21:14,877 - qiskit.aqua.components.optimizers.spsa - DEBUG - Objective function at theta+ for step # 82: 0.3875275
2021-03-04 15:21:14,877 - qiskit.aqua.components.optimizers.spsa - DEBUG - Objective function at theta- for step # 82: 0.2378616
2021-03-04 15:21:15,817 - qiskit.aqua.components.optimizers.spsa - DEBUG - Objective function at theta+ for step # 83: 0.2952728
2021-03-04 15:21:15,817 - qiskit.aqua.components.optimizers.spsa - DEBUG - Objective function at theta- for step # 83: 0.2574310
2021-03-04 15:21:16,777 - qiskit.aqua.components.optimizers.spsa - DEBUG - Objective function at theta+ for step # 84: 0.3536301
2021-03-04 15:21:16,777 - qiskit.aqua.components.optimizers.spsa - DEBUG - Objective function at theta- for step # 84: 0.2967987
2021-03-04 15:21:17,735 - qiskit.aqua.components.optimizers.spsa - DEBUG - Objective function at theta+ for step # 85: 0.9283524
2021-03-04 15:21:17,735 - qiskit.aqua.components.optimizers.spsa - DEBUG - Objective function at theta- for step # 85: 1.0052414
2021-03-04 15:21:18,678 - qiskit.aqua.components.optimizers.spsa - DEBUG - Objective function at theta+ for step # 86: 0.2614212
2021-03-04 15:21:18,678 - qiskit.aqua.components.optimizers.spsa - DEBUG - Objective function at theta- for step # 86: 0.2716064
2021-03-04 15:21:19,632 - qiskit.aqua.components.optimizers.spsa - DEBUG - Objective function at theta+ for step # 87: 0.1646423
2021-03-04 15:21:19,632 - qiskit.aqua.components.optimizers.spsa - DEBUG - Objective function at theta- for step # 87: 0.1003799
2021-03-04 15:21:20,590 - qiskit.aqua.components.optimizers.spsa - DEBUG - Objective function at theta+ for step # 88: 0.1120453
2021-03-04 15:21:20,590 - qiskit.aqua.components.optimizers.spsa - DEBUG - Objective function at theta- for step # 88: 0.1521149
2021-03-04 15:21:21,540 - qiskit.aqua.components.optimizers.spsa - DEBUG - Objective function at theta+ for step # 89: 0.0657349
2021-03-04 15:21:21,540 - qiskit.aqua.components.optimizers.spsa - DEBUG - Objective function at theta- for step # 89: 0.1034393
2021-03-04 15:21:22,481 - qiskit.aqua.components.optimizers.spsa - DEBUG - Objective function at theta+ for step # 90: 0.3615723
2021-03-04 15:21:22,482 - qiskit.aqua.components.optimizers.spsa - DEBUG - Objective function at theta- for step # 90: 0.3791351
2021-03-04 15:21:23,438 - qiskit.aqua.components.optimizers.spsa - DEBUG - Objective function at theta+ for step # 91: 0.2090073
2021-03-04 15:21:23,439 - qiskit.aqua.components.optimizers.spsa - DEBUG - Objective function at theta- for step # 91: 0.0868301
2021-03-04 15:21:24,392 - qiskit.aqua.components.optimizers.spsa - DEBUG - Objective function at theta+ for step # 92: 0.1209106
2021-03-04 15:21:24,392 - qiskit.aqua.components.optimizers.spsa - DEBUG - Objective function at theta- for step # 92: 0.0847626
2021-03-04 15:21:25,361 - qiskit.aqua.components.optimizers.spsa - DEBUG - Objective function at theta+ for step # 93: 0.0949249
2021-03-04 15:21:25,361 - qiskit.aqua.components.optimizers.spsa - DEBUG - Objective function at theta- for step # 93: 0.1021576
2021-03-04 15:21:26,316 - qiskit.aqua.components.optimizers.spsa - DEBUG - Objective function at theta+ for step # 94: 0.1528549
2021-03-04 15:21:26,316 - qiskit.aqua.components.optimizers.spsa - DEBUG - Objective function at theta- for step # 94: 0.1101685
2021-03-04 15:21:27,259 - qiskit.aqua.components.optimizers.spsa - DEBUG - Objective function at theta+ for step # 95: 0.3777084
2021-03-04 15:21:27,259 - qiskit.aqua.components.optimizers.spsa - DEBUG - Objective function at theta- for step # 95: 0.3228607
2021-03-04 15:21:28,202 - qiskit.aqua.components.optimizers.spsa - DEBUG - Objective function at theta+ for step # 96: 0.1685410
2021-03-04 15:21:28,202 - qiskit.aqua.components.optimizers.spsa - DEBUG - Objective function at theta- for step # 96: 0.1456146
2021-03-04 15:21:29,143 - qiskit.aqua.components.optimizers.spsa - DEBUG - Objective function at theta+ for step # 97: 0.2384720
2021-03-04 15:21:29,143 - qiskit.aqua.components.optimizers.spsa - DEBUG - Objective function at theta- for step # 97: 0.1737595
2021-03-04 15:21:30,087 - qiskit.aqua.components.optimizers.spsa - DEBUG - Objective function at theta+ for step # 98: 0.0725021
2021-03-04 15:21:30,087 - qiskit.aqua.components.optimizers.spsa - DEBUG - Objective function at theta- for step # 98: 0.1293335
2021-03-04 15:21:31,029 - qiskit.aqua.components.optimizers.spsa - DEBUG - Objective function at theta+ for step # 99: 0.1049957
2021-03-04 15:21:31,029 - qiskit.aqua.components.optimizers.spsa - DEBUG - Objective function at theta- for step # 99: 0.0998535
2021-03-04 15:21:31,967 - qiskit.aqua.components.optimizers.spsa - DEBUG - Objective function at theta+ for step # 100: 0.1081619
2021-03-04 15:21:31,967 - qiskit.aqua.components.optimizers.spsa - DEBUG - Objective function at theta- for step # 100: 0.1017151
2021-03-04 15:21:32,919 - qiskit.aqua.components.optimizers.spsa - DEBUG - Objective function at theta+ for step # 101: 0.2342758
2021-03-04 15:21:32,919 - qiskit.aqua.components.optimizers.spsa - DEBUG - Objective function at theta- for step # 101: 0.2628937
2021-03-04 15:21:33,856 - qiskit.aqua.components.optimizers.spsa - DEBUG - Objective function at theta+ for step # 102: 0.0912094
2021-03-04 15:21:33,856 - qiskit.aqua.components.optimizers.spsa - DEBUG - Objective function at theta- for step # 102: 0.1055832
2021-03-04 15:21:34,809 - qiskit.aqua.components.optimizers.spsa - DEBUG - Objective function at theta+ for step # 103: 0.4481430
2021-03-04 15:21:34,809 - qiskit.aqua.components.optimizers.spsa - DEBUG - Objective function at theta- for step # 103: 0.4212418
2021-03-04 15:21:35,757 - qiskit.aqua.components.optimizers.spsa - DEBUG - Objective function at theta+ for step # 104: 0.3227768
2021-03-04 15:21:35,758 - qiskit.aqua.components.optimizers.spsa - DEBUG - Objective function at theta- for step # 104: 0.3011551
2021-03-04 15:21:36,705 - qiskit.aqua.components.optimizers.spsa - DEBUG - Objective function at theta+ for step # 105: 0.6079712
2021-03-04 15:21:36,705 - qiskit.aqua.components.optimizers.spsa - DEBUG - Objective function at theta- for step # 105: 0.7145767
2021-03-04 15:21:37,649 - qiskit.aqua.components.optimizers.spsa - DEBUG - Objective function at theta+ for step # 106: 0.2829208
2021-03-04 15:21:37,650 - qiskit.aqua.components.optimizers.spsa - DEBUG - Objective function at theta- for step # 106: 0.3149872
2021-03-04 15:21:38,587 - qiskit.aqua.components.optimizers.spsa - DEBUG - Objective function at theta+ for step # 107: 0.1116333
2021-03-04 15:21:38,587 - qiskit.aqua.components.optimizers.spsa - DEBUG - Objective function at theta- for step # 107: 0.0383530
2021-03-04 15:21:39,532 - qiskit.aqua.components.optimizers.spsa - DEBUG - Objective function at theta+ for step # 108: 0.0897369
2021-03-04 15:21:39,532 - qiskit.aqua.components.optimizers.spsa - DEBUG - Objective function at theta- for step # 108: 0.1038666
2021-03-04 15:21:40,486 - qiskit.aqua.components.optimizers.spsa - DEBUG - Objective function at theta+ for step # 109: 0.1220932
2021-03-04 15:21:40,486 - qiskit.aqua.components.optimizers.spsa - DEBUG - Objective function at theta- for step # 109: 0.1746445
2021-03-04 15:21:41,448 - qiskit.aqua.components.optimizers.spsa - DEBUG - Objective function at theta+ for step # 110: 0.4163361
2021-03-04 15:21:41,448 - qiskit.aqua.components.optimizers.spsa - DEBUG - Objective function at theta- for step # 110: 0.3807907
2021-03-04 15:21:42,395 - qiskit.aqua.components.optimizers.spsa - DEBUG - Objective function at theta+ for step # 111: 0.0569458
2021-03-04 15:21:42,395 - qiskit.aqua.components.optimizers.spsa - DEBUG - Objective function at theta- for step # 111: 0.0879288
2021-03-04 15:21:43,354 - qiskit.aqua.components.optimizers.spsa - DEBUG - Objective function at theta+ for step # 112: 0.0739288
2021-03-04 15:21:43,354 - qiskit.aqua.components.optimizers.spsa - DEBUG - Objective function at theta- for step # 112: 0.0889893
2021-03-04 15:21:44,310 - qiskit.aqua.components.optimizers.spsa - DEBUG - Objective function at theta+ for step # 113: 0.5815201
2021-03-04 15:21:44,310 - qiskit.aqua.components.optimizers.spsa - DEBUG - Objective function at theta- for step # 113: 0.6440353
2021-03-04 15:21:45,258 - qiskit.aqua.components.optimizers.spsa - DEBUG - Objective function at theta+ for step # 114: 0.0692749
2021-03-04 15:21:45,258 - qiskit.aqua.components.optimizers.spsa - DEBUG - Objective function at theta- for step # 114: 0.0371399
2021-03-04 15:21:46,197 - qiskit.aqua.components.optimizers.spsa - DEBUG - Objective function at theta+ for step # 115: 0.0801086
2021-03-04 15:21:46,197 - qiskit.aqua.components.optimizers.spsa - DEBUG - Objective function at theta- for step # 115: 0.0885849
2021-03-04 15:21:47,151 - qiskit.aqua.components.optimizers.spsa - DEBUG - Objective function at theta+ for step # 116: 0.1162949
2021-03-04 15:21:47,151 - qiskit.aqua.components.optimizers.spsa - DEBUG - Objective function at theta- for step # 116: 0.1098251
2021-03-04 15:21:48,094 - qiskit.aqua.components.optimizers.spsa - DEBUG - Objective function at theta+ for step # 117: 0.0876541
2021-03-04 15:21:48,094 - qiskit.aqua.components.optimizers.spsa - DEBUG - Objective function at theta- for step # 117: 0.0696869
2021-03-04 15:21:49,049 - qiskit.aqua.components.optimizers.spsa - DEBUG - Objective function at theta+ for step # 118: 0.3903656
2021-03-04 15:21:49,049 - qiskit.aqua.components.optimizers.spsa - DEBUG - Objective function at theta- for step # 118: 0.4507523
2021-03-04 15:21:49,996 - qiskit.aqua.components.optimizers.spsa - DEBUG - Objective function at theta+ for step # 119: 0.1436462
2021-03-04 15:21:49,996 - qiskit.aqua.components.optimizers.spsa - DEBUG - Objective function at theta- for step # 119: 0.2019882
2021-03-04 15:21:50,947 - qiskit.aqua.components.optimizers.spsa - DEBUG - Objective function at theta+ for step # 120: 0.2522659
2021-03-04 15:21:50,947 - qiskit.aqua.components.optimizers.spsa - DEBUG - Objective function at theta- for step # 120: 0.3214340
2021-03-04 15:21:51,891 - qiskit.aqua.components.optimizers.spsa - DEBUG - Objective function at theta+ for step # 121: 0.2681961
2021-03-04 15:21:51,892 - qiskit.aqua.components.optimizers.spsa - DEBUG - Objective function at theta- for step # 121: 0.4026108
2021-03-04 15:21:52,844 - qiskit.aqua.components.optimizers.spsa - DEBUG - Objective function at theta+ for step # 122: 0.1127853
2021-03-04 15:21:52,844 - qiskit.aqua.components.optimizers.spsa - DEBUG - Objective function at theta- for step # 122: 0.0525589
2021-03-04 15:21:53,793 - qiskit.aqua.components.optimizers.spsa - DEBUG - Objective function at theta+ for step # 123: 0.8418427
2021-03-04 15:21:53,793 - qiskit.aqua.components.optimizers.spsa - DEBUG - Objective function at theta- for step # 123: 0.9008865
2021-03-04 15:21:54,757 - qiskit.aqua.components.optimizers.spsa - DEBUG - Objective function at theta+ for step # 124: 0.4371796
2021-03-04 15:21:54,757 - qiskit.aqua.components.optimizers.spsa - DEBUG - Objective function at theta- for step # 124: 0.3573608
2021-03-04 15:21:55,709 - qiskit.aqua.components.optimizers.spsa - DEBUG - Objective function at theta+ for step # 125: 0.1643982
2021-03-04 15:21:55,709 - qiskit.aqua.components.optimizers.spsa - DEBUG - Objective function at theta- for step # 125: 0.1581268
2021-03-04 15:21:56,653 - qiskit.aqua.components.optimizers.spsa - DEBUG - Objective function at theta+ for step # 126: 0.0756760
2021-03-04 15:21:56,653 - qiskit.aqua.components.optimizers.spsa - DEBUG - Objective function at theta- for step # 126: 0.0854187
2021-03-04 15:21:57,598 - qiskit.aqua.components.optimizers.spsa - DEBUG - Objective function at theta+ for step # 127: 0.0860367
2021-03-04 15:21:57,598 - qiskit.aqua.components.optimizers.spsa - DEBUG - Objective function at theta- for step # 127: 0.0935211
2021-03-04 15:21:58,069 - qiskit.aqua.components.optimizers.spsa - DEBUG - Final objective function is: 0.0850449
