2021-03-04 15:15:34,563 - qiskit.aqua.algorithms.vq_algorithm - INFO - Starting optimizer.
bounds=[(-3.141592653589793, 3.141592653589793), (-3.141592653589793, 3.141592653589793), (-3.141592653589793, 3.141592653589793), (-3.141592653589793, 3.141592653589793), (-3.141592653589793, 3.141592653589793), (-3.141592653589793, 3.141592653589793), (-3.141592653589793, 3.141592653589793), (-3.141592653589793, 3.141592653589793)]
initial point=[ 1.10586892  2.36472286  1.05153752  0.53984856 -0.98881327  1.74779552
  0.98883844 -1.8532588 ]
2021-03-04 15:15:34,564 - qiskit.aqua.components.optimizers.spsa - DEBUG - Parameters: [0.62831853 0.1        0.602      0.101      0.        ]
2021-03-04 15:15:34,565 - qiskit.aqua.components.optimizers.spsa - DEBUG - Calibration...
2021-03-04 15:15:34,565 - qiskit.aqua.components.optimizers.spsa - DEBUG - calibration step # 0 of 25
2021-03-04 15:15:39,568 - qiskit.aqua.components.optimizers.spsa - DEBUG - calibration step # 5 of 25
2021-03-04 15:15:44,410 - qiskit.aqua.components.optimizers.spsa - DEBUG - calibration step # 10 of 25
2021-03-04 15:15:49,271 - qiskit.aqua.components.optimizers.spsa - DEBUG - calibration step # 15 of 25
2021-03-04 15:15:54,110 - qiskit.aqua.components.optimizers.spsa - DEBUG - calibration step # 20 of 25
2021-03-04 15:15:58,945 - qiskit.aqua.components.optimizers.spsa - DEBUG - delta_obj is 0, not calibrating (since this would set c0 to inf)
2021-03-04 15:15:58,945 - qiskit.aqua.components.optimizers.spsa - DEBUG - Calibrated SPSA parameter c0 is 0.5998142
2021-03-04 15:15:59,918 - qiskit.aqua.components.optimizers.spsa - DEBUG - Objective function at theta+ for step # 0: 0.1422195
2021-03-04 15:15:59,918 - qiskit.aqua.components.optimizers.spsa - DEBUG - Objective function at theta- for step # 0: 0.0798492
2021-03-04 15:16:00,883 - qiskit.aqua.components.optimizers.spsa - DEBUG - Objective function at theta+ for step # 1: 0.1229858
2021-03-04 15:16:00,883 - qiskit.aqua.components.optimizers.spsa - DEBUG - Objective function at theta- for step # 1: 0.0790939
2021-03-04 15:16:01,849 - qiskit.aqua.components.optimizers.spsa - DEBUG - Objective function at theta+ for step # 2: 0.3919144
2021-03-04 15:16:01,849 - qiskit.aqua.components.optimizers.spsa - DEBUG - Objective function at theta- for step # 2: 0.3706741
2021-03-04 15:16:02,815 - qiskit.aqua.components.optimizers.spsa - DEBUG - Objective function at theta+ for step # 3: 1.0630188
2021-03-04 15:16:02,815 - qiskit.aqua.components.optimizers.spsa - DEBUG - Objective function at theta- for step # 3: 0.3774261
2021-03-04 15:16:03,763 - qiskit.aqua.components.optimizers.spsa - DEBUG - Objective function at theta+ for step # 4: 1.4390488
2021-03-04 15:16:03,763 - qiskit.aqua.components.optimizers.spsa - DEBUG - Objective function at theta- for step # 4: 0.9100800
2021-03-04 15:16:04,770 - qiskit.aqua.components.optimizers.spsa - DEBUG - Objective function at theta+ for step # 5: 0.6256714
2021-03-04 15:16:04,770 - qiskit.aqua.components.optimizers.spsa - DEBUG - Objective function at theta- for step # 5: 0.4158630
2021-03-04 15:16:05,726 - qiskit.aqua.components.optimizers.spsa - DEBUG - Objective function at theta+ for step # 6: 0.8773422
2021-03-04 15:16:05,726 - qiskit.aqua.components.optimizers.spsa - DEBUG - Objective function at theta- for step # 6: 0.5231094
2021-03-04 15:16:06,816 - qiskit.aqua.components.optimizers.spsa - DEBUG - Objective function at theta+ for step # 7: 8.4670410
2021-03-04 15:16:06,816 - qiskit.aqua.components.optimizers.spsa - DEBUG - Objective function at theta- for step # 7: 6.7786942
2021-03-04 15:16:07,758 - qiskit.aqua.components.optimizers.spsa - DEBUG - Objective function at theta+ for step # 8: 0.2939224
2021-03-04 15:16:07,758 - qiskit.aqua.components.optimizers.spsa - DEBUG - Objective function at theta- for step # 8: 0.5455856
2021-03-04 15:16:08,749 - qiskit.aqua.components.optimizers.spsa - DEBUG - Objective function at theta+ for step # 9: 1.2232056
2021-03-04 15:16:08,749 - qiskit.aqua.components.optimizers.spsa - DEBUG - Objective function at theta- for step # 9: 0.2777405
2021-03-04 15:16:09,691 - qiskit.aqua.components.optimizers.spsa - DEBUG - Objective function at theta+ for step # 10: 0.3924561
2021-03-04 15:16:09,691 - qiskit.aqua.components.optimizers.spsa - DEBUG - Objective function at theta- for step # 10: 0.2988663
2021-03-04 15:16:10,647 - qiskit.aqua.components.optimizers.spsa - DEBUG - Objective function at theta+ for step # 11: 0.2222137
2021-03-04 15:16:10,647 - qiskit.aqua.components.optimizers.spsa - DEBUG - Objective function at theta- for step # 11: 0.7414703
2021-03-04 15:16:11,686 - qiskit.aqua.components.optimizers.spsa - DEBUG - Objective function at theta+ for step # 12: 2.8064804
2021-03-04 15:16:11,686 - qiskit.aqua.components.optimizers.spsa - DEBUG - Objective function at theta- for step # 12: 5.1064377
2021-03-04 15:16:12,762 - qiskit.aqua.components.optimizers.spsa - DEBUG - Objective function at theta+ for step # 13: 9.5204315
2021-03-04 15:16:12,762 - qiskit.aqua.components.optimizers.spsa - DEBUG - Objective function at theta- for step # 13: 5.6182861
2021-03-04 15:16:13,664 - qiskit.aqua.components.optimizers.spsa - DEBUG - Objective function at theta+ for step # 14: 3.5645828
2021-03-04 15:16:13,664 - qiskit.aqua.components.optimizers.spsa - DEBUG - Objective function at theta- for step # 14: 1.7871323
2021-03-04 15:16:14,762 - qiskit.aqua.components.optimizers.spsa - DEBUG - Objective function at theta+ for step # 15: 9.2886963
2021-03-04 15:16:14,762 - qiskit.aqua.components.optimizers.spsa - DEBUG - Objective function at theta- for step # 15: 8.4900589
2021-03-04 15:16:15,777 - qiskit.aqua.components.optimizers.spsa - DEBUG - Objective function at theta+ for step # 16: 3.7547455
2021-03-04 15:16:15,778 - qiskit.aqua.components.optimizers.spsa - DEBUG - Objective function at theta- for step # 16: 0.6383743
2021-03-04 15:16:16,623 - qiskit.aqua.components.optimizers.spsa - DEBUG - Objective function at theta+ for step # 17: 8.4086685
2021-03-04 15:16:16,623 - qiskit.aqua.components.optimizers.spsa - DEBUG - Objective function at theta- for step # 17: 8.2251740
2021-03-04 15:16:17,463 - qiskit.aqua.components.optimizers.spsa - DEBUG - Objective function at theta+ for step # 18: 7.1612549
2021-03-04 15:16:17,463 - qiskit.aqua.components.optimizers.spsa - DEBUG - Objective function at theta- for step # 18: 7.0850143
2021-03-04 15:16:18,309 - qiskit.aqua.components.optimizers.spsa - DEBUG - Objective function at theta+ for step # 19: 8.1907654
2021-03-04 15:16:18,309 - qiskit.aqua.components.optimizers.spsa - DEBUG - Objective function at theta- for step # 19: 5.7194366
2021-03-04 15:16:19,385 - qiskit.aqua.components.optimizers.spsa - DEBUG - Objective function at theta+ for step # 20: 6.4332428
2021-03-04 15:16:19,385 - qiskit.aqua.components.optimizers.spsa - DEBUG - Objective function at theta- for step # 20: 9.9463730
2021-03-04 15:16:20,284 - qiskit.aqua.components.optimizers.spsa - DEBUG - Objective function at theta+ for step # 21: 3.8004608
2021-03-04 15:16:20,284 - qiskit.aqua.components.optimizers.spsa - DEBUG - Objective function at theta- for step # 21: 2.0676727
2021-03-04 15:16:21,248 - qiskit.aqua.components.optimizers.spsa - DEBUG - Objective function at theta+ for step # 22: 0.2252502
2021-03-04 15:16:21,248 - qiskit.aqua.components.optimizers.spsa - DEBUG - Objective function at theta- for step # 22: 0.3159866
2021-03-04 15:16:22,229 - qiskit.aqua.components.optimizers.spsa - DEBUG - Objective function at theta+ for step # 23: 0.3235931
2021-03-04 15:16:22,229 - qiskit.aqua.components.optimizers.spsa - DEBUG - Objective function at theta- for step # 23: 0.2937012
2021-03-04 15:16:23,204 - qiskit.aqua.components.optimizers.spsa - DEBUG - Objective function at theta+ for step # 24: 0.3296432
2021-03-04 15:16:23,204 - qiskit.aqua.components.optimizers.spsa - DEBUG - Objective function at theta- for step # 24: 0.2442474
2021-03-04 15:16:24,169 - qiskit.aqua.components.optimizers.spsa - DEBUG - Objective function at theta+ for step # 25: 0.2691956
2021-03-04 15:16:24,169 - qiskit.aqua.components.optimizers.spsa - DEBUG - Objective function at theta- for step # 25: 0.5997849
2021-03-04 15:16:25,169 - qiskit.aqua.components.optimizers.spsa - DEBUG - Objective function at theta+ for step # 26: 1.5466843
2021-03-04 15:16:25,169 - qiskit.aqua.components.optimizers.spsa - DEBUG - Objective function at theta- for step # 26: 0.5448303
2021-03-04 15:16:26,085 - qiskit.aqua.components.optimizers.spsa - DEBUG - Objective function at theta+ for step # 27: 1.8777161
2021-03-04 15:16:26,085 - qiskit.aqua.components.optimizers.spsa - DEBUG - Objective function at theta- for step # 27: 1.0947952
2021-03-04 15:16:27,021 - qiskit.aqua.components.optimizers.spsa - DEBUG - Objective function at theta+ for step # 28: 0.8770981
2021-03-04 15:16:27,021 - qiskit.aqua.components.optimizers.spsa - DEBUG - Objective function at theta- for step # 28: 0.7875214
2021-03-04 15:16:27,975 - qiskit.aqua.components.optimizers.spsa - DEBUG - Objective function at theta+ for step # 29: 0.6861420
2021-03-04 15:16:27,975 - qiskit.aqua.components.optimizers.spsa - DEBUG - Objective function at theta- for step # 29: 0.9746857
2021-03-04 15:16:28,922 - qiskit.aqua.components.optimizers.spsa - DEBUG - Objective function at theta+ for step # 30: 0.6009216
2021-03-04 15:16:28,922 - qiskit.aqua.components.optimizers.spsa - DEBUG - Objective function at theta- for step # 30: 0.3388367
2021-03-04 15:16:29,898 - qiskit.aqua.components.optimizers.spsa - DEBUG - Objective function at theta+ for step # 31: 0.2501755
2021-03-04 15:16:29,898 - qiskit.aqua.components.optimizers.spsa - DEBUG - Objective function at theta- for step # 31: 0.4763336
2021-03-04 15:16:30,893 - qiskit.aqua.components.optimizers.spsa - DEBUG - Objective function at theta+ for step # 32: 0.6172256
2021-03-04 15:16:30,893 - qiskit.aqua.components.optimizers.spsa - DEBUG - Objective function at theta- for step # 32: 0.4945526
2021-03-04 15:16:31,882 - qiskit.aqua.components.optimizers.spsa - DEBUG - Objective function at theta+ for step # 33: 0.2856979
2021-03-04 15:16:31,882 - qiskit.aqua.components.optimizers.spsa - DEBUG - Objective function at theta- for step # 33: 0.6895294
2021-03-04 15:16:32,847 - qiskit.aqua.components.optimizers.spsa - DEBUG - Objective function at theta+ for step # 34: 0.1702118
2021-03-04 15:16:32,847 - qiskit.aqua.components.optimizers.spsa - DEBUG - Objective function at theta- for step # 34: 0.0510101
2021-03-04 15:16:33,830 - qiskit.aqua.components.optimizers.spsa - DEBUG - Objective function at theta+ for step # 35: 0.0886536
2021-03-04 15:16:33,830 - qiskit.aqua.components.optimizers.spsa - DEBUG - Objective function at theta- for step # 35: 0.1119690
2021-03-04 15:16:34,796 - qiskit.aqua.components.optimizers.spsa - DEBUG - Objective function at theta+ for step # 36: 0.3295441
2021-03-04 15:16:34,796 - qiskit.aqua.components.optimizers.spsa - DEBUG - Objective function at theta- for step # 36: 0.2291412
2021-03-04 15:16:35,774 - qiskit.aqua.components.optimizers.spsa - DEBUG - Objective function at theta+ for step # 37: 0.4583054
2021-03-04 15:16:35,774 - qiskit.aqua.components.optimizers.spsa - DEBUG - Objective function at theta- for step # 37: 0.1319580
2021-03-04 15:16:36,727 - qiskit.aqua.components.optimizers.spsa - DEBUG - Objective function at theta+ for step # 38: 0.2766876
2021-03-04 15:16:36,727 - qiskit.aqua.components.optimizers.spsa - DEBUG - Objective function at theta- for step # 38: 0.3683701
2021-03-04 15:16:37,691 - qiskit.aqua.components.optimizers.spsa - DEBUG - Objective function at theta+ for step # 39: 1.1334305
2021-03-04 15:16:37,692 - qiskit.aqua.components.optimizers.spsa - DEBUG - Objective function at theta- for step # 39: 0.1092834
2021-03-04 15:16:38,675 - qiskit.aqua.components.optimizers.spsa - DEBUG - Objective function at theta+ for step # 40: 0.9330368
2021-03-04 15:16:38,675 - qiskit.aqua.components.optimizers.spsa - DEBUG - Objective function at theta- for step # 40: 0.4095840
2021-03-04 15:16:39,561 - qiskit.aqua.components.optimizers.spsa - DEBUG - Objective function at theta+ for step # 41: 5.1334763
2021-03-04 15:16:39,561 - qiskit.aqua.components.optimizers.spsa - DEBUG - Objective function at theta- for step # 41: 4.0126190
2021-03-04 15:16:40,477 - qiskit.aqua.components.optimizers.spsa - DEBUG - Objective function at theta+ for step # 42: 0.8403091
2021-03-04 15:16:40,477 - qiskit.aqua.components.optimizers.spsa - DEBUG - Objective function at theta- for step # 42: 1.6318054
2021-03-04 15:16:41,443 - qiskit.aqua.components.optimizers.spsa - DEBUG - Objective function at theta+ for step # 43: 0.5275040
2021-03-04 15:16:41,443 - qiskit.aqua.components.optimizers.spsa - DEBUG - Objective function at theta- for step # 43: 0.4765472
2021-03-04 15:16:42,394 - qiskit.aqua.components.optimizers.spsa - DEBUG - Objective function at theta+ for step # 44: 0.2281418
2021-03-04 15:16:42,394 - qiskit.aqua.components.optimizers.spsa - DEBUG - Objective function at theta- for step # 44: 0.2859344
2021-03-04 15:16:43,346 - qiskit.aqua.components.optimizers.spsa - DEBUG - Objective function at theta+ for step # 45: 0.3111191
2021-03-04 15:16:43,346 - qiskit.aqua.components.optimizers.spsa - DEBUG - Objective function at theta- for step # 45: 0.5317307
2021-03-04 15:16:44,322 - qiskit.aqua.components.optimizers.spsa - DEBUG - Objective function at theta+ for step # 46: 0.4318771
2021-03-04 15:16:44,322 - qiskit.aqua.components.optimizers.spsa - DEBUG - Objective function at theta- for step # 46: 0.3958282
2021-03-04 15:16:45,310 - qiskit.aqua.components.optimizers.spsa - DEBUG - Objective function at theta+ for step # 47: 0.1982651
2021-03-04 15:16:45,310 - qiskit.aqua.components.optimizers.spsa - DEBUG - Objective function at theta- for step # 47: 0.8379059
2021-03-04 15:16:46,240 - qiskit.aqua.components.optimizers.spsa - DEBUG - Objective function at theta+ for step # 48: 0.3927155
2021-03-04 15:16:46,240 - qiskit.aqua.components.optimizers.spsa - DEBUG - Objective function at theta- for step # 48: 2.1220703
2021-03-04 15:16:47,324 - qiskit.aqua.components.optimizers.spsa - DEBUG - Objective function at theta+ for step # 49: 5.6505356
2021-03-04 15:16:47,324 - qiskit.aqua.components.optimizers.spsa - DEBUG - Objective function at theta- for step # 49: 6.5866776
2021-03-04 15:16:48,406 - qiskit.aqua.components.optimizers.spsa - DEBUG - Objective function at theta+ for step # 50: 3.3284302
2021-03-04 15:16:48,406 - qiskit.aqua.components.optimizers.spsa - DEBUG - Objective function at theta- for step # 50: 0.1192627
2021-03-04 15:16:49,358 - qiskit.aqua.components.optimizers.spsa - DEBUG - Objective function at theta+ for step # 51: 0.3930054
2021-03-04 15:16:49,358 - qiskit.aqua.components.optimizers.spsa - DEBUG - Objective function at theta- for step # 51: 0.1402054
2021-03-04 15:16:50,323 - qiskit.aqua.components.optimizers.spsa - DEBUG - Objective function at theta+ for step # 52: 0.4109344
2021-03-04 15:16:50,324 - qiskit.aqua.components.optimizers.spsa - DEBUG - Objective function at theta- for step # 52: 0.3804626
2021-03-04 15:16:51,283 - qiskit.aqua.components.optimizers.spsa - DEBUG - Objective function at theta+ for step # 53: 0.0406723
2021-03-04 15:16:51,283 - qiskit.aqua.components.optimizers.spsa - DEBUG - Objective function at theta- for step # 53: 0.2387695
2021-03-04 15:16:52,267 - qiskit.aqua.components.optimizers.spsa - DEBUG - Objective function at theta+ for step # 54: 0.0941772
2021-03-04 15:16:52,267 - qiskit.aqua.components.optimizers.spsa - DEBUG - Objective function at theta- for step # 54: 0.2016907
2021-03-04 15:16:53,235 - qiskit.aqua.components.optimizers.spsa - DEBUG - Objective function at theta+ for step # 55: 0.1252289
2021-03-04 15:16:53,235 - qiskit.aqua.components.optimizers.spsa - DEBUG - Objective function at theta- for step # 55: 0.0901260
2021-03-04 15:16:54,211 - qiskit.aqua.components.optimizers.spsa - DEBUG - Objective function at theta+ for step # 56: 0.4088974
2021-03-04 15:16:54,212 - qiskit.aqua.components.optimizers.spsa - DEBUG - Objective function at theta- for step # 56: 0.4746857
2021-03-04 15:16:55,165 - qiskit.aqua.components.optimizers.spsa - DEBUG - Objective function at theta+ for step # 57: 0.4068832
2021-03-04 15:16:55,166 - qiskit.aqua.components.optimizers.spsa - DEBUG - Objective function at theta- for step # 57: 0.0701370
2021-03-04 15:16:56,158 - qiskit.aqua.components.optimizers.spsa - DEBUG - Objective function at theta+ for step # 58: 0.3693924
2021-03-04 15:16:56,158 - qiskit.aqua.components.optimizers.spsa - DEBUG - Objective function at theta- for step # 58: 0.1534958
2021-03-04 15:16:57,137 - qiskit.aqua.components.optimizers.spsa - DEBUG - Objective function at theta+ for step # 59: 0.1756134
2021-03-04 15:16:57,137 - qiskit.aqua.components.optimizers.spsa - DEBUG - Objective function at theta- for step # 59: 0.8352585
2021-03-04 15:16:58,038 - qiskit.aqua.components.optimizers.spsa - DEBUG - Objective function at theta+ for step # 60: 1.1220169
2021-03-04 15:16:58,038 - qiskit.aqua.components.optimizers.spsa - DEBUG - Objective function at theta- for step # 60: 4.0099106
2021-03-04 15:16:58,883 - qiskit.aqua.components.optimizers.spsa - DEBUG - Objective function at theta+ for step # 61: 6.9086990
2021-03-04 15:16:58,883 - qiskit.aqua.components.optimizers.spsa - DEBUG - Objective function at theta- for step # 61: 10.4332733
2021-03-04 15:16:59,747 - qiskit.aqua.components.optimizers.spsa - DEBUG - Objective function at theta+ for step # 62: 6.0204849
2021-03-04 15:16:59,748 - qiskit.aqua.components.optimizers.spsa - DEBUG - Objective function at theta- for step # 62: 9.3872833
2021-03-04 15:17:00,774 - qiskit.aqua.components.optimizers.spsa - DEBUG - Objective function at theta+ for step # 63: 0.5130310
2021-03-04 15:17:00,774 - qiskit.aqua.components.optimizers.spsa - DEBUG - Objective function at theta- for step # 63: 3.2686920
2021-03-04 15:17:01,647 - qiskit.aqua.components.optimizers.spsa - DEBUG - Objective function at theta+ for step # 64: 3.3031235
2021-03-04 15:17:01,647 - qiskit.aqua.components.optimizers.spsa - DEBUG - Objective function at theta- for step # 64: 5.3484344
2021-03-04 15:17:02,614 - qiskit.aqua.components.optimizers.spsa - DEBUG - Objective function at theta+ for step # 65: 0.1990662
2021-03-04 15:17:02,614 - qiskit.aqua.components.optimizers.spsa - DEBUG - Objective function at theta- for step # 65: 0.1250687
2021-03-04 15:17:03,580 - qiskit.aqua.components.optimizers.spsa - DEBUG - Objective function at theta+ for step # 66: 0.1659698
2021-03-04 15:17:03,580 - qiskit.aqua.components.optimizers.spsa - DEBUG - Objective function at theta- for step # 66: 0.0871048
2021-03-04 15:17:04,551 - qiskit.aqua.components.optimizers.spsa - DEBUG - Objective function at theta+ for step # 67: 0.1352844
2021-03-04 15:17:04,551 - qiskit.aqua.components.optimizers.spsa - DEBUG - Objective function at theta- for step # 67: 0.1631470
2021-03-04 15:17:05,516 - qiskit.aqua.components.optimizers.spsa - DEBUG - Objective function at theta+ for step # 68: 0.2663498
2021-03-04 15:17:05,516 - qiskit.aqua.components.optimizers.spsa - DEBUG - Objective function at theta- for step # 68: 0.2108917
2021-03-04 15:17:06,484 - qiskit.aqua.components.optimizers.spsa - DEBUG - Objective function at theta+ for step # 69: 0.7631989
2021-03-04 15:17:06,484 - qiskit.aqua.components.optimizers.spsa - DEBUG - Objective function at theta- for step # 69: 0.4879227
2021-03-04 15:17:07,496 - qiskit.aqua.components.optimizers.spsa - DEBUG - Objective function at theta+ for step # 70: 1.6933594
2021-03-04 15:17:07,496 - qiskit.aqua.components.optimizers.spsa - DEBUG - Objective function at theta- for step # 70: 0.5883408
2021-03-04 15:17:08,470 - qiskit.aqua.components.optimizers.spsa - DEBUG - Objective function at theta+ for step # 71: 0.0974045
2021-03-04 15:17:08,470 - qiskit.aqua.components.optimizers.spsa - DEBUG - Objective function at theta- for step # 71: 0.1396866
2021-03-04 15:17:09,432 - qiskit.aqua.components.optimizers.spsa - DEBUG - Objective function at theta+ for step # 72: 0.2533722
2021-03-04 15:17:09,432 - qiskit.aqua.components.optimizers.spsa - DEBUG - Objective function at theta- for step # 72: 0.1080093
2021-03-04 15:17:10,399 - qiskit.aqua.components.optimizers.spsa - DEBUG - Objective function at theta+ for step # 73: 0.3928146
2021-03-04 15:17:10,399 - qiskit.aqua.components.optimizers.spsa - DEBUG - Objective function at theta- for step # 73: 0.2922440
2021-03-04 15:17:11,374 - qiskit.aqua.components.optimizers.spsa - DEBUG - Objective function at theta+ for step # 74: 0.2489395
2021-03-04 15:17:11,374 - qiskit.aqua.components.optimizers.spsa - DEBUG - Objective function at theta- for step # 74: 0.0464783
2021-03-04 15:17:12,337 - qiskit.aqua.components.optimizers.spsa - DEBUG - Objective function at theta+ for step # 75: 0.0542221
2021-03-04 15:17:12,338 - qiskit.aqua.components.optimizers.spsa - DEBUG - Objective function at theta- for step # 75: 0.1051941
2021-03-04 15:17:13,303 - qiskit.aqua.components.optimizers.spsa - DEBUG - Objective function at theta+ for step # 76: 0.4700775
2021-03-04 15:17:13,303 - qiskit.aqua.components.optimizers.spsa - DEBUG - Objective function at theta- for step # 76: 0.4261856
2021-03-04 15:17:14,272 - qiskit.aqua.components.optimizers.spsa - DEBUG - Objective function at theta+ for step # 77: 0.6846313
2021-03-04 15:17:14,272 - qiskit.aqua.components.optimizers.spsa - DEBUG - Objective function at theta- for step # 77: 0.2137909
2021-03-04 15:17:15,225 - qiskit.aqua.components.optimizers.spsa - DEBUG - Objective function at theta+ for step # 78: 0.5366745
2021-03-04 15:17:15,225 - qiskit.aqua.components.optimizers.spsa - DEBUG - Objective function at theta- for step # 78: 0.8633575
2021-03-04 15:17:16,163 - qiskit.aqua.components.optimizers.spsa - DEBUG - Objective function at theta+ for step # 79: 1.4138718
2021-03-04 15:17:16,163 - qiskit.aqua.components.optimizers.spsa - DEBUG - Objective function at theta- for step # 79: 0.0814285
2021-03-04 15:17:17,181 - qiskit.aqua.components.optimizers.spsa - DEBUG - Objective function at theta+ for step # 80: 2.4737473
2021-03-04 15:17:17,181 - qiskit.aqua.components.optimizers.spsa - DEBUG - Objective function at theta- for step # 80: 1.5748215
2021-03-04 15:17:18,162 - qiskit.aqua.components.optimizers.spsa - DEBUG - Objective function at theta+ for step # 81: 0.1796341
2021-03-04 15:17:18,162 - qiskit.aqua.components.optimizers.spsa - DEBUG - Objective function at theta- for step # 81: 0.3088150
2021-03-04 15:17:19,145 - qiskit.aqua.components.optimizers.spsa - DEBUG - Objective function at theta+ for step # 82: 0.4014435
2021-03-04 15:17:19,145 - qiskit.aqua.components.optimizers.spsa - DEBUG - Objective function at theta- for step # 82: 0.0948792
2021-03-04 15:17:20,105 - qiskit.aqua.components.optimizers.spsa - DEBUG - Objective function at theta+ for step # 83: 0.7606430
2021-03-04 15:17:20,106 - qiskit.aqua.components.optimizers.spsa - DEBUG - Objective function at theta- for step # 83: 0.1284637
2021-03-04 15:17:21,126 - qiskit.aqua.components.optimizers.spsa - DEBUG - Objective function at theta+ for step # 84: 3.2659988
2021-03-04 15:17:21,126 - qiskit.aqua.components.optimizers.spsa - DEBUG - Objective function at theta- for step # 84: 0.9538879
2021-03-04 15:17:21,942 - qiskit.aqua.components.optimizers.spsa - DEBUG - Objective function at theta+ for step # 85: 10.6374359
2021-03-04 15:17:21,942 - qiskit.aqua.components.optimizers.spsa - DEBUG - Objective function at theta- for step # 85: 9.9066391
2021-03-04 15:17:22,786 - qiskit.aqua.components.optimizers.spsa - DEBUG - Objective function at theta+ for step # 86: 8.7358246
2021-03-04 15:17:22,786 - qiskit.aqua.components.optimizers.spsa - DEBUG - Objective function at theta- for step # 86: 7.7111282
2021-03-04 15:17:23,667 - qiskit.aqua.components.optimizers.spsa - DEBUG - Objective function at theta+ for step # 87: 4.1837921
2021-03-04 15:17:23,667 - qiskit.aqua.components.optimizers.spsa - DEBUG - Objective function at theta- for step # 87: 4.8369293
2021-03-04 15:17:24,565 - qiskit.aqua.components.optimizers.spsa - DEBUG - Objective function at theta+ for step # 88: 2.5157547
2021-03-04 15:17:24,565 - qiskit.aqua.components.optimizers.spsa - DEBUG - Objective function at theta- for step # 88: 4.8784180
2021-03-04 15:17:25,437 - qiskit.aqua.components.optimizers.spsa - DEBUG - Objective function at theta+ for step # 89: 6.3265305
2021-03-04 15:17:25,437 - qiskit.aqua.components.optimizers.spsa - DEBUG - Objective function at theta- for step # 89: 7.6083984
2021-03-04 15:17:26,345 - qiskit.aqua.components.optimizers.spsa - DEBUG - Objective function at theta+ for step # 90: 1.3828735
2021-03-04 15:17:26,345 - qiskit.aqua.components.optimizers.spsa - DEBUG - Objective function at theta- for step # 90: 3.2252502
2021-03-04 15:17:27,236 - qiskit.aqua.components.optimizers.spsa - DEBUG - Objective function at theta+ for step # 91: 2.3670425
2021-03-04 15:17:27,236 - qiskit.aqua.components.optimizers.spsa - DEBUG - Objective function at theta- for step # 91: 2.5795364
2021-03-04 15:17:28,131 - qiskit.aqua.components.optimizers.spsa - DEBUG - Objective function at theta+ for step # 92: 2.7818909
2021-03-04 15:17:28,131 - qiskit.aqua.components.optimizers.spsa - DEBUG - Objective function at theta- for step # 92: 1.9975815
2021-03-04 15:17:29,047 - qiskit.aqua.components.optimizers.spsa - DEBUG - Objective function at theta+ for step # 93: 0.5318222
2021-03-04 15:17:29,047 - qiskit.aqua.components.optimizers.spsa - DEBUG - Objective function at theta- for step # 93: 1.4692459
2021-03-04 15:17:30,020 - qiskit.aqua.components.optimizers.spsa - DEBUG - Objective function at theta+ for step # 94: 0.7109146
2021-03-04 15:17:30,020 - qiskit.aqua.components.optimizers.spsa - DEBUG - Objective function at theta- for step # 94: 0.4454651
2021-03-04 15:17:30,945 - qiskit.aqua.components.optimizers.spsa - DEBUG - Objective function at theta+ for step # 95: 0.5456238
2021-03-04 15:17:30,945 - qiskit.aqua.components.optimizers.spsa - DEBUG - Objective function at theta- for step # 95: 0.6411057
2021-03-04 15:17:31,882 - qiskit.aqua.components.optimizers.spsa - DEBUG - Objective function at theta+ for step # 96: 2.0728607
2021-03-04 15:17:31,883 - qiskit.aqua.components.optimizers.spsa - DEBUG - Objective function at theta- for step # 96: 0.1040421
2021-03-04 15:17:32,958 - qiskit.aqua.components.optimizers.spsa - DEBUG - Objective function at theta+ for step # 97: 10.4982147
2021-03-04 15:17:32,958 - qiskit.aqua.components.optimizers.spsa - DEBUG - Objective function at theta- for step # 97: 10.6699524
2021-03-04 15:17:34,045 - qiskit.aqua.components.optimizers.spsa - DEBUG - Objective function at theta+ for step # 98: 10.2737732
2021-03-04 15:17:34,045 - qiskit.aqua.components.optimizers.spsa - DEBUG - Objective function at theta- for step # 98: 10.6953583
2021-03-04 15:17:35,138 - qiskit.aqua.components.optimizers.spsa - DEBUG - Objective function at theta+ for step # 99: 8.3944626
2021-03-04 15:17:35,138 - qiskit.aqua.components.optimizers.spsa - DEBUG - Objective function at theta- for step # 99: 10.5281982
2021-03-04 15:17:36,138 - qiskit.aqua.components.optimizers.spsa - DEBUG - Objective function at theta+ for step # 100: 0.1525726
2021-03-04 15:17:36,138 - qiskit.aqua.components.optimizers.spsa - DEBUG - Objective function at theta- for step # 100: 0.2580185
2021-03-04 15:17:37,109 - qiskit.aqua.components.optimizers.spsa - DEBUG - Objective function at theta+ for step # 101: 0.1826706
2021-03-04 15:17:37,109 - qiskit.aqua.components.optimizers.spsa - DEBUG - Objective function at theta- for step # 101: 0.1476059
2021-03-04 15:17:38,081 - qiskit.aqua.components.optimizers.spsa - DEBUG - Objective function at theta+ for step # 102: 0.2222061
2021-03-04 15:17:38,081 - qiskit.aqua.components.optimizers.spsa - DEBUG - Objective function at theta- for step # 102: 0.2288971
2021-03-04 15:17:39,055 - qiskit.aqua.components.optimizers.spsa - DEBUG - Objective function at theta+ for step # 103: 0.1516495
2021-03-04 15:17:39,055 - qiskit.aqua.components.optimizers.spsa - DEBUG - Objective function at theta- for step # 103: 0.1786728
2021-03-04 15:17:40,032 - qiskit.aqua.components.optimizers.spsa - DEBUG - Objective function at theta+ for step # 104: 0.1535110
2021-03-04 15:17:40,032 - qiskit.aqua.components.optimizers.spsa - DEBUG - Objective function at theta- for step # 104: 0.1607742
2021-03-04 15:17:41,007 - qiskit.aqua.components.optimizers.spsa - DEBUG - Objective function at theta+ for step # 105: 0.1998215
2021-03-04 15:17:41,008 - qiskit.aqua.components.optimizers.spsa - DEBUG - Objective function at theta- for step # 105: 0.1749725
2021-03-04 15:17:42,000 - qiskit.aqua.components.optimizers.spsa - DEBUG - Objective function at theta+ for step # 106: 0.2840195
2021-03-04 15:17:42,000 - qiskit.aqua.components.optimizers.spsa - DEBUG - Objective function at theta- for step # 106: 0.2864456
2021-03-04 15:17:42,975 - qiskit.aqua.components.optimizers.spsa - DEBUG - Objective function at theta+ for step # 107: 0.1690063
2021-03-04 15:17:42,975 - qiskit.aqua.components.optimizers.spsa - DEBUG - Objective function at theta- for step # 107: 0.1360626
2021-03-04 15:17:43,947 - qiskit.aqua.components.optimizers.spsa - DEBUG - Objective function at theta+ for step # 108: 0.3076630
2021-03-04 15:17:43,947 - qiskit.aqua.components.optimizers.spsa - DEBUG - Objective function at theta- for step # 108: 0.3642502
2021-03-04 15:17:44,913 - qiskit.aqua.components.optimizers.spsa - DEBUG - Objective function at theta+ for step # 109: 0.2707748
2021-03-04 15:17:44,913 - qiskit.aqua.components.optimizers.spsa - DEBUG - Objective function at theta- for step # 109: 0.1949615
2021-03-04 15:17:45,878 - qiskit.aqua.components.optimizers.spsa - DEBUG - Objective function at theta+ for step # 110: 0.1192398
2021-03-04 15:17:45,878 - qiskit.aqua.components.optimizers.spsa - DEBUG - Objective function at theta- for step # 110: 0.1721344
2021-03-04 15:17:46,859 - qiskit.aqua.components.optimizers.spsa - DEBUG - Objective function at theta+ for step # 111: 0.3762283
2021-03-04 15:17:46,859 - qiskit.aqua.components.optimizers.spsa - DEBUG - Objective function at theta- for step # 111: 0.3261414
2021-03-04 15:17:47,826 - qiskit.aqua.components.optimizers.spsa - DEBUG - Objective function at theta+ for step # 112: 0.3142548
2021-03-04 15:17:47,827 - qiskit.aqua.components.optimizers.spsa - DEBUG - Objective function at theta- for step # 112: 0.4514160
2021-03-04 15:17:48,800 - qiskit.aqua.components.optimizers.spsa - DEBUG - Objective function at theta+ for step # 113: 0.2092209
2021-03-04 15:17:48,800 - qiskit.aqua.components.optimizers.spsa - DEBUG - Objective function at theta- for step # 113: 0.2323990
2021-03-04 15:17:49,777 - qiskit.aqua.components.optimizers.spsa - DEBUG - Objective function at theta+ for step # 114: 0.2160339
2021-03-04 15:17:49,777 - qiskit.aqua.components.optimizers.spsa - DEBUG - Objective function at theta- for step # 114: 0.4819336
2021-03-04 15:17:50,733 - qiskit.aqua.components.optimizers.spsa - DEBUG - Objective function at theta+ for step # 115: 0.1726837
2021-03-04 15:17:50,733 - qiskit.aqua.components.optimizers.spsa - DEBUG - Objective function at theta- for step # 115: 0.5221710
2021-03-04 15:17:51,705 - qiskit.aqua.components.optimizers.spsa - DEBUG - Objective function at theta+ for step # 116: 0.4926605
2021-03-04 15:17:51,705 - qiskit.aqua.components.optimizers.spsa - DEBUG - Objective function at theta- for step # 116: 0.1743088
2021-03-04 15:17:52,669 - qiskit.aqua.components.optimizers.spsa - DEBUG - Objective function at theta+ for step # 117: 0.2500000
2021-03-04 15:17:52,669 - qiskit.aqua.components.optimizers.spsa - DEBUG - Objective function at theta- for step # 117: 0.1969147
2021-03-04 15:17:53,630 - qiskit.aqua.components.optimizers.spsa - DEBUG - Objective function at theta+ for step # 118: 0.4931870
2021-03-04 15:17:53,630 - qiskit.aqua.components.optimizers.spsa - DEBUG - Objective function at theta- for step # 118: 0.1988297
2021-03-04 15:17:54,611 - qiskit.aqua.components.optimizers.spsa - DEBUG - Objective function at theta+ for step # 119: 0.1376190
2021-03-04 15:17:54,612 - qiskit.aqua.components.optimizers.spsa - DEBUG - Objective function at theta- for step # 119: 0.6703110
2021-03-04 15:17:55,567 - qiskit.aqua.components.optimizers.spsa - DEBUG - Objective function at theta+ for step # 120: 0.3979645
2021-03-04 15:17:55,567 - qiskit.aqua.components.optimizers.spsa - DEBUG - Objective function at theta- for step # 120: 0.1251068
2021-03-04 15:17:56,538 - qiskit.aqua.components.optimizers.spsa - DEBUG - Objective function at theta+ for step # 121: 0.3705750
2021-03-04 15:17:56,538 - qiskit.aqua.components.optimizers.spsa - DEBUG - Objective function at theta- for step # 121: 0.1060410
2021-03-04 15:17:57,516 - qiskit.aqua.components.optimizers.spsa - DEBUG - Objective function at theta+ for step # 122: 0.0952377
2021-03-04 15:17:57,516 - qiskit.aqua.components.optimizers.spsa - DEBUG - Objective function at theta- for step # 122: 0.2220917
2021-03-04 15:17:58,493 - qiskit.aqua.components.optimizers.spsa - DEBUG - Objective function at theta+ for step # 123: 0.2500381
2021-03-04 15:17:58,493 - qiskit.aqua.components.optimizers.spsa - DEBUG - Objective function at theta- for step # 123: 0.1828690
2021-03-04 15:17:59,465 - qiskit.aqua.components.optimizers.spsa - DEBUG - Objective function at theta+ for step # 124: 0.1915512
2021-03-04 15:17:59,465 - qiskit.aqua.components.optimizers.spsa - DEBUG - Objective function at theta- for step # 124: 0.0939331
2021-03-04 15:18:00,433 - qiskit.aqua.components.optimizers.spsa - DEBUG - Objective function at theta+ for step # 125: 0.1550598
2021-03-04 15:18:00,433 - qiskit.aqua.components.optimizers.spsa - DEBUG - Objective function at theta- for step # 125: 0.1217346
2021-03-04 15:18:01,402 - qiskit.aqua.components.optimizers.spsa - DEBUG - Objective function at theta+ for step # 126: 0.2178421
2021-03-04 15:18:01,402 - qiskit.aqua.components.optimizers.spsa - DEBUG - Objective function at theta- for step # 126: 0.2423096
2021-03-04 15:18:02,369 - qiskit.aqua.components.optimizers.spsa - DEBUG - Objective function at theta+ for step # 127: 0.2492294
2021-03-04 15:18:02,370 - qiskit.aqua.components.optimizers.spsa - DEBUG - Objective function at theta- for step # 127: 0.1547165
2021-03-04 15:18:02,853 - qiskit.aqua.components.optimizers.spsa - DEBUG - Final objective function is: 0.1350784
