2021-03-03 17:58:39,130 - qiskit.aqua.components.optimizers.spsa - DEBUG - Parameters: [0.62831853 0.1        0.602      0.101      0.        ]
2021-03-03 17:58:39,130 - qiskit.aqua.components.optimizers.spsa - DEBUG - Calibration...
2021-03-03 17:58:39,130 - qiskit.aqua.components.optimizers.spsa - DEBUG - calibration step # 0 of 25
2021-03-03 17:59:02,905 - qiskit.aqua.components.optimizers.spsa - DEBUG - calibration step # 5 of 25
2021-03-03 17:59:24,842 - qiskit.aqua.components.optimizers.spsa - DEBUG - calibration step # 10 of 25
2021-03-03 17:59:46,990 - qiskit.aqua.components.optimizers.spsa - DEBUG - calibration step # 15 of 25
2021-03-03 18:00:09,057 - qiskit.aqua.components.optimizers.spsa - DEBUG - calibration step # 20 of 25
2021-03-03 18:00:31,235 - qiskit.aqua.components.optimizers.spsa - DEBUG - delta_obj is 0, not calibrating (since this would set c0 to inf)
2021-03-03 18:00:31,236 - qiskit.aqua.components.optimizers.spsa - DEBUG - Calibrated SPSA parameter c0 is 0.0517835
2021-03-03 18:00:35,675 - qiskit.aqua.components.optimizers.spsa - DEBUG - Objective function at theta+ for step # 0: 4.7124374
2021-03-03 18:00:35,675 - qiskit.aqua.components.optimizers.spsa - DEBUG - Objective function at theta- for step # 0: 5.3530269
2021-03-03 18:00:39,931 - qiskit.aqua.components.optimizers.spsa - DEBUG - Objective function at theta+ for step # 1: 5.9626846
2021-03-03 18:00:39,931 - qiskit.aqua.components.optimizers.spsa - DEBUG - Objective function at theta- for step # 1: 2.7780760
2021-03-03 18:00:44,405 - qiskit.aqua.components.optimizers.spsa - DEBUG - Objective function at theta+ for step # 2: 5.8813525
2021-03-03 18:00:44,406 - qiskit.aqua.components.optimizers.spsa - DEBUG - Objective function at theta- for step # 2: 6.1136720
2021-03-03 18:00:48,885 - qiskit.aqua.components.optimizers.spsa - DEBUG - Objective function at theta+ for step # 3: 6.2189985
2021-03-03 18:00:48,886 - qiskit.aqua.components.optimizers.spsa - DEBUG - Objective function at theta- for step # 3: 5.5755728
2021-03-03 18:00:53,296 - qiskit.aqua.components.optimizers.spsa - DEBUG - Objective function at theta+ for step # 4: 4.7564666
2021-03-03 18:00:53,296 - qiskit.aqua.components.optimizers.spsa - DEBUG - Objective function at theta- for step # 4: 5.5409904
2021-03-03 18:00:57,539 - qiskit.aqua.components.optimizers.spsa - DEBUG - Objective function at theta+ for step # 5: 2.8189205
2021-03-03 18:00:57,539 - qiskit.aqua.components.optimizers.spsa - DEBUG - Objective function at theta- for step # 5: 5.2691335
2021-03-03 18:01:02,174 - qiskit.aqua.components.optimizers.spsa - DEBUG - Objective function at theta+ for step # 6: 0.7435953
2021-03-03 18:01:02,175 - qiskit.aqua.components.optimizers.spsa - DEBUG - Objective function at theta- for step # 6: 3.2174687
2021-03-03 18:01:06,774 - qiskit.aqua.components.optimizers.spsa - DEBUG - Objective function at theta+ for step # 7: 2.2240842
2021-03-03 18:01:06,774 - qiskit.aqua.components.optimizers.spsa - DEBUG - Objective function at theta- for step # 7: 3.5256832
2021-03-03 18:01:11,179 - qiskit.aqua.components.optimizers.spsa - DEBUG - Objective function at theta+ for step # 8: 1.9569962
2021-03-03 18:01:11,179 - qiskit.aqua.components.optimizers.spsa - DEBUG - Objective function at theta- for step # 8: 1.4225381
2021-03-03 18:01:15,438 - qiskit.aqua.components.optimizers.spsa - DEBUG - Objective function at theta+ for step # 9: 0.5040303
2021-03-03 18:01:15,438 - qiskit.aqua.components.optimizers.spsa - DEBUG - Objective function at theta- for step # 9: 2.7264675
2021-03-03 18:01:19,945 - qiskit.aqua.components.optimizers.spsa - DEBUG - Objective function at theta+ for step # 10: 1.0036879
2021-03-03 18:01:19,945 - qiskit.aqua.components.optimizers.spsa - DEBUG - Objective function at theta- for step # 10: 1.3465203
2021-03-03 18:01:24,469 - qiskit.aqua.components.optimizers.spsa - DEBUG - Objective function at theta+ for step # 11: 0.6483913
2021-03-03 18:01:24,469 - qiskit.aqua.components.optimizers.spsa - DEBUG - Objective function at theta- for step # 11: 1.7153184
2021-03-03 18:01:28,948 - qiskit.aqua.components.optimizers.spsa - DEBUG - Objective function at theta+ for step # 12: 1.8964401
2021-03-03 18:01:28,949 - qiskit.aqua.components.optimizers.spsa - DEBUG - Objective function at theta- for step # 12: 0.7946436
2021-03-03 18:01:33,320 - qiskit.aqua.components.optimizers.spsa - DEBUG - Objective function at theta+ for step # 13: 0.3152356
2021-03-03 18:01:33,320 - qiskit.aqua.components.optimizers.spsa - DEBUG - Objective function at theta- for step # 13: 1.6222460
2021-03-03 18:01:37,726 - qiskit.aqua.components.optimizers.spsa - DEBUG - Objective function at theta+ for step # 14: 1.6927605
2021-03-03 18:01:37,726 - qiskit.aqua.components.optimizers.spsa - DEBUG - Objective function at theta- for step # 14: 1.0042083
2021-03-03 18:01:42,225 - qiskit.aqua.components.optimizers.spsa - DEBUG - Objective function at theta+ for step # 15: 1.2675193
2021-03-03 18:01:42,225 - qiskit.aqua.components.optimizers.spsa - DEBUG - Objective function at theta- for step # 15: 2.2047791
2021-03-03 18:01:46,760 - qiskit.aqua.components.optimizers.spsa - DEBUG - Objective function at theta+ for step # 16: 0.6465790
2021-03-03 18:01:46,760 - qiskit.aqua.components.optimizers.spsa - DEBUG - Objective function at theta- for step # 16: 1.5269597
2021-03-03 18:01:51,156 - qiskit.aqua.components.optimizers.spsa - DEBUG - Objective function at theta+ for step # 17: 1.6415391
2021-03-03 18:01:51,156 - qiskit.aqua.components.optimizers.spsa - DEBUG - Objective function at theta- for step # 17: 0.3584644
2021-03-03 18:01:55,442 - qiskit.aqua.components.optimizers.spsa - DEBUG - Objective function at theta+ for step # 18: 0.6123906
2021-03-03 18:01:55,442 - qiskit.aqua.components.optimizers.spsa - DEBUG - Objective function at theta- for step # 18: 0.3972359
2021-03-03 18:01:59,925 - qiskit.aqua.components.optimizers.spsa - DEBUG - Objective function at theta+ for step # 19: 0.5591919
2021-03-03 18:01:59,925 - qiskit.aqua.components.optimizers.spsa - DEBUG - Objective function at theta- for step # 19: 1.2424140
2021-03-03 18:02:04,416 - qiskit.aqua.components.optimizers.spsa - DEBUG - Objective function at theta+ for step # 20: 1.1409173
2021-03-03 18:02:04,416 - qiskit.aqua.components.optimizers.spsa - DEBUG - Objective function at theta- for step # 20: 1.5520603
2021-03-03 18:02:08,783 - qiskit.aqua.components.optimizers.spsa - DEBUG - Objective function at theta+ for step # 21: 2.0679289
2021-03-03 18:02:08,783 - qiskit.aqua.components.optimizers.spsa - DEBUG - Objective function at theta- for step # 21: 1.5422810
2021-03-03 18:02:13,054 - qiskit.aqua.components.optimizers.spsa - DEBUG - Objective function at theta+ for step # 22: 1.5525594
2021-03-03 18:02:13,055 - qiskit.aqua.components.optimizers.spsa - DEBUG - Objective function at theta- for step # 22: 0.6009975
2021-03-03 18:02:17,541 - qiskit.aqua.components.optimizers.spsa - DEBUG - Objective function at theta+ for step # 23: 1.0944882
2021-03-03 18:02:17,541 - qiskit.aqua.components.optimizers.spsa - DEBUG - Objective function at theta- for step # 23: 0.4091671
2021-03-03 18:02:22,219 - qiskit.aqua.components.optimizers.spsa - DEBUG - Objective function at theta+ for step # 24: 0.3739266
2021-03-03 18:02:22,220 - qiskit.aqua.components.optimizers.spsa - DEBUG - Objective function at theta- for step # 24: 0.1265778
2021-03-03 18:02:26,862 - qiskit.aqua.components.optimizers.spsa - DEBUG - Objective function at theta+ for step # 25: 0.1516099
2021-03-03 18:02:26,863 - qiskit.aqua.components.optimizers.spsa - DEBUG - Objective function at theta- for step # 25: 0.2124422
2021-03-03 18:02:31,241 - qiskit.aqua.components.optimizers.spsa - DEBUG - Objective function at theta+ for step # 26: 0.4396155
2021-03-03 18:02:31,241 - qiskit.aqua.components.optimizers.spsa - DEBUG - Objective function at theta- for step # 26: 0.3912156
2021-03-03 18:02:35,493 - qiskit.aqua.components.optimizers.spsa - DEBUG - Objective function at theta+ for step # 27: 0.1573456
2021-03-03 18:02:35,493 - qiskit.aqua.components.optimizers.spsa - DEBUG - Objective function at theta- for step # 27: 0.2793368
2021-03-03 18:02:39,984 - qiskit.aqua.components.optimizers.spsa - DEBUG - Objective function at theta+ for step # 28: 0.5048585
2021-03-03 18:02:39,984 - qiskit.aqua.components.optimizers.spsa - DEBUG - Objective function at theta- for step # 28: 0.6395755
2021-03-03 18:02:44,528 - qiskit.aqua.components.optimizers.spsa - DEBUG - Objective function at theta+ for step # 29: 0.2286338
2021-03-03 18:02:44,528 - qiskit.aqua.components.optimizers.spsa - DEBUG - Objective function at theta- for step # 29: 0.1487600
2021-03-03 18:02:48,912 - qiskit.aqua.components.optimizers.spsa - DEBUG - Objective function at theta+ for step # 30: 0.6470644
2021-03-03 18:02:48,912 - qiskit.aqua.components.optimizers.spsa - DEBUG - Objective function at theta- for step # 30: 0.5881567
2021-03-03 18:02:53,217 - qiskit.aqua.components.optimizers.spsa - DEBUG - Objective function at theta+ for step # 31: 0.5632303
2021-03-03 18:02:53,217 - qiskit.aqua.components.optimizers.spsa - DEBUG - Objective function at theta- for step # 31: 0.7036263
2021-03-03 18:02:57,681 - qiskit.aqua.components.optimizers.spsa - DEBUG - Objective function at theta+ for step # 32: 0.3920615
2021-03-03 18:02:57,681 - qiskit.aqua.components.optimizers.spsa - DEBUG - Objective function at theta- for step # 32: 0.3420727
2021-03-03 18:03:02,203 - qiskit.aqua.components.optimizers.spsa - DEBUG - Objective function at theta+ for step # 33: 1.0896763
2021-03-03 18:03:02,204 - qiskit.aqua.components.optimizers.spsa - DEBUG - Objective function at theta- for step # 33: 1.0659154
2021-03-03 18:03:06,602 - qiskit.aqua.components.optimizers.spsa - DEBUG - Objective function at theta+ for step # 34: 1.3632613
2021-03-03 18:03:06,602 - qiskit.aqua.components.optimizers.spsa - DEBUG - Objective function at theta- for step # 34: 1.6354552
2021-03-03 18:03:10,902 - qiskit.aqua.components.optimizers.spsa - DEBUG - Objective function at theta+ for step # 35: 1.5656422
2021-03-03 18:03:10,903 - qiskit.aqua.components.optimizers.spsa - DEBUG - Objective function at theta- for step # 35: 0.8532209
2021-03-03 18:03:15,426 - qiskit.aqua.components.optimizers.spsa - DEBUG - Objective function at theta+ for step # 36: 0.2136804
2021-03-03 18:03:15,426 - qiskit.aqua.components.optimizers.spsa - DEBUG - Objective function at theta- for step # 36: 0.4867294
2021-03-03 18:03:19,926 - qiskit.aqua.components.optimizers.spsa - DEBUG - Objective function at theta+ for step # 37: 0.5395045
2021-03-03 18:03:19,926 - qiskit.aqua.components.optimizers.spsa - DEBUG - Objective function at theta- for step # 37: 0.1710665
2021-03-03 18:03:24,411 - qiskit.aqua.components.optimizers.spsa - DEBUG - Objective function at theta+ for step # 38: 0.2665428
2021-03-03 18:03:24,411 - qiskit.aqua.components.optimizers.spsa - DEBUG - Objective function at theta- for step # 38: 0.1537108
2021-03-03 18:03:28,822 - qiskit.aqua.components.optimizers.spsa - DEBUG - Objective function at theta+ for step # 39: 0.2683226
2021-03-03 18:03:28,823 - qiskit.aqua.components.optimizers.spsa - DEBUG - Objective function at theta- for step # 39: 0.3290034
2021-03-03 18:03:33,066 - qiskit.aqua.components.optimizers.spsa - DEBUG - Objective function at theta+ for step # 40: 0.8619825
2021-03-03 18:03:33,066 - qiskit.aqua.components.optimizers.spsa - DEBUG - Objective function at theta- for step # 40: 0.5920420
2021-03-03 18:03:37,531 - qiskit.aqua.components.optimizers.spsa - DEBUG - Objective function at theta+ for step # 41: 0.2384596
2021-03-03 18:03:37,531 - qiskit.aqua.components.optimizers.spsa - DEBUG - Objective function at theta- for step # 41: 0.3702488
2021-03-03 18:03:42,009 - qiskit.aqua.components.optimizers.spsa - DEBUG - Objective function at theta+ for step # 42: 0.4599142
2021-03-03 18:03:42,009 - qiskit.aqua.components.optimizers.spsa - DEBUG - Objective function at theta- for step # 42: 0.3605621
2021-03-03 18:03:46,377 - qiskit.aqua.components.optimizers.spsa - DEBUG - Objective function at theta+ for step # 43: 0.4934903
2021-03-03 18:03:46,377 - qiskit.aqua.components.optimizers.spsa - DEBUG - Objective function at theta- for step # 43: 0.2242158
2021-03-03 18:03:50,635 - qiskit.aqua.components.optimizers.spsa - DEBUG - Objective function at theta+ for step # 44: 0.8764317
2021-03-03 18:03:50,635 - qiskit.aqua.components.optimizers.spsa - DEBUG - Objective function at theta- for step # 44: 1.1423962
2021-03-03 18:03:55,268 - qiskit.aqua.components.optimizers.spsa - DEBUG - Objective function at theta+ for step # 45: 0.2189614
2021-03-03 18:03:55,268 - qiskit.aqua.components.optimizers.spsa - DEBUG - Objective function at theta- for step # 45: 1.1098096
2021-03-03 18:03:59,773 - qiskit.aqua.components.optimizers.spsa - DEBUG - Objective function at theta+ for step # 46: 0.3147372
2021-03-03 18:03:59,773 - qiskit.aqua.components.optimizers.spsa - DEBUG - Objective function at theta- for step # 46: 0.7474835
2021-03-03 18:04:04,171 - qiskit.aqua.components.optimizers.spsa - DEBUG - Objective function at theta+ for step # 47: 0.3729082
2021-03-03 18:04:04,171 - qiskit.aqua.components.optimizers.spsa - DEBUG - Objective function at theta- for step # 47: 0.3121976
2021-03-03 18:04:08,432 - qiskit.aqua.components.optimizers.spsa - DEBUG - Objective function at theta+ for step # 48: 0.4152990
2021-03-03 18:04:08,432 - qiskit.aqua.components.optimizers.spsa - DEBUG - Objective function at theta- for step # 48: 0.4096659
2021-03-03 18:04:12,936 - qiskit.aqua.components.optimizers.spsa - DEBUG - Objective function at theta+ for step # 49: 1.1072266
2021-03-03 18:04:12,936 - qiskit.aqua.components.optimizers.spsa - DEBUG - Objective function at theta- for step # 49: 0.9309934
2021-03-03 18:04:17,402 - qiskit.aqua.components.optimizers.spsa - DEBUG - Objective function at theta+ for step # 50: 1.5637135
2021-03-03 18:04:17,402 - qiskit.aqua.components.optimizers.spsa - DEBUG - Objective function at theta- for step # 50: 1.8069634
2021-03-03 18:04:21,918 - qiskit.aqua.components.optimizers.spsa - DEBUG - Objective function at theta+ for step # 51: 0.1252827
2021-03-03 18:04:21,918 - qiskit.aqua.components.optimizers.spsa - DEBUG - Objective function at theta- for step # 51: 0.2831268
2021-03-03 18:04:26,388 - qiskit.aqua.components.optimizers.spsa - DEBUG - Objective function at theta+ for step # 52: 0.1960300
2021-03-03 18:04:26,388 - qiskit.aqua.components.optimizers.spsa - DEBUG - Objective function at theta- for step # 52: 0.2412630
2021-03-03 18:04:30,640 - qiskit.aqua.components.optimizers.spsa - DEBUG - Objective function at theta+ for step # 53: 0.3954375
2021-03-03 18:04:30,640 - qiskit.aqua.components.optimizers.spsa - DEBUG - Objective function at theta- for step # 53: 0.5809714
2021-03-03 18:04:35,106 - qiskit.aqua.components.optimizers.spsa - DEBUG - Objective function at theta+ for step # 54: 0.8868111
2021-03-03 18:04:35,106 - qiskit.aqua.components.optimizers.spsa - DEBUG - Objective function at theta- for step # 54: 1.0912080
2021-03-03 18:04:39,582 - qiskit.aqua.components.optimizers.spsa - DEBUG - Objective function at theta+ for step # 55: 1.1498472
2021-03-03 18:04:39,583 - qiskit.aqua.components.optimizers.spsa - DEBUG - Objective function at theta- for step # 55: 1.0902835
2021-03-03 18:04:43,960 - qiskit.aqua.components.optimizers.spsa - DEBUG - Objective function at theta+ for step # 56: 0.7507927
2021-03-03 18:04:43,961 - qiskit.aqua.components.optimizers.spsa - DEBUG - Objective function at theta- for step # 56: 0.6285294
2021-03-03 18:04:48,223 - qiskit.aqua.components.optimizers.spsa - DEBUG - Objective function at theta+ for step # 57: 1.8382363
2021-03-03 18:04:48,224 - qiskit.aqua.components.optimizers.spsa - DEBUG - Objective function at theta- for step # 57: 1.9252287
2021-03-03 18:04:52,836 - qiskit.aqua.components.optimizers.spsa - DEBUG - Objective function at theta+ for step # 58: 0.7414255
2021-03-03 18:04:52,836 - qiskit.aqua.components.optimizers.spsa - DEBUG - Objective function at theta- for step # 58: 0.6208436
2021-03-03 18:04:57,349 - qiskit.aqua.components.optimizers.spsa - DEBUG - Objective function at theta+ for step # 59: 0.1967339
2021-03-03 18:04:57,349 - qiskit.aqua.components.optimizers.spsa - DEBUG - Objective function at theta- for step # 59: 0.2617775
2021-03-03 18:05:01,724 - qiskit.aqua.components.optimizers.spsa - DEBUG - Objective function at theta+ for step # 60: 1.2884650
2021-03-03 18:05:01,724 - qiskit.aqua.components.optimizers.spsa - DEBUG - Objective function at theta- for step # 60: 1.1276206
2021-03-03 18:05:05,978 - qiskit.aqua.components.optimizers.spsa - DEBUG - Objective function at theta+ for step # 61: 0.6647842
2021-03-03 18:05:05,978 - qiskit.aqua.components.optimizers.spsa - DEBUG - Objective function at theta- for step # 61: 0.7991319
2021-03-03 18:05:10,527 - qiskit.aqua.components.optimizers.spsa - DEBUG - Objective function at theta+ for step # 62: 0.4415498
2021-03-03 18:05:10,527 - qiskit.aqua.components.optimizers.spsa - DEBUG - Objective function at theta- for step # 62: 0.7429687
2021-03-03 18:05:15,072 - qiskit.aqua.components.optimizers.spsa - DEBUG - Objective function at theta+ for step # 63: 0.9964297
2021-03-03 18:05:15,072 - qiskit.aqua.components.optimizers.spsa - DEBUG - Objective function at theta- for step # 63: 0.5970237
2021-03-03 18:05:19,597 - qiskit.aqua.components.optimizers.spsa - DEBUG - Objective function at theta+ for step # 64: 0.5766482
2021-03-03 18:05:19,597 - qiskit.aqua.components.optimizers.spsa - DEBUG - Objective function at theta- for step # 64: 0.7384173
2021-03-03 18:05:24,126 - qiskit.aqua.components.optimizers.spsa - DEBUG - Objective function at theta+ for step # 65: 0.2633229
2021-03-03 18:05:24,126 - qiskit.aqua.components.optimizers.spsa - DEBUG - Objective function at theta- for step # 65: 0.3777960
2021-03-03 18:05:28,385 - qiskit.aqua.components.optimizers.spsa - DEBUG - Objective function at theta+ for step # 66: 1.1766605
2021-03-03 18:05:28,385 - qiskit.aqua.components.optimizers.spsa - DEBUG - Objective function at theta- for step # 66: 1.5006293
2021-03-03 18:05:32,883 - qiskit.aqua.components.optimizers.spsa - DEBUG - Objective function at theta+ for step # 67: 1.1138593
2021-03-03 18:05:32,883 - qiskit.aqua.components.optimizers.spsa - DEBUG - Objective function at theta- for step # 67: 1.2851744
2021-03-03 18:05:37,391 - qiskit.aqua.components.optimizers.spsa - DEBUG - Objective function at theta+ for step # 68: 0.2169258
2021-03-03 18:05:37,391 - qiskit.aqua.components.optimizers.spsa - DEBUG - Objective function at theta- for step # 68: 0.1928958
2021-03-03 18:05:41,768 - qiskit.aqua.components.optimizers.spsa - DEBUG - Objective function at theta+ for step # 69: 0.1472425
2021-03-03 18:05:41,768 - qiskit.aqua.components.optimizers.spsa - DEBUG - Objective function at theta- for step # 69: 0.6380453
2021-03-03 18:05:46,005 - qiskit.aqua.components.optimizers.spsa - DEBUG - Objective function at theta+ for step # 70: 0.1131054
2021-03-03 18:05:46,005 - qiskit.aqua.components.optimizers.spsa - DEBUG - Objective function at theta- for step # 70: 0.3349420
2021-03-03 18:05:50,640 - qiskit.aqua.components.optimizers.spsa - DEBUG - Objective function at theta+ for step # 71: 1.3710755
2021-03-03 18:05:50,640 - qiskit.aqua.components.optimizers.spsa - DEBUG - Objective function at theta- for step # 71: 0.9702461
2021-03-03 18:05:55,161 - qiskit.aqua.components.optimizers.spsa - DEBUG - Objective function at theta+ for step # 72: 0.7446862
2021-03-03 18:05:55,161 - qiskit.aqua.components.optimizers.spsa - DEBUG - Objective function at theta- for step # 72: 1.0256664
2021-03-03 18:05:59,542 - qiskit.aqua.components.optimizers.spsa - DEBUG - Objective function at theta+ for step # 73: 1.7006554
2021-03-03 18:05:59,542 - qiskit.aqua.components.optimizers.spsa - DEBUG - Objective function at theta- for step # 73: 1.6880129
2021-03-03 18:06:03,835 - qiskit.aqua.components.optimizers.spsa - DEBUG - Objective function at theta+ for step # 74: 0.7194962
2021-03-03 18:06:03,835 - qiskit.aqua.components.optimizers.spsa - DEBUG - Objective function at theta- for step # 74: 0.7818314
2021-03-03 18:06:08,360 - qiskit.aqua.components.optimizers.spsa - DEBUG - Objective function at theta+ for step # 75: 0.3683115
2021-03-03 18:06:08,360 - qiskit.aqua.components.optimizers.spsa - DEBUG - Objective function at theta- for step # 75: 0.3600731
2021-03-03 18:06:12,830 - qiskit.aqua.components.optimizers.spsa - DEBUG - Objective function at theta+ for step # 76: 0.1771648
2021-03-03 18:06:12,830 - qiskit.aqua.components.optimizers.spsa - DEBUG - Objective function at theta- for step # 76: 0.1737990
2021-03-03 18:06:17,363 - qiskit.aqua.components.optimizers.spsa - DEBUG - Objective function at theta+ for step # 77: 0.3606410
2021-03-03 18:06:17,364 - qiskit.aqua.components.optimizers.spsa - DEBUG - Objective function at theta- for step # 77: 0.4189258
2021-03-03 18:06:21,891 - qiskit.aqua.components.optimizers.spsa - DEBUG - Objective function at theta+ for step # 78: 1.4425166
2021-03-03 18:06:21,891 - qiskit.aqua.components.optimizers.spsa - DEBUG - Objective function at theta- for step # 78: 1.1989751
2021-03-03 18:06:26,194 - qiskit.aqua.components.optimizers.spsa - DEBUG - Objective function at theta+ for step # 79: 0.1842437
2021-03-03 18:06:26,194 - qiskit.aqua.components.optimizers.spsa - DEBUG - Objective function at theta- for step # 79: 0.1356516
2021-03-03 18:06:30,809 - qiskit.aqua.components.optimizers.spsa - DEBUG - Objective function at theta+ for step # 80: 1.2900342
2021-03-03 18:06:30,809 - qiskit.aqua.components.optimizers.spsa - DEBUG - Objective function at theta- for step # 80: 1.4107148
2021-03-03 18:06:35,336 - qiskit.aqua.components.optimizers.spsa - DEBUG - Objective function at theta+ for step # 81: 0.7281298
2021-03-03 18:06:35,336 - qiskit.aqua.components.optimizers.spsa - DEBUG - Objective function at theta- for step # 81: 0.1395674
2021-03-03 18:06:39,737 - qiskit.aqua.components.optimizers.spsa - DEBUG - Objective function at theta+ for step # 82: 0.4536751
2021-03-03 18:06:39,737 - qiskit.aqua.components.optimizers.spsa - DEBUG - Objective function at theta- for step # 82: 0.8230929
2021-03-03 18:06:44,032 - qiskit.aqua.components.optimizers.spsa - DEBUG - Objective function at theta+ for step # 83: 0.2422791
2021-03-03 18:06:44,032 - qiskit.aqua.components.optimizers.spsa - DEBUG - Objective function at theta- for step # 83: 0.1265168
2021-03-03 18:06:48,677 - qiskit.aqua.components.optimizers.spsa - DEBUG - Objective function at theta+ for step # 84: 0.1037022
2021-03-03 18:06:48,677 - qiskit.aqua.components.optimizers.spsa - DEBUG - Objective function at theta- for step # 84: 0.1701417
2021-03-03 18:06:53,180 - qiskit.aqua.components.optimizers.spsa - DEBUG - Objective function at theta+ for step # 85: 1.3417523
2021-03-03 18:06:53,180 - qiskit.aqua.components.optimizers.spsa - DEBUG - Objective function at theta- for step # 85: 1.6781745
2021-03-03 18:06:57,583 - qiskit.aqua.components.optimizers.spsa - DEBUG - Objective function at theta+ for step # 86: 0.5141986
2021-03-03 18:06:57,583 - qiskit.aqua.components.optimizers.spsa - DEBUG - Objective function at theta- for step # 86: 0.9070674
2021-03-03 18:07:01,861 - qiskit.aqua.components.optimizers.spsa - DEBUG - Objective function at theta+ for step # 87: 0.2719997
2021-03-03 18:07:01,861 - qiskit.aqua.components.optimizers.spsa - DEBUG - Objective function at theta- for step # 87: 0.0771187
2021-03-03 18:07:06,387 - qiskit.aqua.components.optimizers.spsa - DEBUG - Objective function at theta+ for step # 88: 0.4789285
2021-03-03 18:07:06,387 - qiskit.aqua.components.optimizers.spsa - DEBUG - Objective function at theta- for step # 88: 0.8982333
2021-03-03 18:07:10,904 - qiskit.aqua.components.optimizers.spsa - DEBUG - Objective function at theta+ for step # 89: 0.3595362
2021-03-03 18:07:10,905 - qiskit.aqua.components.optimizers.spsa - DEBUG - Objective function at theta- for step # 89: 0.0071991
2021-03-03 18:07:15,427 - qiskit.aqua.components.optimizers.spsa - DEBUG - Objective function at theta+ for step # 90: 1.2388079
2021-03-03 18:07:15,427 - qiskit.aqua.components.optimizers.spsa - DEBUG - Objective function at theta- for step # 90: 0.9409972
2021-03-03 18:07:19,898 - qiskit.aqua.components.optimizers.spsa - DEBUG - Objective function at theta+ for step # 91: 0.4001672
2021-03-03 18:07:19,898 - qiskit.aqua.components.optimizers.spsa - DEBUG - Objective function at theta- for step # 91: 0.5486519
2021-03-03 18:07:24,150 - qiskit.aqua.components.optimizers.spsa - DEBUG - Objective function at theta+ for step # 92: 0.5790624
2021-03-03 18:07:24,150 - qiskit.aqua.components.optimizers.spsa - DEBUG - Objective function at theta- for step # 92: 0.6110600
2021-03-03 18:07:28,658 - qiskit.aqua.components.optimizers.spsa - DEBUG - Objective function at theta+ for step # 93: 0.4802155
2021-03-03 18:07:28,659 - qiskit.aqua.components.optimizers.spsa - DEBUG - Objective function at theta- for step # 93: 0.5476116
2021-03-03 18:07:33,218 - qiskit.aqua.components.optimizers.spsa - DEBUG - Objective function at theta+ for step # 94: 0.1107067
2021-03-03 18:07:33,218 - qiskit.aqua.components.optimizers.spsa - DEBUG - Objective function at theta- for step # 94: 0.1853683
2021-03-03 18:07:37,612 - qiskit.aqua.components.optimizers.spsa - DEBUG - Objective function at theta+ for step # 95: 0.7275438
2021-03-03 18:07:37,613 - qiskit.aqua.components.optimizers.spsa - DEBUG - Objective function at theta- for step # 95: 0.8463525
2021-03-03 18:07:41,901 - qiskit.aqua.components.optimizers.spsa - DEBUG - Objective function at theta+ for step # 96: 0.1622596
2021-03-03 18:07:41,901 - qiskit.aqua.components.optimizers.spsa - DEBUG - Objective function at theta- for step # 96: 0.1824541
2021-03-03 18:07:46,544 - qiskit.aqua.components.optimizers.spsa - DEBUG - Objective function at theta+ for step # 97: 0.3320151
2021-03-03 18:07:46,544 - qiskit.aqua.components.optimizers.spsa - DEBUG - Objective function at theta- for step # 97: 0.1656731
2021-03-03 18:07:51,078 - qiskit.aqua.components.optimizers.spsa - DEBUG - Objective function at theta+ for step # 98: 0.0885666
2021-03-03 18:07:51,078 - qiskit.aqua.components.optimizers.spsa - DEBUG - Objective function at theta- for step # 98: 0.2629522
2021-03-03 18:07:55,483 - qiskit.aqua.components.optimizers.spsa - DEBUG - Objective function at theta+ for step # 99: 0.8102085
2021-03-03 18:07:55,484 - qiskit.aqua.components.optimizers.spsa - DEBUG - Objective function at theta- for step # 99: 0.8040064
2021-03-03 18:07:59,911 - qiskit.aqua.components.optimizers.spsa - DEBUG - Objective function at theta+ for step # 100: 0.7619669
2021-03-03 18:07:59,911 - qiskit.aqua.components.optimizers.spsa - DEBUG - Objective function at theta- for step # 100: 1.1649528
2021-03-03 18:08:04,465 - qiskit.aqua.components.optimizers.spsa - DEBUG - Objective function at theta+ for step # 101: 0.0106397
2021-03-03 18:08:04,465 - qiskit.aqua.components.optimizers.spsa - DEBUG - Objective function at theta- for step # 101: 0.0844038
2021-03-03 18:08:08,959 - qiskit.aqua.components.optimizers.spsa - DEBUG - Objective function at theta+ for step # 102: 0.2073610
2021-03-03 18:08:08,960 - qiskit.aqua.components.optimizers.spsa - DEBUG - Objective function at theta- for step # 102: 0.3301088
2021-03-03 18:08:13,493 - qiskit.aqua.components.optimizers.spsa - DEBUG - Objective function at theta+ for step # 103: 0.2409625
2021-03-03 18:08:13,494 - qiskit.aqua.components.optimizers.spsa - DEBUG - Objective function at theta- for step # 103: 0.3059622
2021-03-03 18:08:17,971 - qiskit.aqua.components.optimizers.spsa - DEBUG - Objective function at theta+ for step # 104: 0.0543809
2021-03-03 18:08:17,972 - qiskit.aqua.components.optimizers.spsa - DEBUG - Objective function at theta- for step # 104: 0.2081943
2021-03-03 18:08:22,268 - qiskit.aqua.components.optimizers.spsa - DEBUG - Objective function at theta+ for step # 105: 0.5769265
2021-03-03 18:08:22,268 - qiskit.aqua.components.optimizers.spsa - DEBUG - Objective function at theta- for step # 105: 0.1997817
2021-03-03 18:08:26,765 - qiskit.aqua.components.optimizers.spsa - DEBUG - Objective function at theta+ for step # 106: 0.7323894
2021-03-03 18:08:26,765 - qiskit.aqua.components.optimizers.spsa - DEBUG - Objective function at theta- for step # 106: 0.8035827
2021-03-03 18:08:31,278 - qiskit.aqua.components.optimizers.spsa - DEBUG - Objective function at theta+ for step # 107: 0.2154263
2021-03-03 18:08:31,278 - qiskit.aqua.components.optimizers.spsa - DEBUG - Objective function at theta- for step # 107: 0.0273687
2021-03-03 18:08:35,683 - qiskit.aqua.components.optimizers.spsa - DEBUG - Objective function at theta+ for step # 108: 0.2352646
2021-03-03 18:08:35,683 - qiskit.aqua.components.optimizers.spsa - DEBUG - Objective function at theta- for step # 108: 0.1821945
2021-03-03 18:08:39,964 - qiskit.aqua.components.optimizers.spsa - DEBUG - Objective function at theta+ for step # 109: 0.1034400
2021-03-03 18:08:39,964 - qiskit.aqua.components.optimizers.spsa - DEBUG - Objective function at theta- for step # 109: 0.0486852
2021-03-03 18:08:44,522 - qiskit.aqua.components.optimizers.spsa - DEBUG - Objective function at theta+ for step # 110: 0.7980558
2021-03-03 18:08:44,522 - qiskit.aqua.components.optimizers.spsa - DEBUG - Objective function at theta- for step # 110: 0.7201026
2021-03-03 18:08:49,071 - qiskit.aqua.components.optimizers.spsa - DEBUG - Objective function at theta+ for step # 111: 0.0303337
2021-03-03 18:08:49,071 - qiskit.aqua.components.optimizers.spsa - DEBUG - Objective function at theta- for step # 111: 0.1521624
2021-03-03 18:08:53,464 - qiskit.aqua.components.optimizers.spsa - DEBUG - Objective function at theta+ for step # 112: 0.1529288
2021-03-03 18:08:53,464 - qiskit.aqua.components.optimizers.spsa - DEBUG - Objective function at theta- for step # 112: 0.1213641
2021-03-03 18:08:57,744 - qiskit.aqua.components.optimizers.spsa - DEBUG - Objective function at theta+ for step # 113: 0.3448117
2021-03-03 18:08:57,744 - qiskit.aqua.components.optimizers.spsa - DEBUG - Objective function at theta- for step # 113: 0.4395840
2021-03-03 18:09:02,019 - qiskit.aqua.components.optimizers.spsa - DEBUG - Objective function at theta+ for step # 114: 0.0469117
2021-03-03 18:09:02,019 - qiskit.aqua.components.optimizers.spsa - DEBUG - Objective function at theta- for step # 114: 0.0511897
2021-03-03 18:09:06,657 - qiskit.aqua.components.optimizers.spsa - DEBUG - Objective function at theta+ for step # 115: 0.0292924
2021-03-03 18:09:06,657 - qiskit.aqua.components.optimizers.spsa - DEBUG - Objective function at theta- for step # 115: 0.1230232
2021-03-03 18:09:11,038 - qiskit.aqua.components.optimizers.spsa - DEBUG - Objective function at theta+ for step # 116: 0.2345104
2021-03-03 18:09:11,038 - qiskit.aqua.components.optimizers.spsa - DEBUG - Objective function at theta- for step # 116: 0.3492409
2021-03-03 18:09:15,268 - qiskit.aqua.components.optimizers.spsa - DEBUG - Objective function at theta+ for step # 117: 0.0707789
2021-03-03 18:09:15,268 - qiskit.aqua.components.optimizers.spsa - DEBUG - Objective function at theta- for step # 117: 0.1702199
2021-03-03 18:09:19,543 - qiskit.aqua.components.optimizers.spsa - DEBUG - Objective function at theta+ for step # 118: 0.5558693
2021-03-03 18:09:19,543 - qiskit.aqua.components.optimizers.spsa - DEBUG - Objective function at theta- for step # 118: 0.8303785
2021-03-03 18:09:24,013 - qiskit.aqua.components.optimizers.spsa - DEBUG - Objective function at theta+ for step # 119: 1.3305346
2021-03-03 18:09:24,013 - qiskit.aqua.components.optimizers.spsa - DEBUG - Objective function at theta- for step # 119: 1.0087656
2021-03-03 18:09:28,396 - qiskit.aqua.components.optimizers.spsa - DEBUG - Objective function at theta+ for step # 120: 0.6920343
2021-03-03 18:09:28,396 - qiskit.aqua.components.optimizers.spsa - DEBUG - Objective function at theta- for step # 120: 0.2588272
2021-03-03 18:09:32,638 - qiskit.aqua.components.optimizers.spsa - DEBUG - Objective function at theta+ for step # 121: 0.4513069
2021-03-03 18:09:32,639 - qiskit.aqua.components.optimizers.spsa - DEBUG - Objective function at theta- for step # 121: 0.3534784
2021-03-03 18:09:36,904 - qiskit.aqua.components.optimizers.spsa - DEBUG - Objective function at theta+ for step # 122: 0.0357410
2021-03-03 18:09:36,905 - qiskit.aqua.components.optimizers.spsa - DEBUG - Objective function at theta- for step # 122: 0.2055865
2021-03-03 18:09:41,387 - qiskit.aqua.components.optimizers.spsa - DEBUG - Objective function at theta+ for step # 123: 0.7305615
2021-03-03 18:09:41,387 - qiskit.aqua.components.optimizers.spsa - DEBUG - Objective function at theta- for step # 123: 0.7811451
2021-03-03 18:09:45,862 - qiskit.aqua.components.optimizers.spsa - DEBUG - Objective function at theta+ for step # 124: 0.2947037
2021-03-03 18:09:45,862 - qiskit.aqua.components.optimizers.spsa - DEBUG - Objective function at theta- for step # 124: 0.2592295
2021-03-03 18:09:50,392 - qiskit.aqua.components.optimizers.spsa - DEBUG - Objective function at theta+ for step # 125: 0.3348823
2021-03-03 18:09:50,392 - qiskit.aqua.components.optimizers.spsa - DEBUG - Objective function at theta- for step # 125: 0.6330476
2021-03-03 18:09:54,642 - qiskit.aqua.components.optimizers.spsa - DEBUG - Objective function at theta+ for step # 126: 0.3791567
2021-03-03 18:09:54,642 - qiskit.aqua.components.optimizers.spsa - DEBUG - Objective function at theta- for step # 126: 0.4988500
2021-03-03 18:09:59,236 - qiskit.aqua.components.optimizers.spsa - DEBUG - Objective function at theta+ for step # 127: 0.0277066
2021-03-03 18:09:59,236 - qiskit.aqua.components.optimizers.spsa - DEBUG - Objective function at theta- for step # 127: -0.0463888
2021-03-03 18:10:03,733 - qiskit.aqua.components.optimizers.spsa - DEBUG - Objective function at theta+ for step # 128: 0.1187211
2021-03-03 18:10:03,733 - qiskit.aqua.components.optimizers.spsa - DEBUG - Objective function at theta- for step # 128: 0.2886739
2021-03-03 18:10:08,097 - qiskit.aqua.components.optimizers.spsa - DEBUG - Objective function at theta+ for step # 129: 1.2136766
2021-03-03 18:10:08,097 - qiskit.aqua.components.optimizers.spsa - DEBUG - Objective function at theta- for step # 129: 1.4531791
2021-03-03 18:10:12,345 - qiskit.aqua.components.optimizers.spsa - DEBUG - Objective function at theta+ for step # 130: 0.2865650
2021-03-03 18:10:12,345 - qiskit.aqua.components.optimizers.spsa - DEBUG - Objective function at theta- for step # 130: 0.5104552
2021-03-03 18:10:16,847 - qiskit.aqua.components.optimizers.spsa - DEBUG - Objective function at theta+ for step # 131: 1.5966647
2021-03-03 18:10:16,847 - qiskit.aqua.components.optimizers.spsa - DEBUG - Objective function at theta- for step # 131: 1.6838586
2021-03-03 18:10:21,316 - qiskit.aqua.components.optimizers.spsa - DEBUG - Objective function at theta+ for step # 132: 0.8159907
2021-03-03 18:10:21,316 - qiskit.aqua.components.optimizers.spsa - DEBUG - Objective function at theta- for step # 132: 0.4466304
2021-03-03 18:10:25,822 - qiskit.aqua.components.optimizers.spsa - DEBUG - Objective function at theta+ for step # 133: 0.1280391
2021-03-03 18:10:25,822 - qiskit.aqua.components.optimizers.spsa - DEBUG - Objective function at theta- for step # 133: 0.0918800
2021-03-03 18:10:30,328 - qiskit.aqua.components.optimizers.spsa - DEBUG - Objective function at theta+ for step # 134: 0.0409255
2021-03-03 18:10:30,328 - qiskit.aqua.components.optimizers.spsa - DEBUG - Objective function at theta- for step # 134: -0.0847010
2021-03-03 18:10:34,601 - qiskit.aqua.components.optimizers.spsa - DEBUG - Objective function at theta+ for step # 135: 1.8269579
2021-03-03 18:10:34,602 - qiskit.aqua.components.optimizers.spsa - DEBUG - Objective function at theta- for step # 135: 1.8852126
2021-03-03 18:10:39,072 - qiskit.aqua.components.optimizers.spsa - DEBUG - Objective function at theta+ for step # 136: 0.9835953
2021-03-03 18:10:39,072 - qiskit.aqua.components.optimizers.spsa - DEBUG - Objective function at theta- for step # 136: 0.8828194
2021-03-03 18:10:43,563 - qiskit.aqua.components.optimizers.spsa - DEBUG - Objective function at theta+ for step # 137: 0.2354836
2021-03-03 18:10:43,563 - qiskit.aqua.components.optimizers.spsa - DEBUG - Objective function at theta- for step # 137: 0.1936877
2021-03-03 18:10:47,950 - qiskit.aqua.components.optimizers.spsa - DEBUG - Objective function at theta+ for step # 138: 0.2074155
2021-03-03 18:10:47,950 - qiskit.aqua.components.optimizers.spsa - DEBUG - Objective function at theta- for step # 138: 0.1941552
2021-03-03 18:10:52,194 - qiskit.aqua.components.optimizers.spsa - DEBUG - Objective function at theta+ for step # 139: 0.1231608
2021-03-03 18:10:52,194 - qiskit.aqua.components.optimizers.spsa - DEBUG - Objective function at theta- for step # 139: 0.2540592
2021-03-03 18:10:56,850 - qiskit.aqua.components.optimizers.spsa - DEBUG - Objective function at theta+ for step # 140: 0.2202846
2021-03-03 18:10:56,850 - qiskit.aqua.components.optimizers.spsa - DEBUG - Objective function at theta- for step # 140: 0.1523412
2021-03-03 18:11:01,322 - qiskit.aqua.components.optimizers.spsa - DEBUG - Objective function at theta+ for step # 141: 0.5437671
2021-03-03 18:11:01,322 - qiskit.aqua.components.optimizers.spsa - DEBUG - Objective function at theta- for step # 141: 0.8559653
2021-03-03 18:11:05,702 - qiskit.aqua.components.optimizers.spsa - DEBUG - Objective function at theta+ for step # 142: 1.2382288
2021-03-03 18:11:05,702 - qiskit.aqua.components.optimizers.spsa - DEBUG - Objective function at theta- for step # 142: 0.8676821
2021-03-03 18:11:09,979 - qiskit.aqua.components.optimizers.spsa - DEBUG - Objective function at theta+ for step # 143: 0.5030836
2021-03-03 18:11:09,979 - qiskit.aqua.components.optimizers.spsa - DEBUG - Objective function at theta- for step # 143: 0.8025780
2021-03-03 18:11:14,500 - qiskit.aqua.components.optimizers.spsa - DEBUG - Objective function at theta+ for step # 144: 0.1549452
2021-03-03 18:11:14,500 - qiskit.aqua.components.optimizers.spsa - DEBUG - Objective function at theta- for step # 144: -0.0005726
2021-03-03 18:11:19,109 - qiskit.aqua.components.optimizers.spsa - DEBUG - Objective function at theta+ for step # 145: 0.8645018
2021-03-03 18:11:19,109 - qiskit.aqua.components.optimizers.spsa - DEBUG - Objective function at theta- for step # 145: 0.7185803
2021-03-03 18:11:23,634 - qiskit.aqua.components.optimizers.spsa - DEBUG - Objective function at theta+ for step # 146: -0.0636962
2021-03-03 18:11:23,634 - qiskit.aqua.components.optimizers.spsa - DEBUG - Objective function at theta- for step # 146: 0.2779138
2021-03-03 18:11:28,121 - qiskit.aqua.components.optimizers.spsa - DEBUG - Objective function at theta+ for step # 147: 1.2564796
2021-03-03 18:11:28,121 - qiskit.aqua.components.optimizers.spsa - DEBUG - Objective function at theta- for step # 147: 1.2615083
2021-03-03 18:11:32,391 - qiskit.aqua.components.optimizers.spsa - DEBUG - Objective function at theta+ for step # 148: 0.9642818
2021-03-03 18:11:32,391 - qiskit.aqua.components.optimizers.spsa - DEBUG - Objective function at theta- for step # 148: 1.1722765
2021-03-03 18:11:36,881 - qiskit.aqua.components.optimizers.spsa - DEBUG - Objective function at theta+ for step # 149: 0.3725783
2021-03-03 18:11:36,881 - qiskit.aqua.components.optimizers.spsa - DEBUG - Objective function at theta- for step # 149: 0.6017347
2021-03-03 18:11:41,384 - qiskit.aqua.components.optimizers.spsa - DEBUG - Objective function at theta+ for step # 150: 0.2651888
2021-03-03 18:11:41,384 - qiskit.aqua.components.optimizers.spsa - DEBUG - Objective function at theta- for step # 150: -0.0026959
2021-03-03 18:11:45,786 - qiskit.aqua.components.optimizers.spsa - DEBUG - Objective function at theta+ for step # 151: 0.0835859
2021-03-03 18:11:45,786 - qiskit.aqua.components.optimizers.spsa - DEBUG - Objective function at theta- for step # 151: 0.1389794
2021-03-03 18:11:50,062 - qiskit.aqua.components.optimizers.spsa - DEBUG - Objective function at theta+ for step # 152: 1.8543632
2021-03-03 18:11:50,062 - qiskit.aqua.components.optimizers.spsa - DEBUG - Objective function at theta- for step # 152: 1.7388535
2021-03-03 18:11:54,550 - qiskit.aqua.components.optimizers.spsa - DEBUG - Objective function at theta+ for step # 153: 0.9640995
2021-03-03 18:11:54,551 - qiskit.aqua.components.optimizers.spsa - DEBUG - Objective function at theta- for step # 153: 0.8578829
2021-03-03 18:11:59,133 - qiskit.aqua.components.optimizers.spsa - DEBUG - Objective function at theta+ for step # 154: 0.0995539
2021-03-03 18:11:59,133 - qiskit.aqua.components.optimizers.spsa - DEBUG - Objective function at theta- for step # 154: -0.0136519
2021-03-03 18:12:03,563 - qiskit.aqua.components.optimizers.spsa - DEBUG - Objective function at theta+ for step # 155: 0.1049121
2021-03-03 18:12:03,563 - qiskit.aqua.components.optimizers.spsa - DEBUG - Objective function at theta- for step # 155: 0.0887313
2021-03-03 18:12:07,828 - qiskit.aqua.components.optimizers.spsa - DEBUG - Objective function at theta+ for step # 156: 0.2914527
2021-03-03 18:12:07,829 - qiskit.aqua.components.optimizers.spsa - DEBUG - Objective function at theta- for step # 156: 0.1652907
2021-03-03 18:12:12,129 - qiskit.aqua.components.optimizers.spsa - DEBUG - Objective function at theta+ for step # 157: 2.0041690
2021-03-03 18:12:12,129 - qiskit.aqua.components.optimizers.spsa - DEBUG - Objective function at theta- for step # 157: 2.0016025
2021-03-03 18:12:16,694 - qiskit.aqua.components.optimizers.spsa - DEBUG - Objective function at theta+ for step # 158: 1.2044698
2021-03-03 18:12:16,695 - qiskit.aqua.components.optimizers.spsa - DEBUG - Objective function at theta- for step # 158: 1.2669785
2021-03-03 18:12:21,220 - qiskit.aqua.components.optimizers.spsa - DEBUG - Objective function at theta+ for step # 159: 2.1456193
2021-03-03 18:12:21,220 - qiskit.aqua.components.optimizers.spsa - DEBUG - Objective function at theta- for step # 159: 1.8699248
2021-03-03 18:12:25,610 - qiskit.aqua.components.optimizers.spsa - DEBUG - Objective function at theta+ for step # 160: 0.0521085
2021-03-03 18:12:25,610 - qiskit.aqua.components.optimizers.spsa - DEBUG - Objective function at theta- for step # 160: 0.1266323
2021-03-03 18:12:30,028 - qiskit.aqua.components.optimizers.spsa - DEBUG - Objective function at theta+ for step # 161: 0.6159269
2021-03-03 18:12:30,028 - qiskit.aqua.components.optimizers.spsa - DEBUG - Objective function at theta- for step # 161: 0.0676772
2021-03-03 18:12:34,674 - qiskit.aqua.components.optimizers.spsa - DEBUG - Objective function at theta+ for step # 162: 0.1761788
2021-03-03 18:12:34,674 - qiskit.aqua.components.optimizers.spsa - DEBUG - Objective function at theta- for step # 162: 0.0797261
2021-03-03 18:12:39,172 - qiskit.aqua.components.optimizers.spsa - DEBUG - Objective function at theta+ for step # 163: 1.4229138
2021-03-03 18:12:39,172 - qiskit.aqua.components.optimizers.spsa - DEBUG - Objective function at theta- for step # 163: 1.3571988
2021-03-03 18:12:43,557 - qiskit.aqua.components.optimizers.spsa - DEBUG - Objective function at theta+ for step # 164: 0.5086876
2021-03-03 18:12:43,557 - qiskit.aqua.components.optimizers.spsa - DEBUG - Objective function at theta- for step # 164: 0.7761060
2021-03-03 18:12:47,828 - qiskit.aqua.components.optimizers.spsa - DEBUG - Objective function at theta+ for step # 165: 0.1914138
2021-03-03 18:12:47,828 - qiskit.aqua.components.optimizers.spsa - DEBUG - Objective function at theta- for step # 165: 0.1236354
2021-03-03 18:12:52,314 - qiskit.aqua.components.optimizers.spsa - DEBUG - Objective function at theta+ for step # 166: 0.5596091
2021-03-03 18:12:52,314 - qiskit.aqua.components.optimizers.spsa - DEBUG - Objective function at theta- for step # 166: 0.6489940
2021-03-03 18:12:56,850 - qiskit.aqua.components.optimizers.spsa - DEBUG - Objective function at theta+ for step # 167: 0.0330419
2021-03-03 18:12:56,850 - qiskit.aqua.components.optimizers.spsa - DEBUG - Objective function at theta- for step # 167: 0.1122141
2021-03-03 18:13:01,340 - qiskit.aqua.components.optimizers.spsa - DEBUG - Objective function at theta+ for step # 168: 0.4669351
2021-03-03 18:13:01,340 - qiskit.aqua.components.optimizers.spsa - DEBUG - Objective function at theta- for step # 168: 0.7621015
2021-03-03 18:13:05,748 - qiskit.aqua.components.optimizers.spsa - DEBUG - Objective function at theta+ for step # 169: 0.0815527
2021-03-03 18:13:05,748 - qiskit.aqua.components.optimizers.spsa - DEBUG - Objective function at theta- for step # 169: 0.1959297
2021-03-03 18:13:10,008 - qiskit.aqua.components.optimizers.spsa - DEBUG - Objective function at theta+ for step # 170: 0.7467579
2021-03-03 18:13:10,008 - qiskit.aqua.components.optimizers.spsa - DEBUG - Objective function at theta- for step # 170: 0.7666222
2021-03-03 18:13:14,491 - qiskit.aqua.components.optimizers.spsa - DEBUG - Objective function at theta+ for step # 171: -0.0380808
2021-03-03 18:13:14,491 - qiskit.aqua.components.optimizers.spsa - DEBUG - Objective function at theta- for step # 171: 0.0264039
2021-03-03 18:13:18,754 - qiskit.aqua.components.optimizers.spsa - DEBUG - Objective function at theta+ for step # 172: 0.1485193
2021-03-03 18:13:18,754 - qiskit.aqua.components.optimizers.spsa - DEBUG - Objective function at theta- for step # 172: 0.1741961
2021-03-03 18:13:23,127 - qiskit.aqua.components.optimizers.spsa - DEBUG - Objective function at theta+ for step # 173: 0.1416170
2021-03-03 18:13:23,128 - qiskit.aqua.components.optimizers.spsa - DEBUG - Objective function at theta- for step # 173: 0.1244638
2021-03-03 18:13:27,417 - qiskit.aqua.components.optimizers.spsa - DEBUG - Objective function at theta+ for step # 174: 1.0216524
2021-03-03 18:13:27,417 - qiskit.aqua.components.optimizers.spsa - DEBUG - Objective function at theta- for step # 174: 0.8305022
2021-03-03 18:13:31,892 - qiskit.aqua.components.optimizers.spsa - DEBUG - Objective function at theta+ for step # 175: 0.1900573
2021-03-03 18:13:31,892 - qiskit.aqua.components.optimizers.spsa - DEBUG - Objective function at theta- for step # 175: -0.0070204
2021-03-03 18:13:36,409 - qiskit.aqua.components.optimizers.spsa - DEBUG - Objective function at theta+ for step # 176: 1.0485200
2021-03-03 18:13:36,409 - qiskit.aqua.components.optimizers.spsa - DEBUG - Objective function at theta- for step # 176: 1.3394402
2021-03-03 18:13:40,973 - qiskit.aqua.components.optimizers.spsa - DEBUG - Objective function at theta+ for step # 177: 0.5638640
2021-03-03 18:13:40,973 - qiskit.aqua.components.optimizers.spsa - DEBUG - Objective function at theta- for step # 177: 0.8755716
2021-03-03 18:13:45,457 - qiskit.aqua.components.optimizers.spsa - DEBUG - Objective function at theta+ for step # 178: 0.8550804
2021-03-03 18:13:45,457 - qiskit.aqua.components.optimizers.spsa - DEBUG - Objective function at theta- for step # 178: 0.8407317
2021-03-03 18:13:49,737 - qiskit.aqua.components.optimizers.spsa - DEBUG - Objective function at theta+ for step # 179: 0.6668159
2021-03-03 18:13:49,737 - qiskit.aqua.components.optimizers.spsa - DEBUG - Objective function at theta- for step # 179: 0.5632230
2021-03-03 18:13:54,229 - qiskit.aqua.components.optimizers.spsa - DEBUG - Objective function at theta+ for step # 180: 0.5486456
2021-03-03 18:13:54,229 - qiskit.aqua.components.optimizers.spsa - DEBUG - Objective function at theta- for step # 180: 0.5957663
2021-03-03 18:13:58,731 - qiskit.aqua.components.optimizers.spsa - DEBUG - Objective function at theta+ for step # 181: 1.5400464
2021-03-03 18:13:58,731 - qiskit.aqua.components.optimizers.spsa - DEBUG - Objective function at theta- for step # 181: 1.5396365
2021-03-03 18:14:03,106 - qiskit.aqua.components.optimizers.spsa - DEBUG - Objective function at theta+ for step # 182: 0.9148617
2021-03-03 18:14:03,106 - qiskit.aqua.components.optimizers.spsa - DEBUG - Objective function at theta- for step # 182: 1.0395837
2021-03-03 18:14:07,383 - qiskit.aqua.components.optimizers.spsa - DEBUG - Objective function at theta+ for step # 183: 0.1694255
2021-03-03 18:14:07,384 - qiskit.aqua.components.optimizers.spsa - DEBUG - Objective function at theta- for step # 183: 0.0326181
2021-03-03 18:14:12,009 - qiskit.aqua.components.optimizers.spsa - DEBUG - Objective function at theta+ for step # 184: 0.7340993
2021-03-03 18:14:12,009 - qiskit.aqua.components.optimizers.spsa - DEBUG - Objective function at theta- for step # 184: 0.7553199
2021-03-03 18:14:16,545 - qiskit.aqua.components.optimizers.spsa - DEBUG - Objective function at theta+ for step # 185: 1.3226996
2021-03-03 18:14:16,545 - qiskit.aqua.components.optimizers.spsa - DEBUG - Objective function at theta- for step # 185: 1.0837611
2021-03-03 18:14:20,920 - qiskit.aqua.components.optimizers.spsa - DEBUG - Objective function at theta+ for step # 186: 0.1045542
2021-03-03 18:14:20,920 - qiskit.aqua.components.optimizers.spsa - DEBUG - Objective function at theta- for step # 186: -0.0056152
2021-03-03 18:14:25,191 - qiskit.aqua.components.optimizers.spsa - DEBUG - Objective function at theta+ for step # 187: 0.0905938
2021-03-03 18:14:25,191 - qiskit.aqua.components.optimizers.spsa - DEBUG - Objective function at theta- for step # 187: -0.0738614
2021-03-03 18:14:29,700 - qiskit.aqua.components.optimizers.spsa - DEBUG - Objective function at theta+ for step # 188: 0.5079058
2021-03-03 18:14:29,700 - qiskit.aqua.components.optimizers.spsa - DEBUG - Objective function at theta- for step # 188: 0.4612937
2021-03-03 18:14:34,189 - qiskit.aqua.components.optimizers.spsa - DEBUG - Objective function at theta+ for step # 189: 0.4799278
2021-03-03 18:14:34,190 - qiskit.aqua.components.optimizers.spsa - DEBUG - Objective function at theta- for step # 189: 0.4279217
2021-03-03 18:14:38,744 - qiskit.aqua.components.optimizers.spsa - DEBUG - Objective function at theta+ for step # 190: 0.1146592
2021-03-03 18:14:38,745 - qiskit.aqua.components.optimizers.spsa - DEBUG - Objective function at theta- for step # 190: -0.0300820
2021-03-03 18:14:43,244 - qiskit.aqua.components.optimizers.spsa - DEBUG - Objective function at theta+ for step # 191: 0.4600746
2021-03-03 18:14:43,244 - qiskit.aqua.components.optimizers.spsa - DEBUG - Objective function at theta- for step # 191: 0.3806963
2021-03-03 18:14:47,552 - qiskit.aqua.components.optimizers.spsa - DEBUG - Objective function at theta+ for step # 192: 0.9840435
2021-03-03 18:14:47,552 - qiskit.aqua.components.optimizers.spsa - DEBUG - Objective function at theta- for step # 192: 0.7118385
2021-03-03 18:14:52,049 - qiskit.aqua.components.optimizers.spsa - DEBUG - Objective function at theta+ for step # 193: 0.2813149
2021-03-03 18:14:52,049 - qiskit.aqua.components.optimizers.spsa - DEBUG - Objective function at theta- for step # 193: 0.5166568
2021-03-03 18:14:56,545 - qiskit.aqua.components.optimizers.spsa - DEBUG - Objective function at theta+ for step # 194: 0.1972291
2021-03-03 18:14:56,545 - qiskit.aqua.components.optimizers.spsa - DEBUG - Objective function at theta- for step # 194: 0.1993862
2021-03-03 18:15:00,957 - qiskit.aqua.components.optimizers.spsa - DEBUG - Objective function at theta+ for step # 195: 0.6122984
2021-03-03 18:15:00,957 - qiskit.aqua.components.optimizers.spsa - DEBUG - Objective function at theta- for step # 195: 0.5943384
2021-03-03 18:15:05,283 - qiskit.aqua.components.optimizers.spsa - DEBUG - Objective function at theta+ for step # 196: 1.3781697
2021-03-03 18:15:05,283 - qiskit.aqua.components.optimizers.spsa - DEBUG - Objective function at theta- for step # 196: 1.2662295
2021-03-03 18:15:09,927 - qiskit.aqua.components.optimizers.spsa - DEBUG - Objective function at theta+ for step # 197: 0.1308021
2021-03-03 18:15:09,928 - qiskit.aqua.components.optimizers.spsa - DEBUG - Objective function at theta- for step # 197: 0.3241942
2021-03-03 18:15:14,454 - qiskit.aqua.components.optimizers.spsa - DEBUG - Objective function at theta+ for step # 198: 0.4242910
2021-03-03 18:15:14,454 - qiskit.aqua.components.optimizers.spsa - DEBUG - Objective function at theta- for step # 198: 0.3495491
2021-03-03 18:15:18,846 - qiskit.aqua.components.optimizers.spsa - DEBUG - Objective function at theta+ for step # 199: 0.1899665
2021-03-03 18:15:18,846 - qiskit.aqua.components.optimizers.spsa - DEBUG - Objective function at theta- for step # 199: 0.4010288
2021-03-03 18:15:23,119 - qiskit.aqua.components.optimizers.spsa - DEBUG - Objective function at theta+ for step # 200: 0.2916294
2021-03-03 18:15:23,119 - qiskit.aqua.components.optimizers.spsa - DEBUG - Objective function at theta- for step # 200: 0.4252036
2021-03-03 18:15:27,613 - qiskit.aqua.components.optimizers.spsa - DEBUG - Objective function at theta+ for step # 201: 0.1490140
2021-03-03 18:15:27,613 - qiskit.aqua.components.optimizers.spsa - DEBUG - Objective function at theta- for step # 201: 0.1026669
2021-03-03 18:15:32,100 - qiskit.aqua.components.optimizers.spsa - DEBUG - Objective function at theta+ for step # 202: 0.1119108
2021-03-03 18:15:32,100 - qiskit.aqua.components.optimizers.spsa - DEBUG - Objective function at theta- for step # 202: 0.2439488
2021-03-03 18:15:36,808 - qiskit.aqua.components.optimizers.spsa - DEBUG - Objective function at theta+ for step # 203: 1.1480452
2021-03-03 18:15:36,809 - qiskit.aqua.components.optimizers.spsa - DEBUG - Objective function at theta- for step # 203: 1.1469748
2021-03-03 18:15:41,307 - qiskit.aqua.components.optimizers.spsa - DEBUG - Objective function at theta+ for step # 204: 0.0762394
2021-03-03 18:15:41,307 - qiskit.aqua.components.optimizers.spsa - DEBUG - Objective function at theta- for step # 204: 0.1942234
2021-03-03 18:15:45,573 - qiskit.aqua.components.optimizers.spsa - DEBUG - Objective function at theta+ for step # 205: 0.1276381
2021-03-03 18:15:45,573 - qiskit.aqua.components.optimizers.spsa - DEBUG - Objective function at theta- for step # 205: -0.0368472
2021-03-03 18:15:50,085 - qiskit.aqua.components.optimizers.spsa - DEBUG - Objective function at theta+ for step # 206: 0.7668736
2021-03-03 18:15:50,085 - qiskit.aqua.components.optimizers.spsa - DEBUG - Objective function at theta- for step # 206: 0.5880021
2021-03-03 18:15:54,592 - qiskit.aqua.components.optimizers.spsa - DEBUG - Objective function at theta+ for step # 207: 0.8383214
2021-03-03 18:15:54,592 - qiskit.aqua.components.optimizers.spsa - DEBUG - Objective function at theta- for step # 207: 0.7675893
2021-03-03 18:15:58,969 - qiskit.aqua.components.optimizers.spsa - DEBUG - Objective function at theta+ for step # 208: 0.7967815
2021-03-03 18:15:58,970 - qiskit.aqua.components.optimizers.spsa - DEBUG - Objective function at theta- for step # 208: 0.6442839
2021-03-03 18:16:03,224 - qiskit.aqua.components.optimizers.spsa - DEBUG - Objective function at theta+ for step # 209: 0.4538698
2021-03-03 18:16:03,224 - qiskit.aqua.components.optimizers.spsa - DEBUG - Objective function at theta- for step # 209: 0.3975163
2021-03-03 18:16:07,736 - qiskit.aqua.components.optimizers.spsa - DEBUG - Objective function at theta+ for step # 210: 0.0419519
2021-03-03 18:16:07,736 - qiskit.aqua.components.optimizers.spsa - DEBUG - Objective function at theta- for step # 210: 0.0754696
2021-03-03 18:16:13,158 - qiskit.aqua.components.optimizers.spsa - DEBUG - Objective function at theta+ for step # 211: -0.0493453
2021-03-03 18:16:13,159 - qiskit.aqua.components.optimizers.spsa - DEBUG - Objective function at theta- for step # 211: 0.0695553
2021-03-03 18:16:17,567 - qiskit.aqua.components.optimizers.spsa - DEBUG - Objective function at theta+ for step # 212: 1.3198240
2021-03-03 18:16:17,567 - qiskit.aqua.components.optimizers.spsa - DEBUG - Objective function at theta- for step # 212: 1.1674767
2021-03-03 18:16:21,834 - qiskit.aqua.components.optimizers.spsa - DEBUG - Objective function at theta+ for step # 213: 1.4099063
2021-03-03 18:16:21,834 - qiskit.aqua.components.optimizers.spsa - DEBUG - Objective function at theta- for step # 213: 1.4605678
2021-03-03 18:16:26,253 - qiskit.aqua.components.optimizers.spsa - DEBUG - Objective function at theta+ for step # 214: 0.6160729
2021-03-03 18:16:26,253 - qiskit.aqua.components.optimizers.spsa - DEBUG - Objective function at theta- for step # 214: 0.5467454
2021-03-03 18:16:30,729 - qiskit.aqua.components.optimizers.spsa - DEBUG - Objective function at theta+ for step # 215: 0.2007768
2021-03-03 18:16:30,729 - qiskit.aqua.components.optimizers.spsa - DEBUG - Objective function at theta- for step # 215: 0.2458723
2021-03-03 18:16:35,315 - qiskit.aqua.components.optimizers.spsa - DEBUG - Objective function at theta+ for step # 216: 0.7885825
2021-03-03 18:16:35,315 - qiskit.aqua.components.optimizers.spsa - DEBUG - Objective function at theta- for step # 216: 0.8661868
2021-03-03 18:16:39,697 - qiskit.aqua.components.optimizers.spsa - DEBUG - Objective function at theta+ for step # 217: 0.4721850
2021-03-03 18:16:39,698 - qiskit.aqua.components.optimizers.spsa - DEBUG - Objective function at theta- for step # 217: 0.2913303
2021-03-03 18:16:43,998 - qiskit.aqua.components.optimizers.spsa - DEBUG - Objective function at theta+ for step # 218: 0.4164929
2021-03-03 18:16:43,998 - qiskit.aqua.components.optimizers.spsa - DEBUG - Objective function at theta- for step # 218: 0.3837046
2021-03-03 18:16:48,621 - qiskit.aqua.components.optimizers.spsa - DEBUG - Objective function at theta+ for step # 219: 0.3284953
2021-03-03 18:16:48,621 - qiskit.aqua.components.optimizers.spsa - DEBUG - Objective function at theta- for step # 219: 0.3619379
2021-03-03 18:16:53,123 - qiskit.aqua.components.optimizers.spsa - DEBUG - Objective function at theta+ for step # 220: 1.0160771
2021-03-03 18:16:53,123 - qiskit.aqua.components.optimizers.spsa - DEBUG - Objective function at theta- for step # 220: 0.8412071
2021-03-03 18:16:57,515 - qiskit.aqua.components.optimizers.spsa - DEBUG - Objective function at theta+ for step # 221: 0.2723382
2021-03-03 18:16:57,515 - qiskit.aqua.components.optimizers.spsa - DEBUG - Objective function at theta- for step # 221: -0.0139174
2021-03-03 18:17:01,830 - qiskit.aqua.components.optimizers.spsa - DEBUG - Objective function at theta+ for step # 222: 0.1154552
2021-03-03 18:17:01,830 - qiskit.aqua.components.optimizers.spsa - DEBUG - Objective function at theta- for step # 222: -0.0132774
2021-03-03 18:17:06,305 - qiskit.aqua.components.optimizers.spsa - DEBUG - Objective function at theta+ for step # 223: 0.7958016
2021-03-03 18:17:06,305 - qiskit.aqua.components.optimizers.spsa - DEBUG - Objective function at theta- for step # 223: 0.6145804
2021-03-03 18:17:10,805 - qiskit.aqua.components.optimizers.spsa - DEBUG - Objective function at theta+ for step # 224: 1.5581450
2021-03-03 18:17:10,805 - qiskit.aqua.components.optimizers.spsa - DEBUG - Objective function at theta- for step # 224: 1.7571714
2021-03-03 18:17:15,527 - qiskit.aqua.components.optimizers.spsa - DEBUG - Objective function at theta+ for step # 225: 0.7693089
2021-03-03 18:17:15,527 - qiskit.aqua.components.optimizers.spsa - DEBUG - Objective function at theta- for step # 225: 0.9398331
2021-03-03 18:17:20,092 - qiskit.aqua.components.optimizers.spsa - DEBUG - Objective function at theta+ for step # 226: 0.2608955
2021-03-03 18:17:20,092 - qiskit.aqua.components.optimizers.spsa - DEBUG - Objective function at theta- for step # 226: 0.2254004
2021-03-03 18:17:24,366 - qiskit.aqua.components.optimizers.spsa - DEBUG - Objective function at theta+ for step # 227: 1.3803008
2021-03-03 18:17:24,366 - qiskit.aqua.components.optimizers.spsa - DEBUG - Objective function at theta- for step # 227: 1.3419866
2021-03-03 18:17:28,853 - qiskit.aqua.components.optimizers.spsa - DEBUG - Objective function at theta+ for step # 228: 0.5654966
2021-03-03 18:17:28,854 - qiskit.aqua.components.optimizers.spsa - DEBUG - Objective function at theta- for step # 228: 0.6315224
2021-03-03 18:17:33,369 - qiskit.aqua.components.optimizers.spsa - DEBUG - Objective function at theta+ for step # 229: 0.0985922
2021-03-03 18:17:33,369 - qiskit.aqua.components.optimizers.spsa - DEBUG - Objective function at theta- for step # 229: 0.2801694
2021-03-03 18:17:37,761 - qiskit.aqua.components.optimizers.spsa - DEBUG - Objective function at theta+ for step # 230: 0.0586485
2021-03-03 18:17:37,761 - qiskit.aqua.components.optimizers.spsa - DEBUG - Objective function at theta- for step # 230: 0.1239858
2021-03-03 18:17:42,010 - qiskit.aqua.components.optimizers.spsa - DEBUG - Objective function at theta+ for step # 231: 0.5203084
2021-03-03 18:17:42,010 - qiskit.aqua.components.optimizers.spsa - DEBUG - Objective function at theta- for step # 231: 0.4193370
2021-03-03 18:17:46,649 - qiskit.aqua.components.optimizers.spsa - DEBUG - Objective function at theta+ for step # 232: 0.1197382
2021-03-03 18:17:46,649 - qiskit.aqua.components.optimizers.spsa - DEBUG - Objective function at theta- for step # 232: 0.0132299
2021-03-03 18:17:51,110 - qiskit.aqua.components.optimizers.spsa - DEBUG - Objective function at theta+ for step # 233: 0.7861913
2021-03-03 18:17:51,110 - qiskit.aqua.components.optimizers.spsa - DEBUG - Objective function at theta- for step # 233: 0.7416696
2021-03-03 18:17:55,501 - qiskit.aqua.components.optimizers.spsa - DEBUG - Objective function at theta+ for step # 234: -0.0763696
2021-03-03 18:17:55,501 - qiskit.aqua.components.optimizers.spsa - DEBUG - Objective function at theta- for step # 234: 0.0296356
2021-03-03 18:17:59,746 - qiskit.aqua.components.optimizers.spsa - DEBUG - Objective function at theta+ for step # 235: 0.0143694
2021-03-03 18:17:59,747 - qiskit.aqua.components.optimizers.spsa - DEBUG - Objective function at theta- for step # 235: 0.1011658
2021-03-03 18:18:04,223 - qiskit.aqua.components.optimizers.spsa - DEBUG - Objective function at theta+ for step # 236: -0.0624978
2021-03-03 18:18:04,223 - qiskit.aqua.components.optimizers.spsa - DEBUG - Objective function at theta- for step # 236: 0.0481670
2021-03-03 18:18:08,770 - qiskit.aqua.components.optimizers.spsa - DEBUG - Objective function at theta+ for step # 237: 1.1624440
2021-03-03 18:18:08,770 - qiskit.aqua.components.optimizers.spsa - DEBUG - Objective function at theta- for step # 237: 1.1015383
2021-03-03 18:18:13,294 - qiskit.aqua.components.optimizers.spsa - DEBUG - Objective function at theta+ for step # 238: 0.2671801
2021-03-03 18:18:13,294 - qiskit.aqua.components.optimizers.spsa - DEBUG - Objective function at theta- for step # 238: 0.1635735
2021-03-03 18:18:17,941 - qiskit.aqua.components.optimizers.spsa - DEBUG - Objective function at theta+ for step # 239: 0.4934593
2021-03-03 18:18:17,941 - qiskit.aqua.components.optimizers.spsa - DEBUG - Objective function at theta- for step # 239: 0.4945136
2021-03-03 18:18:22,229 - qiskit.aqua.components.optimizers.spsa - DEBUG - Objective function at theta+ for step # 240: 0.2444399
2021-03-03 18:18:22,229 - qiskit.aqua.components.optimizers.spsa - DEBUG - Objective function at theta- for step # 240: 0.1186416
2021-03-03 18:18:26,736 - qiskit.aqua.components.optimizers.spsa - DEBUG - Objective function at theta+ for step # 241: 0.4359219
2021-03-03 18:18:26,736 - qiskit.aqua.components.optimizers.spsa - DEBUG - Objective function at theta- for step # 241: 0.2836969
2021-03-03 18:18:31,262 - qiskit.aqua.components.optimizers.spsa - DEBUG - Objective function at theta+ for step # 242: 0.7207109
2021-03-03 18:18:31,262 - qiskit.aqua.components.optimizers.spsa - DEBUG - Objective function at theta- for step # 242: 0.6132561
2021-03-03 18:18:35,670 - qiskit.aqua.components.optimizers.spsa - DEBUG - Objective function at theta+ for step # 243: 0.7537983
2021-03-03 18:18:35,671 - qiskit.aqua.components.optimizers.spsa - DEBUG - Objective function at theta- for step # 243: 0.8004954
2021-03-03 18:18:39,931 - qiskit.aqua.components.optimizers.spsa - DEBUG - Objective function at theta+ for step # 244: 0.0839280
2021-03-03 18:18:39,931 - qiskit.aqua.components.optimizers.spsa - DEBUG - Objective function at theta- for step # 244: -0.0403321
2021-03-03 18:18:44,564 - qiskit.aqua.components.optimizers.spsa - DEBUG - Objective function at theta+ for step # 245: 0.3653743
2021-03-03 18:18:44,564 - qiskit.aqua.components.optimizers.spsa - DEBUG - Objective function at theta- for step # 245: 0.3745483
2021-03-03 18:18:49,079 - qiskit.aqua.components.optimizers.spsa - DEBUG - Objective function at theta+ for step # 246: 0.3999364
2021-03-03 18:18:49,079 - qiskit.aqua.components.optimizers.spsa - DEBUG - Objective function at theta- for step # 246: 0.4143837
2021-03-03 18:18:53,463 - qiskit.aqua.components.optimizers.spsa - DEBUG - Objective function at theta+ for step # 247: 0.6213683
2021-03-03 18:18:53,463 - qiskit.aqua.components.optimizers.spsa - DEBUG - Objective function at theta- for step # 247: 0.4664804
2021-03-03 18:18:57,721 - qiskit.aqua.components.optimizers.spsa - DEBUG - Objective function at theta+ for step # 248: 1.4319060
2021-03-03 18:18:57,721 - qiskit.aqua.components.optimizers.spsa - DEBUG - Objective function at theta- for step # 248: 1.4240699
2021-03-03 18:19:02,290 - qiskit.aqua.components.optimizers.spsa - DEBUG - Objective function at theta+ for step # 249: 0.2771934
2021-03-03 18:19:02,290 - qiskit.aqua.components.optimizers.spsa - DEBUG - Objective function at theta- for step # 249: 0.2761996
2021-03-03 18:19:04,602 - qiskit.aqua.components.optimizers.spsa - DEBUG - Final objective function is: 0.0402696
