2021-03-03 14:25:14,892 - qiskit.aqua.components.optimizers.spsa - DEBUG - Parameters: [0.62831853 0.1        0.602      0.101      0.        ]
2021-03-03 14:25:14,892 - qiskit.aqua.components.optimizers.spsa - DEBUG - Calibration...
2021-03-03 14:25:14,892 - qiskit.aqua.components.optimizers.spsa - DEBUG - calibration step # 0 of 20
2021-03-03 14:25:20,186 - qiskit.aqua.components.optimizers.spsa - DEBUG - calibration step # 5 of 20
2021-03-03 14:25:24,992 - qiskit.aqua.components.optimizers.spsa - DEBUG - calibration step # 10 of 20
2021-03-03 14:25:29,809 - qiskit.aqua.components.optimizers.spsa - DEBUG - calibration step # 15 of 20
2021-03-03 14:25:34,650 - qiskit.aqua.components.optimizers.spsa - DEBUG - delta_obj is 0, not calibrating (since this would set c0 to inf)
2021-03-03 14:25:34,650 - qiskit.aqua.components.optimizers.spsa - DEBUG - Calibrated SPSA parameter c0 is 0.0837546
2021-03-03 14:25:35,615 - qiskit.aqua.components.optimizers.spsa - DEBUG - Objective function at theta+ for step # 0: 5.2686157
2021-03-03 14:25:35,615 - qiskit.aqua.components.optimizers.spsa - DEBUG - Objective function at theta- for step # 0: 6.7747044
2021-03-03 14:25:36,562 - qiskit.aqua.components.optimizers.spsa - DEBUG - Objective function at theta+ for step # 1: 1.0189797
2021-03-03 14:25:36,562 - qiskit.aqua.components.optimizers.spsa - DEBUG - Objective function at theta- for step # 1: 2.0292271
2021-03-03 14:25:37,518 - qiskit.aqua.components.optimizers.spsa - DEBUG - Objective function at theta+ for step # 2: 0.5038313
2021-03-03 14:25:37,518 - qiskit.aqua.components.optimizers.spsa - DEBUG - Objective function at theta- for step # 2: 0.6426150
2021-03-03 14:25:38,494 - qiskit.aqua.components.optimizers.spsa - DEBUG - Objective function at theta+ for step # 3: 0.5639574
2021-03-03 14:25:38,494 - qiskit.aqua.components.optimizers.spsa - DEBUG - Objective function at theta- for step # 3: 0.5462975
2021-03-03 14:25:39,442 - qiskit.aqua.components.optimizers.spsa - DEBUG - Objective function at theta+ for step # 4: 0.5657242
2021-03-03 14:25:39,442 - qiskit.aqua.components.optimizers.spsa - DEBUG - Objective function at theta- for step # 4: 0.5328318
2021-03-03 14:25:40,411 - qiskit.aqua.components.optimizers.spsa - DEBUG - Objective function at theta+ for step # 5: 0.5166002
2021-03-03 14:25:40,411 - qiskit.aqua.components.optimizers.spsa - DEBUG - Objective function at theta- for step # 5: 0.5512772
2021-03-03 14:25:41,436 - qiskit.aqua.components.optimizers.spsa - DEBUG - Objective function at theta+ for step # 6: 0.5248126
2021-03-03 14:25:41,436 - qiskit.aqua.components.optimizers.spsa - DEBUG - Objective function at theta- for step # 6: 0.5399140
2021-03-03 14:25:42,409 - qiskit.aqua.components.optimizers.spsa - DEBUG - Objective function at theta+ for step # 7: 0.5343534
2021-03-03 14:25:42,409 - qiskit.aqua.components.optimizers.spsa - DEBUG - Objective function at theta- for step # 7: 0.5242685
2021-03-03 14:25:43,363 - qiskit.aqua.components.optimizers.spsa - DEBUG - Objective function at theta+ for step # 8: 0.5244278
2021-03-03 14:25:43,363 - qiskit.aqua.components.optimizers.spsa - DEBUG - Objective function at theta- for step # 8: 0.5319906
2021-03-03 14:25:44,341 - qiskit.aqua.components.optimizers.spsa - DEBUG - Objective function at theta+ for step # 9: 0.5614713
2021-03-03 14:25:44,341 - qiskit.aqua.components.optimizers.spsa - DEBUG - Objective function at theta- for step # 9: 0.5336804
2021-03-03 14:25:45,296 - qiskit.aqua.components.optimizers.spsa - DEBUG - Objective function at theta+ for step # 10: 0.5224514
2021-03-03 14:25:45,296 - qiskit.aqua.components.optimizers.spsa - DEBUG - Objective function at theta- for step # 10: 0.5528387
2021-03-03 14:25:46,243 - qiskit.aqua.components.optimizers.spsa - DEBUG - Objective function at theta+ for step # 11: 0.5174979
2021-03-03 14:25:46,243 - qiskit.aqua.components.optimizers.spsa - DEBUG - Objective function at theta- for step # 11: 0.5457178
2021-03-03 14:25:47,187 - qiskit.aqua.components.optimizers.spsa - DEBUG - Objective function at theta+ for step # 12: 0.5140162
2021-03-03 14:25:47,187 - qiskit.aqua.components.optimizers.spsa - DEBUG - Objective function at theta- for step # 12: 0.5450033
2021-03-03 14:25:48,147 - qiskit.aqua.components.optimizers.spsa - DEBUG - Objective function at theta+ for step # 13: 0.5213837
2021-03-03 14:25:48,147 - qiskit.aqua.components.optimizers.spsa - DEBUG - Objective function at theta- for step # 13: 0.5488848
2021-03-03 14:25:49,099 - qiskit.aqua.components.optimizers.spsa - DEBUG - Objective function at theta+ for step # 14: 0.5173644
2021-03-03 14:25:49,099 - qiskit.aqua.components.optimizers.spsa - DEBUG - Objective function at theta- for step # 14: 0.5386697
2021-03-03 14:25:50,047 - qiskit.aqua.components.optimizers.spsa - DEBUG - Objective function at theta+ for step # 15: 0.5182663
2021-03-03 14:25:50,047 - qiskit.aqua.components.optimizers.spsa - DEBUG - Objective function at theta- for step # 15: 0.5163862
2021-03-03 14:25:50,974 - qiskit.aqua.components.optimizers.spsa - DEBUG - Objective function at theta+ for step # 16: 0.5157974
2021-03-03 14:25:50,974 - qiskit.aqua.components.optimizers.spsa - DEBUG - Objective function at theta- for step # 16: 0.5239212
2021-03-03 14:25:51,903 - qiskit.aqua.components.optimizers.spsa - DEBUG - Objective function at theta+ for step # 17: 0.5470737
2021-03-03 14:25:51,903 - qiskit.aqua.components.optimizers.spsa - DEBUG - Objective function at theta- for step # 17: 0.5217659
2021-03-03 14:25:52,913 - qiskit.aqua.components.optimizers.spsa - DEBUG - Objective function at theta+ for step # 18: 0.5215416
2021-03-03 14:25:52,913 - qiskit.aqua.components.optimizers.spsa - DEBUG - Objective function at theta- for step # 18: 0.5447471
2021-03-03 14:25:53,853 - qiskit.aqua.components.optimizers.spsa - DEBUG - Objective function at theta+ for step # 19: 0.5372177
2021-03-03 14:25:53,853 - qiskit.aqua.components.optimizers.spsa - DEBUG - Objective function at theta- for step # 19: 0.5175401
2021-03-03 14:25:54,797 - qiskit.aqua.components.optimizers.spsa - DEBUG - Objective function at theta+ for step # 20: 0.5195350
2021-03-03 14:25:54,797 - qiskit.aqua.components.optimizers.spsa - DEBUG - Objective function at theta- for step # 20: 0.5089635
2021-03-03 14:25:55,743 - qiskit.aqua.components.optimizers.spsa - DEBUG - Objective function at theta+ for step # 21: 0.5359350
2021-03-03 14:25:55,743 - qiskit.aqua.components.optimizers.spsa - DEBUG - Objective function at theta- for step # 21: 0.5299091
2021-03-03 14:25:56,682 - qiskit.aqua.components.optimizers.spsa - DEBUG - Objective function at theta+ for step # 22: 0.5299756
2021-03-03 14:25:56,683 - qiskit.aqua.components.optimizers.spsa - DEBUG - Objective function at theta- for step # 22: 0.5189257
2021-03-03 14:25:57,623 - qiskit.aqua.components.optimizers.spsa - DEBUG - Objective function at theta+ for step # 23: 0.5345393
2021-03-03 14:25:57,623 - qiskit.aqua.components.optimizers.spsa - DEBUG - Objective function at theta- for step # 23: 0.5306403
2021-03-03 14:25:58,567 - qiskit.aqua.components.optimizers.spsa - DEBUG - Objective function at theta+ for step # 24: 0.5082359
2021-03-03 14:25:58,567 - qiskit.aqua.components.optimizers.spsa - DEBUG - Objective function at theta- for step # 24: 0.5336512
2021-03-03 14:25:59,492 - qiskit.aqua.components.optimizers.spsa - DEBUG - Objective function at theta+ for step # 25: 0.5209172
2021-03-03 14:25:59,492 - qiskit.aqua.components.optimizers.spsa - DEBUG - Objective function at theta- for step # 25: 0.5106700
2021-03-03 14:26:00,433 - qiskit.aqua.components.optimizers.spsa - DEBUG - Objective function at theta+ for step # 26: 0.5214569
2021-03-03 14:26:00,433 - qiskit.aqua.components.optimizers.spsa - DEBUG - Objective function at theta- for step # 26: 0.5373075
2021-03-03 14:26:01,364 - qiskit.aqua.components.optimizers.spsa - DEBUG - Objective function at theta+ for step # 27: 0.5047077
2021-03-03 14:26:01,364 - qiskit.aqua.components.optimizers.spsa - DEBUG - Objective function at theta- for step # 27: 0.5226638
2021-03-03 14:26:02,308 - qiskit.aqua.components.optimizers.spsa - DEBUG - Objective function at theta+ for step # 28: 0.5131739
2021-03-03 14:26:02,308 - qiskit.aqua.components.optimizers.spsa - DEBUG - Objective function at theta- for step # 28: 0.5360412
2021-03-03 14:26:03,310 - qiskit.aqua.components.optimizers.spsa - DEBUG - Objective function at theta+ for step # 29: 0.5324910
2021-03-03 14:26:03,310 - qiskit.aqua.components.optimizers.spsa - DEBUG - Objective function at theta- for step # 29: 0.5174947
2021-03-03 14:26:04,244 - qiskit.aqua.components.optimizers.spsa - DEBUG - Objective function at theta+ for step # 30: 0.5220465
2021-03-03 14:26:04,244 - qiskit.aqua.components.optimizers.spsa - DEBUG - Objective function at theta- for step # 30: 0.5191710
2021-03-03 14:26:05,185 - qiskit.aqua.components.optimizers.spsa - DEBUG - Objective function at theta+ for step # 31: 0.5313175
2021-03-03 14:26:05,185 - qiskit.aqua.components.optimizers.spsa - DEBUG - Objective function at theta- for step # 31: 0.5177998
2021-03-03 14:26:06,121 - qiskit.aqua.components.optimizers.spsa - DEBUG - Objective function at theta+ for step # 32: 0.5207840
2021-03-03 14:26:06,122 - qiskit.aqua.components.optimizers.spsa - DEBUG - Objective function at theta- for step # 32: 0.5447471
2021-03-03 14:26:07,057 - qiskit.aqua.components.optimizers.spsa - DEBUG - Objective function at theta+ for step # 33: 0.5144311
2021-03-03 14:26:07,057 - qiskit.aqua.components.optimizers.spsa - DEBUG - Objective function at theta- for step # 33: 0.5331332
2021-03-03 14:26:08,000 - qiskit.aqua.components.optimizers.spsa - DEBUG - Objective function at theta+ for step # 34: 0.5177998
2021-03-03 14:26:08,000 - qiskit.aqua.components.optimizers.spsa - DEBUG - Objective function at theta- for step # 34: 0.5316576
2021-03-03 14:26:08,944 - qiskit.aqua.components.optimizers.spsa - DEBUG - Objective function at theta+ for step # 35: 0.5197257
2021-03-03 14:26:08,944 - qiskit.aqua.components.optimizers.spsa - DEBUG - Objective function at theta- for step # 35: 0.5160221
2021-03-03 14:26:09,871 - qiskit.aqua.components.optimizers.spsa - DEBUG - Objective function at theta+ for step # 36: 0.5154654
2021-03-03 14:26:09,871 - qiskit.aqua.components.optimizers.spsa - DEBUG - Objective function at theta- for step # 36: 0.5190765
2021-03-03 14:26:10,835 - qiskit.aqua.components.optimizers.spsa - DEBUG - Objective function at theta+ for step # 37: 0.5305162
2021-03-03 14:26:10,836 - qiskit.aqua.components.optimizers.spsa - DEBUG - Objective function at theta- for step # 37: 0.5441881
2021-03-03 14:26:11,779 - qiskit.aqua.components.optimizers.spsa - DEBUG - Objective function at theta+ for step # 38: 0.5180759
2021-03-03 14:26:11,780 - qiskit.aqua.components.optimizers.spsa - DEBUG - Objective function at theta- for step # 38: 0.5311466
2021-03-03 14:26:12,725 - qiskit.aqua.components.optimizers.spsa - DEBUG - Objective function at theta+ for step # 39: 0.5163992
2021-03-03 14:26:12,725 - qiskit.aqua.components.optimizers.spsa - DEBUG - Objective function at theta- for step # 39: 0.5226413
2021-03-03 14:26:13,671 - qiskit.aqua.components.optimizers.spsa - DEBUG - Objective function at theta+ for step # 40: 0.5158044
2021-03-03 14:26:13,671 - qiskit.aqua.components.optimizers.spsa - DEBUG - Objective function at theta- for step # 40: 0.5214903
2021-03-03 14:26:14,684 - qiskit.aqua.components.optimizers.spsa - DEBUG - Objective function at theta+ for step # 41: 0.5199185
2021-03-03 14:26:14,685 - qiskit.aqua.components.optimizers.spsa - DEBUG - Objective function at theta- for step # 41: 0.5480040
2021-03-03 14:26:15,698 - qiskit.aqua.components.optimizers.spsa - DEBUG - Objective function at theta+ for step # 42: 0.5370036
2021-03-03 14:26:15,698 - qiskit.aqua.components.optimizers.spsa - DEBUG - Objective function at theta- for step # 42: 0.5198939
2021-03-03 14:26:16,638 - qiskit.aqua.components.optimizers.spsa - DEBUG - Objective function at theta+ for step # 43: 0.5315851
2021-03-03 14:26:16,638 - qiskit.aqua.components.optimizers.spsa - DEBUG - Objective function at theta- for step # 43: 0.5129063
2021-03-03 14:26:17,586 - qiskit.aqua.components.optimizers.spsa - DEBUG - Objective function at theta+ for step # 44: 0.5196089
2021-03-03 14:26:17,587 - qiskit.aqua.components.optimizers.spsa - DEBUG - Objective function at theta- for step # 44: 0.5370695
2021-03-03 14:26:18,527 - qiskit.aqua.components.optimizers.spsa - DEBUG - Objective function at theta+ for step # 45: 0.5192228
2021-03-03 14:26:18,527 - qiskit.aqua.components.optimizers.spsa - DEBUG - Objective function at theta- for step # 45: 0.5329377
2021-03-03 14:26:19,478 - qiskit.aqua.components.optimizers.spsa - DEBUG - Objective function at theta+ for step # 46: 0.5083090
2021-03-03 14:26:19,479 - qiskit.aqua.components.optimizers.spsa - DEBUG - Objective function at theta- for step # 46: 0.5313887
2021-03-03 14:26:20,414 - qiskit.aqua.components.optimizers.spsa - DEBUG - Objective function at theta+ for step # 47: 0.5179135
2021-03-03 14:26:20,414 - qiskit.aqua.components.optimizers.spsa - DEBUG - Objective function at theta- for step # 47: 0.5131884
2021-03-03 14:26:21,376 - qiskit.aqua.components.optimizers.spsa - DEBUG - Objective function at theta+ for step # 48: 0.5354138
2021-03-03 14:26:21,376 - qiskit.aqua.components.optimizers.spsa - DEBUG - Objective function at theta- for step # 48: 0.5318876
2021-03-03 14:26:22,311 - qiskit.aqua.components.optimizers.spsa - DEBUG - Objective function at theta+ for step # 49: 0.5131739
2021-03-03 14:26:22,311 - qiskit.aqua.components.optimizers.spsa - DEBUG - Objective function at theta- for step # 49: 0.5198105
2021-03-03 14:26:23,251 - qiskit.aqua.components.optimizers.spsa - DEBUG - Objective function at theta+ for step # 50: 0.5229501
2021-03-03 14:26:23,251 - qiskit.aqua.components.optimizers.spsa - DEBUG - Objective function at theta- for step # 50: 0.5131884
2021-03-03 14:26:24,193 - qiskit.aqua.components.optimizers.spsa - DEBUG - Objective function at theta+ for step # 51: 0.5179669
2021-03-03 14:26:24,193 - qiskit.aqua.components.optimizers.spsa - DEBUG - Objective function at theta- for step # 51: 0.5369381
2021-03-03 14:26:25,135 - qiskit.aqua.components.optimizers.spsa - DEBUG - Objective function at theta+ for step # 52: 0.5321755
2021-03-03 14:26:25,135 - qiskit.aqua.components.optimizers.spsa - DEBUG - Objective function at theta- for step # 52: 0.5223288
2021-03-03 14:26:26,133 - qiskit.aqua.components.optimizers.spsa - DEBUG - Objective function at theta+ for step # 53: 0.5226413
2021-03-03 14:26:26,133 - qiskit.aqua.components.optimizers.spsa - DEBUG - Objective function at theta- for step # 53: 0.5058477
2021-03-03 14:26:27,105 - qiskit.aqua.components.optimizers.spsa - DEBUG - Objective function at theta+ for step # 54: 0.5318959
2021-03-03 14:26:27,105 - qiskit.aqua.components.optimizers.spsa - DEBUG - Objective function at theta- for step # 54: 0.5281400
2021-03-03 14:26:28,045 - qiskit.aqua.components.optimizers.spsa - DEBUG - Objective function at theta+ for step # 55: 0.5283959
2021-03-03 14:26:28,045 - qiskit.aqua.components.optimizers.spsa - DEBUG - Objective function at theta- for step # 55: 0.5293619
2021-03-03 14:26:28,969 - qiskit.aqua.components.optimizers.spsa - DEBUG - Objective function at theta+ for step # 56: 0.5202202
2021-03-03 14:26:28,969 - qiskit.aqua.components.optimizers.spsa - DEBUG - Objective function at theta- for step # 56: 0.5080717
2021-03-03 14:26:29,903 - qiskit.aqua.components.optimizers.spsa - DEBUG - Objective function at theta+ for step # 57: 0.5085502
2021-03-03 14:26:29,903 - qiskit.aqua.components.optimizers.spsa - DEBUG - Objective function at theta- for step # 57: 0.5194164
2021-03-03 14:26:30,851 - qiskit.aqua.components.optimizers.spsa - DEBUG - Objective function at theta+ for step # 58: 0.5301540
2021-03-03 14:26:30,851 - qiskit.aqua.components.optimizers.spsa - DEBUG - Objective function at theta- for step # 58: 0.5129063
2021-03-03 14:26:31,807 - qiskit.aqua.components.optimizers.spsa - DEBUG - Objective function at theta+ for step # 59: 0.5363315
2021-03-03 14:26:31,807 - qiskit.aqua.components.optimizers.spsa - DEBUG - Objective function at theta- for step # 59: 0.5129263
2021-03-03 14:26:32,744 - qiskit.aqua.components.optimizers.spsa - DEBUG - Objective function at theta+ for step # 60: 0.5298832
2021-03-03 14:26:32,744 - qiskit.aqua.components.optimizers.spsa - DEBUG - Objective function at theta- for step # 60: 0.5189728
2021-03-03 14:26:33,686 - qiskit.aqua.components.optimizers.spsa - DEBUG - Objective function at theta+ for step # 61: 0.5058359
2021-03-03 14:26:33,686 - qiskit.aqua.components.optimizers.spsa - DEBUG - Objective function at theta- for step # 61: 0.5199068
2021-03-03 14:26:34,618 - qiskit.aqua.components.optimizers.spsa - DEBUG - Objective function at theta+ for step # 62: 0.5297489
2021-03-03 14:26:34,618 - qiskit.aqua.components.optimizers.spsa - DEBUG - Objective function at theta- for step # 62: 0.5070702
2021-03-03 14:26:35,573 - qiskit.aqua.components.optimizers.spsa - DEBUG - Objective function at theta+ for step # 63: 0.5118750
2021-03-03 14:26:35,573 - qiskit.aqua.components.optimizers.spsa - DEBUG - Objective function at theta- for step # 63: 0.5216594
2021-03-03 14:26:36,569 - qiskit.aqua.components.optimizers.spsa - DEBUG - Objective function at theta+ for step # 64: 0.5111933
2021-03-03 14:26:36,569 - qiskit.aqua.components.optimizers.spsa - DEBUG - Objective function at theta- for step # 64: 0.5121940
2021-03-03 14:26:37,522 - qiskit.aqua.components.optimizers.spsa - DEBUG - Objective function at theta+ for step # 65: 0.5176753
2021-03-03 14:26:37,522 - qiskit.aqua.components.optimizers.spsa - DEBUG - Objective function at theta- for step # 65: 0.5360785
2021-03-03 14:26:38,457 - qiskit.aqua.components.optimizers.spsa - DEBUG - Objective function at theta+ for step # 66: 0.5104024
2021-03-03 14:26:38,457 - qiskit.aqua.components.optimizers.spsa - DEBUG - Objective function at theta- for step # 66: 0.5135683
2021-03-03 14:26:39,391 - qiskit.aqua.components.optimizers.spsa - DEBUG - Objective function at theta+ for step # 67: 0.5373962
2021-03-03 14:26:39,391 - qiskit.aqua.components.optimizers.spsa - DEBUG - Objective function at theta- for step # 67: 0.5125606
2021-03-03 14:26:40,340 - qiskit.aqua.components.optimizers.spsa - DEBUG - Objective function at theta+ for step # 68: 0.5086959
2021-03-03 14:26:40,340 - qiskit.aqua.components.optimizers.spsa - DEBUG - Objective function at theta- for step # 68: 0.5288394
2021-03-03 14:26:41,271 - qiskit.aqua.components.optimizers.spsa - DEBUG - Objective function at theta+ for step # 69: 0.5302259
2021-03-03 14:26:41,271 - qiskit.aqua.components.optimizers.spsa - DEBUG - Objective function at theta- for step # 69: 0.5135683
2021-03-03 14:26:42,239 - qiskit.aqua.components.optimizers.spsa - DEBUG - Objective function at theta+ for step # 70: 0.5220223
2021-03-03 14:26:42,239 - qiskit.aqua.components.optimizers.spsa - DEBUG - Objective function at theta- for step # 70: 0.5303134
2021-03-03 14:26:43,194 - qiskit.aqua.components.optimizers.spsa - DEBUG - Objective function at theta+ for step # 71: 0.5076348
2021-03-03 14:26:43,194 - qiskit.aqua.components.optimizers.spsa - DEBUG - Objective function at theta- for step # 71: 0.5259672
2021-03-03 14:26:44,155 - qiskit.aqua.components.optimizers.spsa - DEBUG - Objective function at theta+ for step # 72: 0.5083090
2021-03-03 14:26:44,155 - qiskit.aqua.components.optimizers.spsa - DEBUG - Objective function at theta- for step # 72: 0.5135683
2021-03-03 14:26:45,106 - qiskit.aqua.components.optimizers.spsa - DEBUG - Objective function at theta+ for step # 73: 0.5124826
2021-03-03 14:26:45,106 - qiskit.aqua.components.optimizers.spsa - DEBUG - Objective function at theta- for step # 73: 0.5296296
2021-03-03 14:26:46,063 - qiskit.aqua.components.optimizers.spsa - DEBUG - Objective function at theta+ for step # 74: 0.5317499
2021-03-03 14:26:46,063 - qiskit.aqua.components.optimizers.spsa - DEBUG - Objective function at theta- for step # 74: 0.5139286
2021-03-03 14:26:47,024 - qiskit.aqua.components.optimizers.spsa - DEBUG - Objective function at theta+ for step # 75: 0.5312008
2021-03-03 14:26:47,024 - qiskit.aqua.components.optimizers.spsa - DEBUG - Objective function at theta- for step # 75: 0.5263776
2021-03-03 14:26:48,050 - qiskit.aqua.components.optimizers.spsa - DEBUG - Objective function at theta+ for step # 76: 0.5195641
2021-03-03 14:26:48,051 - qiskit.aqua.components.optimizers.spsa - DEBUG - Objective function at theta- for step # 76: 0.5042428
2021-03-03 14:26:49,009 - qiskit.aqua.components.optimizers.spsa - DEBUG - Objective function at theta+ for step # 77: 0.5283457
2021-03-03 14:26:49,009 - qiskit.aqua.components.optimizers.spsa - DEBUG - Objective function at theta- for step # 77: 0.5220223
2021-03-03 14:26:49,977 - qiskit.aqua.components.optimizers.spsa - DEBUG - Objective function at theta+ for step # 78: 0.5145585
2021-03-03 14:26:49,977 - qiskit.aqua.components.optimizers.spsa - DEBUG - Objective function at theta- for step # 78: 0.5309213
2021-03-03 14:26:50,934 - qiskit.aqua.components.optimizers.spsa - DEBUG - Objective function at theta+ for step # 79: 0.5185000
2021-03-03 14:26:50,935 - qiskit.aqua.components.optimizers.spsa - DEBUG - Objective function at theta- for step # 79: 0.5038927
2021-03-03 14:26:51,896 - qiskit.aqua.components.optimizers.spsa - DEBUG - Objective function at theta+ for step # 80: 0.5042428
2021-03-03 14:26:51,896 - qiskit.aqua.components.optimizers.spsa - DEBUG - Objective function at theta- for step # 80: 0.5134380
2021-03-03 14:26:52,853 - qiskit.aqua.components.optimizers.spsa - DEBUG - Objective function at theta+ for step # 81: 0.5122930
2021-03-03 14:26:52,853 - qiskit.aqua.components.optimizers.spsa - DEBUG - Objective function at theta- for step # 81: 0.5286885
2021-03-03 14:26:53,800 - qiskit.aqua.components.optimizers.spsa - DEBUG - Objective function at theta+ for step # 82: 0.5153168
2021-03-03 14:26:53,800 - qiskit.aqua.components.optimizers.spsa - DEBUG - Objective function at theta- for step # 82: 0.5033719
2021-03-03 14:26:54,773 - qiskit.aqua.components.optimizers.spsa - DEBUG - Objective function at theta+ for step # 83: 0.5229529
2021-03-03 14:26:54,773 - qiskit.aqua.components.optimizers.spsa - DEBUG - Objective function at theta- for step # 83: 0.5293014
2021-03-03 14:26:55,729 - qiskit.aqua.components.optimizers.spsa - DEBUG - Objective function at theta+ for step # 84: 0.5041983
2021-03-03 14:26:55,729 - qiskit.aqua.components.optimizers.spsa - DEBUG - Objective function at theta- for step # 84: 0.5233396
2021-03-03 14:26:56,689 - qiskit.aqua.components.optimizers.spsa - DEBUG - Objective function at theta+ for step # 85: 0.5314684
2021-03-03 14:26:56,689 - qiskit.aqua.components.optimizers.spsa - DEBUG - Objective function at theta- for step # 85: 0.5127622
2021-03-03 14:26:57,641 - qiskit.aqua.components.optimizers.spsa - DEBUG - Objective function at theta+ for step # 86: 0.5274464
2021-03-03 14:26:57,641 - qiskit.aqua.components.optimizers.spsa - DEBUG - Objective function at theta- for step # 86: 0.5125606
2021-03-03 14:26:58,621 - qiskit.aqua.components.optimizers.spsa - DEBUG - Objective function at theta+ for step # 87: 0.5243213
2021-03-03 14:26:58,621 - qiskit.aqua.components.optimizers.spsa - DEBUG - Objective function at theta- for step # 87: 0.5225694
2021-03-03 14:26:59,649 - qiskit.aqua.components.optimizers.spsa - DEBUG - Objective function at theta+ for step # 88: 0.5242791
2021-03-03 14:26:59,649 - qiskit.aqua.components.optimizers.spsa - DEBUG - Objective function at theta- for step # 88: 0.5129303
2021-03-03 14:27:00,626 - qiskit.aqua.components.optimizers.spsa - DEBUG - Objective function at theta+ for step # 89: 0.5042405
2021-03-03 14:27:00,626 - qiskit.aqua.components.optimizers.spsa - DEBUG - Objective function at theta- for step # 89: 0.5266571
2021-03-03 14:27:01,585 - qiskit.aqua.components.optimizers.spsa - DEBUG - Objective function at theta+ for step # 90: 0.5259353
2021-03-03 14:27:01,585 - qiskit.aqua.components.optimizers.spsa - DEBUG - Objective function at theta- for step # 90: 0.5125606
2021-03-03 14:27:02,539 - qiskit.aqua.components.optimizers.spsa - DEBUG - Objective function at theta+ for step # 91: 0.5123950
2021-03-03 14:27:02,540 - qiskit.aqua.components.optimizers.spsa - DEBUG - Objective function at theta- for step # 91: 0.5033994
2021-03-03 14:27:03,498 - qiskit.aqua.components.optimizers.spsa - DEBUG - Objective function at theta+ for step # 92: 0.5222423
2021-03-03 14:27:03,498 - qiskit.aqua.components.optimizers.spsa - DEBUG - Objective function at theta- for step # 92: 0.5030657
2021-03-03 14:27:04,468 - qiskit.aqua.components.optimizers.spsa - DEBUG - Objective function at theta+ for step # 93: 0.5173982
2021-03-03 14:27:04,468 - qiskit.aqua.components.optimizers.spsa - DEBUG - Objective function at theta- for step # 93: 0.5041723
2021-03-03 14:27:05,427 - qiskit.aqua.components.optimizers.spsa - DEBUG - Objective function at theta+ for step # 94: 0.5162208
2021-03-03 14:27:05,427 - qiskit.aqua.components.optimizers.spsa - DEBUG - Objective function at theta- for step # 94: 0.5030306
2021-03-03 14:27:06,375 - qiskit.aqua.components.optimizers.spsa - DEBUG - Objective function at theta+ for step # 95: 0.5035797
2021-03-03 14:27:06,376 - qiskit.aqua.components.optimizers.spsa - DEBUG - Objective function at theta- for step # 95: 0.5100138
2021-03-03 14:27:07,336 - qiskit.aqua.components.optimizers.spsa - DEBUG - Objective function at theta+ for step # 96: 0.5067465
2021-03-03 14:27:07,336 - qiskit.aqua.components.optimizers.spsa - DEBUG - Objective function at theta- for step # 96: 0.5155021
2021-03-03 14:27:08,283 - qiskit.aqua.components.optimizers.spsa - DEBUG - Objective function at theta+ for step # 97: 0.5089221
2021-03-03 14:27:08,283 - qiskit.aqua.components.optimizers.spsa - DEBUG - Objective function at theta- for step # 97: 0.5080159
2021-03-03 14:27:09,253 - qiskit.aqua.components.optimizers.spsa - DEBUG - Objective function at theta+ for step # 98: 0.5132153
2021-03-03 14:27:09,254 - qiskit.aqua.components.optimizers.spsa - DEBUG - Objective function at theta- for step # 98: 0.5077483
2021-03-03 14:27:10,204 - qiskit.aqua.components.optimizers.spsa - DEBUG - Objective function at theta+ for step # 99: 0.5062889
2021-03-03 14:27:10,204 - qiskit.aqua.components.optimizers.spsa - DEBUG - Objective function at theta- for step # 99: 0.5058750
2021-03-03 14:27:10,706 - qiskit.aqua.components.optimizers.spsa - DEBUG - Final objective function is: 0.4787947
