2021-03-13 18:18:15,130 - classifiers.quantum._qasvm - INFO - QASVM (qiskit)
	type: Dual
	backend: qasm_simulator(fake_manhattan)
	error mitigation: <class 'qiskit.ignis.mitigation.measurement.fitters.CompleteMeasFitter'>
	(C, k): (None, 0.1)
	accuracy: None
2021-03-13 18:18:15,130 - classifiers.quantum._qasvm - INFO - RunConfig(max_credits=10, shots=8192)
2021-03-13 18:18:15,130 - classifiers.quantum._qasvm - INFO - Optimizer: MySPSA
-- gradient_support_level: 1
-- bounds_support_level: 1
-- initial_point_support_level: 3
-- options: {'save_steps': 1, 'last_avg': 16}
-- max_evals_grouped: 1
-- maxiter: 128
-- parameters: [0.62831853 0.1        0.602      0.101      0.        ]
-- skip_calibration: False

2021-03-13 18:18:15,131 - qiskit.aqua.algorithms.vq_algorithm - INFO - Starting optimizer.
bounds=[(-3.141592653589793, 3.141592653589793), (-3.141592653589793, 3.141592653589793), (-3.141592653589793, 3.141592653589793), (-3.141592653589793, 3.141592653589793), (-3.141592653589793, 3.141592653589793), (-3.141592653589793, 3.141592653589793), (-3.141592653589793, 3.141592653589793), (-3.141592653589793, 3.141592653589793), (-3.141592653589793, 3.141592653589793), (-3.141592653589793, 3.141592653589793), (-3.141592653589793, 3.141592653589793), (-3.141592653589793, 3.141592653589793)]
initial point=[ 0.06993569  0.17041569  3.11727259 -0.57453705 -2.92093392 -1.48954686
  2.16862526 -2.85227624  0.14925548 -1.05027408  1.12945143 -0.4674847 ]
2021-03-13 18:18:41,521 - classifiers.optimizer - DEBUG - Objective function at theta+ for step # 0: 0.9745803
2021-03-13 18:18:41,522 - classifiers.optimizer - DEBUG - Objective function at theta- for step # 0: 2.8732468
2021-03-13 18:18:42,909 - classifiers.optimizer - DEBUG - Objective function at theta+ for step # 1: 3.8668395
2021-03-13 18:18:42,909 - classifiers.optimizer - DEBUG - Objective function at theta- for step # 1: 3.0671392
2021-03-13 18:18:44,292 - classifiers.optimizer - DEBUG - Objective function at theta+ for step # 2: 0.4769825
2021-03-13 18:18:44,292 - classifiers.optimizer - DEBUG - Objective function at theta- for step # 2: 1.2357162
2021-03-13 18:18:45,679 - classifiers.optimizer - DEBUG - Objective function at theta+ for step # 3: 0.0069430
2021-03-13 18:18:45,679 - classifiers.optimizer - DEBUG - Objective function at theta- for step # 3: 0.3595503
2021-03-13 18:18:47,064 - classifiers.optimizer - DEBUG - Objective function at theta+ for step # 4: 0.1328147
2021-03-13 18:18:47,064 - classifiers.optimizer - DEBUG - Objective function at theta- for step # 4: 0.1812931
2021-03-13 18:18:48,522 - classifiers.optimizer - DEBUG - Objective function at theta+ for step # 5: 0.1890555
2021-03-13 18:18:48,522 - classifiers.optimizer - DEBUG - Objective function at theta- for step # 5: 0.1433914
2021-03-13 18:18:49,966 - classifiers.optimizer - DEBUG - Objective function at theta+ for step # 6: 0.0130411
2021-03-13 18:18:49,966 - classifiers.optimizer - DEBUG - Objective function at theta- for step # 6: -0.0515297
2021-03-13 18:18:51,435 - classifiers.optimizer - DEBUG - Objective function at theta+ for step # 7: 0.1442858
2021-03-13 18:18:51,435 - classifiers.optimizer - DEBUG - Objective function at theta- for step # 7: 0.4049024
2021-03-13 18:18:52,824 - classifiers.optimizer - DEBUG - Objective function at theta+ for step # 8: 0.2455579
2021-03-13 18:18:52,824 - classifiers.optimizer - DEBUG - Objective function at theta- for step # 8: 0.1385498
2021-03-13 18:18:54,207 - classifiers.optimizer - DEBUG - Objective function at theta+ for step # 9: 0.2413063
2021-03-13 18:18:54,208 - classifiers.optimizer - DEBUG - Objective function at theta- for step # 9: 0.1350984
2021-03-13 18:18:55,642 - classifiers.optimizer - DEBUG - Objective function at theta+ for step # 10: 0.1870107
2021-03-13 18:18:55,642 - classifiers.optimizer - DEBUG - Objective function at theta- for step # 10: 0.1092550
2021-03-13 18:18:57,053 - classifiers.optimizer - DEBUG - Objective function at theta+ for step # 11: 0.0433302
2021-03-13 18:18:57,053 - classifiers.optimizer - DEBUG - Objective function at theta- for step # 11: 0.0848430
2021-03-13 18:18:58,516 - classifiers.optimizer - DEBUG - Objective function at theta+ for step # 12: 0.2075838
2021-03-13 18:18:58,516 - classifiers.optimizer - DEBUG - Objective function at theta- for step # 12: 0.2933664
2021-03-13 18:18:59,927 - classifiers.optimizer - DEBUG - Objective function at theta+ for step # 13: 0.2564213
2021-03-13 18:18:59,928 - classifiers.optimizer - DEBUG - Objective function at theta- for step # 13: 0.3399763
2021-03-13 18:19:01,317 - classifiers.optimizer - DEBUG - Objective function at theta+ for step # 14: 0.3170695
2021-03-13 18:19:01,317 - classifiers.optimizer - DEBUG - Objective function at theta- for step # 14: 0.4056706
2021-03-13 18:19:02,761 - classifiers.optimizer - DEBUG - Objective function at theta+ for step # 15: 0.4794591
2021-03-13 18:19:02,762 - classifiers.optimizer - DEBUG - Objective function at theta- for step # 15: 0.1619891
2021-03-13 18:19:04,145 - classifiers.optimizer - DEBUG - Objective function at theta+ for step # 16: 0.1725570
2021-03-13 18:19:04,145 - classifiers.optimizer - DEBUG - Objective function at theta- for step # 16: 0.2678322
2021-03-13 18:19:05,543 - classifiers.optimizer - DEBUG - Objective function at theta+ for step # 17: 0.0414271
2021-03-13 18:19:05,543 - classifiers.optimizer - DEBUG - Objective function at theta- for step # 17: 0.0360953
2021-03-13 18:19:06,905 - classifiers.optimizer - DEBUG - Objective function at theta+ for step # 18: 0.2094035
2021-03-13 18:19:06,905 - classifiers.optimizer - DEBUG - Objective function at theta- for step # 18: 0.1484179
2021-03-13 18:19:08,310 - classifiers.optimizer - DEBUG - Objective function at theta+ for step # 19: 0.2039748
2021-03-13 18:19:08,310 - classifiers.optimizer - DEBUG - Objective function at theta- for step # 19: 0.1172587
2021-03-13 18:19:09,711 - classifiers.optimizer - DEBUG - Objective function at theta+ for step # 20: 0.3422004
2021-03-13 18:19:09,711 - classifiers.optimizer - DEBUG - Objective function at theta- for step # 20: 0.3061391
2021-03-13 18:19:11,084 - classifiers.optimizer - DEBUG - Objective function at theta+ for step # 21: 0.2415304
2021-03-13 18:19:11,084 - classifiers.optimizer - DEBUG - Objective function at theta- for step # 21: 0.0971029
2021-03-13 18:19:12,512 - classifiers.optimizer - DEBUG - Objective function at theta+ for step # 22: 0.7243326
2021-03-13 18:19:12,512 - classifiers.optimizer - DEBUG - Objective function at theta- for step # 22: 0.5658349
2021-03-13 18:19:13,930 - classifiers.optimizer - DEBUG - Objective function at theta+ for step # 23: 0.1641093
2021-03-13 18:19:13,930 - classifiers.optimizer - DEBUG - Objective function at theta- for step # 23: 0.1673002
2021-03-13 18:19:15,402 - classifiers.optimizer - DEBUG - Objective function at theta+ for step # 24: 0.2631227
2021-03-13 18:19:15,402 - classifiers.optimizer - DEBUG - Objective function at theta- for step # 24: 0.1114354
2021-03-13 18:19:16,924 - classifiers.optimizer - DEBUG - Objective function at theta+ for step # 25: 0.0820581
2021-03-13 18:19:16,924 - classifiers.optimizer - DEBUG - Objective function at theta- for step # 25: 0.0216914
2021-03-13 18:19:18,331 - classifiers.optimizer - DEBUG - Objective function at theta+ for step # 26: 0.0609665
2021-03-13 18:19:18,331 - classifiers.optimizer - DEBUG - Objective function at theta- for step # 26: 0.0282166
2021-03-13 18:19:19,749 - classifiers.optimizer - DEBUG - Objective function at theta+ for step # 27: 0.2946499
2021-03-13 18:19:19,749 - classifiers.optimizer - DEBUG - Objective function at theta- for step # 27: 0.2956605
2021-03-13 18:19:21,150 - classifiers.optimizer - DEBUG - Objective function at theta+ for step # 28: 0.1315828
2021-03-13 18:19:21,150 - classifiers.optimizer - DEBUG - Objective function at theta- for step # 28: 0.0012866
2021-03-13 18:19:22,564 - classifiers.optimizer - DEBUG - Objective function at theta+ for step # 29: 0.1926309
2021-03-13 18:19:22,564 - classifiers.optimizer - DEBUG - Objective function at theta- for step # 29: 0.1198970
2021-03-13 18:19:23,959 - classifiers.optimizer - DEBUG - Objective function at theta+ for step # 30: 0.4597414
2021-03-13 18:19:23,959 - classifiers.optimizer - DEBUG - Objective function at theta- for step # 30: 0.3148655
2021-03-13 18:19:25,357 - classifiers.optimizer - DEBUG - Objective function at theta+ for step # 31: 0.4742623
2021-03-13 18:19:25,357 - classifiers.optimizer - DEBUG - Objective function at theta- for step # 31: 0.2538764
2021-03-13 18:19:26,742 - classifiers.optimizer - DEBUG - Objective function at theta+ for step # 32: 0.2819866
2021-03-13 18:19:26,742 - classifiers.optimizer - DEBUG - Objective function at theta- for step # 32: 0.2071265
2021-03-13 18:19:28,134 - classifiers.optimizer - DEBUG - Objective function at theta+ for step # 33: -0.0100694
2021-03-13 18:19:28,134 - classifiers.optimizer - DEBUG - Objective function at theta- for step # 33: 0.1980144
2021-03-13 18:19:29,543 - classifiers.optimizer - DEBUG - Objective function at theta+ for step # 34: 0.0802444
2021-03-13 18:19:29,543 - classifiers.optimizer - DEBUG - Objective function at theta- for step # 34: -0.0020358
2021-03-13 18:19:30,986 - classifiers.optimizer - DEBUG - Objective function at theta+ for step # 35: -0.1133854
2021-03-13 18:19:30,986 - classifiers.optimizer - DEBUG - Objective function at theta- for step # 35: 0.4550901
2021-03-13 18:19:32,453 - classifiers.optimizer - DEBUG - Objective function at theta+ for step # 36: 0.0906003
2021-03-13 18:19:32,453 - classifiers.optimizer - DEBUG - Objective function at theta- for step # 36: 0.1403851
2021-03-13 18:19:33,857 - classifiers.optimizer - DEBUG - Objective function at theta+ for step # 37: 0.1750681
2021-03-13 18:19:33,857 - classifiers.optimizer - DEBUG - Objective function at theta- for step # 37: 0.0342057
2021-03-13 18:19:35,326 - classifiers.optimizer - DEBUG - Objective function at theta+ for step # 38: 0.2602010
2021-03-13 18:19:35,326 - classifiers.optimizer - DEBUG - Objective function at theta- for step # 38: 0.0406942
2021-03-13 18:19:36,704 - classifiers.optimizer - DEBUG - Objective function at theta+ for step # 39: -0.0871853
2021-03-13 18:19:36,704 - classifiers.optimizer - DEBUG - Objective function at theta- for step # 39: 0.3295586
2021-03-13 18:19:38,091 - classifiers.optimizer - DEBUG - Objective function at theta+ for step # 40: 0.3514776
2021-03-13 18:19:38,091 - classifiers.optimizer - DEBUG - Objective function at theta- for step # 40: 0.3982395
2021-03-13 18:19:39,515 - classifiers.optimizer - DEBUG - Objective function at theta+ for step # 41: 0.1151278
2021-03-13 18:19:39,515 - classifiers.optimizer - DEBUG - Objective function at theta- for step # 41: 0.1965427
2021-03-13 18:19:40,923 - classifiers.optimizer - DEBUG - Objective function at theta+ for step # 42: 0.2987935
2021-03-13 18:19:40,923 - classifiers.optimizer - DEBUG - Objective function at theta- for step # 42: 0.1741491
2021-03-13 18:19:42,313 - classifiers.optimizer - DEBUG - Objective function at theta+ for step # 43: 0.2865998
2021-03-13 18:19:42,313 - classifiers.optimizer - DEBUG - Objective function at theta- for step # 43: 0.3754229
2021-03-13 18:19:43,689 - classifiers.optimizer - DEBUG - Objective function at theta+ for step # 44: 0.2484712
2021-03-13 18:19:43,689 - classifiers.optimizer - DEBUG - Objective function at theta- for step # 44: 0.3085908
2021-03-13 18:19:45,098 - classifiers.optimizer - DEBUG - Objective function at theta+ for step # 45: 0.0171738
2021-03-13 18:19:45,098 - classifiers.optimizer - DEBUG - Objective function at theta- for step # 45: 0.1389639
2021-03-13 18:19:46,494 - classifiers.optimizer - DEBUG - Objective function at theta+ for step # 46: 0.0446499
2021-03-13 18:19:46,494 - classifiers.optimizer - DEBUG - Objective function at theta- for step # 46: 0.2385855
2021-03-13 18:19:47,880 - classifiers.optimizer - DEBUG - Objective function at theta+ for step # 47: 0.1051237
2021-03-13 18:19:47,880 - classifiers.optimizer - DEBUG - Objective function at theta- for step # 47: 0.2628734
2021-03-13 18:19:49,272 - classifiers.optimizer - DEBUG - Objective function at theta+ for step # 48: 0.4632587
2021-03-13 18:19:49,272 - classifiers.optimizer - DEBUG - Objective function at theta- for step # 48: 0.3467041
2021-03-13 18:19:50,679 - classifiers.optimizer - DEBUG - Objective function at theta+ for step # 49: 0.5034891
2021-03-13 18:19:50,680 - classifiers.optimizer - DEBUG - Objective function at theta- for step # 49: 0.3182059
2021-03-13 18:19:52,137 - classifiers.optimizer - DEBUG - Objective function at theta+ for step # 50: 0.2475769
2021-03-13 18:19:52,137 - classifiers.optimizer - DEBUG - Objective function at theta- for step # 50: 0.3928542
2021-03-13 18:19:53,521 - classifiers.optimizer - DEBUG - Objective function at theta+ for step # 51: 0.3702924
2021-03-13 18:19:53,521 - classifiers.optimizer - DEBUG - Objective function at theta- for step # 51: 0.1261711
2021-03-13 18:19:54,920 - classifiers.optimizer - DEBUG - Objective function at theta+ for step # 52: 0.0800932
2021-03-13 18:19:54,920 - classifiers.optimizer - DEBUG - Objective function at theta- for step # 52: 0.2832422
2021-03-13 18:19:56,310 - classifiers.optimizer - DEBUG - Objective function at theta+ for step # 53: 0.3037382
2021-03-13 18:19:56,310 - classifiers.optimizer - DEBUG - Objective function at theta- for step # 53: 0.0067103
2021-03-13 18:19:57,708 - classifiers.optimizer - DEBUG - Objective function at theta+ for step # 54: 0.1113777
2021-03-13 18:19:57,708 - classifiers.optimizer - DEBUG - Objective function at theta- for step # 54: 0.3421183
2021-03-13 18:19:59,106 - classifiers.optimizer - DEBUG - Objective function at theta+ for step # 55: 0.0356893
2021-03-13 18:19:59,106 - classifiers.optimizer - DEBUG - Objective function at theta- for step # 55: 0.3128330
2021-03-13 18:20:00,573 - classifiers.optimizer - DEBUG - Objective function at theta+ for step # 56: 0.2211718
2021-03-13 18:20:00,573 - classifiers.optimizer - DEBUG - Objective function at theta- for step # 56: 0.2867218
2021-03-13 18:20:02,003 - classifiers.optimizer - DEBUG - Objective function at theta+ for step # 57: 0.2983900
2021-03-13 18:20:02,003 - classifiers.optimizer - DEBUG - Objective function at theta- for step # 57: 0.2920274
2021-03-13 18:20:03,439 - classifiers.optimizer - DEBUG - Objective function at theta+ for step # 58: 0.1751547
2021-03-13 18:20:03,439 - classifiers.optimizer - DEBUG - Objective function at theta- for step # 58: 0.2483089
2021-03-13 18:20:04,851 - classifiers.optimizer - DEBUG - Objective function at theta+ for step # 59: 0.1201149
2021-03-13 18:20:04,851 - classifiers.optimizer - DEBUG - Objective function at theta- for step # 59: -0.0119717
2021-03-13 18:20:06,248 - classifiers.optimizer - DEBUG - Objective function at theta+ for step # 60: 0.1505639
2021-03-13 18:20:06,249 - classifiers.optimizer - DEBUG - Objective function at theta- for step # 60: 0.2573569
2021-03-13 18:20:07,637 - classifiers.optimizer - DEBUG - Objective function at theta+ for step # 61: 0.2045529
2021-03-13 18:20:07,637 - classifiers.optimizer - DEBUG - Objective function at theta- for step # 61: -0.0416465
2021-03-13 18:20:09,031 - classifiers.optimizer - DEBUG - Objective function at theta+ for step # 62: 0.2542167
2021-03-13 18:20:09,037 - classifiers.optimizer - DEBUG - Objective function at theta- for step # 62: 0.2670736
2021-03-13 18:20:10,512 - classifiers.optimizer - DEBUG - Objective function at theta+ for step # 63: 0.2580953
2021-03-13 18:20:10,512 - classifiers.optimizer - DEBUG - Objective function at theta- for step # 63: -0.0208747
2021-03-13 18:20:11,911 - classifiers.optimizer - DEBUG - Objective function at theta+ for step # 64: 0.2869881
2021-03-13 18:20:11,911 - classifiers.optimizer - DEBUG - Objective function at theta- for step # 64: 0.1106794
2021-03-13 18:20:13,309 - classifiers.optimizer - DEBUG - Objective function at theta+ for step # 65: 0.1490113
2021-03-13 18:20:13,310 - classifiers.optimizer - DEBUG - Objective function at theta- for step # 65: 0.2100191
2021-03-13 18:20:14,688 - classifiers.optimizer - DEBUG - Objective function at theta+ for step # 66: 0.2605553
2021-03-13 18:20:14,688 - classifiers.optimizer - DEBUG - Objective function at theta- for step # 66: 0.2906666
2021-03-13 18:20:16,090 - classifiers.optimizer - DEBUG - Objective function at theta+ for step # 67: 0.0478470
2021-03-13 18:20:16,090 - classifiers.optimizer - DEBUG - Objective function at theta- for step # 67: 0.2699312
2021-03-13 18:20:17,490 - classifiers.optimizer - DEBUG - Objective function at theta+ for step # 68: -0.1115142
2021-03-13 18:20:17,490 - classifiers.optimizer - DEBUG - Objective function at theta- for step # 68: -0.1976369
2021-03-13 18:20:18,875 - classifiers.optimizer - DEBUG - Objective function at theta+ for step # 69: 0.2899330
2021-03-13 18:20:18,875 - classifiers.optimizer - DEBUG - Objective function at theta- for step # 69: 0.0191398
2021-03-13 18:20:20,241 - classifiers.optimizer - DEBUG - Objective function at theta+ for step # 70: 0.0464480
2021-03-13 18:20:20,241 - classifiers.optimizer - DEBUG - Objective function at theta- for step # 70: 0.2410778
2021-03-13 18:20:21,655 - classifiers.optimizer - DEBUG - Objective function at theta+ for step # 71: 0.0581716
2021-03-13 18:20:21,655 - classifiers.optimizer - DEBUG - Objective function at theta- for step # 71: 0.0356360
2021-03-13 18:20:23,052 - classifiers.optimizer - DEBUG - Objective function at theta+ for step # 72: 0.3461770
2021-03-13 18:20:23,052 - classifiers.optimizer - DEBUG - Objective function at theta- for step # 72: 0.0976991
2021-03-13 18:20:24,448 - classifiers.optimizer - DEBUG - Objective function at theta+ for step # 73: 0.3191517
2021-03-13 18:20:24,448 - classifiers.optimizer - DEBUG - Objective function at theta- for step # 73: 0.3859652
2021-03-13 18:20:25,868 - classifiers.optimizer - DEBUG - Objective function at theta+ for step # 74: 0.2892386
2021-03-13 18:20:25,868 - classifiers.optimizer - DEBUG - Objective function at theta- for step # 74: 0.3600906
2021-03-13 18:20:27,259 - classifiers.optimizer - DEBUG - Objective function at theta+ for step # 75: 0.4203222
2021-03-13 18:20:27,259 - classifiers.optimizer - DEBUG - Objective function at theta- for step # 75: 0.1899065
2021-03-13 18:20:28,708 - classifiers.optimizer - DEBUG - Objective function at theta+ for step # 76: -0.0662801
2021-03-13 18:20:28,708 - classifiers.optimizer - DEBUG - Objective function at theta- for step # 76: 0.0830460
2021-03-13 18:20:30,118 - classifiers.optimizer - DEBUG - Objective function at theta+ for step # 77: -0.1139224
2021-03-13 18:20:30,118 - classifiers.optimizer - DEBUG - Objective function at theta- for step # 77: 0.1129620
2021-03-13 18:20:31,576 - classifiers.optimizer - DEBUG - Objective function at theta+ for step # 78: 0.0386060
2021-03-13 18:20:31,576 - classifiers.optimizer - DEBUG - Objective function at theta- for step # 78: 0.1493361
2021-03-13 18:20:32,991 - classifiers.optimizer - DEBUG - Objective function at theta+ for step # 79: -0.0674002
2021-03-13 18:20:32,991 - classifiers.optimizer - DEBUG - Objective function at theta- for step # 79: 0.1101433
2021-03-13 18:20:34,363 - classifiers.optimizer - DEBUG - Objective function at theta+ for step # 80: -0.0329775
2021-03-13 18:20:34,363 - classifiers.optimizer - DEBUG - Objective function at theta- for step # 80: -0.0042897
2021-03-13 18:20:35,750 - classifiers.optimizer - DEBUG - Objective function at theta+ for step # 81: 0.3396200
2021-03-13 18:20:35,750 - classifiers.optimizer - DEBUG - Objective function at theta- for step # 81: 0.1355412
2021-03-13 18:20:37,101 - classifiers.optimizer - DEBUG - Objective function at theta+ for step # 82: 0.3349608
2021-03-13 18:20:37,101 - classifiers.optimizer - DEBUG - Objective function at theta- for step # 82: 0.0947665
2021-03-13 18:20:38,516 - classifiers.optimizer - DEBUG - Objective function at theta+ for step # 83: 0.2442541
2021-03-13 18:20:38,516 - classifiers.optimizer - DEBUG - Objective function at theta- for step # 83: 0.0698069
2021-03-13 18:20:39,937 - classifiers.optimizer - DEBUG - Objective function at theta+ for step # 84: 0.0429699
2021-03-13 18:20:39,937 - classifiers.optimizer - DEBUG - Objective function at theta- for step # 84: 0.3449098
2021-03-13 18:20:41,355 - classifiers.optimizer - DEBUG - Objective function at theta+ for step # 85: -0.0228173
2021-03-13 18:20:41,355 - classifiers.optimizer - DEBUG - Objective function at theta- for step # 85: 0.4926910
2021-03-13 18:20:42,747 - classifiers.optimizer - DEBUG - Objective function at theta+ for step # 86: 0.0058945
2021-03-13 18:20:42,747 - classifiers.optimizer - DEBUG - Objective function at theta- for step # 86: 0.3413505
2021-03-13 18:20:44,142 - classifiers.optimizer - DEBUG - Objective function at theta+ for step # 87: 0.3089978
2021-03-13 18:20:44,142 - classifiers.optimizer - DEBUG - Objective function at theta- for step # 87: -0.0219291
2021-03-13 18:20:45,582 - classifiers.optimizer - DEBUG - Objective function at theta+ for step # 88: 0.1110688
2021-03-13 18:20:45,586 - classifiers.optimizer - DEBUG - Objective function at theta- for step # 88: -0.0846323
2021-03-13 18:20:47,019 - classifiers.optimizer - DEBUG - Objective function at theta+ for step # 89: 0.0077028
2021-03-13 18:20:47,019 - classifiers.optimizer - DEBUG - Objective function at theta- for step # 89: 0.0024615
2021-03-13 18:20:48,410 - classifiers.optimizer - DEBUG - Objective function at theta+ for step # 90: 0.1137504
2021-03-13 18:20:48,410 - classifiers.optimizer - DEBUG - Objective function at theta- for step # 90: 0.2162690
2021-03-13 18:20:49,797 - classifiers.optimizer - DEBUG - Objective function at theta+ for step # 91: 0.4331035
2021-03-13 18:20:49,797 - classifiers.optimizer - DEBUG - Objective function at theta- for step # 91: 0.4177887
2021-03-13 18:20:51,194 - classifiers.optimizer - DEBUG - Objective function at theta+ for step # 92: 0.0393240
2021-03-13 18:20:51,194 - classifiers.optimizer - DEBUG - Objective function at theta- for step # 92: 0.1085225
2021-03-13 18:20:52,653 - classifiers.optimizer - DEBUG - Objective function at theta+ for step # 93: 0.4352655
2021-03-13 18:20:52,656 - classifiers.optimizer - DEBUG - Objective function at theta- for step # 93: 0.2437844
2021-03-13 18:20:54,044 - classifiers.optimizer - DEBUG - Objective function at theta+ for step # 94: 0.2818352
2021-03-13 18:20:54,044 - classifiers.optimizer - DEBUG - Objective function at theta- for step # 94: 0.1390424
2021-03-13 18:20:55,437 - classifiers.optimizer - DEBUG - Objective function at theta+ for step # 95: 0.3183848
2021-03-13 18:20:55,440 - classifiers.optimizer - DEBUG - Objective function at theta- for step # 95: 0.0104402
2021-03-13 18:20:56,849 - classifiers.optimizer - DEBUG - Objective function at theta+ for step # 96: 0.3440862
2021-03-13 18:20:56,849 - classifiers.optimizer - DEBUG - Objective function at theta- for step # 96: 0.2553993
2021-03-13 18:20:58,229 - classifiers.optimizer - DEBUG - Objective function at theta+ for step # 97: 0.1783190
2021-03-13 18:20:58,230 - classifiers.optimizer - DEBUG - Objective function at theta- for step # 97: 0.0793416
2021-03-13 18:20:59,657 - classifiers.optimizer - DEBUG - Objective function at theta+ for step # 98: 0.1771167
2021-03-13 18:20:59,657 - classifiers.optimizer - DEBUG - Objective function at theta- for step # 98: 0.2321326
2021-03-13 18:21:01,044 - classifiers.optimizer - DEBUG - Objective function at theta+ for step # 99: 0.1417695
2021-03-13 18:21:01,044 - classifiers.optimizer - DEBUG - Objective function at theta- for step # 99: 0.1244691
2021-03-13 18:21:02,463 - classifiers.optimizer - DEBUG - Objective function at theta+ for step # 100: 0.3900963
2021-03-13 18:21:02,463 - classifiers.optimizer - DEBUG - Objective function at theta- for step # 100: 0.3261986
2021-03-13 18:21:03,889 - classifiers.optimizer - DEBUG - Objective function at theta+ for step # 101: 0.1243391
2021-03-13 18:21:03,889 - classifiers.optimizer - DEBUG - Objective function at theta- for step # 101: 0.2887032
2021-03-13 18:21:05,345 - classifiers.optimizer - DEBUG - Objective function at theta+ for step # 102: 0.1649111
2021-03-13 18:21:05,345 - classifiers.optimizer - DEBUG - Objective function at theta- for step # 102: 0.2996855
2021-03-13 18:21:06,753 - classifiers.optimizer - DEBUG - Objective function at theta+ for step # 103: 0.3384424
2021-03-13 18:21:06,753 - classifiers.optimizer - DEBUG - Objective function at theta- for step # 103: -0.0779864
2021-03-13 18:21:08,147 - classifiers.optimizer - DEBUG - Objective function at theta+ for step # 104: 0.1179004
2021-03-13 18:21:08,147 - classifiers.optimizer - DEBUG - Objective function at theta- for step # 104: 0.2583889
2021-03-13 18:21:09,545 - classifiers.optimizer - DEBUG - Objective function at theta+ for step # 105: 0.1066384
2021-03-13 18:21:09,545 - classifiers.optimizer - DEBUG - Objective function at theta- for step # 105: 0.1944422
2021-03-13 18:21:10,923 - classifiers.optimizer - DEBUG - Objective function at theta+ for step # 106: 0.2304659
2021-03-13 18:21:10,928 - classifiers.optimizer - DEBUG - Objective function at theta- for step # 106: 0.3932945
2021-03-13 18:21:12,342 - classifiers.optimizer - DEBUG - Objective function at theta+ for step # 107: -0.1674406
2021-03-13 18:21:12,342 - classifiers.optimizer - DEBUG - Objective function at theta- for step # 107: 0.2986041
2021-03-13 18:21:13,736 - classifiers.optimizer - DEBUG - Objective function at theta+ for step # 108: 0.6338337
2021-03-13 18:21:13,736 - classifiers.optimizer - DEBUG - Objective function at theta- for step # 108: 0.3188160
2021-03-13 18:21:15,109 - classifiers.optimizer - DEBUG - Objective function at theta+ for step # 109: 0.3598356
2021-03-13 18:21:15,109 - classifiers.optimizer - DEBUG - Objective function at theta- for step # 109: 0.1232686
2021-03-13 18:21:16,499 - classifiers.optimizer - DEBUG - Objective function at theta+ for step # 110: 0.1434313
2021-03-13 18:21:16,499 - classifiers.optimizer - DEBUG - Objective function at theta- for step # 110: 0.2511143
2021-03-13 18:21:17,901 - classifiers.optimizer - DEBUG - Objective function at theta+ for step # 111: 0.3113409
2021-03-13 18:21:17,901 - classifiers.optimizer - DEBUG - Objective function at theta- for step # 111: 0.2415738
2021-03-13 18:21:19,310 - classifiers.optimizer - DEBUG - Objective function at theta+ for step # 112: 0.2888245
2021-03-13 18:21:19,310 - classifiers.optimizer - DEBUG - Objective function at theta- for step # 112: 0.0910725
2021-03-13 18:21:20,719 - classifiers.optimizer - DEBUG - Objective function at theta+ for step # 113: 0.0972835
2021-03-13 18:21:20,722 - classifiers.optimizer - DEBUG - Objective function at theta- for step # 113: 0.2280032
2021-03-13 18:21:22,189 - classifiers.optimizer - DEBUG - Objective function at theta+ for step # 114: 0.5862789
2021-03-13 18:21:22,189 - classifiers.optimizer - DEBUG - Objective function at theta- for step # 114: 0.4083879
2021-03-13 18:21:23,574 - classifiers.optimizer - DEBUG - Objective function at theta+ for step # 115: 0.4311259
2021-03-13 18:21:23,574 - classifiers.optimizer - DEBUG - Objective function at theta- for step # 115: 0.2235878
2021-03-13 18:21:24,953 - classifiers.optimizer - DEBUG - Objective function at theta+ for step # 116: 0.4191379
2021-03-13 18:21:24,953 - classifiers.optimizer - DEBUG - Objective function at theta- for step # 116: 0.0744965
2021-03-13 18:21:26,373 - classifiers.optimizer - DEBUG - Objective function at theta+ for step # 117: 0.2207464
2021-03-13 18:21:26,374 - classifiers.optimizer - DEBUG - Objective function at theta- for step # 117: 0.2592199
2021-03-13 18:21:27,729 - classifiers.optimizer - DEBUG - Objective function at theta+ for step # 118: 0.2680409
2021-03-13 18:21:27,729 - classifiers.optimizer - DEBUG - Objective function at theta- for step # 118: 0.4477752
2021-03-13 18:21:29,158 - classifiers.optimizer - DEBUG - Objective function at theta+ for step # 119: 0.1393320
2021-03-13 18:21:29,158 - classifiers.optimizer - DEBUG - Objective function at theta- for step # 119: 0.2414279
2021-03-13 18:21:30,549 - classifiers.optimizer - DEBUG - Objective function at theta+ for step # 120: 0.1118859
2021-03-13 18:21:30,549 - classifiers.optimizer - DEBUG - Objective function at theta- for step # 120: 0.0894336
2021-03-13 18:21:32,031 - classifiers.optimizer - DEBUG - Objective function at theta+ for step # 121: 0.1194226
2021-03-13 18:21:32,032 - classifiers.optimizer - DEBUG - Objective function at theta- for step # 121: 0.3923305
2021-03-13 18:21:33,411 - classifiers.optimizer - DEBUG - Objective function at theta+ for step # 122: 0.1301819
2021-03-13 18:21:33,411 - classifiers.optimizer - DEBUG - Objective function at theta- for step # 122: 0.0168325
2021-03-13 18:21:34,801 - classifiers.optimizer - DEBUG - Objective function at theta+ for step # 123: 0.4683279
2021-03-13 18:21:34,801 - classifiers.optimizer - DEBUG - Objective function at theta- for step # 123: 0.5506752
2021-03-13 18:21:36,176 - classifiers.optimizer - DEBUG - Objective function at theta+ for step # 124: 0.0316592
2021-03-13 18:21:36,176 - classifiers.optimizer - DEBUG - Objective function at theta- for step # 124: 0.1473458
2021-03-13 18:21:37,575 - classifiers.optimizer - DEBUG - Objective function at theta+ for step # 125: 0.3926461
2021-03-13 18:21:37,575 - classifiers.optimizer - DEBUG - Objective function at theta- for step # 125: 0.2437821
2021-03-13 18:21:39,035 - classifiers.optimizer - DEBUG - Objective function at theta+ for step # 126: 0.0994867
2021-03-13 18:21:39,036 - classifiers.optimizer - DEBUG - Objective function at theta- for step # 126: -0.1781293
2021-03-13 18:21:40,437 - classifiers.optimizer - DEBUG - Objective function at theta+ for step # 127: 0.0847457
2021-03-13 18:21:40,438 - classifiers.optimizer - DEBUG - Objective function at theta- for step # 127: 0.2174461
2021-03-13 18:21:40,897 - classifiers.optimizer - DEBUG - Final objective function is: 0.2294725
2021-03-13 18:21:40,898 - classifiers.quantum._qasvm - INFO - QASVM (qiskit)
	type: Dual
	backend: qasm_simulator(fake_manhattan)
	error mitigation: <class 'qiskit.ignis.mitigation.measurement.fitters.CompleteMeasFitter'>
	(C, k): (None, 0.1)
	accuracy: 0.75
