2021-03-04 14:34:40,352 - qiskit.aqua.algorithms.vq_algorithm - INFO - Starting optimizer.
bounds=[(-3.141592653589793, 3.141592653589793), (-3.141592653589793, 3.141592653589793), (-3.141592653589793, 3.141592653589793), (-3.141592653589793, 3.141592653589793)]
initial point=[ 1.75593095  0.95032306 -3.12994614  1.89274045]
2021-03-04 14:34:40,352 - qiskit.aqua.components.optimizers.spsa - DEBUG - Parameters: [0.62831853 0.1        0.602      0.101      0.        ]
2021-03-04 14:34:40,352 - qiskit.aqua.components.optimizers.spsa - DEBUG - Calibration...
2021-03-04 14:34:40,353 - qiskit.aqua.components.optimizers.spsa - DEBUG - calibration step # 0 of 25
2021-03-04 14:34:40,624 - qiskit.aqua.components.optimizers.spsa - DEBUG - calibration step # 5 of 25
2021-03-04 14:34:40,925 - qiskit.aqua.components.optimizers.spsa - DEBUG - calibration step # 10 of 25
2021-03-04 14:34:41,225 - qiskit.aqua.components.optimizers.spsa - DEBUG - calibration step # 15 of 25
2021-03-04 14:34:41,560 - qiskit.aqua.components.optimizers.spsa - DEBUG - calibration step # 20 of 25
2021-03-04 14:34:41,898 - qiskit.aqua.components.optimizers.spsa - DEBUG - delta_obj is 0, not calibrating (since this would set c0 to inf)
2021-03-04 14:34:41,898 - qiskit.aqua.components.optimizers.spsa - DEBUG - Calibrated SPSA parameter c0 is 0.0755206
2021-03-04 14:34:41,960 - qiskit.aqua.components.optimizers.spsa - DEBUG - Objective function at theta+ for step # 0: 6.1899414
2021-03-04 14:34:41,960 - qiskit.aqua.components.optimizers.spsa - DEBUG - Objective function at theta- for step # 0: 5.6853027
2021-03-04 14:34:42,025 - qiskit.aqua.components.optimizers.spsa - DEBUG - Objective function at theta+ for step # 1: 6.2253418
2021-03-04 14:34:42,026 - qiskit.aqua.components.optimizers.spsa - DEBUG - Objective function at theta- for step # 1: 4.4729004
2021-03-04 14:34:42,089 - qiskit.aqua.components.optimizers.spsa - DEBUG - Objective function at theta+ for step # 2: 4.1687012
2021-03-04 14:34:42,089 - qiskit.aqua.components.optimizers.spsa - DEBUG - Objective function at theta- for step # 2: 1.6423340
2021-03-04 14:34:42,166 - qiskit.aqua.components.optimizers.spsa - DEBUG - Objective function at theta+ for step # 3: 0.5117188
2021-03-04 14:34:42,166 - qiskit.aqua.components.optimizers.spsa - DEBUG - Objective function at theta- for step # 3: 1.1608887
2021-03-04 14:34:42,221 - qiskit.aqua.components.optimizers.spsa - DEBUG - Objective function at theta+ for step # 4: 0.6354980
2021-03-04 14:34:42,221 - qiskit.aqua.components.optimizers.spsa - DEBUG - Objective function at theta- for step # 4: 0.1591797
2021-03-04 14:34:42,299 - qiskit.aqua.components.optimizers.spsa - DEBUG - Objective function at theta+ for step # 5: 0.0529785
2021-03-04 14:34:42,299 - qiskit.aqua.components.optimizers.spsa - DEBUG - Objective function at theta- for step # 5: 0.0300293
2021-03-04 14:34:42,353 - qiskit.aqua.components.optimizers.spsa - DEBUG - Objective function at theta+ for step # 6: 0.1914062
2021-03-04 14:34:42,353 - qiskit.aqua.components.optimizers.spsa - DEBUG - Objective function at theta- for step # 6: -0.1223145
2021-03-04 14:34:42,431 - qiskit.aqua.components.optimizers.spsa - DEBUG - Objective function at theta+ for step # 7: 0.2360840
2021-03-04 14:34:42,431 - qiskit.aqua.components.optimizers.spsa - DEBUG - Objective function at theta- for step # 7: 0.2841797
2021-03-04 14:34:42,498 - qiskit.aqua.components.optimizers.spsa - DEBUG - Objective function at theta+ for step # 8: -0.0427246
2021-03-04 14:34:42,498 - qiskit.aqua.components.optimizers.spsa - DEBUG - Objective function at theta- for step # 8: 0.1999512
2021-03-04 14:34:42,563 - qiskit.aqua.components.optimizers.spsa - DEBUG - Objective function at theta+ for step # 9: 0.1418457
2021-03-04 14:34:42,563 - qiskit.aqua.components.optimizers.spsa - DEBUG - Objective function at theta- for step # 9: 0.3210449
2021-03-04 14:34:42,640 - qiskit.aqua.components.optimizers.spsa - DEBUG - Objective function at theta+ for step # 10: -0.0207520
2021-03-04 14:34:42,641 - qiskit.aqua.components.optimizers.spsa - DEBUG - Objective function at theta- for step # 10: 0.1777344
2021-03-04 14:34:42,713 - qiskit.aqua.components.optimizers.spsa - DEBUG - Objective function at theta+ for step # 11: 0.1818848
2021-03-04 14:34:42,713 - qiskit.aqua.components.optimizers.spsa - DEBUG - Objective function at theta- for step # 11: 0.3142090
2021-03-04 14:34:42,778 - qiskit.aqua.components.optimizers.spsa - DEBUG - Objective function at theta+ for step # 12: 0.1408691
2021-03-04 14:34:42,778 - qiskit.aqua.components.optimizers.spsa - DEBUG - Objective function at theta- for step # 12: 0.2497559
2021-03-04 14:34:42,845 - qiskit.aqua.components.optimizers.spsa - DEBUG - Objective function at theta+ for step # 13: 0.1110840
2021-03-04 14:34:42,845 - qiskit.aqua.components.optimizers.spsa - DEBUG - Objective function at theta- for step # 13: 0.1174316
2021-03-04 14:34:42,910 - qiskit.aqua.components.optimizers.spsa - DEBUG - Objective function at theta+ for step # 14: 0.1555176
2021-03-04 14:34:42,910 - qiskit.aqua.components.optimizers.spsa - DEBUG - Objective function at theta- for step # 14: 0.3479004
2021-03-04 14:34:42,974 - qiskit.aqua.components.optimizers.spsa - DEBUG - Objective function at theta+ for step # 15: 0.2617188
2021-03-04 14:34:42,975 - qiskit.aqua.components.optimizers.spsa - DEBUG - Objective function at theta- for step # 15: 0.2966309
2021-03-04 14:34:43,038 - qiskit.aqua.components.optimizers.spsa - DEBUG - Objective function at theta+ for step # 16: 0.2614746
2021-03-04 14:34:43,039 - qiskit.aqua.components.optimizers.spsa - DEBUG - Objective function at theta- for step # 16: -0.0432129
2021-03-04 14:34:43,103 - qiskit.aqua.components.optimizers.spsa - DEBUG - Objective function at theta+ for step # 17: 0.0070801
2021-03-04 14:34:43,103 - qiskit.aqua.components.optimizers.spsa - DEBUG - Objective function at theta- for step # 17: 0.1811523
2021-03-04 14:34:43,157 - qiskit.aqua.components.optimizers.spsa - DEBUG - Objective function at theta+ for step # 18: 0.0993652
2021-03-04 14:34:43,157 - qiskit.aqua.components.optimizers.spsa - DEBUG - Objective function at theta- for step # 18: 0.2609863
2021-03-04 14:34:43,235 - qiskit.aqua.components.optimizers.spsa - DEBUG - Objective function at theta+ for step # 19: 0.0749512
2021-03-04 14:34:43,235 - qiskit.aqua.components.optimizers.spsa - DEBUG - Objective function at theta- for step # 19: -0.1406250
2021-03-04 14:34:43,290 - qiskit.aqua.components.optimizers.spsa - DEBUG - Objective function at theta+ for step # 20: 0.4084473
2021-03-04 14:34:43,290 - qiskit.aqua.components.optimizers.spsa - DEBUG - Objective function at theta- for step # 20: 0.2280273
2021-03-04 14:34:43,353 - qiskit.aqua.components.optimizers.spsa - DEBUG - Objective function at theta+ for step # 21: 0.0139160
2021-03-04 14:34:43,353 - qiskit.aqua.components.optimizers.spsa - DEBUG - Objective function at theta- for step # 21: 0.2617188
2021-03-04 14:34:43,431 - qiskit.aqua.components.optimizers.spsa - DEBUG - Objective function at theta+ for step # 22: 0.1037598
2021-03-04 14:34:43,431 - qiskit.aqua.components.optimizers.spsa - DEBUG - Objective function at theta- for step # 22: 0.3442383
2021-03-04 14:34:43,485 - qiskit.aqua.components.optimizers.spsa - DEBUG - Objective function at theta+ for step # 23: 0.2033691
2021-03-04 14:34:43,485 - qiskit.aqua.components.optimizers.spsa - DEBUG - Objective function at theta- for step # 23: 0.2036133
2021-03-04 14:34:43,551 - qiskit.aqua.components.optimizers.spsa - DEBUG - Objective function at theta+ for step # 24: -0.0339355
2021-03-04 14:34:43,551 - qiskit.aqua.components.optimizers.spsa - DEBUG - Objective function at theta- for step # 24: 0.4528809
2021-03-04 14:34:43,616 - qiskit.aqua.components.optimizers.spsa - DEBUG - Objective function at theta+ for step # 25: 0.2021484
2021-03-04 14:34:43,616 - qiskit.aqua.components.optimizers.spsa - DEBUG - Objective function at theta- for step # 25: 0.0175781
2021-03-04 14:34:43,682 - qiskit.aqua.components.optimizers.spsa - DEBUG - Objective function at theta+ for step # 26: 0.2292480
2021-03-04 14:34:43,682 - qiskit.aqua.components.optimizers.spsa - DEBUG - Objective function at theta- for step # 26: -0.0510254
2021-03-04 14:34:43,747 - qiskit.aqua.components.optimizers.spsa - DEBUG - Objective function at theta+ for step # 27: 0.1604004
2021-03-04 14:34:43,747 - qiskit.aqua.components.optimizers.spsa - DEBUG - Objective function at theta- for step # 27: 0.3190918
2021-03-04 14:34:43,801 - qiskit.aqua.components.optimizers.spsa - DEBUG - Objective function at theta+ for step # 28: 0.2067871
2021-03-04 14:34:43,801 - qiskit.aqua.components.optimizers.spsa - DEBUG - Objective function at theta- for step # 28: -0.1445312
2021-03-04 14:34:43,869 - qiskit.aqua.components.optimizers.spsa - DEBUG - Objective function at theta+ for step # 29: 0.3200684
2021-03-04 14:34:43,869 - qiskit.aqua.components.optimizers.spsa - DEBUG - Objective function at theta- for step # 29: 0.1313477
2021-03-04 14:34:43,934 - qiskit.aqua.components.optimizers.spsa - DEBUG - Objective function at theta+ for step # 30: 0.1838379
2021-03-04 14:34:43,934 - qiskit.aqua.components.optimizers.spsa - DEBUG - Objective function at theta- for step # 30: 0.1538086
2021-03-04 14:34:43,999 - qiskit.aqua.components.optimizers.spsa - DEBUG - Objective function at theta+ for step # 31: 0.3012695
2021-03-04 14:34:43,999 - qiskit.aqua.components.optimizers.spsa - DEBUG - Objective function at theta- for step # 31: 0.3037109
2021-03-04 14:34:44,063 - qiskit.aqua.components.optimizers.spsa - DEBUG - Objective function at theta+ for step # 32: 0.0561523
2021-03-04 14:34:44,063 - qiskit.aqua.components.optimizers.spsa - DEBUG - Objective function at theta- for step # 32: 0.2307129
2021-03-04 14:34:44,128 - qiskit.aqua.components.optimizers.spsa - DEBUG - Objective function at theta+ for step # 33: 0.2631836
2021-03-04 14:34:44,128 - qiskit.aqua.components.optimizers.spsa - DEBUG - Objective function at theta- for step # 33: 0.2324219
2021-03-04 14:34:44,198 - qiskit.aqua.components.optimizers.spsa - DEBUG - Objective function at theta+ for step # 34: -0.1081543
2021-03-04 14:34:44,198 - qiskit.aqua.components.optimizers.spsa - DEBUG - Objective function at theta- for step # 34: 0.0737305
2021-03-04 14:34:44,331 - qiskit.aqua.components.optimizers.spsa - DEBUG - Objective function at theta+ for step # 35: 0.1706543
2021-03-04 14:34:44,331 - qiskit.aqua.components.optimizers.spsa - DEBUG - Objective function at theta- for step # 35: 0.0854492
2021-03-04 14:34:44,396 - qiskit.aqua.components.optimizers.spsa - DEBUG - Objective function at theta+ for step # 36: 0.1542969
2021-03-04 14:34:44,396 - qiskit.aqua.components.optimizers.spsa - DEBUG - Objective function at theta- for step # 36: 0.1586914
2021-03-04 14:34:44,475 - qiskit.aqua.components.optimizers.spsa - DEBUG - Objective function at theta+ for step # 37: 0.1298828
2021-03-04 14:34:44,475 - qiskit.aqua.components.optimizers.spsa - DEBUG - Objective function at theta- for step # 37: 0.2438965
2021-03-04 14:34:44,529 - qiskit.aqua.components.optimizers.spsa - DEBUG - Objective function at theta+ for step # 38: 0.1938477
2021-03-04 14:34:44,529 - qiskit.aqua.components.optimizers.spsa - DEBUG - Objective function at theta- for step # 38: 0.1604004
2021-03-04 14:34:44,606 - qiskit.aqua.components.optimizers.spsa - DEBUG - Objective function at theta+ for step # 39: 0.1547852
2021-03-04 14:34:44,606 - qiskit.aqua.components.optimizers.spsa - DEBUG - Objective function at theta- for step # 39: 0.4162598
2021-03-04 14:34:44,668 - qiskit.aqua.components.optimizers.spsa - DEBUG - Objective function at theta+ for step # 40: 0.2927246
2021-03-04 14:34:44,668 - qiskit.aqua.components.optimizers.spsa - DEBUG - Objective function at theta- for step # 40: 0.0925293
2021-03-04 14:34:44,735 - qiskit.aqua.components.optimizers.spsa - DEBUG - Objective function at theta+ for step # 41: 0.1972656
2021-03-04 14:34:44,735 - qiskit.aqua.components.optimizers.spsa - DEBUG - Objective function at theta- for step # 41: 0.2683105
2021-03-04 14:34:44,801 - qiskit.aqua.components.optimizers.spsa - DEBUG - Objective function at theta+ for step # 42: 0.2001953
2021-03-04 14:34:44,801 - qiskit.aqua.components.optimizers.spsa - DEBUG - Objective function at theta- for step # 42: 0.1374512
2021-03-04 14:34:44,869 - qiskit.aqua.components.optimizers.spsa - DEBUG - Objective function at theta+ for step # 43: -0.0895996
2021-03-04 14:34:44,869 - qiskit.aqua.components.optimizers.spsa - DEBUG - Objective function at theta- for step # 43: -0.0302734
2021-03-04 14:34:44,933 - qiskit.aqua.components.optimizers.spsa - DEBUG - Objective function at theta+ for step # 44: 0.2116699
2021-03-04 14:34:44,933 - qiskit.aqua.components.optimizers.spsa - DEBUG - Objective function at theta- for step # 44: 0.2143555
2021-03-04 14:34:45,011 - qiskit.aqua.components.optimizers.spsa - DEBUG - Objective function at theta+ for step # 45: 0.1054688
2021-03-04 14:34:45,011 - qiskit.aqua.components.optimizers.spsa - DEBUG - Objective function at theta- for step # 45: 0.0297852
2021-03-04 14:34:45,066 - qiskit.aqua.components.optimizers.spsa - DEBUG - Objective function at theta+ for step # 46: 0.2541504
2021-03-04 14:34:45,066 - qiskit.aqua.components.optimizers.spsa - DEBUG - Objective function at theta- for step # 46: 0.0751953
2021-03-04 14:34:45,130 - qiskit.aqua.components.optimizers.spsa - DEBUG - Objective function at theta+ for step # 47: 0.0507812
2021-03-04 14:34:45,130 - qiskit.aqua.components.optimizers.spsa - DEBUG - Objective function at theta- for step # 47: 0.0432129
2021-03-04 14:34:45,195 - qiskit.aqua.components.optimizers.spsa - DEBUG - Objective function at theta+ for step # 48: 0.3041992
2021-03-04 14:34:45,195 - qiskit.aqua.components.optimizers.spsa - DEBUG - Objective function at theta- for step # 48: -0.0083008
2021-03-04 14:34:45,249 - qiskit.aqua.components.optimizers.spsa - DEBUG - Objective function at theta+ for step # 49: 0.0368652
2021-03-04 14:34:45,250 - qiskit.aqua.components.optimizers.spsa - DEBUG - Objective function at theta- for step # 49: 0.1660156
2021-03-04 14:34:45,313 - qiskit.aqua.components.optimizers.spsa - DEBUG - Objective function at theta+ for step # 50: 0.1320801
2021-03-04 14:34:45,313 - qiskit.aqua.components.optimizers.spsa - DEBUG - Objective function at theta- for step # 50: 0.0319824
2021-03-04 14:34:45,390 - qiskit.aqua.components.optimizers.spsa - DEBUG - Objective function at theta+ for step # 51: 0.2231445
2021-03-04 14:34:45,390 - qiskit.aqua.components.optimizers.spsa - DEBUG - Objective function at theta- for step # 51: -0.0739746
2021-03-04 14:34:45,456 - qiskit.aqua.components.optimizers.spsa - DEBUG - Objective function at theta+ for step # 52: 0.0512695
2021-03-04 14:34:45,456 - qiskit.aqua.components.optimizers.spsa - DEBUG - Objective function at theta- for step # 52: 0.2324219
2021-03-04 14:34:45,534 - qiskit.aqua.components.optimizers.spsa - DEBUG - Objective function at theta+ for step # 53: 0.2121582
2021-03-04 14:34:45,534 - qiskit.aqua.components.optimizers.spsa - DEBUG - Objective function at theta- for step # 53: 0.2431641
2021-03-04 14:34:45,598 - qiskit.aqua.components.optimizers.spsa - DEBUG - Objective function at theta+ for step # 54: 0.1447754
2021-03-04 14:34:45,598 - qiskit.aqua.components.optimizers.spsa - DEBUG - Objective function at theta- for step # 54: 0.2758789
2021-03-04 14:34:45,661 - qiskit.aqua.components.optimizers.spsa - DEBUG - Objective function at theta+ for step # 55: 0.2543945
2021-03-04 14:34:45,661 - qiskit.aqua.components.optimizers.spsa - DEBUG - Objective function at theta- for step # 55: 0.2968750
2021-03-04 14:34:45,727 - qiskit.aqua.components.optimizers.spsa - DEBUG - Objective function at theta+ for step # 56: 0.1247559
2021-03-04 14:34:45,727 - qiskit.aqua.components.optimizers.spsa - DEBUG - Objective function at theta- for step # 56: 0.1384277
2021-03-04 14:34:45,781 - qiskit.aqua.components.optimizers.spsa - DEBUG - Objective function at theta+ for step # 57: 0.1171875
2021-03-04 14:34:45,781 - qiskit.aqua.components.optimizers.spsa - DEBUG - Objective function at theta- for step # 57: 0.1271973
2021-03-04 14:34:45,860 - qiskit.aqua.components.optimizers.spsa - DEBUG - Objective function at theta+ for step # 58: 0.2512207
2021-03-04 14:34:45,860 - qiskit.aqua.components.optimizers.spsa - DEBUG - Objective function at theta- for step # 58: 0.2634277
2021-03-04 14:34:45,926 - qiskit.aqua.components.optimizers.spsa - DEBUG - Objective function at theta+ for step # 59: -0.0095215
2021-03-04 14:34:45,927 - qiskit.aqua.components.optimizers.spsa - DEBUG - Objective function at theta- for step # 59: 0.1047363
2021-03-04 14:34:45,999 - qiskit.aqua.components.optimizers.spsa - DEBUG - Objective function at theta+ for step # 60: 0.2148438
2021-03-04 14:34:45,999 - qiskit.aqua.components.optimizers.spsa - DEBUG - Objective function at theta- for step # 60: 0.1542969
2021-03-04 14:34:46,053 - qiskit.aqua.components.optimizers.spsa - DEBUG - Objective function at theta+ for step # 61: 0.4772949
2021-03-04 14:34:46,053 - qiskit.aqua.components.optimizers.spsa - DEBUG - Objective function at theta- for step # 61: 0.1142578
2021-03-04 14:34:46,126 - qiskit.aqua.components.optimizers.spsa - DEBUG - Objective function at theta+ for step # 62: 0.1550293
2021-03-04 14:34:46,126 - qiskit.aqua.components.optimizers.spsa - DEBUG - Objective function at theta- for step # 62: 0.0090332
2021-03-04 14:34:46,190 - qiskit.aqua.components.optimizers.spsa - DEBUG - Objective function at theta+ for step # 63: 0.0932617
2021-03-04 14:34:46,190 - qiskit.aqua.components.optimizers.spsa - DEBUG - Objective function at theta- for step # 63: 0.0805664
2021-03-04 14:34:46,254 - qiskit.aqua.components.optimizers.spsa - DEBUG - Objective function at theta+ for step # 64: -0.0515137
2021-03-04 14:34:46,254 - qiskit.aqua.components.optimizers.spsa - DEBUG - Objective function at theta- for step # 64: 0.5361328
2021-03-04 14:34:46,318 - qiskit.aqua.components.optimizers.spsa - DEBUG - Objective function at theta+ for step # 65: -0.0449219
2021-03-04 14:34:46,318 - qiskit.aqua.components.optimizers.spsa - DEBUG - Objective function at theta- for step # 65: 0.1833496
2021-03-04 14:34:46,382 - qiskit.aqua.components.optimizers.spsa - DEBUG - Objective function at theta+ for step # 66: 0.0803223
2021-03-04 14:34:46,382 - qiskit.aqua.components.optimizers.spsa - DEBUG - Objective function at theta- for step # 66: 0.1694336
2021-03-04 14:34:46,447 - qiskit.aqua.components.optimizers.spsa - DEBUG - Objective function at theta+ for step # 67: 0.0905762
2021-03-04 14:34:46,447 - qiskit.aqua.components.optimizers.spsa - DEBUG - Objective function at theta- for step # 67: 0.1154785
2021-03-04 14:34:46,516 - qiskit.aqua.components.optimizers.spsa - DEBUG - Objective function at theta+ for step # 68: -0.0134277
2021-03-04 14:34:46,516 - qiskit.aqua.components.optimizers.spsa - DEBUG - Objective function at theta- for step # 68: 0.2836914
2021-03-04 14:34:46,594 - qiskit.aqua.components.optimizers.spsa - DEBUG - Objective function at theta+ for step # 69: 0.1811523
2021-03-04 14:34:46,594 - qiskit.aqua.components.optimizers.spsa - DEBUG - Objective function at theta- for step # 69: 0.1892090
2021-03-04 14:34:46,660 - qiskit.aqua.components.optimizers.spsa - DEBUG - Objective function at theta+ for step # 70: 0.1562500
2021-03-04 14:34:46,661 - qiskit.aqua.components.optimizers.spsa - DEBUG - Objective function at theta- for step # 70: 0.2294922
2021-03-04 14:34:46,729 - qiskit.aqua.components.optimizers.spsa - DEBUG - Objective function at theta+ for step # 71: 0.2395020
2021-03-04 14:34:46,729 - qiskit.aqua.components.optimizers.spsa - DEBUG - Objective function at theta- for step # 71: -0.0324707
2021-03-04 14:34:46,794 - qiskit.aqua.components.optimizers.spsa - DEBUG - Objective function at theta+ for step # 72: 0.1989746
2021-03-04 14:34:46,794 - qiskit.aqua.components.optimizers.spsa - DEBUG - Objective function at theta- for step # 72: 0.2529297
2021-03-04 14:34:46,859 - qiskit.aqua.components.optimizers.spsa - DEBUG - Objective function at theta+ for step # 73: 0.0939941
2021-03-04 14:34:46,860 - qiskit.aqua.components.optimizers.spsa - DEBUG - Objective function at theta- for step # 73: 0.2883301
2021-03-04 14:34:46,927 - qiskit.aqua.components.optimizers.spsa - DEBUG - Objective function at theta+ for step # 74: -0.0295410
2021-03-04 14:34:46,927 - qiskit.aqua.components.optimizers.spsa - DEBUG - Objective function at theta- for step # 74: -0.0139160
2021-03-04 14:34:46,992 - qiskit.aqua.components.optimizers.spsa - DEBUG - Objective function at theta+ for step # 75: 0.2192383
2021-03-04 14:34:46,992 - qiskit.aqua.components.optimizers.spsa - DEBUG - Objective function at theta- for step # 75: 0.2624512
2021-03-04 14:34:47,059 - qiskit.aqua.components.optimizers.spsa - DEBUG - Objective function at theta+ for step # 76: -0.1069336
2021-03-04 14:34:47,059 - qiskit.aqua.components.optimizers.spsa - DEBUG - Objective function at theta- for step # 76: -0.0019531
2021-03-04 14:34:47,123 - qiskit.aqua.components.optimizers.spsa - DEBUG - Objective function at theta+ for step # 77: 0.1481934
2021-03-04 14:34:47,123 - qiskit.aqua.components.optimizers.spsa - DEBUG - Objective function at theta- for step # 77: 0.1738281
2021-03-04 14:34:47,190 - qiskit.aqua.components.optimizers.spsa - DEBUG - Objective function at theta+ for step # 78: 0.0112305
2021-03-04 14:34:47,190 - qiskit.aqua.components.optimizers.spsa - DEBUG - Objective function at theta- for step # 78: -0.0246582
2021-03-04 14:34:47,252 - qiskit.aqua.components.optimizers.spsa - DEBUG - Objective function at theta+ for step # 79: 0.1262207
2021-03-04 14:34:47,252 - qiskit.aqua.components.optimizers.spsa - DEBUG - Objective function at theta- for step # 79: 0.0334473
2021-03-04 14:34:47,326 - qiskit.aqua.components.optimizers.spsa - DEBUG - Objective function at theta+ for step # 80: 0.0788574
2021-03-04 14:34:47,326 - qiskit.aqua.components.optimizers.spsa - DEBUG - Objective function at theta- for step # 80: 0.0261230
2021-03-04 14:34:47,389 - qiskit.aqua.components.optimizers.spsa - DEBUG - Objective function at theta+ for step # 81: 0.2580566
2021-03-04 14:34:47,390 - qiskit.aqua.components.optimizers.spsa - DEBUG - Objective function at theta- for step # 81: 0.1110840
2021-03-04 14:34:47,454 - qiskit.aqua.components.optimizers.spsa - DEBUG - Objective function at theta+ for step # 82: 0.1525879
2021-03-04 14:34:47,454 - qiskit.aqua.components.optimizers.spsa - DEBUG - Objective function at theta- for step # 82: 0.1625977
2021-03-04 14:34:47,520 - qiskit.aqua.components.optimizers.spsa - DEBUG - Objective function at theta+ for step # 83: 0.1071777
2021-03-04 14:34:47,520 - qiskit.aqua.components.optimizers.spsa - DEBUG - Objective function at theta- for step # 83: 0.2697754
2021-03-04 14:34:47,585 - qiskit.aqua.components.optimizers.spsa - DEBUG - Objective function at theta+ for step # 84: -0.0512695
2021-03-04 14:34:47,585 - qiskit.aqua.components.optimizers.spsa - DEBUG - Objective function at theta- for step # 84: 0.2419434
2021-03-04 14:34:47,651 - qiskit.aqua.components.optimizers.spsa - DEBUG - Objective function at theta+ for step # 85: 0.0280762
2021-03-04 14:34:47,651 - qiskit.aqua.components.optimizers.spsa - DEBUG - Objective function at theta- for step # 85: 0.3542480
2021-03-04 14:34:47,705 - qiskit.aqua.components.optimizers.spsa - DEBUG - Objective function at theta+ for step # 86: 0.0922852
2021-03-04 14:34:47,705 - qiskit.aqua.components.optimizers.spsa - DEBUG - Objective function at theta- for step # 86: 0.1535645
2021-03-04 14:34:47,769 - qiskit.aqua.components.optimizers.spsa - DEBUG - Objective function at theta+ for step # 87: 0.0686035
2021-03-04 14:34:47,769 - qiskit.aqua.components.optimizers.spsa - DEBUG - Objective function at theta- for step # 87: 0.3498535
2021-03-04 14:34:47,830 - qiskit.aqua.components.optimizers.spsa - DEBUG - Objective function at theta+ for step # 88: 0.1391602
2021-03-04 14:34:47,830 - qiskit.aqua.components.optimizers.spsa - DEBUG - Objective function at theta- for step # 88: 0.0756836
2021-03-04 14:34:47,894 - qiskit.aqua.components.optimizers.spsa - DEBUG - Objective function at theta+ for step # 89: 0.2644043
2021-03-04 14:34:47,894 - qiskit.aqua.components.optimizers.spsa - DEBUG - Objective function at theta- for step # 89: 0.2307129
2021-03-04 14:34:47,958 - qiskit.aqua.components.optimizers.spsa - DEBUG - Objective function at theta+ for step # 90: 0.0178223
2021-03-04 14:34:47,958 - qiskit.aqua.components.optimizers.spsa - DEBUG - Objective function at theta- for step # 90: 0.1743164
2021-03-04 14:34:48,024 - qiskit.aqua.components.optimizers.spsa - DEBUG - Objective function at theta+ for step # 91: -0.0517578
2021-03-04 14:34:48,024 - qiskit.aqua.components.optimizers.spsa - DEBUG - Objective function at theta- for step # 91: 0.1250000
2021-03-04 14:34:48,092 - qiskit.aqua.components.optimizers.spsa - DEBUG - Objective function at theta+ for step # 92: 0.2248535
2021-03-04 14:34:48,092 - qiskit.aqua.components.optimizers.spsa - DEBUG - Objective function at theta- for step # 92: 0.2360840
2021-03-04 14:34:48,166 - qiskit.aqua.components.optimizers.spsa - DEBUG - Objective function at theta+ for step # 93: 0.2087402
2021-03-04 14:34:48,166 - qiskit.aqua.components.optimizers.spsa - DEBUG - Objective function at theta- for step # 93: 0.1882324
2021-03-04 14:34:48,232 - qiskit.aqua.components.optimizers.spsa - DEBUG - Objective function at theta+ for step # 94: -0.0234375
2021-03-04 14:34:48,232 - qiskit.aqua.components.optimizers.spsa - DEBUG - Objective function at theta- for step # 94: 0.2177734
2021-03-04 14:34:48,298 - qiskit.aqua.components.optimizers.spsa - DEBUG - Objective function at theta+ for step # 95: 0.1464844
2021-03-04 14:34:48,298 - qiskit.aqua.components.optimizers.spsa - DEBUG - Objective function at theta- for step # 95: 0.2839355
2021-03-04 14:34:48,362 - qiskit.aqua.components.optimizers.spsa - DEBUG - Objective function at theta+ for step # 96: 0.2202148
2021-03-04 14:34:48,362 - qiskit.aqua.components.optimizers.spsa - DEBUG - Objective function at theta- for step # 96: 0.3298340
2021-03-04 14:34:48,427 - qiskit.aqua.components.optimizers.spsa - DEBUG - Objective function at theta+ for step # 97: 0.0747070
2021-03-04 14:34:48,427 - qiskit.aqua.components.optimizers.spsa - DEBUG - Objective function at theta- for step # 97: 0.3466797
2021-03-04 14:34:48,500 - qiskit.aqua.components.optimizers.spsa - DEBUG - Objective function at theta+ for step # 98: 0.1545410
2021-03-04 14:34:48,500 - qiskit.aqua.components.optimizers.spsa - DEBUG - Objective function at theta- for step # 98: 0.1591797
2021-03-04 14:34:48,579 - qiskit.aqua.components.optimizers.spsa - DEBUG - Objective function at theta+ for step # 99: 0.1357422
2021-03-04 14:34:48,579 - qiskit.aqua.components.optimizers.spsa - DEBUG - Objective function at theta- for step # 99: 0.3806152
2021-03-04 14:34:48,647 - qiskit.aqua.components.optimizers.spsa - DEBUG - Objective function at theta+ for step # 100: 0.0039062
2021-03-04 14:34:48,647 - qiskit.aqua.components.optimizers.spsa - DEBUG - Objective function at theta- for step # 100: 0.1523438
2021-03-04 14:34:48,701 - qiskit.aqua.components.optimizers.spsa - DEBUG - Objective function at theta+ for step # 101: 0.1921387
2021-03-04 14:34:48,701 - qiskit.aqua.components.optimizers.spsa - DEBUG - Objective function at theta- for step # 101: 0.2421875
2021-03-04 14:34:48,775 - qiskit.aqua.components.optimizers.spsa - DEBUG - Objective function at theta+ for step # 102: 0.2602539
2021-03-04 14:34:48,775 - qiskit.aqua.components.optimizers.spsa - DEBUG - Objective function at theta- for step # 102: 0.1147461
2021-03-04 14:34:48,829 - qiskit.aqua.components.optimizers.spsa - DEBUG - Objective function at theta+ for step # 103: -0.0112305
2021-03-04 14:34:48,829 - qiskit.aqua.components.optimizers.spsa - DEBUG - Objective function at theta- for step # 103: 0.2175293
2021-03-04 14:34:48,895 - qiskit.aqua.components.optimizers.spsa - DEBUG - Objective function at theta+ for step # 104: 0.0075684
2021-03-04 14:34:48,895 - qiskit.aqua.components.optimizers.spsa - DEBUG - Objective function at theta- for step # 104: 0.2758789
2021-03-04 14:34:48,971 - qiskit.aqua.components.optimizers.spsa - DEBUG - Objective function at theta+ for step # 105: 0.0734863
2021-03-04 14:34:48,971 - qiskit.aqua.components.optimizers.spsa - DEBUG - Objective function at theta- for step # 105: 0.0815430
2021-03-04 14:34:49,048 - qiskit.aqua.components.optimizers.spsa - DEBUG - Objective function at theta+ for step # 106: -0.1643066
2021-03-04 14:34:49,048 - qiskit.aqua.components.optimizers.spsa - DEBUG - Objective function at theta- for step # 106: 0.1555176
2021-03-04 14:34:49,127 - qiskit.aqua.components.optimizers.spsa - DEBUG - Objective function at theta+ for step # 107: 0.0212402
2021-03-04 14:34:49,127 - qiskit.aqua.components.optimizers.spsa - DEBUG - Objective function at theta- for step # 107: 0.0009766
2021-03-04 14:34:49,190 - qiskit.aqua.components.optimizers.spsa - DEBUG - Objective function at theta+ for step # 108: 0.2539062
2021-03-04 14:34:49,190 - qiskit.aqua.components.optimizers.spsa - DEBUG - Objective function at theta- for step # 108: -0.1015625
2021-03-04 14:34:49,258 - qiskit.aqua.components.optimizers.spsa - DEBUG - Objective function at theta+ for step # 109: -0.1325684
2021-03-04 14:34:49,258 - qiskit.aqua.components.optimizers.spsa - DEBUG - Objective function at theta- for step # 109: 0.0539551
2021-03-04 14:34:49,323 - qiskit.aqua.components.optimizers.spsa - DEBUG - Objective function at theta+ for step # 110: 0.1215820
2021-03-04 14:34:49,323 - qiskit.aqua.components.optimizers.spsa - DEBUG - Objective function at theta- for step # 110: 0.0864258
2021-03-04 14:34:49,377 - qiskit.aqua.components.optimizers.spsa - DEBUG - Objective function at theta+ for step # 111: 0.0864258
2021-03-04 14:34:49,377 - qiskit.aqua.components.optimizers.spsa - DEBUG - Objective function at theta- for step # 111: 0.0832520
2021-03-04 14:34:49,454 - qiskit.aqua.components.optimizers.spsa - DEBUG - Objective function at theta+ for step # 112: 0.0378418
2021-03-04 14:34:49,454 - qiskit.aqua.components.optimizers.spsa - DEBUG - Objective function at theta- for step # 112: 0.0065918
2021-03-04 14:34:49,521 - qiskit.aqua.components.optimizers.spsa - DEBUG - Objective function at theta+ for step # 113: 0.1508789
2021-03-04 14:34:49,521 - qiskit.aqua.components.optimizers.spsa - DEBUG - Objective function at theta- for step # 113: -0.0100098
2021-03-04 14:34:49,590 - qiskit.aqua.components.optimizers.spsa - DEBUG - Objective function at theta+ for step # 114: 0.1665039
2021-03-04 14:34:49,590 - qiskit.aqua.components.optimizers.spsa - DEBUG - Objective function at theta- for step # 114: 0.0654297
2021-03-04 14:34:49,653 - qiskit.aqua.components.optimizers.spsa - DEBUG - Objective function at theta+ for step # 115: 0.1467285
2021-03-04 14:34:49,653 - qiskit.aqua.components.optimizers.spsa - DEBUG - Objective function at theta- for step # 115: 0.0366211
2021-03-04 14:34:49,717 - qiskit.aqua.components.optimizers.spsa - DEBUG - Objective function at theta+ for step # 116: 0.2512207
2021-03-04 14:34:49,717 - qiskit.aqua.components.optimizers.spsa - DEBUG - Objective function at theta- for step # 116: 0.2541504
2021-03-04 14:34:49,781 - qiskit.aqua.components.optimizers.spsa - DEBUG - Objective function at theta+ for step # 117: 0.2155762
2021-03-04 14:34:49,781 - qiskit.aqua.components.optimizers.spsa - DEBUG - Objective function at theta- for step # 117: 0.2465820
2021-03-04 14:34:49,836 - qiskit.aqua.components.optimizers.spsa - DEBUG - Objective function at theta+ for step # 118: 0.0371094
2021-03-04 14:34:49,836 - qiskit.aqua.components.optimizers.spsa - DEBUG - Objective function at theta- for step # 118: 0.0854492
2021-03-04 14:34:49,903 - qiskit.aqua.components.optimizers.spsa - DEBUG - Objective function at theta+ for step # 119: 0.0817871
2021-03-04 14:34:49,903 - qiskit.aqua.components.optimizers.spsa - DEBUG - Objective function at theta- for step # 119: 0.3085938
2021-03-04 14:34:49,961 - qiskit.aqua.components.optimizers.spsa - DEBUG - Objective function at theta+ for step # 120: 0.2463379
2021-03-04 14:34:49,961 - qiskit.aqua.components.optimizers.spsa - DEBUG - Objective function at theta- for step # 120: 0.1667480
2021-03-04 14:34:50,029 - qiskit.aqua.components.optimizers.spsa - DEBUG - Objective function at theta+ for step # 121: -0.0288086
2021-03-04 14:34:50,029 - qiskit.aqua.components.optimizers.spsa - DEBUG - Objective function at theta- for step # 121: 0.1560059
2021-03-04 14:34:50,092 - qiskit.aqua.components.optimizers.spsa - DEBUG - Objective function at theta+ for step # 122: 0.0529785
2021-03-04 14:34:50,092 - qiskit.aqua.components.optimizers.spsa - DEBUG - Objective function at theta- for step # 122: 0.0212402
2021-03-04 14:34:50,167 - qiskit.aqua.components.optimizers.spsa - DEBUG - Objective function at theta+ for step # 123: 0.2436523
2021-03-04 14:34:50,167 - qiskit.aqua.components.optimizers.spsa - DEBUG - Objective function at theta- for step # 123: 0.1254883
2021-03-04 14:34:50,231 - qiskit.aqua.components.optimizers.spsa - DEBUG - Objective function at theta+ for step # 124: -0.0964355
2021-03-04 14:34:50,231 - qiskit.aqua.components.optimizers.spsa - DEBUG - Objective function at theta- for step # 124: 0.0791016
2021-03-04 14:34:50,297 - qiskit.aqua.components.optimizers.spsa - DEBUG - Objective function at theta+ for step # 125: 0.2348633
2021-03-04 14:34:50,297 - qiskit.aqua.components.optimizers.spsa - DEBUG - Objective function at theta- for step # 125: 0.1069336
2021-03-04 14:34:50,375 - qiskit.aqua.components.optimizers.spsa - DEBUG - Objective function at theta+ for step # 126: 0.0681152
2021-03-04 14:34:50,375 - qiskit.aqua.components.optimizers.spsa - DEBUG - Objective function at theta- for step # 126: 0.1464844
2021-03-04 14:34:50,429 - qiskit.aqua.components.optimizers.spsa - DEBUG - Objective function at theta+ for step # 127: -0.0131836
2021-03-04 14:34:50,429 - qiskit.aqua.components.optimizers.spsa - DEBUG - Objective function at theta- for step # 127: 0.4025879
2021-03-04 14:34:50,467 - qiskit.aqua.components.optimizers.spsa - DEBUG - Final objective function is: 0.1174316
