2021-03-13 17:44:22,354 - classifiers.quantum._qasvm - INFO - QASVM (qiskit)
	type: Dual
	backend: qasm_simulator(fake_manhattan)
	error mitigation: <class 'qiskit.ignis.mitigation.measurement.fitters.CompleteMeasFitter'>
	(C, k): (None, 0.1)
	accuracy: None
2021-03-13 17:44:22,354 - classifiers.quantum._qasvm - INFO - RunConfig(max_credits=10, shots=8192)
2021-03-13 17:44:22,355 - classifiers.quantum._qasvm - INFO - Optimizer: MySPSA
-- gradient_support_level: 1
-- bounds_support_level: 1
-- initial_point_support_level: 3
-- options: {'save_steps': 1, 'last_avg': 4}
-- max_evals_grouped: 1
-- maxiter: 16
-- parameters: [0.62831853 0.1        0.602      0.101      0.        ]
-- skip_calibration: False

2021-03-13 17:44:22,355 - qiskit.aqua.algorithms.vq_algorithm - INFO - Starting optimizer.
bounds=[(-3.141592653589793, 3.141592653589793), (-3.141592653589793, 3.141592653589793), (-3.141592653589793, 3.141592653589793), (-3.141592653589793, 3.141592653589793), (-3.141592653589793, 3.141592653589793), (-3.141592653589793, 3.141592653589793), (-3.141592653589793, 3.141592653589793), (-3.141592653589793, 3.141592653589793), (-3.141592653589793, 3.141592653589793), (-3.141592653589793, 3.141592653589793), (-3.141592653589793, 3.141592653589793), (-3.141592653589793, 3.141592653589793)]
initial point=[-0.76264015  0.90313626 -0.26521434  0.21035536  1.45766283 -2.98163308
  1.03694199 -0.77812996  1.49558436  1.31724643 -1.64872681 -2.91091806]
2021-03-13 17:44:28,417 - classifiers.optimizer - DEBUG - Objective function at theta+ for step # 0: 2.0102480
2021-03-13 17:44:28,417 - classifiers.optimizer - DEBUG - Objective function at theta- for step # 0: 1.9532081
2021-03-13 17:44:29,752 - classifiers.optimizer - DEBUG - Objective function at theta+ for step # 1: 2.6851722
2021-03-13 17:44:29,752 - classifiers.optimizer - DEBUG - Objective function at theta- for step # 1: 0.9899332
2021-03-13 17:44:31,108 - classifiers.optimizer - DEBUG - Objective function at theta+ for step # 2: 1.5113604
2021-03-13 17:44:31,108 - classifiers.optimizer - DEBUG - Objective function at theta- for step # 2: 3.1993857
2021-03-13 17:44:32,483 - classifiers.optimizer - DEBUG - Objective function at theta+ for step # 3: 1.3518369
2021-03-13 17:44:32,483 - classifiers.optimizer - DEBUG - Objective function at theta- for step # 3: 0.5099856
2021-03-13 17:44:33,821 - classifiers.optimizer - DEBUG - Objective function at theta+ for step # 4: 0.2562913
2021-03-13 17:44:33,821 - classifiers.optimizer - DEBUG - Objective function at theta- for step # 4: 0.4629661
2021-03-13 17:44:35,167 - classifiers.optimizer - DEBUG - Objective function at theta+ for step # 5: 0.2624018
2021-03-13 17:44:35,167 - classifiers.optimizer - DEBUG - Objective function at theta- for step # 5: 0.0560614
2021-03-13 17:44:36,494 - classifiers.optimizer - DEBUG - Objective function at theta+ for step # 6: 0.2398951
2021-03-13 17:44:36,494 - classifiers.optimizer - DEBUG - Objective function at theta- for step # 6: 0.1590908
2021-03-13 17:44:37,821 - classifiers.optimizer - DEBUG - Objective function at theta+ for step # 7: 0.1910458
2021-03-13 17:44:37,823 - classifiers.optimizer - DEBUG - Objective function at theta- for step # 7: 0.2569343
2021-03-13 17:44:39,132 - classifiers.optimizer - DEBUG - Objective function at theta+ for step # 8: 0.3485436
2021-03-13 17:44:39,132 - classifiers.optimizer - DEBUG - Objective function at theta- for step # 8: -0.0851775
2021-03-13 17:44:40,454 - classifiers.optimizer - DEBUG - Objective function at theta+ for step # 9: 0.4117342
2021-03-13 17:44:40,454 - classifiers.optimizer - DEBUG - Objective function at theta- for step # 9: 0.1999096
2021-03-13 17:44:41,776 - classifiers.optimizer - DEBUG - Objective function at theta+ for step # 10: 0.2209859
2021-03-13 17:44:41,776 - classifiers.optimizer - DEBUG - Objective function at theta- for step # 10: 0.4094566
2021-03-13 17:44:43,099 - classifiers.optimizer - DEBUG - Objective function at theta+ for step # 11: 0.2320221
2021-03-13 17:44:43,099 - classifiers.optimizer - DEBUG - Objective function at theta- for step # 11: 0.2326397
2021-03-13 17:44:44,447 - classifiers.optimizer - DEBUG - Objective function at theta+ for step # 12: -0.1246131
2021-03-13 17:44:44,447 - classifiers.optimizer - DEBUG - Objective function at theta- for step # 12: 0.0633691
2021-03-13 17:44:45,826 - classifiers.optimizer - DEBUG - Objective function at theta+ for step # 13: 0.3833413
2021-03-13 17:44:45,826 - classifiers.optimizer - DEBUG - Objective function at theta- for step # 13: 0.2766138
2021-03-13 17:44:47,208 - classifiers.optimizer - DEBUG - Objective function at theta+ for step # 14: 0.3675122
2021-03-13 17:44:47,209 - classifiers.optimizer - DEBUG - Objective function at theta- for step # 14: 0.3808764
2021-03-13 17:44:48,581 - classifiers.optimizer - DEBUG - Objective function at theta+ for step # 15: 0.3321415
2021-03-13 17:44:48,581 - classifiers.optimizer - DEBUG - Objective function at theta- for step # 15: 0.2537922
2021-03-13 17:44:49,118 - classifiers.optimizer - DEBUG - Final objective function is: 0.1222227
2021-03-13 17:44:49,123 - classifiers.quantum._qasvm - INFO - QASVM (qiskit)
	type: Dual
	backend: qasm_simulator(fake_manhattan)
	error mitigation: <class 'qiskit.ignis.mitigation.measurement.fitters.CompleteMeasFitter'>
	(C, k): (None, 0.1)
	accuracy: 1.0
