2021-03-03 21:43:18,089 - qiskit.aqua.algorithms.vq_algorithm - INFO - Starting optimizer.
bounds=[(-3.141592653589793, 3.141592653589793)]
initial point=[-2.25063749]
2021-03-03 21:43:18,090 - qiskit.aqua.components.optimizers.spsa - DEBUG - Parameters: [0.62831853 0.1        0.602      0.101      0.        ]
2021-03-03 21:43:18,090 - qiskit.aqua.components.optimizers.spsa - DEBUG - Calibration...
2021-03-03 21:43:18,090 - qiskit.aqua.components.optimizers.spsa - DEBUG - calibration step # 0 of 20
2021-03-03 21:43:22,795 - qiskit.aqua.components.optimizers.spsa - DEBUG - calibration step # 5 of 20
2021-03-03 21:43:27,334 - qiskit.aqua.components.optimizers.spsa - DEBUG - calibration step # 10 of 20
2021-03-03 21:43:31,608 - qiskit.aqua.components.optimizers.spsa - DEBUG - calibration step # 15 of 20
2021-03-03 21:43:36,169 - qiskit.aqua.components.optimizers.spsa - DEBUG - delta_obj is 0, not calibrating (since this would set c0 to inf)
2021-03-03 21:43:36,169 - qiskit.aqua.components.optimizers.spsa - DEBUG - Calibrated SPSA parameter c0 is 0.0762351
2021-03-03 21:43:37,036 - qiskit.aqua.components.optimizers.spsa - DEBUG - Objective function at theta+ for step # 0: 4.4261286
2021-03-03 21:43:37,036 - qiskit.aqua.components.optimizers.spsa - DEBUG - Objective function at theta- for step # 0: 2.7940389
2021-03-03 21:43:38,061 - qiskit.aqua.components.optimizers.spsa - DEBUG - Objective function at theta+ for step # 1: 0.2503560
2021-03-03 21:43:38,061 - qiskit.aqua.components.optimizers.spsa - DEBUG - Objective function at theta- for step # 1: 0.5794659
2021-03-03 21:43:38,890 - qiskit.aqua.components.optimizers.spsa - DEBUG - Objective function at theta+ for step # 2: 0.8257908
2021-03-03 21:43:38,890 - qiskit.aqua.components.optimizers.spsa - DEBUG - Objective function at theta- for step # 2: 0.4875630
2021-03-03 21:43:39,774 - qiskit.aqua.components.optimizers.spsa - DEBUG - Objective function at theta+ for step # 3: 0.3967137
2021-03-03 21:43:39,774 - qiskit.aqua.components.optimizers.spsa - DEBUG - Objective function at theta- for step # 3: 0.3741288
2021-03-03 21:43:40,848 - qiskit.aqua.components.optimizers.spsa - DEBUG - Objective function at theta+ for step # 4: 0.5583316
2021-03-03 21:43:40,848 - qiskit.aqua.components.optimizers.spsa - DEBUG - Objective function at theta- for step # 4: 0.6807246
2021-03-03 21:43:41,677 - qiskit.aqua.components.optimizers.spsa - DEBUG - Objective function at theta+ for step # 5: 0.4273799
2021-03-03 21:43:41,677 - qiskit.aqua.components.optimizers.spsa - DEBUG - Objective function at theta- for step # 5: 0.4291501
2021-03-03 21:43:42,591 - qiskit.aqua.components.optimizers.spsa - DEBUG - Objective function at theta+ for step # 6: 0.5016753
2021-03-03 21:43:42,591 - qiskit.aqua.components.optimizers.spsa - DEBUG - Objective function at theta- for step # 6: 0.5206855
2021-03-03 21:43:43,557 - qiskit.aqua.components.optimizers.spsa - DEBUG - Objective function at theta+ for step # 7: 0.5873929
2021-03-03 21:43:43,557 - qiskit.aqua.components.optimizers.spsa - DEBUG - Objective function at theta- for step # 7: 0.3691889
2021-03-03 21:43:44,403 - qiskit.aqua.components.optimizers.spsa - DEBUG - Objective function at theta+ for step # 8: 0.5507097
2021-03-03 21:43:44,404 - qiskit.aqua.components.optimizers.spsa - DEBUG - Objective function at theta- for step # 8: 0.5101277
2021-03-03 21:43:45,247 - qiskit.aqua.components.optimizers.spsa - DEBUG - Objective function at theta+ for step # 9: 0.5904760
2021-03-03 21:43:45,247 - qiskit.aqua.components.optimizers.spsa - DEBUG - Objective function at theta- for step # 9: 0.7506589
2021-03-03 21:43:46,195 - qiskit.aqua.components.optimizers.spsa - DEBUG - Objective function at theta+ for step # 10: 0.8034899
2021-03-03 21:43:46,195 - qiskit.aqua.components.optimizers.spsa - DEBUG - Objective function at theta- for step # 10: 0.6181602
2021-03-03 21:43:47,095 - qiskit.aqua.components.optimizers.spsa - DEBUG - Objective function at theta+ for step # 11: 0.6974944
2021-03-03 21:43:47,095 - qiskit.aqua.components.optimizers.spsa - DEBUG - Objective function at theta- for step # 11: 0.5686530
2021-03-03 21:43:47,934 - qiskit.aqua.components.optimizers.spsa - DEBUG - Objective function at theta+ for step # 12: 0.5242045
2021-03-03 21:43:47,934 - qiskit.aqua.components.optimizers.spsa - DEBUG - Objective function at theta- for step # 12: 0.4073151
2021-03-03 21:43:48,945 - qiskit.aqua.components.optimizers.spsa - DEBUG - Objective function at theta+ for step # 13: 0.3479986
2021-03-03 21:43:48,945 - qiskit.aqua.components.optimizers.spsa - DEBUG - Objective function at theta- for step # 13: 0.3530041
2021-03-03 21:43:49,880 - qiskit.aqua.components.optimizers.spsa - DEBUG - Objective function at theta+ for step # 14: 0.4853721
2021-03-03 21:43:49,880 - qiskit.aqua.components.optimizers.spsa - DEBUG - Objective function at theta- for step # 14: 0.2510218
2021-03-03 21:43:50,785 - qiskit.aqua.components.optimizers.spsa - DEBUG - Objective function at theta+ for step # 15: 0.3613762
2021-03-03 21:43:50,785 - qiskit.aqua.components.optimizers.spsa - DEBUG - Objective function at theta- for step # 15: 0.3712152
2021-03-03 21:43:51,763 - qiskit.aqua.components.optimizers.spsa - DEBUG - Objective function at theta+ for step # 16: 0.5600863
2021-03-03 21:43:51,763 - qiskit.aqua.components.optimizers.spsa - DEBUG - Objective function at theta- for step # 16: 0.6237604
2021-03-03 21:43:52,679 - qiskit.aqua.components.optimizers.spsa - DEBUG - Objective function at theta+ for step # 17: 0.5490016
2021-03-03 21:43:52,679 - qiskit.aqua.components.optimizers.spsa - DEBUG - Objective function at theta- for step # 17: 0.4641457
2021-03-03 21:43:53,550 - qiskit.aqua.components.optimizers.spsa - DEBUG - Objective function at theta+ for step # 18: 0.5370358
2021-03-03 21:43:53,551 - qiskit.aqua.components.optimizers.spsa - DEBUG - Objective function at theta- for step # 18: 0.5755177
2021-03-03 21:43:54,449 - qiskit.aqua.components.optimizers.spsa - DEBUG - Objective function at theta+ for step # 19: 0.6706806
2021-03-03 21:43:54,449 - qiskit.aqua.components.optimizers.spsa - DEBUG - Objective function at theta- for step # 19: 0.4359335
2021-03-03 21:43:55,384 - qiskit.aqua.components.optimizers.spsa - DEBUG - Objective function at theta+ for step # 20: 0.7105975
2021-03-03 21:43:55,384 - qiskit.aqua.components.optimizers.spsa - DEBUG - Objective function at theta- for step # 20: 0.5321427
2021-03-03 21:43:56,254 - qiskit.aqua.components.optimizers.spsa - DEBUG - Objective function at theta+ for step # 21: 0.6902739
2021-03-03 21:43:56,254 - qiskit.aqua.components.optimizers.spsa - DEBUG - Objective function at theta- for step # 21: 0.2725176
2021-03-03 21:43:57,146 - qiskit.aqua.components.optimizers.spsa - DEBUG - Objective function at theta+ for step # 22: 0.5481966
2021-03-03 21:43:57,146 - qiskit.aqua.components.optimizers.spsa - DEBUG - Objective function at theta- for step # 22: 0.5877530
2021-03-03 21:43:58,100 - qiskit.aqua.components.optimizers.spsa - DEBUG - Objective function at theta+ for step # 23: 0.5016521
2021-03-03 21:43:58,100 - qiskit.aqua.components.optimizers.spsa - DEBUG - Objective function at theta- for step # 23: 0.1982909
2021-03-03 21:43:58,995 - qiskit.aqua.components.optimizers.spsa - DEBUG - Objective function at theta+ for step # 24: 0.6322951
2021-03-03 21:43:58,995 - qiskit.aqua.components.optimizers.spsa - DEBUG - Objective function at theta- for step # 24: 0.5617465
2021-03-03 21:44:00,043 - qiskit.aqua.components.optimizers.spsa - DEBUG - Objective function at theta+ for step # 25: 0.5645721
2021-03-03 21:44:00,043 - qiskit.aqua.components.optimizers.spsa - DEBUG - Objective function at theta- for step # 25: 0.4014007
2021-03-03 21:44:00,907 - qiskit.aqua.components.optimizers.spsa - DEBUG - Objective function at theta+ for step # 26: 0.3204720
2021-03-03 21:44:00,907 - qiskit.aqua.components.optimizers.spsa - DEBUG - Objective function at theta- for step # 26: 0.6035494
2021-03-03 21:44:01,831 - qiskit.aqua.components.optimizers.spsa - DEBUG - Objective function at theta+ for step # 27: 0.4170654
2021-03-03 21:44:01,831 - qiskit.aqua.components.optimizers.spsa - DEBUG - Objective function at theta- for step # 27: 0.4416659
2021-03-03 21:44:02,776 - qiskit.aqua.components.optimizers.spsa - DEBUG - Objective function at theta+ for step # 28: 0.4686114
2021-03-03 21:44:02,776 - qiskit.aqua.components.optimizers.spsa - DEBUG - Objective function at theta- for step # 28: 0.4216440
2021-03-03 21:44:03,732 - qiskit.aqua.components.optimizers.spsa - DEBUG - Objective function at theta+ for step # 29: 0.2137118
2021-03-03 21:44:03,732 - qiskit.aqua.components.optimizers.spsa - DEBUG - Objective function at theta- for step # 29: 0.5979018
2021-03-03 21:44:04,654 - qiskit.aqua.components.optimizers.spsa - DEBUG - Objective function at theta+ for step # 30: 0.3711242
2021-03-03 21:44:04,654 - qiskit.aqua.components.optimizers.spsa - DEBUG - Objective function at theta- for step # 30: 0.6499852
2021-03-03 21:44:05,682 - qiskit.aqua.components.optimizers.spsa - DEBUG - Objective function at theta+ for step # 31: 0.7435662
2021-03-03 21:44:05,683 - qiskit.aqua.components.optimizers.spsa - DEBUG - Objective function at theta- for step # 31: 0.5350368
2021-03-03 21:44:06,527 - qiskit.aqua.components.optimizers.spsa - DEBUG - Objective function at theta+ for step # 32: 0.4597412
2021-03-03 21:44:06,527 - qiskit.aqua.components.optimizers.spsa - DEBUG - Objective function at theta- for step # 32: 0.3835910
2021-03-03 21:44:07,552 - qiskit.aqua.components.optimizers.spsa - DEBUG - Objective function at theta+ for step # 33: 0.3677896
2021-03-03 21:44:07,552 - qiskit.aqua.components.optimizers.spsa - DEBUG - Objective function at theta- for step # 33: 0.3932938
2021-03-03 21:44:08,452 - qiskit.aqua.components.optimizers.spsa - DEBUG - Objective function at theta+ for step # 34: 0.6331180
2021-03-03 21:44:08,452 - qiskit.aqua.components.optimizers.spsa - DEBUG - Objective function at theta- for step # 34: 0.3556712
2021-03-03 21:44:09,327 - qiskit.aqua.components.optimizers.spsa - DEBUG - Objective function at theta+ for step # 35: 0.2998338
2021-03-03 21:44:09,328 - qiskit.aqua.components.optimizers.spsa - DEBUG - Objective function at theta- for step # 35: 0.6454839
2021-03-03 21:44:10,340 - qiskit.aqua.components.optimizers.spsa - DEBUG - Objective function at theta+ for step # 36: 0.6904426
2021-03-03 21:44:10,340 - qiskit.aqua.components.optimizers.spsa - DEBUG - Objective function at theta- for step # 36: 0.2736046
2021-03-03 21:44:11,161 - qiskit.aqua.components.optimizers.spsa - DEBUG - Objective function at theta+ for step # 37: 0.4824334
2021-03-03 21:44:11,161 - qiskit.aqua.components.optimizers.spsa - DEBUG - Objective function at theta- for step # 37: 0.3490353
2021-03-03 21:44:12,137 - qiskit.aqua.components.optimizers.spsa - DEBUG - Objective function at theta+ for step # 38: 0.3539782
2021-03-03 21:44:12,137 - qiskit.aqua.components.optimizers.spsa - DEBUG - Objective function at theta- for step # 38: 0.5579319
2021-03-03 21:44:13,025 - qiskit.aqua.components.optimizers.spsa - DEBUG - Objective function at theta+ for step # 39: 0.1535640
2021-03-03 21:44:13,025 - qiskit.aqua.components.optimizers.spsa - DEBUG - Objective function at theta- for step # 39: 0.6051448
2021-03-03 21:44:14,034 - qiskit.aqua.components.optimizers.spsa - DEBUG - Objective function at theta+ for step # 40: 0.4046592
2021-03-03 21:44:14,034 - qiskit.aqua.components.optimizers.spsa - DEBUG - Objective function at theta- for step # 40: 0.6411458
2021-03-03 21:44:14,918 - qiskit.aqua.components.optimizers.spsa - DEBUG - Objective function at theta+ for step # 41: 0.4701419
2021-03-03 21:44:14,918 - qiskit.aqua.components.optimizers.spsa - DEBUG - Objective function at theta- for step # 41: 0.3606655
2021-03-03 21:44:15,784 - qiskit.aqua.components.optimizers.spsa - DEBUG - Objective function at theta+ for step # 42: 0.5293096
2021-03-03 21:44:15,784 - qiskit.aqua.components.optimizers.spsa - DEBUG - Objective function at theta- for step # 42: 0.6200356
2021-03-03 21:44:16,819 - qiskit.aqua.components.optimizers.spsa - DEBUG - Objective function at theta+ for step # 43: 0.5428937
2021-03-03 21:44:16,819 - qiskit.aqua.components.optimizers.spsa - DEBUG - Objective function at theta- for step # 43: 0.3798693
2021-03-03 21:44:17,648 - qiskit.aqua.components.optimizers.spsa - DEBUG - Objective function at theta+ for step # 44: 0.6684905
2021-03-03 21:44:17,651 - qiskit.aqua.components.optimizers.spsa - DEBUG - Objective function at theta- for step # 44: 0.6454012
2021-03-03 21:44:18,609 - qiskit.aqua.components.optimizers.spsa - DEBUG - Objective function at theta+ for step # 45: 0.5519831
2021-03-03 21:44:18,609 - qiskit.aqua.components.optimizers.spsa - DEBUG - Objective function at theta- for step # 45: 0.3769174
2021-03-03 21:44:19,817 - qiskit.aqua.components.optimizers.spsa - DEBUG - Objective function at theta+ for step # 46: 0.3473219
2021-03-03 21:44:19,817 - qiskit.aqua.components.optimizers.spsa - DEBUG - Objective function at theta- for step # 46: 0.4126338
2021-03-03 21:44:20,743 - qiskit.aqua.components.optimizers.spsa - DEBUG - Objective function at theta+ for step # 47: 0.5565636
2021-03-03 21:44:20,743 - qiskit.aqua.components.optimizers.spsa - DEBUG - Objective function at theta- for step # 47: 0.3775810
2021-03-03 21:44:21,791 - qiskit.aqua.components.optimizers.spsa - DEBUG - Objective function at theta+ for step # 48: 0.4340008
2021-03-03 21:44:21,792 - qiskit.aqua.components.optimizers.spsa - DEBUG - Objective function at theta- for step # 48: 0.5887476
2021-03-03 21:44:22,761 - qiskit.aqua.components.optimizers.spsa - DEBUG - Objective function at theta+ for step # 49: 0.6061752
2021-03-03 21:44:22,762 - qiskit.aqua.components.optimizers.spsa - DEBUG - Objective function at theta- for step # 49: 0.4135702
2021-03-03 21:44:23,846 - qiskit.aqua.components.optimizers.spsa - DEBUG - Objective function at theta+ for step # 50: 0.4764621
2021-03-03 21:44:23,846 - qiskit.aqua.components.optimizers.spsa - DEBUG - Objective function at theta- for step # 50: 0.6361056
2021-03-03 21:44:24,890 - qiskit.aqua.components.optimizers.spsa - DEBUG - Objective function at theta+ for step # 51: 0.5871081
2021-03-03 21:44:24,890 - qiskit.aqua.components.optimizers.spsa - DEBUG - Objective function at theta- for step # 51: 0.4030921
2021-03-03 21:44:25,795 - qiskit.aqua.components.optimizers.spsa - DEBUG - Objective function at theta+ for step # 52: 0.4730367
2021-03-03 21:44:25,795 - qiskit.aqua.components.optimizers.spsa - DEBUG - Objective function at theta- for step # 52: 0.3960404
2021-03-03 21:44:26,652 - qiskit.aqua.components.optimizers.spsa - DEBUG - Objective function at theta+ for step # 53: 0.4831037
2021-03-03 21:44:26,652 - qiskit.aqua.components.optimizers.spsa - DEBUG - Objective function at theta- for step # 53: 0.4095799
2021-03-03 21:44:27,585 - qiskit.aqua.components.optimizers.spsa - DEBUG - Objective function at theta+ for step # 54: 0.3537561
2021-03-03 21:44:27,585 - qiskit.aqua.components.optimizers.spsa - DEBUG - Objective function at theta- for step # 54: 0.4962179
2021-03-03 21:44:28,440 - qiskit.aqua.components.optimizers.spsa - DEBUG - Objective function at theta+ for step # 55: 0.2957634
2021-03-03 21:44:28,440 - qiskit.aqua.components.optimizers.spsa - DEBUG - Objective function at theta- for step # 55: 0.5019899
2021-03-03 21:44:29,386 - qiskit.aqua.components.optimizers.spsa - DEBUG - Objective function at theta+ for step # 56: 0.3531647
2021-03-03 21:44:29,387 - qiskit.aqua.components.optimizers.spsa - DEBUG - Objective function at theta- for step # 56: 0.5313751
2021-03-03 21:44:30,418 - qiskit.aqua.components.optimizers.spsa - DEBUG - Objective function at theta+ for step # 57: 0.4170093
2021-03-03 21:44:30,418 - qiskit.aqua.components.optimizers.spsa - DEBUG - Objective function at theta- for step # 57: 0.5910509
2021-03-03 21:44:31,264 - qiskit.aqua.components.optimizers.spsa - DEBUG - Objective function at theta+ for step # 58: 0.4313373
2021-03-03 21:44:31,264 - qiskit.aqua.components.optimizers.spsa - DEBUG - Objective function at theta- for step # 58: 0.6098386
2021-03-03 21:44:32,101 - qiskit.aqua.components.optimizers.spsa - DEBUG - Objective function at theta+ for step # 59: 0.5384870
2021-03-03 21:44:32,101 - qiskit.aqua.components.optimizers.spsa - DEBUG - Objective function at theta- for step # 59: 0.5372994
2021-03-03 21:44:33,021 - qiskit.aqua.components.optimizers.spsa - DEBUG - Objective function at theta+ for step # 60: 0.3843865
2021-03-03 21:44:33,021 - qiskit.aqua.components.optimizers.spsa - DEBUG - Objective function at theta- for step # 60: 0.2040210
2021-03-03 21:44:33,976 - qiskit.aqua.components.optimizers.spsa - DEBUG - Objective function at theta+ for step # 61: 0.3830234
2021-03-03 21:44:33,977 - qiskit.aqua.components.optimizers.spsa - DEBUG - Objective function at theta- for step # 61: 0.2992198
2021-03-03 21:44:34,798 - qiskit.aqua.components.optimizers.spsa - DEBUG - Objective function at theta+ for step # 62: 0.3037062
2021-03-03 21:44:34,799 - qiskit.aqua.components.optimizers.spsa - DEBUG - Objective function at theta- for step # 62: 0.5444634
2021-03-03 21:44:35,824 - qiskit.aqua.components.optimizers.spsa - DEBUG - Objective function at theta+ for step # 63: 0.4421772
2021-03-03 21:44:35,824 - qiskit.aqua.components.optimizers.spsa - DEBUG - Objective function at theta- for step # 63: 0.5067911
2021-03-03 21:44:36,780 - qiskit.aqua.components.optimizers.spsa - DEBUG - Objective function at theta+ for step # 64: 0.5327775
2021-03-03 21:44:36,780 - qiskit.aqua.components.optimizers.spsa - DEBUG - Objective function at theta- for step # 64: 0.4030387
2021-03-03 21:44:37,634 - qiskit.aqua.components.optimizers.spsa - DEBUG - Objective function at theta+ for step # 65: 0.6142467
2021-03-03 21:44:37,635 - qiskit.aqua.components.optimizers.spsa - DEBUG - Objective function at theta- for step # 65: 0.6263458
2021-03-03 21:44:38,664 - qiskit.aqua.components.optimizers.spsa - DEBUG - Objective function at theta+ for step # 66: 0.6924096
2021-03-03 21:44:38,664 - qiskit.aqua.components.optimizers.spsa - DEBUG - Objective function at theta- for step # 66: 0.5760998
2021-03-03 21:44:39,529 - qiskit.aqua.components.optimizers.spsa - DEBUG - Objective function at theta+ for step # 67: 0.6636082
2021-03-03 21:44:39,529 - qiskit.aqua.components.optimizers.spsa - DEBUG - Objective function at theta- for step # 67: 0.1897551
2021-03-03 21:44:40,465 - qiskit.aqua.components.optimizers.spsa - DEBUG - Objective function at theta+ for step # 68: 0.2619385
2021-03-03 21:44:40,465 - qiskit.aqua.components.optimizers.spsa - DEBUG - Objective function at theta- for step # 68: 0.6589937
2021-03-03 21:44:41,378 - qiskit.aqua.components.optimizers.spsa - DEBUG - Objective function at theta+ for step # 69: 0.3944963
2021-03-03 21:44:41,378 - qiskit.aqua.components.optimizers.spsa - DEBUG - Objective function at theta- for step # 69: 0.4737503
2021-03-03 21:44:42,230 - qiskit.aqua.components.optimizers.spsa - DEBUG - Objective function at theta+ for step # 70: 0.5630369
2021-03-03 21:44:42,231 - qiskit.aqua.components.optimizers.spsa - DEBUG - Objective function at theta- for step # 70: 0.3138757
2021-03-03 21:44:43,169 - qiskit.aqua.components.optimizers.spsa - DEBUG - Objective function at theta+ for step # 71: 0.3792941
2021-03-03 21:44:43,169 - qiskit.aqua.components.optimizers.spsa - DEBUG - Objective function at theta- for step # 71: 0.4899422
2021-03-03 21:44:44,104 - qiskit.aqua.components.optimizers.spsa - DEBUG - Objective function at theta+ for step # 72: 0.4270762
2021-03-03 21:44:44,104 - qiskit.aqua.components.optimizers.spsa - DEBUG - Objective function at theta- for step # 72: 0.6561981
2021-03-03 21:44:44,958 - qiskit.aqua.components.optimizers.spsa - DEBUG - Objective function at theta+ for step # 73: 0.4868594
2021-03-03 21:44:44,958 - qiskit.aqua.components.optimizers.spsa - DEBUG - Objective function at theta- for step # 73: 0.5361259
2021-03-03 21:44:45,979 - qiskit.aqua.components.optimizers.spsa - DEBUG - Objective function at theta+ for step # 74: 0.5426541
2021-03-03 21:44:45,979 - qiskit.aqua.components.optimizers.spsa - DEBUG - Objective function at theta- for step # 74: 0.7269372
2021-03-03 21:44:46,797 - qiskit.aqua.components.optimizers.spsa - DEBUG - Objective function at theta+ for step # 75: 0.7109530
2021-03-03 21:44:46,797 - qiskit.aqua.components.optimizers.spsa - DEBUG - Objective function at theta- for step # 75: 0.4807753
2021-03-03 21:44:47,786 - qiskit.aqua.components.optimizers.spsa - DEBUG - Objective function at theta+ for step # 76: 0.5013692
2021-03-03 21:44:47,786 - qiskit.aqua.components.optimizers.spsa - DEBUG - Objective function at theta- for step # 76: 0.2622814
2021-03-03 21:44:48,745 - qiskit.aqua.components.optimizers.spsa - DEBUG - Objective function at theta+ for step # 77: 0.4190130
2021-03-03 21:44:48,746 - qiskit.aqua.components.optimizers.spsa - DEBUG - Objective function at theta- for step # 77: 0.3362466
2021-03-03 21:44:49,616 - qiskit.aqua.components.optimizers.spsa - DEBUG - Objective function at theta+ for step # 78: 0.5077929
2021-03-03 21:44:49,616 - qiskit.aqua.components.optimizers.spsa - DEBUG - Objective function at theta- for step # 78: 0.5599517
2021-03-03 21:44:50,466 - qiskit.aqua.components.optimizers.spsa - DEBUG - Objective function at theta+ for step # 79: 0.2937399
2021-03-03 21:44:50,466 - qiskit.aqua.components.optimizers.spsa - DEBUG - Objective function at theta- for step # 79: 0.5677998
2021-03-03 21:44:51,403 - qiskit.aqua.components.optimizers.spsa - DEBUG - Objective function at theta+ for step # 80: 0.4536842
2021-03-03 21:44:51,403 - qiskit.aqua.components.optimizers.spsa - DEBUG - Objective function at theta- for step # 80: 0.5634552
2021-03-03 21:44:52,209 - qiskit.aqua.components.optimizers.spsa - DEBUG - Objective function at theta+ for step # 81: 0.3925312
2021-03-03 21:44:52,209 - qiskit.aqua.components.optimizers.spsa - DEBUG - Objective function at theta- for step # 81: 0.4430576
2021-03-03 21:44:53,171 - qiskit.aqua.components.optimizers.spsa - DEBUG - Objective function at theta+ for step # 82: 0.5027923
2021-03-03 21:44:53,171 - qiskit.aqua.components.optimizers.spsa - DEBUG - Objective function at theta- for step # 82: 0.2120154
2021-03-03 21:44:54,044 - qiskit.aqua.components.optimizers.spsa - DEBUG - Objective function at theta+ for step # 83: 0.4939956
2021-03-03 21:44:54,044 - qiskit.aqua.components.optimizers.spsa - DEBUG - Objective function at theta- for step # 83: 0.4371869
2021-03-03 21:44:54,995 - qiskit.aqua.components.optimizers.spsa - DEBUG - Objective function at theta+ for step # 84: 0.5402349
2021-03-03 21:44:54,995 - qiskit.aqua.components.optimizers.spsa - DEBUG - Objective function at theta- for step # 84: 0.6616779
2021-03-03 21:44:55,876 - qiskit.aqua.components.optimizers.spsa - DEBUG - Objective function at theta+ for step # 85: 0.2910134
2021-03-03 21:44:55,876 - qiskit.aqua.components.optimizers.spsa - DEBUG - Objective function at theta- for step # 85: 0.5500013
2021-03-03 21:44:56,688 - qiskit.aqua.components.optimizers.spsa - DEBUG - Objective function at theta+ for step # 86: 0.6811087
2021-03-03 21:44:56,688 - qiskit.aqua.components.optimizers.spsa - DEBUG - Objective function at theta- for step # 86: 0.3793261
2021-03-03 21:44:57,629 - qiskit.aqua.components.optimizers.spsa - DEBUG - Objective function at theta+ for step # 87: 0.6136735
2021-03-03 21:44:57,629 - qiskit.aqua.components.optimizers.spsa - DEBUG - Objective function at theta- for step # 87: 0.4191785
2021-03-03 21:44:58,468 - qiskit.aqua.components.optimizers.spsa - DEBUG - Objective function at theta+ for step # 88: 0.3914555
2021-03-03 21:44:58,468 - qiskit.aqua.components.optimizers.spsa - DEBUG - Objective function at theta- for step # 88: 0.3528104
2021-03-03 21:44:59,396 - qiskit.aqua.components.optimizers.spsa - DEBUG - Objective function at theta+ for step # 89: 0.3723877
2021-03-03 21:44:59,396 - qiskit.aqua.components.optimizers.spsa - DEBUG - Objective function at theta- for step # 89: 0.3511240
2021-03-03 21:45:00,334 - qiskit.aqua.components.optimizers.spsa - DEBUG - Objective function at theta+ for step # 90: 0.3910119
2021-03-03 21:45:00,334 - qiskit.aqua.components.optimizers.spsa - DEBUG - Objective function at theta- for step # 90: 0.5959301
2021-03-03 21:45:01,169 - qiskit.aqua.components.optimizers.spsa - DEBUG - Objective function at theta+ for step # 91: 0.4197556
2021-03-03 21:45:01,170 - qiskit.aqua.components.optimizers.spsa - DEBUG - Objective function at theta- for step # 91: 0.4682272
2021-03-03 21:45:02,010 - qiskit.aqua.components.optimizers.spsa - DEBUG - Objective function at theta+ for step # 92: 0.5196966
2021-03-03 21:45:02,010 - qiskit.aqua.components.optimizers.spsa - DEBUG - Objective function at theta- for step # 92: 0.5498820
2021-03-03 21:45:03,003 - qiskit.aqua.components.optimizers.spsa - DEBUG - Objective function at theta+ for step # 93: 0.2172077
2021-03-03 21:45:03,003 - qiskit.aqua.components.optimizers.spsa - DEBUG - Objective function at theta- for step # 93: 0.2949392
2021-03-03 21:45:04,058 - qiskit.aqua.components.optimizers.spsa - DEBUG - Objective function at theta+ for step # 94: 0.5803625
2021-03-03 21:45:04,058 - qiskit.aqua.components.optimizers.spsa - DEBUG - Objective function at theta- for step # 94: 0.5214243
2021-03-03 21:45:04,912 - qiskit.aqua.components.optimizers.spsa - DEBUG - Objective function at theta+ for step # 95: 0.4350142
2021-03-03 21:45:04,912 - qiskit.aqua.components.optimizers.spsa - DEBUG - Objective function at theta- for step # 95: 0.4193124
2021-03-03 21:45:06,009 - qiskit.aqua.components.optimizers.spsa - DEBUG - Objective function at theta+ for step # 96: 0.6148720
2021-03-03 21:45:06,009 - qiskit.aqua.components.optimizers.spsa - DEBUG - Objective function at theta- for step # 96: 0.4514543
2021-03-03 21:45:07,021 - qiskit.aqua.components.optimizers.spsa - DEBUG - Objective function at theta+ for step # 97: 0.3677913
2021-03-03 21:45:07,021 - qiskit.aqua.components.optimizers.spsa - DEBUG - Objective function at theta- for step # 97: 0.3519776
2021-03-03 21:45:07,919 - qiskit.aqua.components.optimizers.spsa - DEBUG - Objective function at theta+ for step # 98: 0.5446299
2021-03-03 21:45:07,919 - qiskit.aqua.components.optimizers.spsa - DEBUG - Objective function at theta- for step # 98: 0.3406660
2021-03-03 21:45:08,890 - qiskit.aqua.components.optimizers.spsa - DEBUG - Objective function at theta+ for step # 99: 0.4516615
2021-03-03 21:45:08,890 - qiskit.aqua.components.optimizers.spsa - DEBUG - Objective function at theta- for step # 99: 0.5288643
2021-03-03 21:45:09,289 - qiskit.aqua.components.optimizers.spsa - DEBUG - Final objective function is: 0.2832455
