2021-03-03 20:29:52,709 - qiskit.aqua.algorithms.vq_algorithm - INFO - Starting optimizer.
bounds=[(-3.141592653589793, 3.141592653589793), (-3.141592653589793, 3.141592653589793), (-3.141592653589793, 3.141592653589793), (-3.141592653589793, 3.141592653589793), (-3.141592653589793, 3.141592653589793), (-3.141592653589793, 3.141592653589793), (-3.141592653589793, 3.141592653589793), (-3.141592653589793, 3.141592653589793), (-3.141592653589793, 3.141592653589793), (-3.141592653589793, 3.141592653589793), (-3.141592653589793, 3.141592653589793), (-3.141592653589793, 3.141592653589793)]
initial point=[-0.54290448  1.34022693 -2.26550862  2.24160691 -0.51016653 -2.53204617
 -1.32654514  2.91394008  2.63477624 -0.92331815  2.64777807  1.87765611]
2021-03-03 20:29:52,709 - qiskit.aqua.components.optimizers.spsa - DEBUG - Parameters: [0.62831853 0.1        0.602      0.101      0.        ]
2021-03-03 20:29:52,709 - qiskit.aqua.components.optimizers.spsa - DEBUG - Calibration...
2021-03-03 20:29:52,709 - qiskit.aqua.components.optimizers.spsa - DEBUG - calibration step # 0 of 25
2021-03-03 20:30:01,196 - qiskit.aqua.components.optimizers.spsa - DEBUG - calibration step # 5 of 25
2021-03-03 20:30:07,998 - qiskit.aqua.components.optimizers.spsa - DEBUG - calibration step # 10 of 25
2021-03-03 20:30:14,751 - qiskit.aqua.components.optimizers.spsa - DEBUG - calibration step # 15 of 25
2021-03-03 20:30:21,462 - qiskit.aqua.components.optimizers.spsa - DEBUG - calibration step # 20 of 25
2021-03-03 20:30:28,271 - qiskit.aqua.components.optimizers.spsa - DEBUG - delta_obj is 0, not calibrating (since this would set c0 to inf)
2021-03-03 20:30:28,271 - qiskit.aqua.components.optimizers.spsa - DEBUG - Calibrated SPSA parameter c0 is 0.1448843
2021-03-03 20:30:29,566 - qiskit.aqua.components.optimizers.spsa - DEBUG - Objective function at theta+ for step # 0: 0.2548023
2021-03-03 20:30:29,566 - qiskit.aqua.components.optimizers.spsa - DEBUG - Objective function at theta- for step # 0: 0.4591423
2021-03-03 20:30:30,970 - qiskit.aqua.components.optimizers.spsa - DEBUG - Objective function at theta+ for step # 1: 0.1542384
2021-03-03 20:30:30,970 - qiskit.aqua.components.optimizers.spsa - DEBUG - Objective function at theta- for step # 1: 0.1598077
2021-03-03 20:30:32,293 - qiskit.aqua.components.optimizers.spsa - DEBUG - Objective function at theta+ for step # 2: 0.2007849
2021-03-03 20:30:32,293 - qiskit.aqua.components.optimizers.spsa - DEBUG - Objective function at theta- for step # 2: 0.0338109
2021-03-03 20:30:33,698 - qiskit.aqua.components.optimizers.spsa - DEBUG - Objective function at theta+ for step # 3: -0.0269847
2021-03-03 20:30:33,698 - qiskit.aqua.components.optimizers.spsa - DEBUG - Objective function at theta- for step # 3: 0.2412295
2021-03-03 20:30:35,010 - qiskit.aqua.components.optimizers.spsa - DEBUG - Objective function at theta+ for step # 4: -0.0120688
2021-03-03 20:30:35,010 - qiskit.aqua.components.optimizers.spsa - DEBUG - Objective function at theta- for step # 4: -0.0177626
2021-03-03 20:30:36,414 - qiskit.aqua.components.optimizers.spsa - DEBUG - Objective function at theta+ for step # 5: 0.2388803
2021-03-03 20:30:36,414 - qiskit.aqua.components.optimizers.spsa - DEBUG - Objective function at theta- for step # 5: 0.0780188
2021-03-03 20:30:37,749 - qiskit.aqua.components.optimizers.spsa - DEBUG - Objective function at theta+ for step # 6: -0.1663720
2021-03-03 20:30:37,749 - qiskit.aqua.components.optimizers.spsa - DEBUG - Objective function at theta- for step # 6: -0.0275688
2021-03-03 20:30:39,156 - qiskit.aqua.components.optimizers.spsa - DEBUG - Objective function at theta+ for step # 7: 0.8155310
2021-03-03 20:30:39,156 - qiskit.aqua.components.optimizers.spsa - DEBUG - Objective function at theta- for step # 7: 0.1221629
2021-03-03 20:30:40,457 - qiskit.aqua.components.optimizers.spsa - DEBUG - Objective function at theta+ for step # 8: 0.6998564
2021-03-03 20:30:40,457 - qiskit.aqua.components.optimizers.spsa - DEBUG - Objective function at theta- for step # 8: 0.2267416
2021-03-03 20:30:41,884 - qiskit.aqua.components.optimizers.spsa - DEBUG - Objective function at theta+ for step # 9: -0.0031021
2021-03-03 20:30:41,884 - qiskit.aqua.components.optimizers.spsa - DEBUG - Objective function at theta- for step # 9: 0.4411415
2021-03-03 20:30:43,197 - qiskit.aqua.components.optimizers.spsa - DEBUG - Objective function at theta+ for step # 10: -0.2555735
2021-03-03 20:30:43,197 - qiskit.aqua.components.optimizers.spsa - DEBUG - Objective function at theta- for step # 10: 0.0421385
2021-03-03 20:30:44,606 - qiskit.aqua.components.optimizers.spsa - DEBUG - Objective function at theta+ for step # 11: -0.0227682
2021-03-03 20:30:44,607 - qiskit.aqua.components.optimizers.spsa - DEBUG - Objective function at theta- for step # 11: -0.0617564
2021-03-03 20:30:45,918 - qiskit.aqua.components.optimizers.spsa - DEBUG - Objective function at theta+ for step # 12: 0.5846392
2021-03-03 20:30:45,918 - qiskit.aqua.components.optimizers.spsa - DEBUG - Objective function at theta- for step # 12: 0.3041842
2021-03-03 20:30:47,326 - qiskit.aqua.components.optimizers.spsa - DEBUG - Objective function at theta+ for step # 13: 0.1228261
2021-03-03 20:30:47,326 - qiskit.aqua.components.optimizers.spsa - DEBUG - Objective function at theta- for step # 13: -0.1847321
2021-03-03 20:30:48,727 - qiskit.aqua.components.optimizers.spsa - DEBUG - Objective function at theta+ for step # 14: -0.0424781
2021-03-03 20:30:48,727 - qiskit.aqua.components.optimizers.spsa - DEBUG - Objective function at theta- for step # 14: -0.0552795
2021-03-03 20:30:50,032 - qiskit.aqua.components.optimizers.spsa - DEBUG - Objective function at theta+ for step # 15: -0.2784811
2021-03-03 20:30:50,032 - qiskit.aqua.components.optimizers.spsa - DEBUG - Objective function at theta- for step # 15: -0.0164969
2021-03-03 20:30:51,458 - qiskit.aqua.components.optimizers.spsa - DEBUG - Objective function at theta+ for step # 16: -0.2487766
2021-03-03 20:30:51,458 - qiskit.aqua.components.optimizers.spsa - DEBUG - Objective function at theta- for step # 16: 0.0317852
2021-03-03 20:30:52,769 - qiskit.aqua.components.optimizers.spsa - DEBUG - Objective function at theta+ for step # 17: -0.0480965
2021-03-03 20:30:52,769 - qiskit.aqua.components.optimizers.spsa - DEBUG - Objective function at theta- for step # 17: -0.2951643
2021-03-03 20:30:54,181 - qiskit.aqua.components.optimizers.spsa - DEBUG - Objective function at theta+ for step # 18: -0.2141711
2021-03-03 20:30:54,181 - qiskit.aqua.components.optimizers.spsa - DEBUG - Objective function at theta- for step # 18: -0.2295172
2021-03-03 20:30:55,497 - qiskit.aqua.components.optimizers.spsa - DEBUG - Objective function at theta+ for step # 19: -0.1990900
2021-03-03 20:30:55,497 - qiskit.aqua.components.optimizers.spsa - DEBUG - Objective function at theta- for step # 19: -0.2120865
2021-03-03 20:30:56,886 - qiskit.aqua.components.optimizers.spsa - DEBUG - Objective function at theta+ for step # 20: 0.0652835
2021-03-03 20:30:56,886 - qiskit.aqua.components.optimizers.spsa - DEBUG - Objective function at theta- for step # 20: 0.3207302
2021-03-03 20:30:58,196 - qiskit.aqua.components.optimizers.spsa - DEBUG - Objective function at theta+ for step # 21: -0.0370086
2021-03-03 20:30:58,196 - qiskit.aqua.components.optimizers.spsa - DEBUG - Objective function at theta- for step # 21: 0.0103752
2021-03-03 20:30:59,612 - qiskit.aqua.components.optimizers.spsa - DEBUG - Objective function at theta+ for step # 22: -0.2267047
2021-03-03 20:30:59,612 - qiskit.aqua.components.optimizers.spsa - DEBUG - Objective function at theta- for step # 22: 0.1678396
2021-03-03 20:31:00,908 - qiskit.aqua.components.optimizers.spsa - DEBUG - Objective function at theta+ for step # 23: 0.0941537
2021-03-03 20:31:00,908 - qiskit.aqua.components.optimizers.spsa - DEBUG - Objective function at theta- for step # 23: -0.1715959
2021-03-03 20:31:02,316 - qiskit.aqua.components.optimizers.spsa - DEBUG - Objective function at theta+ for step # 24: -0.0831708
2021-03-03 20:31:02,316 - qiskit.aqua.components.optimizers.spsa - DEBUG - Objective function at theta- for step # 24: -0.1225158
2021-03-03 20:31:03,635 - qiskit.aqua.components.optimizers.spsa - DEBUG - Objective function at theta+ for step # 25: -0.1883789
2021-03-03 20:31:03,635 - qiskit.aqua.components.optimizers.spsa - DEBUG - Objective function at theta- for step # 25: -0.0100194
2021-03-03 20:31:05,039 - qiskit.aqua.components.optimizers.spsa - DEBUG - Objective function at theta+ for step # 26: -0.0316124
2021-03-03 20:31:05,039 - qiskit.aqua.components.optimizers.spsa - DEBUG - Objective function at theta- for step # 26: -0.2808781
2021-03-03 20:31:06,333 - qiskit.aqua.components.optimizers.spsa - DEBUG - Objective function at theta+ for step # 27: -0.1550014
2021-03-03 20:31:06,333 - qiskit.aqua.components.optimizers.spsa - DEBUG - Objective function at theta- for step # 27: -0.0050423
2021-03-03 20:31:07,742 - qiskit.aqua.components.optimizers.spsa - DEBUG - Objective function at theta+ for step # 28: -0.2290573
2021-03-03 20:31:07,742 - qiskit.aqua.components.optimizers.spsa - DEBUG - Objective function at theta- for step # 28: -0.2864665
2021-03-03 20:31:09,153 - qiskit.aqua.components.optimizers.spsa - DEBUG - Objective function at theta+ for step # 29: -0.1725604
2021-03-03 20:31:09,153 - qiskit.aqua.components.optimizers.spsa - DEBUG - Objective function at theta- for step # 29: -0.1588998
2021-03-03 20:31:10,466 - qiskit.aqua.components.optimizers.spsa - DEBUG - Objective function at theta+ for step # 30: -0.3566671
2021-03-03 20:31:10,466 - qiskit.aqua.components.optimizers.spsa - DEBUG - Objective function at theta- for step # 30: -0.3419149
2021-03-03 20:31:11,862 - qiskit.aqua.components.optimizers.spsa - DEBUG - Objective function at theta+ for step # 31: -0.2280243
2021-03-03 20:31:11,862 - qiskit.aqua.components.optimizers.spsa - DEBUG - Objective function at theta- for step # 31: -0.2648815
2021-03-03 20:31:13,167 - qiskit.aqua.components.optimizers.spsa - DEBUG - Objective function at theta+ for step # 32: 0.2263753
2021-03-03 20:31:13,167 - qiskit.aqua.components.optimizers.spsa - DEBUG - Objective function at theta- for step # 32: -0.1181570
2021-03-03 20:31:14,572 - qiskit.aqua.components.optimizers.spsa - DEBUG - Objective function at theta+ for step # 33: 0.6815850
2021-03-03 20:31:14,572 - qiskit.aqua.components.optimizers.spsa - DEBUG - Objective function at theta- for step # 33: -0.1188799
2021-03-03 20:31:15,894 - qiskit.aqua.components.optimizers.spsa - DEBUG - Objective function at theta+ for step # 34: -0.3556861
2021-03-03 20:31:15,895 - qiskit.aqua.components.optimizers.spsa - DEBUG - Objective function at theta- for step # 34: 0.2818730
2021-03-03 20:31:17,285 - qiskit.aqua.components.optimizers.spsa - DEBUG - Objective function at theta+ for step # 35: -0.3899323
2021-03-03 20:31:17,285 - qiskit.aqua.components.optimizers.spsa - DEBUG - Objective function at theta- for step # 35: -0.2869793
2021-03-03 20:31:18,607 - qiskit.aqua.components.optimizers.spsa - DEBUG - Objective function at theta+ for step # 36: -0.3522241
2021-03-03 20:31:18,607 - qiskit.aqua.components.optimizers.spsa - DEBUG - Objective function at theta- for step # 36: -0.3177540
2021-03-03 20:31:20,006 - qiskit.aqua.components.optimizers.spsa - DEBUG - Objective function at theta+ for step # 37: -0.3057573
2021-03-03 20:31:20,006 - qiskit.aqua.components.optimizers.spsa - DEBUG - Objective function at theta- for step # 37: -0.2299122
2021-03-03 20:31:21,310 - qiskit.aqua.components.optimizers.spsa - DEBUG - Objective function at theta+ for step # 38: -0.1810572
2021-03-03 20:31:21,310 - qiskit.aqua.components.optimizers.spsa - DEBUG - Objective function at theta- for step # 38: -0.2402258
2021-03-03 20:31:22,711 - qiskit.aqua.components.optimizers.spsa - DEBUG - Objective function at theta+ for step # 39: -0.3485345
2021-03-03 20:31:22,711 - qiskit.aqua.components.optimizers.spsa - DEBUG - Objective function at theta- for step # 39: -0.2692396
2021-03-03 20:31:24,017 - qiskit.aqua.components.optimizers.spsa - DEBUG - Objective function at theta+ for step # 40: -0.0656846
2021-03-03 20:31:24,017 - qiskit.aqua.components.optimizers.spsa - DEBUG - Objective function at theta- for step # 40: -0.2632121
2021-03-03 20:31:25,418 - qiskit.aqua.components.optimizers.spsa - DEBUG - Objective function at theta+ for step # 41: -0.3292541
2021-03-03 20:31:25,418 - qiskit.aqua.components.optimizers.spsa - DEBUG - Objective function at theta- for step # 41: -0.2669422
2021-03-03 20:31:26,724 - qiskit.aqua.components.optimizers.spsa - DEBUG - Objective function at theta+ for step # 42: -0.1624272
2021-03-03 20:31:26,724 - qiskit.aqua.components.optimizers.spsa - DEBUG - Objective function at theta- for step # 42: -0.1321007
2021-03-03 20:31:28,128 - qiskit.aqua.components.optimizers.spsa - DEBUG - Objective function at theta+ for step # 43: -0.1002941
2021-03-03 20:31:28,128 - qiskit.aqua.components.optimizers.spsa - DEBUG - Objective function at theta- for step # 43: -0.2029181
2021-03-03 20:31:29,526 - qiskit.aqua.components.optimizers.spsa - DEBUG - Objective function at theta+ for step # 44: -0.2371839
2021-03-03 20:31:29,526 - qiskit.aqua.components.optimizers.spsa - DEBUG - Objective function at theta- for step # 44: -0.1320320
2021-03-03 20:31:30,825 - qiskit.aqua.components.optimizers.spsa - DEBUG - Objective function at theta+ for step # 45: -0.0584973
2021-03-03 20:31:30,826 - qiskit.aqua.components.optimizers.spsa - DEBUG - Objective function at theta- for step # 45: -0.1859861
2021-03-03 20:31:32,232 - qiskit.aqua.components.optimizers.spsa - DEBUG - Objective function at theta+ for step # 46: -0.2101418
2021-03-03 20:31:32,232 - qiskit.aqua.components.optimizers.spsa - DEBUG - Objective function at theta- for step # 46: -0.2238166
2021-03-03 20:31:33,537 - qiskit.aqua.components.optimizers.spsa - DEBUG - Objective function at theta+ for step # 47: -0.2511534
2021-03-03 20:31:33,537 - qiskit.aqua.components.optimizers.spsa - DEBUG - Objective function at theta- for step # 47: -0.2621941
2021-03-03 20:31:34,946 - qiskit.aqua.components.optimizers.spsa - DEBUG - Objective function at theta+ for step # 48: -0.3125398
2021-03-03 20:31:34,947 - qiskit.aqua.components.optimizers.spsa - DEBUG - Objective function at theta- for step # 48: -0.3449696
2021-03-03 20:31:36,258 - qiskit.aqua.components.optimizers.spsa - DEBUG - Objective function at theta+ for step # 49: -0.3292044
2021-03-03 20:31:36,258 - qiskit.aqua.components.optimizers.spsa - DEBUG - Objective function at theta- for step # 49: -0.3504981
2021-03-03 20:31:37,675 - qiskit.aqua.components.optimizers.spsa - DEBUG - Objective function at theta+ for step # 50: -0.1041703
2021-03-03 20:31:37,675 - qiskit.aqua.components.optimizers.spsa - DEBUG - Objective function at theta- for step # 50: -0.0450615
2021-03-03 20:31:38,979 - qiskit.aqua.components.optimizers.spsa - DEBUG - Objective function at theta+ for step # 51: -0.1533467
2021-03-03 20:31:38,979 - qiskit.aqua.components.optimizers.spsa - DEBUG - Objective function at theta- for step # 51: -0.1009642
2021-03-03 20:31:40,395 - qiskit.aqua.components.optimizers.spsa - DEBUG - Objective function at theta+ for step # 52: -0.2574155
2021-03-03 20:31:40,395 - qiskit.aqua.components.optimizers.spsa - DEBUG - Objective function at theta- for step # 52: -0.2554209
2021-03-03 20:31:41,721 - qiskit.aqua.components.optimizers.spsa - DEBUG - Objective function at theta+ for step # 53: -0.1489524
2021-03-03 20:31:41,721 - qiskit.aqua.components.optimizers.spsa - DEBUG - Objective function at theta- for step # 53: -0.1331072
2021-03-03 20:31:43,145 - qiskit.aqua.components.optimizers.spsa - DEBUG - Objective function at theta+ for step # 54: -0.2343884
2021-03-03 20:31:43,145 - qiskit.aqua.components.optimizers.spsa - DEBUG - Objective function at theta- for step # 54: -0.2644829
2021-03-03 20:31:44,452 - qiskit.aqua.components.optimizers.spsa - DEBUG - Objective function at theta+ for step # 55: 0.0545266
2021-03-03 20:31:44,452 - qiskit.aqua.components.optimizers.spsa - DEBUG - Objective function at theta- for step # 55: -0.0175987
2021-03-03 20:31:45,847 - qiskit.aqua.components.optimizers.spsa - DEBUG - Objective function at theta+ for step # 56: -0.2719912
2021-03-03 20:31:45,847 - qiskit.aqua.components.optimizers.spsa - DEBUG - Objective function at theta- for step # 56: -0.2355843
2021-03-03 20:31:47,164 - qiskit.aqua.components.optimizers.spsa - DEBUG - Objective function at theta+ for step # 57: -0.0645168
2021-03-03 20:31:47,164 - qiskit.aqua.components.optimizers.spsa - DEBUG - Objective function at theta- for step # 57: -0.0375729
2021-03-03 20:31:48,554 - qiskit.aqua.components.optimizers.spsa - DEBUG - Objective function at theta+ for step # 58: -0.2659060
2021-03-03 20:31:48,554 - qiskit.aqua.components.optimizers.spsa - DEBUG - Objective function at theta- for step # 58: -0.3486058
2021-03-03 20:31:49,970 - qiskit.aqua.components.optimizers.spsa - DEBUG - Objective function at theta+ for step # 59: -0.0487234
2021-03-03 20:31:49,970 - qiskit.aqua.components.optimizers.spsa - DEBUG - Objective function at theta- for step # 59: -0.1918230
2021-03-03 20:31:51,281 - qiskit.aqua.components.optimizers.spsa - DEBUG - Objective function at theta+ for step # 60: -0.1142482
2021-03-03 20:31:51,281 - qiskit.aqua.components.optimizers.spsa - DEBUG - Objective function at theta- for step # 60: -0.3465097
2021-03-03 20:31:52,687 - qiskit.aqua.components.optimizers.spsa - DEBUG - Objective function at theta+ for step # 61: -0.0229857
2021-03-03 20:31:52,687 - qiskit.aqua.components.optimizers.spsa - DEBUG - Objective function at theta- for step # 61: -0.0801239
2021-03-03 20:31:53,996 - qiskit.aqua.components.optimizers.spsa - DEBUG - Objective function at theta+ for step # 62: -0.2221771
2021-03-03 20:31:53,996 - qiskit.aqua.components.optimizers.spsa - DEBUG - Objective function at theta- for step # 62: -0.1947083
2021-03-03 20:31:55,402 - qiskit.aqua.components.optimizers.spsa - DEBUG - Objective function at theta+ for step # 63: -0.0337316
2021-03-03 20:31:55,402 - qiskit.aqua.components.optimizers.spsa - DEBUG - Objective function at theta- for step # 63: -0.0710976
2021-03-03 20:31:56,696 - qiskit.aqua.components.optimizers.spsa - DEBUG - Objective function at theta+ for step # 64: -0.3181818
2021-03-03 20:31:56,697 - qiskit.aqua.components.optimizers.spsa - DEBUG - Objective function at theta- for step # 64: -0.3570362
2021-03-03 20:31:58,114 - qiskit.aqua.components.optimizers.spsa - DEBUG - Objective function at theta+ for step # 65: -0.1037535
2021-03-03 20:31:58,114 - qiskit.aqua.components.optimizers.spsa - DEBUG - Objective function at theta- for step # 65: -0.1931465
2021-03-03 20:31:59,406 - qiskit.aqua.components.optimizers.spsa - DEBUG - Objective function at theta+ for step # 66: -0.3243769
2021-03-03 20:31:59,407 - qiskit.aqua.components.optimizers.spsa - DEBUG - Objective function at theta- for step # 66: -0.2579421
2021-03-03 20:32:00,806 - qiskit.aqua.components.optimizers.spsa - DEBUG - Objective function at theta+ for step # 67: 0.0601475
2021-03-03 20:32:00,806 - qiskit.aqua.components.optimizers.spsa - DEBUG - Objective function at theta- for step # 67: 0.0365036
2021-03-03 20:32:02,125 - qiskit.aqua.components.optimizers.spsa - DEBUG - Objective function at theta+ for step # 68: -0.1212477
2021-03-03 20:32:02,125 - qiskit.aqua.components.optimizers.spsa - DEBUG - Objective function at theta- for step # 68: -0.1294039
2021-03-03 20:32:03,528 - qiskit.aqua.components.optimizers.spsa - DEBUG - Objective function at theta+ for step # 69: -0.3546362
2021-03-03 20:32:03,529 - qiskit.aqua.components.optimizers.spsa - DEBUG - Objective function at theta- for step # 69: -0.3459823
2021-03-03 20:32:04,821 - qiskit.aqua.components.optimizers.spsa - DEBUG - Objective function at theta+ for step # 70: -0.3283254
2021-03-03 20:32:04,822 - qiskit.aqua.components.optimizers.spsa - DEBUG - Objective function at theta- for step # 70: -0.3545030
2021-03-03 20:32:06,239 - qiskit.aqua.components.optimizers.spsa - DEBUG - Objective function at theta+ for step # 71: -0.3517693
2021-03-03 20:32:06,239 - qiskit.aqua.components.optimizers.spsa - DEBUG - Objective function at theta- for step # 71: -0.3177617
2021-03-03 20:32:07,545 - qiskit.aqua.components.optimizers.spsa - DEBUG - Objective function at theta+ for step # 72: -0.0246641
2021-03-03 20:32:07,545 - qiskit.aqua.components.optimizers.spsa - DEBUG - Objective function at theta- for step # 72: 0.3585066
2021-03-03 20:32:08,948 - qiskit.aqua.components.optimizers.spsa - DEBUG - Objective function at theta+ for step # 73: -0.2742336
2021-03-03 20:32:08,949 - qiskit.aqua.components.optimizers.spsa - DEBUG - Objective function at theta- for step # 73: -0.0049145
2021-03-03 20:32:10,350 - qiskit.aqua.components.optimizers.spsa - DEBUG - Objective function at theta+ for step # 74: -0.0239367
2021-03-03 20:32:10,350 - qiskit.aqua.components.optimizers.spsa - DEBUG - Objective function at theta- for step # 74: -0.2672548
2021-03-03 20:32:11,644 - qiskit.aqua.components.optimizers.spsa - DEBUG - Objective function at theta+ for step # 75: -0.0127290
2021-03-03 20:32:11,644 - qiskit.aqua.components.optimizers.spsa - DEBUG - Objective function at theta- for step # 75: -0.2221840
2021-03-03 20:32:13,048 - qiskit.aqua.components.optimizers.spsa - DEBUG - Objective function at theta+ for step # 76: -0.3158642
2021-03-03 20:32:13,048 - qiskit.aqua.components.optimizers.spsa - DEBUG - Objective function at theta- for step # 76: -0.2571333
2021-03-03 20:32:14,358 - qiskit.aqua.components.optimizers.spsa - DEBUG - Objective function at theta+ for step # 77: -0.0425896
2021-03-03 20:32:14,358 - qiskit.aqua.components.optimizers.spsa - DEBUG - Objective function at theta- for step # 77: -0.0756437
2021-03-03 20:32:15,769 - qiskit.aqua.components.optimizers.spsa - DEBUG - Objective function at theta+ for step # 78: -0.1184728
2021-03-03 20:32:15,769 - qiskit.aqua.components.optimizers.spsa - DEBUG - Objective function at theta- for step # 78: -0.0215983
2021-03-03 20:32:17,082 - qiskit.aqua.components.optimizers.spsa - DEBUG - Objective function at theta+ for step # 79: -0.2212850
2021-03-03 20:32:17,082 - qiskit.aqua.components.optimizers.spsa - DEBUG - Objective function at theta- for step # 79: -0.3584054
2021-03-03 20:32:18,501 - qiskit.aqua.components.optimizers.spsa - DEBUG - Objective function at theta+ for step # 80: -0.3593174
2021-03-03 20:32:18,501 - qiskit.aqua.components.optimizers.spsa - DEBUG - Objective function at theta- for step # 80: -0.0794702
2021-03-03 20:32:19,793 - qiskit.aqua.components.optimizers.spsa - DEBUG - Objective function at theta+ for step # 81: -0.2347179
2021-03-03 20:32:19,793 - qiskit.aqua.components.optimizers.spsa - DEBUG - Objective function at theta- for step # 81: -0.3147746
2021-03-03 20:32:21,193 - qiskit.aqua.components.optimizers.spsa - DEBUG - Objective function at theta+ for step # 82: -0.2835340
2021-03-03 20:32:21,193 - qiskit.aqua.components.optimizers.spsa - DEBUG - Objective function at theta- for step # 82: -0.3378506
2021-03-03 20:32:22,515 - qiskit.aqua.components.optimizers.spsa - DEBUG - Objective function at theta+ for step # 83: -0.0962972
2021-03-03 20:32:22,515 - qiskit.aqua.components.optimizers.spsa - DEBUG - Objective function at theta- for step # 83: -0.0454860
2021-03-03 20:32:23,921 - qiskit.aqua.components.optimizers.spsa - DEBUG - Objective function at theta+ for step # 84: -0.2004537
2021-03-03 20:32:23,921 - qiskit.aqua.components.optimizers.spsa - DEBUG - Objective function at theta- for step # 84: -0.2107511
2021-03-03 20:32:25,229 - qiskit.aqua.components.optimizers.spsa - DEBUG - Objective function at theta+ for step # 85: -0.0585944
2021-03-03 20:32:25,230 - qiskit.aqua.components.optimizers.spsa - DEBUG - Objective function at theta- for step # 85: -0.0815972
2021-03-03 20:32:26,639 - qiskit.aqua.components.optimizers.spsa - DEBUG - Objective function at theta+ for step # 86: -0.1354381
2021-03-03 20:32:26,639 - qiskit.aqua.components.optimizers.spsa - DEBUG - Objective function at theta- for step # 86: -0.2077188
2021-03-03 20:32:27,934 - qiskit.aqua.components.optimizers.spsa - DEBUG - Objective function at theta+ for step # 87: -0.2967588
2021-03-03 20:32:27,934 - qiskit.aqua.components.optimizers.spsa - DEBUG - Objective function at theta- for step # 87: -0.3609397
2021-03-03 20:32:29,356 - qiskit.aqua.components.optimizers.spsa - DEBUG - Objective function at theta+ for step # 88: -0.3409021
2021-03-03 20:32:29,356 - qiskit.aqua.components.optimizers.spsa - DEBUG - Objective function at theta- for step # 88: -0.3914951
2021-03-03 20:32:30,742 - qiskit.aqua.components.optimizers.spsa - DEBUG - Objective function at theta+ for step # 89: -0.0887875
2021-03-03 20:32:30,742 - qiskit.aqua.components.optimizers.spsa - DEBUG - Objective function at theta- for step # 89: -0.0669330
2021-03-03 20:32:32,066 - qiskit.aqua.components.optimizers.spsa - DEBUG - Objective function at theta+ for step # 90: -0.3493138
2021-03-03 20:32:32,066 - qiskit.aqua.components.optimizers.spsa - DEBUG - Objective function at theta- for step # 90: -0.3870429
2021-03-03 20:32:33,456 - qiskit.aqua.components.optimizers.spsa - DEBUG - Objective function at theta+ for step # 91: -0.3720222
2021-03-03 20:32:33,456 - qiskit.aqua.components.optimizers.spsa - DEBUG - Objective function at theta- for step # 91: -0.2930076
2021-03-03 20:32:34,773 - qiskit.aqua.components.optimizers.spsa - DEBUG - Objective function at theta+ for step # 92: -0.3719338
2021-03-03 20:32:34,773 - qiskit.aqua.components.optimizers.spsa - DEBUG - Objective function at theta- for step # 92: -0.3180135
2021-03-03 20:32:36,169 - qiskit.aqua.components.optimizers.spsa - DEBUG - Objective function at theta+ for step # 93: -0.1662573
2021-03-03 20:32:36,169 - qiskit.aqua.components.optimizers.spsa - DEBUG - Objective function at theta- for step # 93: -0.2755905
2021-03-03 20:32:37,481 - qiskit.aqua.components.optimizers.spsa - DEBUG - Objective function at theta+ for step # 94: -0.1149239
2021-03-03 20:32:37,482 - qiskit.aqua.components.optimizers.spsa - DEBUG - Objective function at theta- for step # 94: -0.1770115
2021-03-03 20:32:38,895 - qiskit.aqua.components.optimizers.spsa - DEBUG - Objective function at theta+ for step # 95: -0.3770373
2021-03-03 20:32:38,895 - qiskit.aqua.components.optimizers.spsa - DEBUG - Objective function at theta- for step # 95: -0.3209059
2021-03-03 20:32:40,203 - qiskit.aqua.components.optimizers.spsa - DEBUG - Objective function at theta+ for step # 96: -0.3366380
2021-03-03 20:32:40,203 - qiskit.aqua.components.optimizers.spsa - DEBUG - Objective function at theta- for step # 96: -0.2136779
2021-03-03 20:32:41,596 - qiskit.aqua.components.optimizers.spsa - DEBUG - Objective function at theta+ for step # 97: -0.3462618
2021-03-03 20:32:41,596 - qiskit.aqua.components.optimizers.spsa - DEBUG - Objective function at theta- for step # 97: -0.2702772
2021-03-03 20:32:42,906 - qiskit.aqua.components.optimizers.spsa - DEBUG - Objective function at theta+ for step # 98: -0.2614465
2021-03-03 20:32:42,907 - qiskit.aqua.components.optimizers.spsa - DEBUG - Objective function at theta- for step # 98: -0.0173593
2021-03-03 20:32:44,313 - qiskit.aqua.components.optimizers.spsa - DEBUG - Objective function at theta+ for step # 99: -0.3146650
2021-03-03 20:32:44,313 - qiskit.aqua.components.optimizers.spsa - DEBUG - Objective function at theta- for step # 99: -0.2185213
2021-03-03 20:32:45,618 - qiskit.aqua.components.optimizers.spsa - DEBUG - Objective function at theta+ for step # 100: -0.3432352
2021-03-03 20:32:45,618 - qiskit.aqua.components.optimizers.spsa - DEBUG - Objective function at theta- for step # 100: -0.2426090
2021-03-03 20:32:47,026 - qiskit.aqua.components.optimizers.spsa - DEBUG - Objective function at theta+ for step # 101: -0.2522448
2021-03-03 20:32:47,026 - qiskit.aqua.components.optimizers.spsa - DEBUG - Objective function at theta- for step # 101: -0.3104397
2021-03-03 20:32:48,345 - qiskit.aqua.components.optimizers.spsa - DEBUG - Objective function at theta+ for step # 102: -0.1358497
2021-03-03 20:32:48,345 - qiskit.aqua.components.optimizers.spsa - DEBUG - Objective function at theta- for step # 102: 0.1107842
2021-03-03 20:32:49,750 - qiskit.aqua.components.optimizers.spsa - DEBUG - Objective function at theta+ for step # 103: -0.3668526
2021-03-03 20:32:49,751 - qiskit.aqua.components.optimizers.spsa - DEBUG - Objective function at theta- for step # 103: -0.2579414
2021-03-03 20:32:51,160 - qiskit.aqua.components.optimizers.spsa - DEBUG - Objective function at theta+ for step # 104: -0.3115543
2021-03-03 20:32:51,160 - qiskit.aqua.components.optimizers.spsa - DEBUG - Objective function at theta- for step # 104: -0.2637791
2021-03-03 20:32:52,458 - qiskit.aqua.components.optimizers.spsa - DEBUG - Objective function at theta+ for step # 105: -0.2975741
2021-03-03 20:32:52,458 - qiskit.aqua.components.optimizers.spsa - DEBUG - Objective function at theta- for step # 105: -0.3220772
2021-03-03 20:32:53,879 - qiskit.aqua.components.optimizers.spsa - DEBUG - Objective function at theta+ for step # 106: -0.3388622
2021-03-03 20:32:53,879 - qiskit.aqua.components.optimizers.spsa - DEBUG - Objective function at theta- for step # 106: -0.2384938
2021-03-03 20:32:55,185 - qiskit.aqua.components.optimizers.spsa - DEBUG - Objective function at theta+ for step # 107: -0.2427760
2021-03-03 20:32:55,185 - qiskit.aqua.components.optimizers.spsa - DEBUG - Objective function at theta- for step # 107: -0.2301513
2021-03-03 20:32:56,579 - qiskit.aqua.components.optimizers.spsa - DEBUG - Objective function at theta+ for step # 108: -0.0553544
2021-03-03 20:32:56,579 - qiskit.aqua.components.optimizers.spsa - DEBUG - Objective function at theta- for step # 108: -0.1921798
2021-03-03 20:32:57,903 - qiskit.aqua.components.optimizers.spsa - DEBUG - Objective function at theta+ for step # 109: -0.1731488
2021-03-03 20:32:57,903 - qiskit.aqua.components.optimizers.spsa - DEBUG - Objective function at theta- for step # 109: -0.2059079
2021-03-03 20:32:59,292 - qiskit.aqua.components.optimizers.spsa - DEBUG - Objective function at theta+ for step # 110: -0.3354455
2021-03-03 20:32:59,292 - qiskit.aqua.components.optimizers.spsa - DEBUG - Objective function at theta- for step # 110: -0.3013848
2021-03-03 20:33:00,616 - qiskit.aqua.components.optimizers.spsa - DEBUG - Objective function at theta+ for step # 111: -0.1875956
2021-03-03 20:33:00,616 - qiskit.aqua.components.optimizers.spsa - DEBUG - Objective function at theta- for step # 111: -0.2235435
2021-03-03 20:33:02,007 - qiskit.aqua.components.optimizers.spsa - DEBUG - Objective function at theta+ for step # 112: -0.3529571
2021-03-03 20:33:02,007 - qiskit.aqua.components.optimizers.spsa - DEBUG - Objective function at theta- for step # 112: -0.3564752
2021-03-03 20:33:03,330 - qiskit.aqua.components.optimizers.spsa - DEBUG - Objective function at theta+ for step # 113: 0.2687356
2021-03-03 20:33:03,330 - qiskit.aqua.components.optimizers.spsa - DEBUG - Objective function at theta- for step # 113: -0.0359360
2021-03-03 20:33:04,736 - qiskit.aqua.components.optimizers.spsa - DEBUG - Objective function at theta+ for step # 114: 0.0319041
2021-03-03 20:33:04,736 - qiskit.aqua.components.optimizers.spsa - DEBUG - Objective function at theta- for step # 114: -0.2828639
2021-03-03 20:33:06,046 - qiskit.aqua.components.optimizers.spsa - DEBUG - Objective function at theta+ for step # 115: -0.2652645
2021-03-03 20:33:06,046 - qiskit.aqua.components.optimizers.spsa - DEBUG - Objective function at theta- for step # 115: -0.2045115
2021-03-03 20:33:07,441 - qiskit.aqua.components.optimizers.spsa - DEBUG - Objective function at theta+ for step # 116: -0.0863241
2021-03-03 20:33:07,441 - qiskit.aqua.components.optimizers.spsa - DEBUG - Objective function at theta- for step # 116: -0.0302314
2021-03-03 20:33:08,762 - qiskit.aqua.components.optimizers.spsa - DEBUG - Objective function at theta+ for step # 117: -0.3100658
2021-03-03 20:33:08,762 - qiskit.aqua.components.optimizers.spsa - DEBUG - Objective function at theta- for step # 117: -0.3034814
2021-03-03 20:33:10,183 - qiskit.aqua.components.optimizers.spsa - DEBUG - Objective function at theta+ for step # 118: 0.0276475
2021-03-03 20:33:10,183 - qiskit.aqua.components.optimizers.spsa - DEBUG - Objective function at theta- for step # 118: -0.1747575
2021-03-03 20:33:11,606 - qiskit.aqua.components.optimizers.spsa - DEBUG - Objective function at theta+ for step # 119: -0.0478165
2021-03-03 20:33:11,606 - qiskit.aqua.components.optimizers.spsa - DEBUG - Objective function at theta- for step # 119: -0.0569050
2021-03-03 20:33:12,947 - qiskit.aqua.components.optimizers.spsa - DEBUG - Objective function at theta+ for step # 120: -0.1984712
2021-03-03 20:33:12,947 - qiskit.aqua.components.optimizers.spsa - DEBUG - Objective function at theta- for step # 120: -0.2851655
2021-03-03 20:33:14,374 - qiskit.aqua.components.optimizers.spsa - DEBUG - Objective function at theta+ for step # 121: -0.2578831
2021-03-03 20:33:14,374 - qiskit.aqua.components.optimizers.spsa - DEBUG - Objective function at theta- for step # 121: -0.2906655
2021-03-03 20:33:15,689 - qiskit.aqua.components.optimizers.spsa - DEBUG - Objective function at theta+ for step # 122: -0.0972767
2021-03-03 20:33:15,689 - qiskit.aqua.components.optimizers.spsa - DEBUG - Objective function at theta- for step # 122: -0.0626528
2021-03-03 20:33:17,105 - qiskit.aqua.components.optimizers.spsa - DEBUG - Objective function at theta+ for step # 123: -0.3562037
2021-03-03 20:33:17,105 - qiskit.aqua.components.optimizers.spsa - DEBUG - Objective function at theta- for step # 123: -0.4168371
2021-03-03 20:33:18,421 - qiskit.aqua.components.optimizers.spsa - DEBUG - Objective function at theta+ for step # 124: -0.2127842
2021-03-03 20:33:18,421 - qiskit.aqua.components.optimizers.spsa - DEBUG - Objective function at theta- for step # 124: -0.1739738
2021-03-03 20:33:19,845 - qiskit.aqua.components.optimizers.spsa - DEBUG - Objective function at theta+ for step # 125: -0.3356820
2021-03-03 20:33:19,845 - qiskit.aqua.components.optimizers.spsa - DEBUG - Objective function at theta- for step # 125: -0.3391659
2021-03-03 20:33:21,151 - qiskit.aqua.components.optimizers.spsa - DEBUG - Objective function at theta+ for step # 126: -0.3740409
2021-03-03 20:33:21,151 - qiskit.aqua.components.optimizers.spsa - DEBUG - Objective function at theta- for step # 126: -0.3741469
2021-03-03 20:33:22,572 - qiskit.aqua.components.optimizers.spsa - DEBUG - Objective function at theta+ for step # 127: -0.2392591
2021-03-03 20:33:22,572 - qiskit.aqua.components.optimizers.spsa - DEBUG - Objective function at theta- for step # 127: -0.2927947
2021-03-03 20:33:23,927 - qiskit.aqua.components.optimizers.spsa - DEBUG - Objective function at theta+ for step # 128: -0.0347099
2021-03-03 20:33:23,927 - qiskit.aqua.components.optimizers.spsa - DEBUG - Objective function at theta- for step # 128: -0.1617482
2021-03-03 20:33:25,349 - qiskit.aqua.components.optimizers.spsa - DEBUG - Objective function at theta+ for step # 129: -0.2555029
2021-03-03 20:33:25,349 - qiskit.aqua.components.optimizers.spsa - DEBUG - Objective function at theta- for step # 129: -0.2670224
2021-03-03 20:33:26,685 - qiskit.aqua.components.optimizers.spsa - DEBUG - Objective function at theta+ for step # 130: -0.2273190
2021-03-03 20:33:26,685 - qiskit.aqua.components.optimizers.spsa - DEBUG - Objective function at theta- for step # 130: -0.3261903
2021-03-03 20:33:28,104 - qiskit.aqua.components.optimizers.spsa - DEBUG - Objective function at theta+ for step # 131: -0.1689265
2021-03-03 20:33:28,104 - qiskit.aqua.components.optimizers.spsa - DEBUG - Objective function at theta- for step # 131: -0.2322007
2021-03-03 20:33:29,426 - qiskit.aqua.components.optimizers.spsa - DEBUG - Objective function at theta+ for step # 132: -0.3506247
2021-03-03 20:33:29,426 - qiskit.aqua.components.optimizers.spsa - DEBUG - Objective function at theta- for step # 132: -0.3189814
2021-03-03 20:33:30,839 - qiskit.aqua.components.optimizers.spsa - DEBUG - Objective function at theta+ for step # 133: -0.2754678
2021-03-03 20:33:30,839 - qiskit.aqua.components.optimizers.spsa - DEBUG - Objective function at theta- for step # 133: -0.3374591
2021-03-03 20:33:32,232 - qiskit.aqua.components.optimizers.spsa - DEBUG - Objective function at theta+ for step # 134: -0.0465692
2021-03-03 20:33:32,232 - qiskit.aqua.components.optimizers.spsa - DEBUG - Objective function at theta- for step # 134: -0.1709595
2021-03-03 20:33:33,554 - qiskit.aqua.components.optimizers.spsa - DEBUG - Objective function at theta+ for step # 135: -0.2228819
2021-03-03 20:33:33,554 - qiskit.aqua.components.optimizers.spsa - DEBUG - Objective function at theta- for step # 135: -0.1518732
2021-03-03 20:33:34,986 - qiskit.aqua.components.optimizers.spsa - DEBUG - Objective function at theta+ for step # 136: 0.0048041
2021-03-03 20:33:34,986 - qiskit.aqua.components.optimizers.spsa - DEBUG - Objective function at theta- for step # 136: -0.0553614
2021-03-03 20:33:36,316 - qiskit.aqua.components.optimizers.spsa - DEBUG - Objective function at theta+ for step # 137: -0.1085608
2021-03-03 20:33:36,316 - qiskit.aqua.components.optimizers.spsa - DEBUG - Objective function at theta- for step # 137: -0.1914425
2021-03-03 20:33:37,726 - qiskit.aqua.components.optimizers.spsa - DEBUG - Objective function at theta+ for step # 138: 0.1004925
2021-03-03 20:33:37,726 - qiskit.aqua.components.optimizers.spsa - DEBUG - Objective function at theta- for step # 138: -0.0436560
2021-03-03 20:33:39,070 - qiskit.aqua.components.optimizers.spsa - DEBUG - Objective function at theta+ for step # 139: -0.0524885
2021-03-03 20:33:39,070 - qiskit.aqua.components.optimizers.spsa - DEBUG - Objective function at theta- for step # 139: -0.0031313
2021-03-03 20:33:40,477 - qiskit.aqua.components.optimizers.spsa - DEBUG - Objective function at theta+ for step # 140: -0.0204094
2021-03-03 20:33:40,477 - qiskit.aqua.components.optimizers.spsa - DEBUG - Objective function at theta- for step # 140: 0.0211577
2021-03-03 20:33:41,813 - qiskit.aqua.components.optimizers.spsa - DEBUG - Objective function at theta+ for step # 141: -0.1436302
2021-03-03 20:33:41,813 - qiskit.aqua.components.optimizers.spsa - DEBUG - Objective function at theta- for step # 141: -0.1861727
2021-03-03 20:33:43,214 - qiskit.aqua.components.optimizers.spsa - DEBUG - Objective function at theta+ for step # 142: -0.0733709
2021-03-03 20:33:43,214 - qiskit.aqua.components.optimizers.spsa - DEBUG - Objective function at theta- for step # 142: -0.1686049
2021-03-03 20:33:44,556 - qiskit.aqua.components.optimizers.spsa - DEBUG - Objective function at theta+ for step # 143: -0.3629448
2021-03-03 20:33:44,556 - qiskit.aqua.components.optimizers.spsa - DEBUG - Objective function at theta- for step # 143: -0.2990432
2021-03-03 20:33:45,972 - qiskit.aqua.components.optimizers.spsa - DEBUG - Objective function at theta+ for step # 144: -0.2711947
2021-03-03 20:33:45,972 - qiskit.aqua.components.optimizers.spsa - DEBUG - Objective function at theta- for step # 144: -0.3316491
2021-03-03 20:33:47,285 - qiskit.aqua.components.optimizers.spsa - DEBUG - Objective function at theta+ for step # 145: -0.2193580
2021-03-03 20:33:47,285 - qiskit.aqua.components.optimizers.spsa - DEBUG - Objective function at theta- for step # 145: -0.2481460
2021-03-03 20:33:48,689 - qiskit.aqua.components.optimizers.spsa - DEBUG - Objective function at theta+ for step # 146: -0.3736164
2021-03-03 20:33:48,689 - qiskit.aqua.components.optimizers.spsa - DEBUG - Objective function at theta- for step # 146: -0.2649404
2021-03-03 20:33:50,049 - qiskit.aqua.components.optimizers.spsa - DEBUG - Objective function at theta+ for step # 147: -0.3248585
2021-03-03 20:33:50,049 - qiskit.aqua.components.optimizers.spsa - DEBUG - Objective function at theta- for step # 147: -0.3586504
2021-03-03 20:33:51,479 - qiskit.aqua.components.optimizers.spsa - DEBUG - Objective function at theta+ for step # 148: -0.3264382
2021-03-03 20:33:51,479 - qiskit.aqua.components.optimizers.spsa - DEBUG - Objective function at theta- for step # 148: -0.1918668
2021-03-03 20:33:52,882 - qiskit.aqua.components.optimizers.spsa - DEBUG - Objective function at theta+ for step # 149: -0.2582941
2021-03-03 20:33:52,882 - qiskit.aqua.components.optimizers.spsa - DEBUG - Objective function at theta- for step # 149: -0.2011580
2021-03-03 20:33:54,216 - qiskit.aqua.components.optimizers.spsa - DEBUG - Objective function at theta+ for step # 150: -0.2694022
2021-03-03 20:33:54,216 - qiskit.aqua.components.optimizers.spsa - DEBUG - Objective function at theta- for step # 150: -0.2577655
2021-03-03 20:33:55,651 - qiskit.aqua.components.optimizers.spsa - DEBUG - Objective function at theta+ for step # 151: 0.0320931
2021-03-03 20:33:55,651 - qiskit.aqua.components.optimizers.spsa - DEBUG - Objective function at theta- for step # 151: -0.0541305
2021-03-03 20:33:56,969 - qiskit.aqua.components.optimizers.spsa - DEBUG - Objective function at theta+ for step # 152: -0.1506916
2021-03-03 20:33:56,969 - qiskit.aqua.components.optimizers.spsa - DEBUG - Objective function at theta- for step # 152: -0.1528316
2021-03-03 20:33:58,382 - qiskit.aqua.components.optimizers.spsa - DEBUG - Objective function at theta+ for step # 153: -0.0685614
2021-03-03 20:33:58,382 - qiskit.aqua.components.optimizers.spsa - DEBUG - Objective function at theta- for step # 153: -0.0380282
2021-03-03 20:33:59,704 - qiskit.aqua.components.optimizers.spsa - DEBUG - Objective function at theta+ for step # 154: -0.0352680
2021-03-03 20:33:59,704 - qiskit.aqua.components.optimizers.spsa - DEBUG - Objective function at theta- for step # 154: -0.0738629
2021-03-03 20:34:01,135 - qiskit.aqua.components.optimizers.spsa - DEBUG - Objective function at theta+ for step # 155: -0.2457668
2021-03-03 20:34:01,135 - qiskit.aqua.components.optimizers.spsa - DEBUG - Objective function at theta- for step # 155: -0.3313574
2021-03-03 20:34:02,461 - qiskit.aqua.components.optimizers.spsa - DEBUG - Objective function at theta+ for step # 156: -0.3315957
2021-03-03 20:34:02,461 - qiskit.aqua.components.optimizers.spsa - DEBUG - Objective function at theta- for step # 156: -0.2762809
2021-03-03 20:34:03,888 - qiskit.aqua.components.optimizers.spsa - DEBUG - Objective function at theta+ for step # 157: -0.0200856
2021-03-03 20:34:03,888 - qiskit.aqua.components.optimizers.spsa - DEBUG - Objective function at theta- for step # 157: 0.2655596
2021-03-03 20:34:05,228 - qiskit.aqua.components.optimizers.spsa - DEBUG - Objective function at theta+ for step # 158: -0.1468802
2021-03-03 20:34:05,228 - qiskit.aqua.components.optimizers.spsa - DEBUG - Objective function at theta- for step # 158: -0.2788616
2021-03-03 20:34:06,641 - qiskit.aqua.components.optimizers.spsa - DEBUG - Objective function at theta+ for step # 159: -0.0245359
2021-03-03 20:34:06,641 - qiskit.aqua.components.optimizers.spsa - DEBUG - Objective function at theta- for step # 159: 0.0649553
2021-03-03 20:34:07,963 - qiskit.aqua.components.optimizers.spsa - DEBUG - Objective function at theta+ for step # 160: -0.0807069
2021-03-03 20:34:07,963 - qiskit.aqua.components.optimizers.spsa - DEBUG - Objective function at theta- for step # 160: -0.2470230
2021-03-03 20:34:09,372 - qiskit.aqua.components.optimizers.spsa - DEBUG - Objective function at theta+ for step # 161: -0.1020667
2021-03-03 20:34:09,372 - qiskit.aqua.components.optimizers.spsa - DEBUG - Objective function at theta- for step # 161: -0.2683217
2021-03-03 20:34:10,701 - qiskit.aqua.components.optimizers.spsa - DEBUG - Objective function at theta+ for step # 162: -0.0279709
2021-03-03 20:34:10,701 - qiskit.aqua.components.optimizers.spsa - DEBUG - Objective function at theta- for step # 162: 0.1907150
2021-03-03 20:34:12,128 - qiskit.aqua.components.optimizers.spsa - DEBUG - Objective function at theta+ for step # 163: -0.2721961
2021-03-03 20:34:12,128 - qiskit.aqua.components.optimizers.spsa - DEBUG - Objective function at theta- for step # 163: -0.0324996
2021-03-03 20:34:13,528 - qiskit.aqua.components.optimizers.spsa - DEBUG - Objective function at theta+ for step # 164: -0.3297713
2021-03-03 20:34:13,528 - qiskit.aqua.components.optimizers.spsa - DEBUG - Objective function at theta- for step # 164: -0.2290659
2021-03-03 20:34:14,867 - qiskit.aqua.components.optimizers.spsa - DEBUG - Objective function at theta+ for step # 165: -0.2213065
2021-03-03 20:34:14,867 - qiskit.aqua.components.optimizers.spsa - DEBUG - Objective function at theta- for step # 165: -0.1794947
2021-03-03 20:34:16,284 - qiskit.aqua.components.optimizers.spsa - DEBUG - Objective function at theta+ for step # 166: -0.3709558
2021-03-03 20:34:16,284 - qiskit.aqua.components.optimizers.spsa - DEBUG - Objective function at theta- for step # 166: -0.3006451
2021-03-03 20:34:17,619 - qiskit.aqua.components.optimizers.spsa - DEBUG - Objective function at theta+ for step # 167: -0.2395216
2021-03-03 20:34:17,619 - qiskit.aqua.components.optimizers.spsa - DEBUG - Objective function at theta- for step # 167: -0.0851406
2021-03-03 20:34:19,019 - qiskit.aqua.components.optimizers.spsa - DEBUG - Objective function at theta+ for step # 168: -0.2566520
2021-03-03 20:34:19,019 - qiskit.aqua.components.optimizers.spsa - DEBUG - Objective function at theta- for step # 168: -0.3488848
2021-03-03 20:34:20,357 - qiskit.aqua.components.optimizers.spsa - DEBUG - Objective function at theta+ for step # 169: -0.0943173
2021-03-03 20:34:20,357 - qiskit.aqua.components.optimizers.spsa - DEBUG - Objective function at theta- for step # 169: -0.0850481
2021-03-03 20:34:21,753 - qiskit.aqua.components.optimizers.spsa - DEBUG - Objective function at theta+ for step # 170: -0.3753475
2021-03-03 20:34:21,753 - qiskit.aqua.components.optimizers.spsa - DEBUG - Objective function at theta- for step # 170: -0.2553373
2021-03-03 20:34:23,085 - qiskit.aqua.components.optimizers.spsa - DEBUG - Objective function at theta+ for step # 171: -0.1957760
2021-03-03 20:34:23,085 - qiskit.aqua.components.optimizers.spsa - DEBUG - Objective function at theta- for step # 171: -0.1460650
2021-03-03 20:34:24,508 - qiskit.aqua.components.optimizers.spsa - DEBUG - Objective function at theta+ for step # 172: -0.2820320
2021-03-03 20:34:24,508 - qiskit.aqua.components.optimizers.spsa - DEBUG - Objective function at theta- for step # 172: -0.2662510
2021-03-03 20:34:25,815 - qiskit.aqua.components.optimizers.spsa - DEBUG - Objective function at theta+ for step # 173: -0.2747699
2021-03-03 20:34:25,815 - qiskit.aqua.components.optimizers.spsa - DEBUG - Objective function at theta- for step # 173: -0.3179787
2021-03-03 20:34:27,233 - qiskit.aqua.components.optimizers.spsa - DEBUG - Objective function at theta+ for step # 174: 0.0491912
2021-03-03 20:34:27,233 - qiskit.aqua.components.optimizers.spsa - DEBUG - Objective function at theta- for step # 174: -0.0168021
2021-03-03 20:34:28,566 - qiskit.aqua.components.optimizers.spsa - DEBUG - Objective function at theta+ for step # 175: -0.2836028
2021-03-03 20:34:28,566 - qiskit.aqua.components.optimizers.spsa - DEBUG - Objective function at theta- for step # 175: -0.2810859
2021-03-03 20:34:29,972 - qiskit.aqua.components.optimizers.spsa - DEBUG - Objective function at theta+ for step # 176: -0.1720132
2021-03-03 20:34:29,972 - qiskit.aqua.components.optimizers.spsa - DEBUG - Objective function at theta- for step # 176: -0.1782143
2021-03-03 20:34:31,307 - qiskit.aqua.components.optimizers.spsa - DEBUG - Objective function at theta+ for step # 177: -0.3201547
2021-03-03 20:34:31,307 - qiskit.aqua.components.optimizers.spsa - DEBUG - Objective function at theta- for step # 177: -0.3450970
2021-03-03 20:34:32,718 - qiskit.aqua.components.optimizers.spsa - DEBUG - Objective function at theta+ for step # 178: -0.3347169
2021-03-03 20:34:32,718 - qiskit.aqua.components.optimizers.spsa - DEBUG - Objective function at theta- for step # 178: -0.3767825
2021-03-03 20:34:34,125 - qiskit.aqua.components.optimizers.spsa - DEBUG - Objective function at theta+ for step # 179: -0.0704767
2021-03-03 20:34:34,125 - qiskit.aqua.components.optimizers.spsa - DEBUG - Objective function at theta- for step # 179: 0.1066786
2021-03-03 20:34:35,446 - qiskit.aqua.components.optimizers.spsa - DEBUG - Objective function at theta+ for step # 180: -0.3125455
2021-03-03 20:34:35,446 - qiskit.aqua.components.optimizers.spsa - DEBUG - Objective function at theta- for step # 180: -0.1143437
2021-03-03 20:34:36,863 - qiskit.aqua.components.optimizers.spsa - DEBUG - Objective function at theta+ for step # 181: -0.2361017
2021-03-03 20:34:36,863 - qiskit.aqua.components.optimizers.spsa - DEBUG - Objective function at theta- for step # 181: -0.1346368
2021-03-03 20:34:38,172 - qiskit.aqua.components.optimizers.spsa - DEBUG - Objective function at theta+ for step # 182: -0.2713577
2021-03-03 20:34:38,172 - qiskit.aqua.components.optimizers.spsa - DEBUG - Objective function at theta- for step # 182: -0.2420056
2021-03-03 20:34:39,609 - qiskit.aqua.components.optimizers.spsa - DEBUG - Objective function at theta+ for step # 183: -0.1524193
2021-03-03 20:34:39,609 - qiskit.aqua.components.optimizers.spsa - DEBUG - Objective function at theta- for step # 183: -0.1038971
2021-03-03 20:34:40,916 - qiskit.aqua.components.optimizers.spsa - DEBUG - Objective function at theta+ for step # 184: -0.1103053
2021-03-03 20:34:40,917 - qiskit.aqua.components.optimizers.spsa - DEBUG - Objective function at theta- for step # 184: -0.1393823
2021-03-03 20:34:42,343 - qiskit.aqua.components.optimizers.spsa - DEBUG - Objective function at theta+ for step # 185: -0.3605273
2021-03-03 20:34:42,343 - qiskit.aqua.components.optimizers.spsa - DEBUG - Objective function at theta- for step # 185: -0.3322461
2021-03-03 20:34:43,665 - qiskit.aqua.components.optimizers.spsa - DEBUG - Objective function at theta+ for step # 186: -0.2652179
2021-03-03 20:34:43,665 - qiskit.aqua.components.optimizers.spsa - DEBUG - Objective function at theta- for step # 186: -0.2642617
2021-03-03 20:34:45,078 - qiskit.aqua.components.optimizers.spsa - DEBUG - Objective function at theta+ for step # 187: -0.3641773
2021-03-03 20:34:45,078 - qiskit.aqua.components.optimizers.spsa - DEBUG - Objective function at theta- for step # 187: -0.3445402
2021-03-03 20:34:46,405 - qiskit.aqua.components.optimizers.spsa - DEBUG - Objective function at theta+ for step # 188: -0.0980401
2021-03-03 20:34:46,405 - qiskit.aqua.components.optimizers.spsa - DEBUG - Objective function at theta- for step # 188: -0.1563302
2021-03-03 20:34:47,825 - qiskit.aqua.components.optimizers.spsa - DEBUG - Objective function at theta+ for step # 189: -0.1533528
2021-03-03 20:34:47,825 - qiskit.aqua.components.optimizers.spsa - DEBUG - Objective function at theta- for step # 189: -0.1828892
2021-03-03 20:34:49,157 - qiskit.aqua.components.optimizers.spsa - DEBUG - Objective function at theta+ for step # 190: -0.2350993
2021-03-03 20:34:49,157 - qiskit.aqua.components.optimizers.spsa - DEBUG - Objective function at theta- for step # 190: -0.1448651
2021-03-03 20:34:50,572 - qiskit.aqua.components.optimizers.spsa - DEBUG - Objective function at theta+ for step # 191: -0.2724689
2021-03-03 20:34:50,572 - qiskit.aqua.components.optimizers.spsa - DEBUG - Objective function at theta- for step # 191: -0.1632923
2021-03-03 20:34:51,912 - qiskit.aqua.components.optimizers.spsa - DEBUG - Objective function at theta+ for step # 192: -0.0187006
2021-03-03 20:34:51,912 - qiskit.aqua.components.optimizers.spsa - DEBUG - Objective function at theta- for step # 192: -0.0918381
2021-03-03 20:34:53,338 - qiskit.aqua.components.optimizers.spsa - DEBUG - Objective function at theta+ for step # 193: -0.3029337
2021-03-03 20:34:53,338 - qiskit.aqua.components.optimizers.spsa - DEBUG - Objective function at theta- for step # 193: -0.3131742
2021-03-03 20:34:54,760 - qiskit.aqua.components.optimizers.spsa - DEBUG - Objective function at theta+ for step # 194: -0.2926151
2021-03-03 20:34:54,760 - qiskit.aqua.components.optimizers.spsa - DEBUG - Objective function at theta- for step # 194: -0.3175572
2021-03-03 20:34:56,094 - qiskit.aqua.components.optimizers.spsa - DEBUG - Objective function at theta+ for step # 195: -0.2494116
2021-03-03 20:34:56,094 - qiskit.aqua.components.optimizers.spsa - DEBUG - Objective function at theta- for step # 195: -0.2423130
2021-03-03 20:34:57,497 - qiskit.aqua.components.optimizers.spsa - DEBUG - Objective function at theta+ for step # 196: 0.0045023
2021-03-03 20:34:57,497 - qiskit.aqua.components.optimizers.spsa - DEBUG - Objective function at theta- for step # 196: 0.2944338
2021-03-03 20:34:58,817 - qiskit.aqua.components.optimizers.spsa - DEBUG - Objective function at theta+ for step # 197: -0.1712306
2021-03-03 20:34:58,817 - qiskit.aqua.components.optimizers.spsa - DEBUG - Objective function at theta- for step # 197: 0.0009321
2021-03-03 20:35:00,250 - qiskit.aqua.components.optimizers.spsa - DEBUG - Objective function at theta+ for step # 198: -0.1762515
2021-03-03 20:35:00,250 - qiskit.aqua.components.optimizers.spsa - DEBUG - Objective function at theta- for step # 198: -0.0540557
2021-03-03 20:35:01,571 - qiskit.aqua.components.optimizers.spsa - DEBUG - Objective function at theta+ for step # 199: -0.1301196
2021-03-03 20:35:01,571 - qiskit.aqua.components.optimizers.spsa - DEBUG - Objective function at theta- for step # 199: -0.3174185
2021-03-03 20:35:02,986 - qiskit.aqua.components.optimizers.spsa - DEBUG - Objective function at theta+ for step # 200: -0.2544488
2021-03-03 20:35:02,987 - qiskit.aqua.components.optimizers.spsa - DEBUG - Objective function at theta- for step # 200: -0.1042104
2021-03-03 20:35:04,308 - qiskit.aqua.components.optimizers.spsa - DEBUG - Objective function at theta+ for step # 201: -0.2251087
2021-03-03 20:35:04,309 - qiskit.aqua.components.optimizers.spsa - DEBUG - Objective function at theta- for step # 201: -0.2644600
2021-03-03 20:35:05,747 - qiskit.aqua.components.optimizers.spsa - DEBUG - Objective function at theta+ for step # 202: -0.3777665
2021-03-03 20:35:05,747 - qiskit.aqua.components.optimizers.spsa - DEBUG - Objective function at theta- for step # 202: -0.3968427
2021-03-03 20:35:07,078 - qiskit.aqua.components.optimizers.spsa - DEBUG - Objective function at theta+ for step # 203: -0.1165942
2021-03-03 20:35:07,078 - qiskit.aqua.components.optimizers.spsa - DEBUG - Objective function at theta- for step # 203: -0.2154928
2021-03-03 20:35:08,503 - qiskit.aqua.components.optimizers.spsa - DEBUG - Objective function at theta+ for step # 204: -0.2862822
2021-03-03 20:35:08,503 - qiskit.aqua.components.optimizers.spsa - DEBUG - Objective function at theta- for step # 204: -0.2519762
2021-03-03 20:35:09,879 - qiskit.aqua.components.optimizers.spsa - DEBUG - Objective function at theta+ for step # 205: -0.0266063
2021-03-03 20:35:09,879 - qiskit.aqua.components.optimizers.spsa - DEBUG - Objective function at theta- for step # 205: -0.0264409
2021-03-03 20:35:11,307 - qiskit.aqua.components.optimizers.spsa - DEBUG - Objective function at theta+ for step # 206: -0.2533960
2021-03-03 20:35:11,307 - qiskit.aqua.components.optimizers.spsa - DEBUG - Objective function at theta- for step # 206: 0.0086202
2021-03-03 20:35:12,625 - qiskit.aqua.components.optimizers.spsa - DEBUG - Objective function at theta+ for step # 207: -0.2765432
2021-03-03 20:35:12,625 - qiskit.aqua.components.optimizers.spsa - DEBUG - Objective function at theta- for step # 207: -0.3980008
2021-03-03 20:35:14,028 - qiskit.aqua.components.optimizers.spsa - DEBUG - Objective function at theta+ for step # 208: -0.2726090
2021-03-03 20:35:14,028 - qiskit.aqua.components.optimizers.spsa - DEBUG - Objective function at theta- for step # 208: -0.1235415
2021-03-03 20:35:15,345 - qiskit.aqua.components.optimizers.spsa - DEBUG - Objective function at theta+ for step # 209: 0.0089179
2021-03-03 20:35:15,345 - qiskit.aqua.components.optimizers.spsa - DEBUG - Objective function at theta- for step # 209: 0.0451848
2021-03-03 20:35:16,757 - qiskit.aqua.components.optimizers.spsa - DEBUG - Objective function at theta+ for step # 210: -0.0637001
2021-03-03 20:35:16,757 - qiskit.aqua.components.optimizers.spsa - DEBUG - Objective function at theta- for step # 210: 0.0164595
2021-03-03 20:35:18,091 - qiskit.aqua.components.optimizers.spsa - DEBUG - Objective function at theta+ for step # 211: -0.2308601
2021-03-03 20:35:18,091 - qiskit.aqua.components.optimizers.spsa - DEBUG - Objective function at theta- for step # 211: -0.2607520
2021-03-03 20:35:19,490 - qiskit.aqua.components.optimizers.spsa - DEBUG - Objective function at theta+ for step # 212: -0.0481585
2021-03-03 20:35:19,490 - qiskit.aqua.components.optimizers.spsa - DEBUG - Objective function at theta- for step # 212: -0.2403889
2021-03-03 20:35:20,809 - qiskit.aqua.components.optimizers.spsa - DEBUG - Objective function at theta+ for step # 213: -0.1800610
2021-03-03 20:35:20,809 - qiskit.aqua.components.optimizers.spsa - DEBUG - Objective function at theta- for step # 213: -0.1768074
2021-03-03 20:35:22,236 - qiskit.aqua.components.optimizers.spsa - DEBUG - Objective function at theta+ for step # 214: 0.0620125
2021-03-03 20:35:22,236 - qiskit.aqua.components.optimizers.spsa - DEBUG - Objective function at theta- for step # 214: 0.1235795
2021-03-03 20:35:23,541 - qiskit.aqua.components.optimizers.spsa - DEBUG - Objective function at theta+ for step # 215: -0.1971041
2021-03-03 20:35:23,541 - qiskit.aqua.components.optimizers.spsa - DEBUG - Objective function at theta- for step # 215: -0.2665272
2021-03-03 20:35:24,965 - qiskit.aqua.components.optimizers.spsa - DEBUG - Objective function at theta+ for step # 216: -0.0082751
2021-03-03 20:35:24,965 - qiskit.aqua.components.optimizers.spsa - DEBUG - Objective function at theta- for step # 216: -0.0766123
2021-03-03 20:35:26,281 - qiskit.aqua.components.optimizers.spsa - DEBUG - Objective function at theta+ for step # 217: -0.1464405
2021-03-03 20:35:26,281 - qiskit.aqua.components.optimizers.spsa - DEBUG - Objective function at theta- for step # 217: -0.1697241
2021-03-03 20:35:27,681 - qiskit.aqua.components.optimizers.spsa - DEBUG - Objective function at theta+ for step # 218: 0.0025831
2021-03-03 20:35:27,681 - qiskit.aqua.components.optimizers.spsa - DEBUG - Objective function at theta- for step # 218: -0.3230309
2021-03-03 20:35:29,001 - qiskit.aqua.components.optimizers.spsa - DEBUG - Objective function at theta+ for step # 219: -0.3233073
2021-03-03 20:35:29,002 - qiskit.aqua.components.optimizers.spsa - DEBUG - Objective function at theta- for step # 219: -0.3056444
2021-03-03 20:35:30,426 - qiskit.aqua.components.optimizers.spsa - DEBUG - Objective function at theta+ for step # 220: -0.3542137
2021-03-03 20:35:30,426 - qiskit.aqua.components.optimizers.spsa - DEBUG - Objective function at theta- for step # 220: -0.2746357
2021-03-03 20:35:31,744 - qiskit.aqua.components.optimizers.spsa - DEBUG - Objective function at theta+ for step # 221: -0.3270134
2021-03-03 20:35:31,744 - qiskit.aqua.components.optimizers.spsa - DEBUG - Objective function at theta- for step # 221: -0.1568775
2021-03-03 20:35:33,160 - qiskit.aqua.components.optimizers.spsa - DEBUG - Objective function at theta+ for step # 222: -0.3447855
2021-03-03 20:35:33,160 - qiskit.aqua.components.optimizers.spsa - DEBUG - Objective function at theta- for step # 222: -0.3333192
2021-03-03 20:35:34,475 - qiskit.aqua.components.optimizers.spsa - DEBUG - Objective function at theta+ for step # 223: -0.0697046
2021-03-03 20:35:34,475 - qiskit.aqua.components.optimizers.spsa - DEBUG - Objective function at theta- for step # 223: -0.0437470
2021-03-03 20:35:35,889 - qiskit.aqua.components.optimizers.spsa - DEBUG - Objective function at theta+ for step # 224: -0.3597549
2021-03-03 20:35:35,890 - qiskit.aqua.components.optimizers.spsa - DEBUG - Objective function at theta- for step # 224: -0.3544239
2021-03-03 20:35:37,210 - qiskit.aqua.components.optimizers.spsa - DEBUG - Objective function at theta+ for step # 225: -0.3066412
2021-03-03 20:35:37,210 - qiskit.aqua.components.optimizers.spsa - DEBUG - Objective function at theta- for step # 225: -0.2983932
2021-03-03 20:35:38,617 - qiskit.aqua.components.optimizers.spsa - DEBUG - Objective function at theta+ for step # 226: -0.1200343
2021-03-03 20:35:38,617 - qiskit.aqua.components.optimizers.spsa - DEBUG - Objective function at theta- for step # 226: -0.1899441
2021-03-03 20:35:39,915 - qiskit.aqua.components.optimizers.spsa - DEBUG - Objective function at theta+ for step # 227: -0.1974803
2021-03-03 20:35:39,915 - qiskit.aqua.components.optimizers.spsa - DEBUG - Objective function at theta- for step # 227: -0.1569321
2021-03-03 20:35:41,334 - qiskit.aqua.components.optimizers.spsa - DEBUG - Objective function at theta+ for step # 228: -0.1058298
2021-03-03 20:35:41,334 - qiskit.aqua.components.optimizers.spsa - DEBUG - Objective function at theta- for step # 228: -0.2113718
2021-03-03 20:35:42,726 - qiskit.aqua.components.optimizers.spsa - DEBUG - Objective function at theta+ for step # 229: -0.3398557
2021-03-03 20:35:42,726 - qiskit.aqua.components.optimizers.spsa - DEBUG - Objective function at theta- for step # 229: -0.2409254
2021-03-03 20:35:44,049 - qiskit.aqua.components.optimizers.spsa - DEBUG - Objective function at theta+ for step # 230: 0.0687133
2021-03-03 20:35:44,049 - qiskit.aqua.components.optimizers.spsa - DEBUG - Objective function at theta- for step # 230: -0.0153776
2021-03-03 20:35:45,454 - qiskit.aqua.components.optimizers.spsa - DEBUG - Objective function at theta+ for step # 231: -0.2633883
2021-03-03 20:35:45,454 - qiskit.aqua.components.optimizers.spsa - DEBUG - Objective function at theta- for step # 231: -0.1558494
2021-03-03 20:35:46,752 - qiskit.aqua.components.optimizers.spsa - DEBUG - Objective function at theta+ for step # 232: -0.1873889
2021-03-03 20:35:46,753 - qiskit.aqua.components.optimizers.spsa - DEBUG - Objective function at theta- for step # 232: -0.0189592
2021-03-03 20:35:48,168 - qiskit.aqua.components.optimizers.spsa - DEBUG - Objective function at theta+ for step # 233: -0.3243202
2021-03-03 20:35:48,168 - qiskit.aqua.components.optimizers.spsa - DEBUG - Objective function at theta- for step # 233: -0.3159276
2021-03-03 20:35:49,497 - qiskit.aqua.components.optimizers.spsa - DEBUG - Objective function at theta+ for step # 234: -0.2801625
2021-03-03 20:35:49,497 - qiskit.aqua.components.optimizers.spsa - DEBUG - Objective function at theta- for step # 234: -0.2765918
2021-03-03 20:35:50,897 - qiskit.aqua.components.optimizers.spsa - DEBUG - Objective function at theta+ for step # 235: -0.2355469
2021-03-03 20:35:50,897 - qiskit.aqua.components.optimizers.spsa - DEBUG - Objective function at theta- for step # 235: -0.3499263
2021-03-03 20:35:52,216 - qiskit.aqua.components.optimizers.spsa - DEBUG - Objective function at theta+ for step # 236: -0.3350272
2021-03-03 20:35:52,216 - qiskit.aqua.components.optimizers.spsa - DEBUG - Objective function at theta- for step # 236: -0.2608218
2021-03-03 20:35:53,648 - qiskit.aqua.components.optimizers.spsa - DEBUG - Objective function at theta+ for step # 237: 0.2175399
2021-03-03 20:35:53,648 - qiskit.aqua.components.optimizers.spsa - DEBUG - Objective function at theta- for step # 237: -0.0270381
2021-03-03 20:35:54,949 - qiskit.aqua.components.optimizers.spsa - DEBUG - Objective function at theta+ for step # 238: -0.0413028
2021-03-03 20:35:54,949 - qiskit.aqua.components.optimizers.spsa - DEBUG - Objective function at theta- for step # 238: -0.1757251
2021-03-03 20:35:56,361 - qiskit.aqua.components.optimizers.spsa - DEBUG - Objective function at theta+ for step # 239: -0.1875869
2021-03-03 20:35:56,361 - qiskit.aqua.components.optimizers.spsa - DEBUG - Objective function at theta- for step # 239: -0.2413650
2021-03-03 20:35:57,667 - qiskit.aqua.components.optimizers.spsa - DEBUG - Objective function at theta+ for step # 240: -0.2668194
2021-03-03 20:35:57,667 - qiskit.aqua.components.optimizers.spsa - DEBUG - Objective function at theta- for step # 240: -0.3228182
2021-03-03 20:35:59,088 - qiskit.aqua.components.optimizers.spsa - DEBUG - Objective function at theta+ for step # 241: -0.1887449
2021-03-03 20:35:59,089 - qiskit.aqua.components.optimizers.spsa - DEBUG - Objective function at theta- for step # 241: -0.1953770
2021-03-03 20:36:00,412 - qiskit.aqua.components.optimizers.spsa - DEBUG - Objective function at theta+ for step # 242: 0.0662420
2021-03-03 20:36:00,412 - qiskit.aqua.components.optimizers.spsa - DEBUG - Objective function at theta- for step # 242: -0.0177422
2021-03-03 20:36:01,843 - qiskit.aqua.components.optimizers.spsa - DEBUG - Objective function at theta+ for step # 243: -0.2424808
2021-03-03 20:36:01,843 - qiskit.aqua.components.optimizers.spsa - DEBUG - Objective function at theta- for step # 243: -0.2235846
2021-03-03 20:36:03,161 - qiskit.aqua.components.optimizers.spsa - DEBUG - Objective function at theta+ for step # 244: -0.2974647
2021-03-03 20:36:03,161 - qiskit.aqua.components.optimizers.spsa - DEBUG - Objective function at theta- for step # 244: -0.3104697
2021-03-03 20:36:04,552 - qiskit.aqua.components.optimizers.spsa - DEBUG - Objective function at theta+ for step # 245: -0.1274482
2021-03-03 20:36:04,552 - qiskit.aqua.components.optimizers.spsa - DEBUG - Objective function at theta- for step # 245: -0.1056204
2021-03-03 20:36:05,890 - qiskit.aqua.components.optimizers.spsa - DEBUG - Objective function at theta+ for step # 246: -0.0784914
2021-03-03 20:36:05,890 - qiskit.aqua.components.optimizers.spsa - DEBUG - Objective function at theta- for step # 246: -0.1227270
2021-03-03 20:36:07,310 - qiskit.aqua.components.optimizers.spsa - DEBUG - Objective function at theta+ for step # 247: -0.2285563
2021-03-03 20:36:07,310 - qiskit.aqua.components.optimizers.spsa - DEBUG - Objective function at theta- for step # 247: -0.2404757
2021-03-03 20:36:08,630 - qiskit.aqua.components.optimizers.spsa - DEBUG - Objective function at theta+ for step # 248: -0.0173000
2021-03-03 20:36:08,630 - qiskit.aqua.components.optimizers.spsa - DEBUG - Objective function at theta- for step # 248: 0.0244494
2021-03-03 20:36:10,042 - qiskit.aqua.components.optimizers.spsa - DEBUG - Objective function at theta+ for step # 249: -0.1687716
2021-03-03 20:36:10,042 - qiskit.aqua.components.optimizers.spsa - DEBUG - Objective function at theta- for step # 249: -0.0602771
2021-03-03 20:36:10,714 - qiskit.aqua.components.optimizers.spsa - DEBUG - Final objective function is: -0.3850842
